1000	100	8.554000e-06	2572.547000	2064	3070	
1000	101	8.854000e-06	2624.581000	2101	3256	
1000	102	9.386000e-06	2667.859000	2159	3160	
1000	103	8.141000e-06	2720.604000	2271	3250	
1000	104	8.203000e-06	2778.129000	2172	3394	
1000	105	8.113000e-06	2830.854000	2289	3393	
1000	106	7.767000e-06	2878.022000	2261	3488	
1000	107	7.930000e-06	2945.442000	2382	3608	
1000	108	8.102000e-06	2996.651000	2462	3567	
1000	109	8.743000e-06	3046.094000	2432	3647	
1000	110	8.256000e-06	3104.605000	2532	3821	
1000	111	8.339000e-06	3161.010000	2435	3921	
1000	112	9.601000e-06	3206.374000	2570	3901	
1000	113	1.023000e-05	3264.203000	2546	3866	
1000	114	9.653000e-06	3316.097000	2625	3949	
1000	115	9.475000e-06	3388.199000	2728	4045	
1000	116	9.133000e-06	3446.675000	2510	4289	
1000	117	9.244000e-06	3507.183000	2868	4200	
1000	118	9.499000e-06	3559.364000	2695	4230	
1000	119	9.528000e-06	3635.231000	3011	4276	
1000	120	9.697000e-06	3690.705000	2999	4349	
1000	121	9.836000e-06	3750.029000	3105	4651	
1000	122	9.915000e-06	3815.842000	3129	4613	
1000	123	1.005200e-05	3876.068000	3097	4569	
1000	124	1.024100e-05	3936.435000	3288	4817	
1000	125	1.045200e-05	4006.220000	3234	4770	
1000	126	1.057100e-05	4059.756000	3355	4776	
1000	127	1.067800e-05	4124.586000	3262	4854	
1000	128	1.082800e-05	4188.124000	3445	4977	
1000	129	1.108200e-05	4249.702000	3179	5182	
1000	130	1.103700e-05	4318.015000	3532	5138	
1000	131	1.159400e-05	4391.104000	3594	5212	
1000	132	1.152200e-05	4453.374000	3550	5252	
1000	133	1.162400e-05	4512.952000	3310	5319	
1000	134	1.174600e-05	4585.086000	3713	5447	
1000	135	1.212000e-05	4657.272000	3804	5544	
1000	136	1.278800e-05	4715.705000	3845	5620	
1000	137	1.241200e-05	4784.080000	3924	5464	
1000	138	1.237500e-05	4852.088000	3994	5949	
1000	139	1.257100e-05	4917.221000	4084	5913	
1000	140	1.278400e-05	4991.846000	4291	5910	
1000	141	1.293900e-05	5056.782000	4241	5944	
1000	142	1.332300e-05	5154.196000	4311	6078	
1000	143	1.327500e-05	5210.786000	4226	6354	
1000	144	1.390600e-05	5287.392000	4398	6048	
1000	145	1.388400e-05	5351.330000	4285	6309	
1000	146	1.394400e-05	5428.001000	4333	6614	
1000	147	1.401500e-05	5515.956000	4604	6472	
1000	148	1.417600e-05	5588.558000	4609	6526	
1000	149	1.437400e-05	5659.817000	4744	6534	
1000	150	1.455900e-05	5735.905000	4723	6728	
1000	151	1.459400e-05	5809.062000	5062	6690	
1000	152	1.515600e-05	5898.231000	4951	6819	
1000	153	1.510800e-05	5951.746000	4974	6913	
1000	154	1.537900e-05	6042.597000	5164	6911	
1000	155	1.545400e-05	6106.616000	5263	7171	
1000	156	1.572500e-05	6207.398000	5233	7012	
1000	157	1.570000e-05	6246.829000	5136	7335	
1000	158	1.599900e-05	6356.997000	5105	7356	
1000	159	1.619400e-05	6435.185000	5341	7422	
1000	160	1.629800e-05	6515.545000	5596	7578	
1000	161	1.652100e-05	6573.468000	5615	7603	
1000	162	1.672200e-05	6686.870000	5696	7900	
1000	163	1.712800e-05	6771.182000	5416	7859	
1000	164	1.722800e-05	6858.223000	5459	8104	
1000	165	1.726600e-05	6907.467000	5895	7999	
1000	166	1.768900e-05	7016.189000	5872	8367	
1000	167	1.776300e-05	7107.422000	5919	8222	
1000	168	1.810400e-05	7164.786000	5898	8283	
1000	169	1.877100e-05	7251.468000	6179	8419	
1000	170	1.945700e-05	7353.416000	6272	8412	
1000	171	1.989800e-05	7423.949000	6218	8582	
1000	172	1.904100e-05	7521.299000	6352	8744	
1000	173	2.070400e-05	7609.557000	6350	8923	
1000	174	2.129600e-05	7680.138000	6556	8750	
1000	175	2.046900e-05	7803.912000	6675	8984	
1000	176	1.978600e-05	7883.442000	6594	9096	
1000	177	1.976200e-05	7965.738000	6769	9399	
1000	178	1.999400e-05	8030.767000	6572	9540	
1000	179	2.030500e-05	8157.611000	6913	9490	
1000	180	2.043400e-05	8224.106000	6916	9461	
1000	181	2.067400e-05	8323.280000	6909	9560	
1000	182	2.236000e-05	8403.921000	7206	9659	
1000	183	2.266200e-05	8527.995000	7292	9656	
1000	184	2.267400e-05	8597.424000	7120	9826	
1000	185	2.366600e-05	8681.121000	7524	10020	
1000	186	2.438400e-05	8773.592000	7548	10282	
1000	187	2.390200e-05	8883.289000	7651	10245	
1000	188	2.377200e-05	8957.430000	7633	10376	
1000	189	2.421500e-05	9051.595000	7852	10347	
1000	190	2.473300e-05	9162.961000	7810	10354	
1000	191	2.505800e-05	9248.195000	7789	10525	
1000	192	2.526500e-05	9355.524000	7645	10742	
1000	193	2.667700e-05	9459.339000	8157	10907	
1000	194	2.608100e-05	9544.088000	8039	10827	
1000	195	2.561700e-05	9597.517000	8129	11455	
1000	196	2.700000e-05	9761.115000	8232	11032	
1000	197	2.757400e-05	9879.632000	8457	11163	
1000	198	2.813300e-05	9949.192000	8426	11304	
1000	199	2.812400e-05	10056.832000	8636	11498	
1000	200	2.656300e-05	10113.678000	8654	11803	
1000	201	2.772800e-05	10252.987000	8457	12158	
1000	202	2.761400e-05	10340.618000	8698	11772	
1000	203	2.788900e-05	10453.456000	9172	11976	
1000	204	2.884100e-05	10552.616000	9022	12054	
1000	205	3.016400e-05	10644.525000	8944	12067	
1000	206	3.025500e-05	10769.525000	9125	12351	
1000	207	3.051200e-05	10860.727000	9336	12430	
1000	208	3.083700e-05	10967.003000	9395	12688	
1000	209	3.215000e-05	11075.312000	9483	12806	
1000	210	3.113000e-05	11181.051000	9125	13087	
1000	211	3.129600e-05	11256.651000	9652	12895	
1000	212	3.162600e-05	11371.730000	9917	12738	
1000	213	3.279700e-05	11522.456000	9987	13065	
1000	214	3.128800e-05	11603.743000	9891	13156	
1000	215	3.215700e-05	11709.944000	9791	13093	
1000	216	3.288000e-05	11818.488000	10235	13676	
1000	217	3.288800e-05	11918.511000	10225	13537	
1000	218	3.365100e-05	12036.491000	10596	13904	
1000	219	3.328600e-05	12153.811000	10152	13920	
1000	220	3.367400e-05	12254.249000	10536	13866	
1000	221	3.498000e-05	12375.533000	10924	14050	
1000	222	3.508600e-05	12497.025000	10999	14375	
1000	223	3.539100e-05	12604.074000	10702	14206	
1000	224	3.493500e-05	12710.910000	11207	14617	
1000	225	3.481100e-05	12808.708000	11030	14384	
1000	226	3.578100e-05	12936.219000	11439	14720	
1000	227	3.544100e-05	13044.223000	11258	14769	
1000	228	3.558700e-05	13162.929000	11344	14962	
1000	229	3.588600e-05	13264.089000	11238	15047	
1000	230	3.658200e-05	13407.417000	11742	15125	
1000	231	3.560800e-05	13507.946000	11603	15203	
1000	232	3.629900e-05	13640.075000	11747	15614	
1000	233	3.696000e-05	13757.590000	11843	15755	
1000	234	3.860700e-05	13902.601000	12185	15812	
1000	235	3.899100e-05	13979.207000	12195	15797	
1000	236	3.680200e-05	14076.995000	12402	15880	
1000	237	3.685400e-05	14184.064000	12383	16099	
1000	238	3.710400e-05	14313.640000	12422	16126	
1000	239	3.774100e-05	14416.864000	12356	16629	
1000	240	3.797700e-05	14574.258000	12708	16806	
1000	241	3.841700e-05	14710.576000	12884	16671	
1000	242	3.891300e-05	14782.840000	13010	17002	
1000	243	3.953000e-05	14943.573000	12877	17167	
1000	244	3.909300e-05	15064.636000	13272	16713	
1000	245	4.114100e-05	15166.040000	13342	17157	
1000	246	4.172500e-05	15314.843000	13149	17431	
1000	247	4.108500e-05	15470.391000	13488	17249	
1000	248	4.208700e-05	15546.632000	13554	18121	
1000	249	4.261200e-05	15673.562000	13505	17986	
1000	250	4.356100e-05	15827.102000	13066	18350	
1000	251	4.242200e-05	15886.670000	13816	17963	
1000	252	4.357300e-05	16108.537000	14037	18082	
1000	253	4.439400e-05	16210.992000	13918	18091	
1000	254	4.321600e-05	16312.467000	14527	18370	
1000	255	4.276000e-05	16424.118000	14258	19120	
1000	256	4.438500e-05	16622.349000	14521	18763	
1000	257	4.402800e-05	16702.657000	14722	18958	
1000	258	4.480300e-05	16840.015000	14659	19021	
1000	259	4.460900e-05	16950.229000	14572	19285	
1000	260	4.578600e-05	17069.606000	14461	19234	
1000	261	4.493900e-05	17207.648000	15237	19445	
1000	262	4.523800e-05	17350.529000	14396	19967	
1000	263	4.764200e-05	17448.447000	15350	19489	
1000	264	4.669100e-05	17600.990000	15008	19554	
1000	265	4.767300e-05	17761.641000	15590	20226	
1000	266	4.792400e-05	17908.234000	15307	20219	
1000	267	4.787700e-05	18035.299000	15665	20381	
1000	268	4.796100e-05	18115.698000	16115	20292	
1000	269	4.864500e-05	18307.953000	15959	20932	
1000	270	4.894900e-05	18443.863000	15782	20432	
1000	271	4.887300e-05	18538.162000	16353	20992	
1000	272	4.939800e-05	18672.457000	16233	21267	
1000	273	4.999500e-05	18820.279000	16429	21100	
1000	274	5.119000e-05	18967.745000	16711	21210	
1000	275	5.030800e-05	19074.385000	16482	21522	
1000	276	5.067200e-05	19260.439000	16566	21199	
1000	277	5.157600e-05	19388.466000	17100	21772	
1000	278	5.163900e-05	19504.523000	16909	21650	
1000	279	5.231600e-05	19657.125000	17505	22550	
1000	280	5.149800e-05	19832.650000	17530	22450	
1000	281	5.247100e-05	19901.898000	17284	22314	
1000	282	5.333500e-05	20070.648000	17287	22589	
1000	283	5.214700e-05	20214.919000	17766	23005	
1000	284	5.255000e-05	20374.628000	17442	22592	
1000	285	5.282800e-05	20502.848000	18407	23004	
1000	286	5.355600e-05	20651.058000	18098	22998	
1000	287	5.252300e-05	20738.733000	18122	23658	
1000	288	5.610900e-05	20952.709000	18353	23592	
1000	289	5.546900e-05	21057.073000	18777	23418	
1000	290	5.749000e-05	21211.268000	18916	24101	
1000	291	5.574800e-05	21360.166000	18866	24031	
1000	292	5.635700e-05	21502.328000	18884	24076	
1000	293	5.556800e-05	21638.131000	18704	24570	
1000	294	5.571300e-05	21799.396000	18984	24874	
1000	295	5.800700e-05	21982.304000	18312	24650	
1000	296	5.710900e-05	22073.106000	18590	25921	
1000	297	5.728100e-05	22250.551000	19863	25351	
1000	298	5.770600e-05	22409.902000	19730	25230	
1000	299	5.481600e-05	22547.740000	20001	25078	
1000	300	5.460800e-05	22727.550000	19590	25457	
1000	301	5.657100e-05	22844.906000	20327	26082	
1000	302	5.912800e-05	23003.755000	20200	25713	
1000	303	5.900500e-05	23178.195000	20376	26107	
1000	304	6.607800e-05	23350.323000	20964	26195	
1000	305	6.728900e-05	23473.514000	20693	26392	
1000	306	6.666100e-05	23602.274000	20917	26578	
1000	307	7.161000e-05	23786.699000	21326	26891	
1000	308	6.629700e-05	23923.566000	20734	27053	
1000	309	6.829700e-05	24036.418000	20780	26939	
1000	310	6.975900e-05	24268.527000	21630	27045	
1000	311	6.701300e-05	24363.410000	21466	27436	
1000	312	6.936700e-05	24586.474000	21475	27501	
1000	313	6.809000e-05	24737.993000	22070	27787	
1000	314	6.627900e-05	24876.211000	21433	27587	
1000	315	6.103900e-05	24964.877000	22060	28467	
1000	316	5.971000e-05	25157.974000	22169	27950	
1000	317	6.151900e-05	25374.963000	22522	28721	
1000	318	6.405200e-05	25476.794000	22240	28280	
1000	319	6.796500e-05	25684.484000	22758	28797	
1000	320	6.900800e-05	25857.035000	23080	28582	
1000	321	6.949700e-05	25912.442000	22139	29063	
1000	322	6.414000e-05	26174.652000	23209	29518	
1000	323	6.274800e-05	26345.646000	23406	29472	
1000	324	6.628400e-05	26408.458000	22810	29316	
1000	325	6.833300e-05	26604.777000	23855	29592	
1000	326	7.007800e-05	26800.794000	22936	29545	
1000	327	7.150300e-05	26957.768000	24081	30046	
1000	328	7.101200e-05	27174.349000	23883	30082	
1000	329	6.952300e-05	27312.411000	23879	30846	
1000	330	7.293600e-05	27501.800000	24207	30630	
1000	331	7.249600e-05	27626.126000	24341	30902	
1000	332	7.600300e-05	27830.068000	24164	31521	
1000	333	7.518500e-05	27989.282000	24977	31718	
1000	334	7.232300e-05	28158.443000	24992	31156	
1000	335	7.695900e-05	28299.108000	24687	31581	
1000	336	7.831900e-05	28449.604000	25704	32006	
1000	337	7.333800e-05	28617.494000	25667	31980	
1000	338	7.394800e-05	28758.728000	25838	32145	
1000	339	7.531900e-05	28992.399000	25535	32194	
1000	340	7.516800e-05	29105.245000	25773	32654	
1000	341	7.587100e-05	29363.969000	26372	32593	
1000	342	7.479000e-05	29482.993000	25639	32747	
1000	343	7.622700e-05	29661.080000	26030	32948	
1000	344	7.603300e-05	29828.226000	25925	33318	
1000	345	7.750000e-05	30020.766000	26750	33708	
1000	346	7.633900e-05	30126.030000	26142	34610	
1000	347	7.706800e-05	30370.579000	26682	33977	
1000	348	7.914100e-05	30540.282000	27216	34186	
1000	349	8.111700e-05	30694.921000	27216	34681	
1000	350	7.517000e-05	30836.585000	27212	34152	
1000	351	7.337000e-05	31040.629000	27434	34246	
1000	352	7.984300e-05	31276.482000	27808	34909	
1000	353	8.068400e-05	31355.732000	27574	34191	
1000	354	8.504800e-05	31699.722000	28294	35450	
1000	355	8.498900e-05	31794.442000	28002	35666	
1000	356	8.567900e-05	31921.025000	27931	35386	
1000	357	8.634900e-05	32082.709000	28408	35357	
1000	358	8.552500e-05	32273.033000	28653	35965	
1000	359	8.449100e-05	32493.957000	28996	36047	
1000	360	8.293000e-05	32685.129000	29283	36561	
1000	361	8.503300e-05	32737.325000	28528	36717	
1000	362	8.807100e-05	33028.551000	29965	36639	
1000	363	8.156700e-05	33232.847000	29573	36976	
1000	364	9.294800e-05	33371.468000	29404	36963	
1000	365	9.577300e-05	33586.877000	30376	36748	
1000	366	8.548300e-05	33725.701000	29856	37384	
1000	367	8.853000e-05	33910.653000	30175	37885	
1000	368	8.914500e-05	34083.821000	29855	37888	
1000	369	8.917500e-05	34307.673000	30864	39547	
1000	370	8.688800e-05	34479.058000	30356	38354	
1000	371	8.622700e-05	34681.487000	30616	38519	
1000	372	8.388900e-05	34842.127000	30688	38599	
1000	373	8.966600e-05	35052.592000	31031	38914	
1000	374	9.034100e-05	35214.638000	30916	39006	
1000	375	8.349500e-05	35400.829000	31484	39070	
1000	376	1.038940e-04	35616.997000	32042	39634	
1000	377	8.810500e-05	35733.173000	32120	39224	
1000	378	8.914600e-05	36013.229000	32023	39928	
1000	379	9.443800e-05	36234.654000	32378	39918	
1000	380	9.176900e-05	36369.889000	32485	39992	
1000	381	9.480000e-05	36526.746000	32828	40614	
1000	382	9.852300e-05	36750.414000	33059	40567	
1000	383	1.023350e-04	36931.203000	32607	41047	
1000	384	9.567000e-05	37146.715000	33074	41616	
1000	385	9.599200e-05	37309.571000	32780	41916	
1000	386	9.455900e-05	37477.314000	33389	41590	
1000	387	9.633200e-05	37750.491000	33820	41526	
1000	388	9.623800e-05	37882.177000	33859	42195	
1000	389	9.643300e-05	38094.961000	33008	41869	
1000	390	1.009080e-04	38314.800000	34567	41674	
1000	391	1.049850e-04	38602.171000	34194	43144	
1000	392	1.056280e-04	38631.095000	34263	42675	
1000	393	1.063680e-04	38919.521000	34364	43663	
1000	394	1.071100e-04	39181.326000	35073	45315	
1000	395	1.052160e-04	39315.071000	35143	44358	
1000	396	1.055030e-04	39481.619000	35390	44192	
1000	397	1.074920e-04	39682.210000	35889	43861	
1000	398	1.048660e-04	39926.987000	36019	44406	
1000	399	1.051470e-04	40028.522000	35975	44368	
1000	400	1.052040e-04	40284.872000	36304	44430	
1000	401	1.045010e-04	40509.707000	35997	45062	
1000	402	1.059620e-04	40676.071000	36597	45255	
1000	403	1.032360e-04	40846.273000	36651	44820	
1000	404	1.007180e-04	41118.454000	37443	45131	
1000	405	1.044620e-04	41306.346000	36649	45552	
1000	406	1.016470e-04	41525.883000	37485	45511	
1000	407	1.007520e-04	41707.844000	35970	46711	
1000	408	1.123570e-04	41912.688000	37953	46180	
1000	409	9.929800e-05	42143.009000	38016	46817	
1000	410	1.055840e-04	42390.948000	37678	46434	
1000	411	1.129680e-04	42519.069000	37443	47001	
1000	412	1.135010e-04	42719.885000	38422	47815	
1000	413	1.101480e-04	42972.999000	38656	47285	
1000	414	1.028940e-04	43136.044000	38308	47626	
1000	415	1.114740e-04	43421.556000	38108	47400	
1000	416	1.117210e-04	43538.792000	38965	48080	
1000	417	1.094110e-04	43837.305000	38563	49443	
1000	418	1.069310e-04	43976.570000	39171	48982	
1000	419	1.100920e-04	44220.135000	39603	48715	
1000	420	1.040320e-04	44382.458000	39262	49187	
1000	421	1.122870e-04	44655.445000	40098	49234	
1000	422	1.096750e-04	44819.053000	40017	49226	
1000	423	1.070300e-04	45074.333000	40708	49599	
1000	424	1.100110e-04	45299.677000	41117	49869	
1000	425	1.153170e-04	45449.848000	40814	50490	
1000	426	1.158510e-04	45640.512000	40655	50415	
1000	427	1.152950e-04	46003.772000	41437	50624	
1000	428	1.160880e-04	46205.347000	41570	51189	
1000	429	1.106490e-04	46288.012000	41065	51238	
1000	430	1.138250e-04	46539.196000	41877	51533	
1000	431	1.124660e-04	46715.497000	41160	51943	
1000	432	1.155130e-04	46998.644000	43031	51554	
1000	433	1.163990e-04	47164.692000	42918	51299	
1000	434	1.202840e-04	47349.095000	42022	51633	
1000	435	1.228350e-04	47659.176000	42148	52673	
1000	436	1.159270e-04	47851.673000	43660	52035	
1000	437	1.157780e-04	48056.053000	42033	54322	
1000	438	1.179220e-04	48294.263000	43384	52807	
1000	439	1.173570e-04	48543.003000	43922	53331	
1000	440	1.208690e-04	48744.087000	43730	54828	
1000	441	1.156330e-04	48944.614000	44002	53371	
1000	442	1.149940e-04	49080.966000	44507	54548	
1000	443	1.214810e-04	49371.565000	43447	54915	
1000	444	1.283710e-04	49632.828000	43026	55063	
1000	445	1.249710e-04	49866.483000	44952	55036	
1000	446	1.283800e-04	50057.136000	44878	55665	
1000	447	1.278180e-04	50304.233000	45568	55088	
1000	448	1.282820e-04	50426.367000	45574	56186	
1000	449	1.280310e-04	50741.561000	45644	55763	
1000	450	1.295350e-04	50972.673000	45502	56128	
1000	451	1.279090e-04	51202.662000	46425	55935	
1000	452	1.201310e-04	51372.112000	45892	56441	
1000	453	1.245070e-04	51643.542000	46553	57747	
1000	454	1.259190e-04	51789.410000	46837	57744	
1000	455	1.332330e-04	52082.733000	46370	57563	
1000	456	1.354720e-04	52224.157000	47737	57467	
1000	457	1.337400e-04	52534.425000	47729	58354	
1000	458	1.354740e-04	52821.189000	47178	58576	
1000	459	1.345900e-04	53058.199000	47878	58588	
1000	460	1.301740e-04	53143.868000	48241	58332	
1000	461	1.328080e-04	53473.319000	48332	57921	
1000	462	1.332820e-04	53700.677000	47552	59227	
1000	463	1.320400e-04	53867.473000	49122	58833	
1000	464	1.383590e-04	54139.423000	49352	60198	
1000	465	1.394330e-04	54322.783000	49523	59341	
1000	466	1.372660e-04	54669.130000	49695	60406	
1000	467	1.375770e-04	54884.870000	50339	61463	
1000	468	1.414960e-04	55120.277000	48227	60030	
1000	469	1.363220e-04	55371.658000	49873	60404	
1000	470	1.408630e-04	55554.546000	49878	61195	
1000	471	1.416080e-04	55792.132000	50773	60371	
1000	472	1.336900e-04	56056.936000	51154	60842	
1000	473	1.374500e-04	56285.949000	50546	61899	
1000	474	1.358410e-04	56525.279000	51539	62066	
1000	475	1.444820e-04	56663.108000	51527	62780	
1000	476	1.358510e-04	57081.733000	52093	62718	
1000	477	1.408620e-04	57235.014000	51558	62606	
1000	478	1.444210e-04	57569.033000	52074	63208	
1000	479	1.378290e-04	57678.481000	51335	63257	
1000	480	1.354900e-04	57930.739000	51825	63411	
1000	481	1.415160e-04	58170.546000	52280	63734	
1000	482	1.407760e-04	58461.592000	53417	63967	
1000	483	1.456140e-04	58674.000000	53417	64836	
1000	484	1.425910e-04	58891.066000	53033	64262	
1000	485	1.384510e-04	59198.958000	53574	65051	
1000	486	1.393040e-04	59405.572000	52952	64859	
1000	487	1.472100e-04	59594.855000	54229	64647	
1000	488	1.512670e-04	59899.809000	54963	65747	
1000	489	1.523130e-04	60107.846000	53972	65759	
1000	490	1.479790e-04	60462.328000	54715	66697	
1000	491	1.464420e-04	60595.895000	55129	65948	
1000	492	1.416190e-04	60875.602000	55113	68760	
1000	493	1.534100e-04	61271.081000	55943	66717	
1000	494	1.563750e-04	61447.100000	55423	66533	
1000	495	1.525000e-04	61680.660000	53285	67434	
1000	496	1.453300e-04	61834.325000	55909	67003	
1000	497	1.525690e-04	62082.151000	56541	67473	
1000	498	1.558060e-04	62324.965000	57215	67859	
1000	499	1.562550e-04	62581.236000	56379	68720	
1000	500	1.552700e-04	62883.874000	57959	69026	
