100	 1000	 1.269800e-04	 9324.700000	 9256	 9378	
100	 1100	 1.406300e-04	 10379.030000	 10307	 10442	
100	 1200	 1.042900e-04	 11444.420000	 11360	 11528	
100	 1300	 9.553000e-05	 12537.110000	 12423	 12589	
100	 1400	 9.727000e-05	 13648.970000	 13572	 13740	
100	 1500	 1.160100e-04	 14777.780000	 14703	 14850	
100	 1600	 1.230600e-04	 15922.940000	 15831	 15998	
100	 1700	 1.287000e-04	 17074.090000	 16994	 17158	
100	 1800	 1.328600e-04	 18247.910000	 18145	 18357	
100	 1900	 1.427400e-04	 19435.780000	 19356	 19498	
100	 2000	 1.513000e-04	 20641.770000	 20555	 20721	
100	 2100	 1.612700e-04	 21822.750000	 21729	 21909	
100	 2200	 1.694000e-04	 22965.590000	 22865	 23068	
100	 2300	 1.748200e-04	 24124.380000	 24028	 24257	
100	 2400	 1.865700e-04	 25289.430000	 25201	 25396	
100	 2500	 1.883900e-04	 26478.030000	 26364	 26573	
100	 2600	 1.923300e-04	 27675.630000	 27589	 27778	
100	 2700	 2.097500e-04	 28884.830000	 28757	 28973	
100	 2800	 2.118100e-04	 30093.370000	 29984	 30242	
100	 2900	 2.198200e-04	 31322.180000	 31211	 31433	
100	 3000	 2.260100e-04	 32560.840000	 32478	 32668	
100	 3100	 2.254900e-04	 33807.240000	 33713	 33925	
100	 3200	 2.475900e-04	 35042.520000	 34897	 35139	
100	 3300	 2.496800e-04	 36292.230000	 36150	 36409	
100	 3400	 2.523800e-04	 37553.190000	 37421	 37653	
100	 3500	 2.754200e-04	 38820.470000	 38685	 38941	
100	 3600	 2.741000e-04	 40094.130000	 39998	 40216	
100	 3700	 2.834900e-04	 41390.730000	 41233	 41503	
100	 3800	 2.901200e-04	 42679.440000	 42550	 42794	
100	 3900	 2.978800e-04	 43979.660000	 43873	 44113	
100	 4000	 2.984700e-04	 45286.450000	 45123	 45401	
100	 4100	 3.111100e-04	 46603.450000	 46479	 46713	
100	 4200	 3.182500e-04	 47847.550000	 47727	 47983	
100	 4300	 3.207200e-04	 49076.710000	 48900	 49184	
100	 4400	 3.319800e-04	 50314.680000	 50208	 50440	
100	 4500	 3.454900e-04	 51580.010000	 51401	 51715	
100	 4600	 3.602400e-04	 52846.370000	 52695	 52994	
100	 4700	 3.661900e-04	 54102.560000	 53982	 54241	
100	 4800	 3.728400e-04	 55383.360000	 55179	 55521	
100	 4900	 3.867700e-04	 56662.210000	 56516	 56809	
100	 5000	 3.851600e-04	 57961.310000	 57789	 58101	
100	 5100	 3.945300e-04	 59243.260000	 59096	 59385	
100	 5200	 3.991800e-04	 60560.340000	 60397	 60694	
100	 5300	 4.143800e-04	 61851.700000	 61720	 62004	
100	 5400	 4.203800e-04	 63151.990000	 63007	 63306	
100	 5500	 4.292300e-04	 64469.570000	 64308	 64610	
100	 5600	 4.364500e-04	 65788.500000	 65602	 65924	
100	 5700	 4.455200e-04	 67115.490000	 66944	 67237	
100	 5800	 4.521800e-04	 68431.880000	 68306	 68616	
100	 5900	 4.551500e-04	 69772.050000	 69628	 69921	
100	 6000	 4.610500e-04	 71117.740000	 70924	 71264	
100	 6100	 4.693600e-04	 72457.270000	 72286	 72595	
100	 6200	 4.755500e-04	 73806.000000	 73636	 73981	
100	 6300	 4.877900e-04	 75148.790000	 74999	 75333	
100	 6400	 4.956100e-04	 76481.530000	 76308	 76655	
100	 6500	 5.018800e-04	 77828.450000	 77690	 77964	
100	 6600	 5.090400e-04	 79179.970000	 78988	 79333	
100	 6700	 5.146700e-04	 80540.680000	 80319	 80672	
100	 6800	 5.263400e-04	 81904.460000	 81734	 82091	
100	 6900	 5.333200e-04	 83278.490000	 83115	 83435	
100	 7000	 5.338800e-04	 84631.780000	 84470	 84768	
100	 7100	 5.361800e-04	 86011.650000	 85879	 86166	
100	 7200	 5.438100e-04	 87396.140000	 87250	 87552	
100	 7300	 5.552100e-04	 88789.720000	 88574	 88961	
100	 7400	 5.654100e-04	 90163.270000	 89973	 90365	
100	 7500	 5.811400e-04	 91551.720000	 91386	 91722	
100	 7600	 5.896700e-04	 92945.770000	 92742	 93128	
100	 7700	 5.863100e-04	 94357.590000	 94151	 94544	
100	 7800	 5.960300e-04	 95770.270000	 95591	 95931	
100	 7900	 6.063200e-04	 97177.020000	 97019	 97334	
100	 8000	 6.080700e-04	 98581.350000	 98359	 98750	
100	 8100	 6.154900e-04	 99999.360000	 99839	 100195	
100	 8200	 6.302900e-04	 101415.050000	 101245	 101574	
100	 8300	 6.474300e-04	 102754.720000	 102589	 102965	
100	 8400	 6.492300e-04	 104081.420000	 103917	 104276	
100	 8500	 6.503100e-04	 105426.100000	 105208	 105607	
100	 8600	 6.635300e-04	 106763.260000	 106583	 106975	
100	 8700	 6.682700e-04	 108106.450000	 107904	 108284	
100	 8800	 6.736200e-04	 109446.810000	 109244	 109615	
100	 8900	 6.856100e-04	 110799.610000	 110629	 110969	
100	 9000	 6.969100e-04	 112149.490000	 111950	 112355	
100	 9100	 6.978800e-04	 113519.620000	 113367	 113718	
100	 9200	 7.052000e-04	 114881.070000	 114665	 115049	
100	 9300	 7.098300e-04	 116262.120000	 116062	 116438	
100	 9400	 7.227100e-04	 117612.460000	 117414	 117789	
100	 9500	 7.308300e-04	 118994.960000	 118833	 119213	
100	 9600	 7.501900e-04	 120360.290000	 120159	 120612	
100	 9700	 7.505700e-04	 121749.770000	 121538	 121959	
100	 9800	 7.763100e-04	 123136.280000	 122949	 123345	
100	 9900	 7.607600e-04	 124505.630000	 124314	 124725	
100	 10000	 7.633300e-04	 125912.730000	 125711	 126168	
100	 10100	 7.714400e-04	 127304.670000	 127117	 127511	
100	 10200	 7.749500e-04	 128697.970000	 128507	 128878	
100	 10300	 7.850500e-04	 130090.110000	 129932	 130324	
100	 10400	 8.062900e-04	 131492.940000	 131239	 131686	
100	 10500	 8.219800e-04	 132885.830000	 132704	 133122	
100	 10600	 8.154300e-04	 134290.430000	 134072	 134502	
100	 10700	 8.281200e-04	 135699.590000	 135490	 135904	
100	 10800	 8.336100e-04	 137091.780000	 136920	 137327	
100	 10900	 8.474100e-04	 138509.580000	 138344	 138722	
100	 11000	 8.591300e-04	 139928.230000	 139727	 140197	
100	 11100	 8.623000e-04	 141343.390000	 141152	 141510	
100	 11200	 8.680900e-04	 142748.650000	 142538	 142955	
100	 11300	 8.776600e-04	 144200.480000	 143931	 144420	
100	 11400	 8.864600e-04	 145607.170000	 145390	 145868	
100	 11500	 8.894500e-04	 147048.800000	 146820	 147249	
100	 11600	 9.029100e-04	 148472.750000	 148281	 148769	
100	 11700	 9.057300e-04	 149902.880000	 149691	 150150	
100	 11800	 9.123000e-04	 151352.110000	 151060	 151619	
100	 11900	 9.213100e-04	 152782.410000	 152606	 152998	
100	 12000	 9.291900e-04	 154221.850000	 153998	 154456	
100	 12100	 9.475900e-04	 155677.510000	 155385	 155896	
100	 12200	 9.482700e-04	 157133.040000	 156937	 157375	
100	 12300	 9.882100e-04	 158581.090000	 158399	 158808	
100	 12400	 9.573000e-04	 160015.810000	 159761	 160301	
100	 12500	 9.742800e-04	 161446.910000	 161237	 161790	
100	 12600	 9.908800e-04	 162878.270000	 162659	 163098	
100	 12700	 9.963100e-04	 164316.680000	 164142	 164536	
100	 12800	 1.027110e-03	 165765.200000	 165538	 165978	
100	 12900	 9.978700e-04	 167194.340000	 166940	 167390	
100	 13000	 1.018090e-03	 168661.470000	 168403	 168937	
100	 13100	 1.018310e-03	 170103.880000	 169787	 170301	
100	 13200	 1.041080e-03	 171557.880000	 171317	 171812	
100	 13300	 1.037870e-03	 173018.990000	 172811	 173257	
100	 13400	 1.049160e-03	 174476.130000	 174287	 174685	
100	 13500	 1.058300e-03	 175921.810000	 175743	 176089	
100	 13600	 1.065610e-03	 177416.030000	 177081	 177637	
100	 13700	 1.083990e-03	 178881.840000	 178592	 179103	
100	 13800	 1.097670e-03	 180329.440000	 180070	 180570	
100	 13900	 1.089480e-03	 181796.770000	 181608	 182014	
100	 14000	 1.101760e-03	 183276.310000	 183069	 183511	
100	 14100	 1.103050e-03	 184753.490000	 184536	 184961	
100	 14200	 1.110310e-03	 186230.380000	 185986	 186486	
100	 14300	 1.113760e-03	 187727.600000	 187419	 187936	
100	 14400	 1.129140e-03	 189210.610000	 189003	 189410	
100	 14500	 1.126900e-03	 190679.370000	 190429	 190944	
100	 14600	 1.145940e-03	 192143.650000	 191922	 192378	
100	 14700	 1.158800e-03	 193629.270000	 193384	 193901	
100	 14800	 1.164030e-03	 195130.410000	 194819	 195379	
100	 14900	 1.175020e-03	 196622.430000	 196428	 196875	
100	 15000	 1.195600e-03	 198117.460000	 197873	 198431	
100	 15100	 1.207420e-03	 199607.140000	 199319	 199903	
100	 15200	 1.206940e-03	 201114.410000	 200819	 201365	
100	 15300	 1.211420e-03	 202619.840000	 202380	 202847	
100	 15400	 1.217140e-03	 204100.680000	 203867	 204386	
100	 15500	 1.242120e-03	 205632.850000	 205383	 205904	
100	 15600	 1.235230e-03	 207115.890000	 206864	 207383	
100	 15700	 1.240310e-03	 208634.950000	 208435	 208828	
100	 15800	 1.252450e-03	 210133.470000	 209899	 210333	
100	 15900	 1.257810e-03	 211665.620000	 211434	 211928	
100	 16000	 1.268310e-03	 213183.000000	 212935	 213416	
100	 16100	 1.275130e-03	 214706.920000	 214394	 215023	
100	 16200	 1.271250e-03	 216231.010000	 215991	 216488	
100	 16300	 1.284490e-03	 217746.040000	 217472	 218007	
100	 16400	 1.294790e-03	 219236.910000	 218898	 219502	
100	 16500	 1.305590e-03	 220668.760000	 220400	 220927	
100	 16600	 1.325860e-03	 222103.520000	 221890	 222341	
100	 16700	 1.332410e-03	 223545.020000	 223295	 223748	
100	 16800	 1.337960e-03	 224946.820000	 224700	 225217	
100	 16900	 1.338200e-03	 226402.630000	 226189	 226644	
100	 17000	 1.356010e-03	 227845.480000	 227533	 228139	
100	 17100	 1.389410e-03	 229283.600000	 229041	 229590	
100	 17200	 1.379990e-03	 230723.810000	 230475	 230974	
100	 17300	 1.374220e-03	 232162.680000	 231937	 232439	
100	 17400	 1.388480e-03	 233603.060000	 233359	 233887	
100	 17500	 1.410770e-03	 235057.730000	 234791	 235315	
100	 17600	 1.411610e-03	 236500.420000	 236279	 236753	
100	 17700	 1.413790e-03	 237949.580000	 237534	 238162	
100	 17800	 1.427560e-03	 239392.770000	 239152	 239683	
100	 17900	 1.447370e-03	 240874.040000	 240607	 241149	
100	 18000	 1.441550e-03	 242307.790000	 241998	 242515	
100	 18100	 1.449100e-03	 243767.040000	 243450	 244032	
100	 18200	 1.455270e-03	 245229.990000	 244927	 245502	
100	 18300	 1.460210e-03	 246708.960000	 246449	 246943	
100	 18400	 1.466410e-03	 248152.000000	 247800	 248443	
100	 18500	 1.469700e-03	 249630.060000	 249387	 249917	
100	 18600	 1.487860e-03	 251082.200000	 250708	 251328	
100	 18700	 1.493000e-03	 252565.010000	 252277	 252808	
100	 18800	 1.502340e-03	 254028.280000	 253803	 254318	
100	 18900	 1.529920e-03	 255507.220000	 255266	 255754	
100	 19000	 1.525140e-03	 256979.250000	 256619	 257240	
100	 19100	 1.523910e-03	 258446.440000	 258223	 258855	
100	 19200	 1.538220e-03	 259914.430000	 259674	 260163	
100	 19300	 1.558230e-03	 261418.750000	 261123	 261652	
100	 19400	 1.558500e-03	 262879.580000	 262614	 263132	
100	 19500	 1.561480e-03	 264372.720000	 264019	 264710	
100	 19600	 1.580670e-03	 265864.460000	 265620	 266129	
100	 19700	 1.573010e-03	 267342.060000	 267050	 267606	
100	 19800	 1.586600e-03	 268805.220000	 268524	 269078	
100	 19900	 1.593900e-03	 270312.580000	 269974	 270639	
100	 20000	 1.598440e-03	 271802.140000	 271490	 272111	
100	 20100	 1.612490e-03	 273291.870000	 273033	 273654	
100	 20200	 1.605010e-03	 274810.550000	 274491	 275170	
100	 20300	 1.619020e-03	 276307.070000	 276004	 276678	
100	 20400	 1.619580e-03	 277819.720000	 277508	 278127	
100	 20500	 1.629900e-03	 279307.710000	 279044	 279599	
100	 20600	 1.656900e-03	 280784.180000	 280430	 281131	
100	 20700	 1.648870e-03	 282265.110000	 281991	 282536	
100	 20800	 1.659100e-03	 283790.000000	 283437	 284098	
100	 20900	 1.682230e-03	 285265.810000	 284943	 285528	
100	 21000	 1.678620e-03	 286773.880000	 286417	 287155	
100	 21100	 1.698680e-03	 288275.190000	 287920	 288538	
100	 21200	 1.712690e-03	 289771.770000	 289457	 290098	
100	 21300	 1.710620e-03	 291269.960000	 290942	 291527	
100	 21400	 1.728190e-03	 292776.380000	 292450	 293159	
100	 21500	 1.739290e-03	 294309.140000	 293885	 294667	
100	 21600	 1.741480e-03	 295801.790000	 295500	 296072	
100	 21700	 1.759100e-03	 297294.060000	 297010	 297688	
100	 21800	 1.773270e-03	 298803.650000	 298459	 299039	
100	 21900	 1.773710e-03	 300343.440000	 299968	 300673	
100	 22000	 1.777230e-03	 301830.590000	 301537	 302159	
100	 22100	 1.819750e-03	 303371.780000	 303138	 303854	
100	 22200	 1.802700e-03	 304879.890000	 304633	 305155	
100	 22300	 1.802950e-03	 306421.440000	 306083	 306767	
100	 22400	 1.823480e-03	 307928.410000	 307612	 308352	
100	 22500	 1.819540e-03	 309454.740000	 308965	 309846	
100	 22600	 1.828100e-03	 310979.490000	 310584	 311238	
100	 22700	 1.845520e-03	 312506.310000	 312133	 312870	
100	 22800	 1.847980e-03	 314031.010000	 313685	 314452	
100	 22900	 1.853980e-03	 315565.910000	 315214	 315807	
100	 23000	 1.872730e-03	 317074.770000	 316754	 317406	
100	 23100	 1.875690e-03	 318605.510000	 318332	 318990	
100	 23200	 1.870990e-03	 320155.050000	 319843	 320498	
100	 23300	 1.894760e-03	 321684.710000	 321284	 321973	
100	 23400	 1.889870e-03	 323216.590000	 322899	 323522	
100	 23500	 1.911520e-03	 324733.700000	 324418	 324983	
100	 23600	 1.911590e-03	 326272.420000	 325955	 326571	
100	 23700	 1.911950e-03	 327832.010000	 327441	 328100	
100	 23800	 1.930410e-03	 329383.070000	 329023	 329641	
100	 23900	 1.926230e-03	 330908.030000	 330611	 331239	
100	 24000	 1.937920e-03	 332454.100000	 332210	 332909	
100	 24100	 1.949390e-03	 334001.300000	 333708	 334393	
100	 24200	 1.950110e-03	 335556.780000	 335177	 335883	
100	 24300	 1.955970e-03	 337113.170000	 336774	 337409	
100	 24400	 1.974530e-03	 338675.900000	 338372	 338967	
100	 24500	 1.975470e-03	 340197.280000	 339975	 340546	
100	 24600	 1.982450e-03	 341762.640000	 341413	 342140	
100	 24700	 1.993970e-03	 343305.670000	 343047	 343750	
100	 24800	 2.001540e-03	 344810.480000	 344495	 345108	
100	 24900	 2.045060e-03	 346352.760000	 345923	 346652	
100	 25000	 2.025570e-03	 347892.960000	 347573	 348203	
100	 25100	 2.039220e-03	 349426.640000	 349029	 349754	
100	 25200	 2.046990e-03	 350975.050000	 350673	 351302	
100	 25300	 2.064390e-03	 352503.560000	 352078	 352771	
100	 25400	 2.078470e-03	 354042.620000	 353617	 354336	
100	 25500	 2.075010e-03	 355576.120000	 355245	 355875	
100	 25600	 2.092650e-03	 357096.890000	 356813	 357491	
100	 25700	 2.095380e-03	 358671.240000	 358294	 359037	
100	 25800	 2.101690e-03	 360218.570000	 359948	 360565	
100	 25900	 2.117630e-03	 361765.880000	 361446	 362128	
100	 26000	 2.122010e-03	 363307.110000	 362951	 363644	
100	 26100	 2.139940e-03	 364871.960000	 364512	 365112	
100	 26200	 2.141400e-03	 366424.760000	 366069	 366703	
100	 26300	 2.146420e-03	 367966.340000	 367689	 368239	
100	 26400	 2.160860e-03	 369503.930000	 369167	 369836	
100	 26500	 2.162030e-03	 371095.210000	 370827	 371395	
100	 26600	 2.176310e-03	 372663.370000	 372207	 372986	
100	 26700	 2.173830e-03	 374183.450000	 373885	 374471	
100	 26800	 2.192150e-03	 375744.990000	 375460	 376082	
100	 26900	 2.205070e-03	 377336.270000	 376995	 377721	
100	 27000	 2.213960e-03	 378864.630000	 378442	 379124	
100	 27100	 2.226740e-03	 380443.330000	 380126	 380750	
100	 27200	 2.228490e-03	 382000.810000	 381714	 382332	
100	 27300	 2.245660e-03	 383576.870000	 383197	 383944	
100	 27400	 2.255530e-03	 385159.340000	 384837	 385468	
100	 27500	 2.251850e-03	 386712.800000	 386309	 386983	
100	 27600	 2.279360e-03	 388288.880000	 387923	 388592	
100	 27700	 2.271190e-03	 389857.580000	 389510	 390116	
100	 27800	 2.290400e-03	 391413.300000	 391061	 391820	
100	 27900	 2.278640e-03	 392997.730000	 392624	 393357	
100	 28000	 2.290540e-03	 394526.790000	 394225	 394856	
100	 28100	 2.309720e-03	 396120.510000	 395758	 396594	
100	 28200	 2.302010e-03	 397690.270000	 397310	 398040	
100	 28300	 2.323230e-03	 399306.280000	 399049	 399610	
100	 28400	 2.311400e-03	 400887.210000	 400557	 401138	
100	 28500	 2.347900e-03	 402435.350000	 402140	 402777	
100	 28600	 2.328290e-03	 404035.450000	 403718	 404423	
100	 28700	 2.341940e-03	 405623.400000	 405181	 405932	
100	 28800	 2.342550e-03	 407186.560000	 406897	 407562	
100	 28900	 2.361140e-03	 408757.410000	 408383	 409044	
100	 29000	 2.361080e-03	 410351.650000	 409961	 410703	
100	 29100	 2.379640e-03	 411947.050000	 411563	 412287	
100	 29200	 2.394870e-03	 413527.930000	 413210	 413897	
100	 29300	 2.401600e-03	 415092.330000	 414672	 415519	
100	 29400	 2.420830e-03	 416666.830000	 416297	 417074	
100	 29500	 2.421250e-03	 418271.730000	 417944	 418606	
100	 29600	 2.459570e-03	 419857.270000	 419515	 420186	
100	 29700	 2.440160e-03	 421460.600000	 421186	 421735	
100	 29800	 2.459240e-03	 423058.580000	 422732	 423404	
100	 29900	 2.459030e-03	 424627.860000	 424195	 425026	
100	 30000	 2.480120e-03	 426246.740000	 425919	 426532	
100	 30100	 2.487040e-03	 427820.750000	 427343	 428265	
100	 30200	 2.494020e-03	 429414.760000	 429013	 429909	
100	 30300	 2.509530e-03	 431026.030000	 430620	 431421	
100	 30400	 2.517210e-03	 432627.190000	 432293	 432987	
100	 30500	 2.535750e-03	 434233.350000	 433826	 434535	
100	 30600	 2.528610e-03	 435831.120000	 435509	 436286	
100	 30700	 2.559170e-03	 437420.280000	 437135	 437874	
100	 30800	 2.548430e-03	 439039.030000	 438728	 439455	
100	 30900	 2.566650e-03	 440640.560000	 440269	 440992	
100	 31000	 2.571980e-03	 442250.410000	 441921	 442507	
100	 31100	 2.580900e-03	 443845.770000	 443517	 444285	
100	 31200	 2.592040e-03	 445462.510000	 445062	 445728	
100	 31300	 2.599690e-03	 447049.220000	 446694	 447478	
100	 31400	 2.599690e-03	 448652.110000	 448353	 448968	
100	 31500	 2.615390e-03	 450269.280000	 449822	 450635	
100	 31600	 2.610380e-03	 451894.290000	 451547	 452199	
100	 31700	 2.651210e-03	 453496.180000	 453104	 453867	
100	 31800	 2.622940e-03	 455111.550000	 454762	 455488	
100	 31900	 2.682530e-03	 456705.210000	 456335	 457039	
100	 32000	 2.640850e-03	 458357.650000	 457945	 458712	
100	 32100	 2.661450e-03	 459968.470000	 459559	 460319	
100	 32200	 2.661740e-03	 461577.580000	 461216	 461837	
100	 32300	 2.677370e-03	 463196.710000	 462868	 463416	
100	 32400	 2.673270e-03	 464849.370000	 464481	 465151	
100	 32500	 2.688420e-03	 466461.390000	 466156	 466851	
100	 32600	 2.681160e-03	 468071.330000	 467752	 468491	
100	 32700	 2.716530e-03	 469698.350000	 469284	 470016	
100	 32800	 2.698290e-03	 471281.270000	 470927	 471660	
100	 32900	 2.720570e-03	 472822.630000	 472410	 473236	
100	 33000	 2.732840e-03	 474319.780000	 473881	 474680	
100	 33100	 2.744720e-03	 475868.240000	 475475	 476262	
100	 33200	 2.756910e-03	 477372.800000	 476944	 477676	
100	 33300	 2.776390e-03	 478940.770000	 478629	 479316	
100	 33400	 2.787120e-03	 480432.810000	 480015	 480814	
100	 33500	 2.799920e-03	 482035.160000	 481659	 482377	
100	 33600	 2.823620e-03	 483528.320000	 483277	 483852	
100	 33700	 2.812320e-03	 485057.060000	 484591	 485450	
100	 33800	 2.821710e-03	 486603.880000	 486221	 486951	
100	 33900	 2.823470e-03	 488133.180000	 487846	 488429	
100	 34000	 2.844090e-03	 489638.640000	 489294	 489973	
100	 34100	 2.842530e-03	 491203.300000	 490829	 491553	
100	 34200	 2.860020e-03	 492759.720000	 492357	 493183	
100	 34300	 2.853560e-03	 494278.610000	 493854	 494648	
100	 34400	 2.876050e-03	 495818.020000	 495490	 496146	
100	 34500	 2.865520e-03	 497345.570000	 496988	 497671	
100	 34600	 2.904640e-03	 498893.650000	 498533	 499213	
100	 34700	 2.891700e-03	 500465.130000	 500051	 500904	
100	 34800	 2.907560e-03	 502013.170000	 501653	 502353	
100	 34900	 2.925870e-03	 503551.670000	 503032	 503863	
100	 35000	 2.934310e-03	 505101.560000	 504770	 505462	
100	 35100	 2.944670e-03	 506621.980000	 506253	 507026	
100	 35200	 2.951650e-03	 508177.180000	 507844	 508582	
100	 35300	 2.972980e-03	 509723.640000	 509337	 509998	
100	 35400	 2.965480e-03	 511276.520000	 510982	 511653	
100	 35500	 3.001420e-03	 512848.710000	 512532	 513389	
100	 35600	 2.991970e-03	 514387.110000	 513994	 514725	
100	 35700	 2.993440e-03	 515962.050000	 515459	 516304	
100	 35800	 3.010910e-03	 517510.690000	 517169	 517885	
100	 35900	 3.009820e-03	 519089.460000	 518810	 519493	
100	 36000	 3.019360e-03	 520610.980000	 520264	 521070	
100	 36100	 3.022380e-03	 522213.340000	 521719	 522703	
100	 36200	 3.035330e-03	 523741.770000	 523381	 524077	
100	 36300	 3.036630e-03	 525308.670000	 524968	 525682	
100	 36400	 3.047330e-03	 526851.800000	 526502	 527150	
100	 36500	 3.058740e-03	 528431.880000	 528042	 528829	
100	 36600	 3.071380e-03	 529982.160000	 529637	 530317	
100	 36700	 3.071740e-03	 531524.440000	 531214	 531838	
100	 36800	 3.068130e-03	 533093.620000	 532769	 533458	
100	 36900	 3.075510e-03	 534684.420000	 534280	 535099	
100	 37000	 3.085470e-03	 536265.920000	 535843	 536690	
100	 37100	 3.097640e-03	 537843.170000	 537462	 538261	
100	 37200	 3.142910e-03	 539391.470000	 539020	 539741	
100	 37300	 3.117700e-03	 540942.930000	 540463	 541333	
100	 37400	 3.143520e-03	 542507.110000	 542135	 542897	
100	 37500	 3.161350e-03	 544086.220000	 543695	 544641	
100	 37600	 3.162390e-03	 545660.610000	 545249	 546016	
100	 37700	 3.169210e-03	 547233.090000	 546899	 547734	
100	 37800	 3.180710e-03	 548775.500000	 548351	 549161	
100	 37900	 3.194470e-03	 550361.840000	 549895	 550787	
100	 38000	 3.200020e-03	 551922.990000	 551568	 552382	
100	 38100	 3.208880e-03	 553519.620000	 553080	 553840	
100	 38200	 3.234010e-03	 555066.600000	 554460	 555503	
100	 38300	 3.220650e-03	 556664.770000	 556331	 557082	
100	 38400	 3.240360e-03	 558252.410000	 557863	 558750	
100	 38500	 3.254740e-03	 559839.660000	 559473	 560187	
100	 38600	 3.253400e-03	 561395.390000	 560993	 561772	
100	 38700	 3.275190e-03	 562978.960000	 562522	 563283	
100	 38800	 3.264330e-03	 564598.770000	 564292	 565085	
100	 38900	 3.297010e-03	 566134.010000	 565844	 566540	
100	 39000	 3.285650e-03	 567751.040000	 567281	 568094	
100	 39100	 3.293380e-03	 569313.390000	 568894	 569788	
100	 39200	 3.300370e-03	 570938.760000	 570490	 571316	
100	 39300	 3.317280e-03	 572491.820000	 572067	 572873	
100	 39400	 3.320700e-03	 574060.940000	 573669	 574471	
100	 39500	 3.330020e-03	 575681.150000	 575293	 576134	
100	 39600	 3.326560e-03	 577244.120000	 576735	 577704	
100	 39700	 3.350930e-03	 578868.360000	 578416	 579283	
100	 39800	 3.351240e-03	 580429.700000	 579980	 580868	
100	 39900	 3.346280e-03	 582027.080000	 581651	 582418	
100	 40000	 3.354350e-03	 583602.010000	 583225	 583905	
100	 40100	 3.366390e-03	 585204.090000	 584802	 585637	
100	 40200	 3.369170e-03	 586810.120000	 586445	 587262	
100	 40300	 3.380130e-03	 588401.380000	 587871	 588822	
100	 40400	 3.384730e-03	 589992.270000	 589627	 590389	
100	 40500	 3.406550e-03	 591604.350000	 591133	 592032	
100	 40600	 3.409500e-03	 593182.670000	 592631	 593644	
100	 40700	 3.406730e-03	 594803.790000	 594463	 595242	
100	 40800	 3.411410e-03	 596409.010000	 595979	 596821	
100	 40900	 3.418320e-03	 597976.180000	 597558	 598436	
100	 41000	 3.420750e-03	 599605.540000	 599226	 599991	
100	 41100	 3.440080e-03	 601170.400000	 600812	 601500	
100	 41200	 3.467420e-03	 602776.680000	 602352	 603291	
100	 41300	 3.454300e-03	 604392.760000	 603943	 604875	
100	 41400	 3.474160e-03	 605909.060000	 605596	 606388	
100	 41500	 3.492500e-03	 607556.550000	 607146	 607955	
100	 41600	 3.495520e-03	 609132.830000	 608754	 609639	
100	 41700	 3.516630e-03	 610760.790000	 610291	 611169	
100	 41800	 3.527220e-03	 612362.850000	 612027	 612684	
100	 41900	 3.527380e-03	 613971.280000	 613546	 614547	
100	 42000	 3.578060e-03	 615530.410000	 615037	 616143	
100	 42100	 3.551200e-03	 617145.280000	 616797	 617561	
100	 42200	 3.553890e-03	 618748.100000	 618254	 619106	
100	 42300	 3.569250e-03	 620339.430000	 619964	 620768	
100	 42400	 3.581960e-03	 621950.100000	 621540	 622385	
100	 42500	 3.586560e-03	 623561.510000	 623055	 623987	
100	 42600	 3.606210e-03	 625167.960000	 624643	 625624	
100	 42700	 3.634520e-03	 626772.980000	 626192	 627279	
100	 42800	 3.616870e-03	 628308.930000	 627830	 628798	
100	 42900	 3.619640e-03	 629983.490000	 629575	 630419	
100	 43000	 3.635000e-03	 631576.650000	 631212	 632092	
100	 43100	 3.651130e-03	 633216.640000	 632698	 633564	
100	 43200	 3.651440e-03	 634781.990000	 634397	 635354	
100	 43300	 3.662170e-03	 636411.570000	 636028	 636775	
100	 43400	 3.678530e-03	 638013.430000	 637538	 638359	
100	 43500	 3.677820e-03	 639617.650000	 639226	 640154	
100	 43600	 3.704760e-03	 641242.270000	 640889	 641677	
100	 43700	 3.718320e-03	 642859.640000	 642211	 643387	
100	 43800	 3.716150e-03	 644443.470000	 643984	 645211	
100	 43900	 3.728290e-03	 646097.520000	 645710	 646497	
100	 44000	 3.744490e-03	 647697.850000	 647246	 648151	
100	 44100	 3.754990e-03	 649294.810000	 648836	 649742	
100	 44200	 3.773890e-03	 650924.390000	 650511	 651277	
100	 44300	 3.774810e-03	 652509.310000	 651997	 652916	
100	 44400	 3.790000e-03	 654153.150000	 653685	 654574	
100	 44500	 3.786790e-03	 655799.090000	 655097	 656446	
100	 44600	 3.799400e-03	 657408.890000	 657009	 657779	
100	 44700	 3.812900e-03	 659017.540000	 658412	 659406	
100	 44800	 3.814250e-03	 660663.790000	 660287	 661184	
100	 44900	 3.836110e-03	 662276.100000	 661938	 662696	
100	 45000	 3.843860e-03	 663913.170000	 663323	 664295	
100	 45100	 3.851440e-03	 665487.730000	 665100	 665848	
100	 45200	 3.848440e-03	 667147.650000	 666603	 667769	
100	 45300	 3.858300e-03	 668788.900000	 668419	 669198	
100	 45400	 3.871130e-03	 670368.360000	 669977	 670885	
100	 45500	 3.887670e-03	 672039.900000	 671462	 672352	
100	 45600	 3.884260e-03	 673622.480000	 673233	 674154	
100	 45700	 3.902320e-03	 675309.200000	 674890	 675783	
100	 45800	 3.915280e-03	 676895.300000	 676441	 677279	
100	 45900	 3.918230e-03	 678502.300000	 677937	 678901	
100	 46000	 3.918710e-03	 680187.990000	 679794	 680671	
100	 46100	 3.931640e-03	 681793.990000	 681370	 682101	
100	 46200	 3.962650e-03	 683415.490000	 682983	 683935	
100	 46300	 3.943730e-03	 685050.890000	 684527	 685497	
100	 46400	 3.945620e-03	 686668.360000	 686219	 687056	
100	 46500	 3.960920e-03	 688297.200000	 687873	 688692	
100	 46600	 3.976430e-03	 689969.980000	 689563	 690451	
100	 46700	 3.984830e-03	 691623.500000	 691102	 691984	
100	 46800	 3.977480e-03	 693205.610000	 692843	 693544	
100	 46900	 4.007810e-03	 694890.710000	 694452	 695336	
100	 47000	 4.000190e-03	 696517.200000	 696142	 697034	
100	 47100	 4.014680e-03	 698134.270000	 697699	 698629	
100	 47200	 4.011020e-03	 699768.190000	 699355	 700169	
100	 47300	 4.030120e-03	 701433.740000	 700983	 701880	
100	 47400	 4.033410e-03	 703096.830000	 702683	 703562	
100	 47500	 4.030370e-03	 704722.610000	 704313	 705193	
100	 47600	 4.044040e-03	 706363.860000	 705873	 706813	
100	 47700	 4.052900e-03	 707986.300000	 707585	 708540	
100	 47800	 4.063730e-03	 709637.180000	 709029	 710403	
100	 47900	 4.070210e-03	 711256.720000	 710839	 711667	
100	 48000	 4.070750e-03	 712913.970000	 712467	 713320	
100	 48100	 4.081940e-03	 714558.470000	 714100	 715060	
100	 48200	 4.110900e-03	 716260.250000	 715855	 716707	
100	 48300	 4.107030e-03	 717885.600000	 717363	 718380	
100	 48400	 4.107050e-03	 719504.160000	 719074	 719996	
100	 48500	 4.103780e-03	 721182.010000	 720848	 721559	
100	 48600	 4.121900e-03	 722800.780000	 722311	 723209	
100	 48700	 4.122720e-03	 724482.720000	 724088	 724901	
100	 48800	 4.262260e-03	 726126.910000	 725802	 726498	
100	 48900	 4.155600e-03	 727783.620000	 727241	 728335	
100	 49000	 4.138150e-03	 729467.970000	 728974	 729996	
100	 49100	 4.156620e-03	 731078.100000	 730722	 731465	
100	 49200	 4.164200e-03	 732705.360000	 732162	 733202	
100	 49300	 4.170920e-03	 734385.160000	 733881	 734833	
100	 49400	 4.174310e-03	 735968.790000	 735505	 736411	
100	 49500	 4.210450e-03	 737574.070000	 737197	 738055	
100	 49600	 4.214880e-03	 739207.170000	 738798	 739742	
100	 49700	 4.221600e-03	 740875.700000	 740469	 741277	
100	 49800	 4.240770e-03	 742503.700000	 742141	 743089	
100	 49900	 4.252450e-03	 744115.530000	 743710	 744529	
100	 50000	 4.270790e-03	 745767.290000	 745296	 746219	
100	 50100	 4.300580e-03	 747385.300000	 746962	 747842	
100	 50200	 4.286970e-03	 749064.520000	 748541	 749403	
100	 50300	 4.290000e-03	 750715.140000	 750199	 751256	
100	 50400	 4.295740e-03	 752344.550000	 751866	 752867	
100	 50500	 4.323910e-03	 753986.960000	 753559	 754593	
100	 50600	 4.322140e-03	 755602.550000	 755248	 755994	
100	 50700	 4.342780e-03	 757244.950000	 756737	 757630	
100	 50800	 4.351100e-03	 758889.180000	 758383	 759271	
100	 50900	 4.361800e-03	 760506.880000	 760076	 760911	
100	 51000	 4.355210e-03	 762152.000000	 761702	 762601	
100	 51100	 4.386590e-03	 763829.090000	 763436	 764269	
100	 51200	 4.392990e-03	 765456.030000	 764968	 765869	
100	 51300	 4.401610e-03	 767107.210000	 766527	 767558	
100	 51400	 4.409280e-03	 768741.080000	 768337	 769238	
100	 51500	 4.411940e-03	 770372.600000	 769877	 770826	
100	 51600	 4.420150e-03	 772009.020000	 771496	 772487	
100	 51700	 4.439690e-03	 773669.870000	 773235	 774074	
100	 51800	 4.439910e-03	 775308.740000	 774924	 775766	
100	 51900	 4.460280e-03	 776950.930000	 776446	 777403	
100	 52000	 4.481400e-03	 778668.340000	 778247	 779215	
100	 52100	 4.463950e-03	 780288.390000	 779921	 780679	
100	 52200	 4.475430e-03	 781915.320000	 781535	 782389	
100	 52300	 4.492820e-03	 783593.740000	 783115	 784094	
100	 52400	 4.506200e-03	 785241.660000	 784803	 785726	
100	 52500	 4.508490e-03	 786881.350000	 786326	 787239	
100	 52600	 4.508160e-03	 788553.870000	 788091	 788981	
100	 52700	 4.520910e-03	 790188.460000	 789554	 790660	
100	 52800	 4.523790e-03	 791833.290000	 791372	 792340	
100	 52900	 4.534100e-03	 793499.920000	 793041	 794075	
100	 53000	 4.551860e-03	 795140.930000	 794728	 795599	
100	 53100	 4.580320e-03	 796804.110000	 796362	 797333	
100	 53200	 4.572170e-03	 798457.240000	 798047	 799088	
100	 53300	 4.579150e-03	 800074.150000	 799654	 800554	
100	 53400	 4.580090e-03	 801777.020000	 801344	 802276	
100	 53500	 4.595000e-03	 803436.730000	 802878	 803867	
100	 53600	 4.599180e-03	 805127.870000	 804729	 805645	
100	 53700	 4.639400e-03	 806773.760000	 806213	 807258	
100	 53800	 4.625810e-03	 808394.310000	 807778	 808982	
100	 53900	 4.639900e-03	 810071.990000	 809583	 810647	
100	 54000	 4.652130e-03	 811754.600000	 811293	 812370	
100	 54100	 4.660140e-03	 813389.540000	 812791	 813822	
100	 54200	 4.669670e-03	 815052.980000	 814564	 815534	
100	 54300	 4.686810e-03	 816695.810000	 816117	 817229	
100	 54400	 4.679720e-03	 818381.930000	 817925	 818876	
100	 54500	 4.693880e-03	 820056.440000	 819509	 820576	
100	 54600	 4.712060e-03	 821704.880000	 821275	 822284	
100	 54700	 4.716310e-03	 823420.770000	 823036	 823992	
100	 54800	 4.738680e-03	 825020.850000	 824498	 825767	
100	 54900	 4.744740e-03	 826735.100000	 826169	 827255	
100	 55000	 4.751080e-03	 828390.260000	 827799	 828863	
100	 55100	 4.753750e-03	 830063.300000	 829614	 830481	
100	 55200	 4.757620e-03	 831740.090000	 831338	 832348	
100	 55300	 4.774850e-03	 833363.050000	 832972	 833849	
100	 55400	 4.794600e-03	 835061.590000	 834613	 835464	
100	 55500	 4.789630e-03	 836762.700000	 836396	 837209	
100	 55600	 4.794820e-03	 838410.130000	 837959	 838891	
100	 55700	 4.796450e-03	 840072.410000	 839609	 840619	
100	 55800	 4.806370e-03	 841791.770000	 841146	 842399	
100	 55900	 4.826230e-03	 843431.890000	 842977	 843908	
100	 56000	 4.829760e-03	 845103.180000	 844660	 845536	
100	 56100	 4.823610e-03	 846800.110000	 846234	 847160	
100	 56200	 4.835160e-03	 848486.830000	 847882	 848923	
100	 56300	 4.832310e-03	 850124.830000	 849424	 850699	
100	 56400	 4.837550e-03	 851796.490000	 851283	 852219	
100	 56500	 4.868500e-03	 853516.100000	 852880	 853896	
100	 56600	 4.861700e-03	 855191.510000	 854635	 855732	
100	 56700	 4.865720e-03	 856865.790000	 856375	 857348	
100	 56800	 4.873730e-03	 858511.150000	 857988	 858917	
100	 56900	 4.881630e-03	 860196.390000	 859601	 860689	
100	 57000	 4.891440e-03	 861912.010000	 861493	 862457	
100	 57100	 4.903320e-03	 863564.570000	 863221	 864113	
100	 57200	 4.901070e-03	 865237.230000	 864791	 865730	
100	 57300	 4.894320e-03	 866953.830000	 866244	 867486	
100	 57400	 4.912270e-03	 868624.200000	 868185	 869174	
100	 57500	 4.917860e-03	 870278.410000	 869850	 870770	
100	 57600	 4.944390e-03	 871977.100000	 871495	 872364	
100	 57700	 4.947450e-03	 873679.280000	 873179	 874162	
100	 57800	 4.957400e-03	 875356.190000	 874775	 875910	
100	 57900	 4.966990e-03	 877018.810000	 876549	 877476	
100	 58000	 4.982380e-03	 878658.980000	 878258	 879176	
100	 58100	 5.012090e-03	 880376.940000	 879820	 880851	
100	 58200	 5.000260e-03	 882091.300000	 881649	 882515	
100	 58300	 5.008610e-03	 883748.350000	 883257	 884122	
100	 58400	 5.029290e-03	 885434.530000	 884984	 885823	
100	 58500	 5.037370e-03	 887113.400000	 886630	 887848	
100	 58600	 5.046650e-03	 888796.530000	 888287	 889247	
100	 58700	 5.067200e-03	 890519.790000	 890128	 890870	
100	 58800	 5.068680e-03	 892165.100000	 891725	 892548	
100	 58900	 5.079460e-03	 893899.620000	 893499	 894380	
100	 59000	 5.084670e-03	 895574.580000	 895041	 896074	
100	 59100	 5.094190e-03	 897218.880000	 896701	 897868	
100	 59200	 5.133950e-03	 898940.750000	 898523	 899498	
100	 59300	 5.118990e-03	 900611.330000	 900089	 900993	
100	 59400	 5.122660e-03	 902304.460000	 901872	 902747	
100	 59500	 5.136970e-03	 904008.440000	 903655	 904468	
100	 59600	 5.151110e-03	 905735.190000	 905167	 906279	
100	 59700	 5.185640e-03	 907396.260000	 906926	 907965	
100	 59800	 5.188900e-03	 909087.470000	 908685	 909564	
100	 59900	 5.186360e-03	 910761.180000	 910116	 911323	
100	 60000	 5.200240e-03	 912481.080000	 911977	 912962	
100	 60100	 5.210900e-03	 914161.200000	 913677	 914610	
100	 60200	 5.234290e-03	 915862.340000	 915302	 916306	
100	 60300	 5.227030e-03	 917573.340000	 917102	 918185	
100	 60400	 5.241860e-03	 919277.740000	 918834	 919745	
100	 60500	 5.253330e-03	 920939.940000	 920452	 921378	
100	 60600	 5.259690e-03	 922625.560000	 922184	 923126	
100	 60700	 5.285800e-03	 924341.660000	 923710	 924864	
100	 60800	 5.277310e-03	 926047.060000	 925631	 926522	
100	 60900	 5.295350e-03	 927766.390000	 927265	 928253	
100	 61000	 5.306840e-03	 929444.390000	 929007	 929879	
100	 61100	 5.339640e-03	 931150.030000	 930764	 931577	
100	 61200	 5.343710e-03	 932864.080000	 932391	 933424	
100	 61300	 5.337380e-03	 934577.930000	 934121	 935009	
100	 61400	 5.339780e-03	 936221.270000	 935732	 936720	
100	 61500	 5.367320e-03	 937970.400000	 937505	 938465	
100	 61600	 5.356030e-03	 939660.700000	 939172	 940085	
100	 61700	 5.382990e-03	 941315.830000	 940860	 941823	
100	 61800	 5.387680e-03	 943043.700000	 942718	 943521	
100	 61900	 5.392800e-03	 944809.590000	 944286	 945272	
100	 62000	 5.397800e-03	 946462.680000	 946067	 946892	
100	 62100	 5.403730e-03	 948178.280000	 947834	 948751	
100	 62200	 5.435810e-03	 949831.370000	 949415	 950377	
100	 62300	 5.442140e-03	 951588.350000	 951150	 952148	
100	 62400	 5.427150e-03	 953263.730000	 952753	 953661	
100	 62500	 5.429110e-03	 954966.080000	 954346	 955384	
100	 62600	 5.446180e-03	 956729.830000	 956219	 957235	
100	 62700	 5.480010e-03	 958464.780000	 958012	 958879	
100	 62800	 5.458730e-03	 960150.870000	 959665	 960858	
100	 62900	 5.463210e-03	 961881.980000	 961377	 962459	
100	 63000	 5.471790e-03	 963571.870000	 963094	 964059	
100	 63100	 5.485050e-03	 965292.490000	 964924	 965724	
100	 63200	 5.509050e-03	 966968.940000	 966379	 967346	
100	 63300	 5.501440e-03	 968705.380000	 968205	 969209	
100	 63400	 5.507550e-03	 970446.150000	 970048	 971134	
100	 63500	 5.515530e-03	 972105.310000	 971670	 972794	
100	 63600	 5.519410e-03	 973832.690000	 973423	 974305	
100	 63700	 5.553160e-03	 975551.950000	 975052	 976011	
100	 63800	 5.541910e-03	 977270.490000	 976810	 977943	
100	 63900	 5.544660e-03	 978980.880000	 978537	 979366	
100	 64000	 5.551170e-03	 980731.720000	 980191	 981266	
100	 64100	 5.553770e-03	 982425.860000	 981895	 982859	
100	 64200	 5.578890e-03	 984159.780000	 983431	 984638	
100	 64300	 5.573060e-03	 985836.920000	 985367	 986362	
100	 64400	 5.580600e-03	 987600.930000	 987127	 988046	
100	 64500	 5.584800e-03	 989319.760000	 988871	 989914	
100	 64600	 5.598960e-03	 991014.560000	 990349	 991418	
100	 64700	 5.597100e-03	 992728.200000	 992143	 993246	
100	 64800	 5.604510e-03	 994464.210000	 993950	 994842	
100	 64900	 5.612330e-03	 996197.650000	 995716	 996707	
100	 65000	 5.624650e-03	 997922.800000	 997504	 998431	
100	 65100	 5.639820e-03	 999632.910000	 999081	 1000262	
100	 65200	 5.631400e-03	 1001372.940000	 1000730	 1001776	
100	 65300	 5.632220e-03	 1003050.410000	 1002628	 1003642	
100	 65400	 5.640040e-03	 1004848.420000	 1004452	 1005368	
100	 65500	 5.652470e-03	 1006564.250000	 1005972	 1007139	
100	 65600	 5.675270e-03	 1008161.270000	 1007699	 1008541	
100	 65700	 5.673660e-03	 1009790.430000	 1009353	 1010203	
100	 65800	 5.698940e-03	 1011419.640000	 1010919	 1011769	
100	 65900	 5.707430e-03	 1013071.530000	 1012695	 1013513	
100	 66000	 5.731080e-03	 1014696.130000	 1014239	 1015188	
100	 66100	 5.763200e-03	 1016321.190000	 1015846	 1016776	
100	 66200	 5.772550e-03	 1017922.080000	 1017371	 1018324	
100	 66300	 5.777400e-03	 1019569.420000	 1019047	 1019894	
100	 66400	 5.791460e-03	 1021206.690000	 1020712	 1021888	
100	 66500	 5.829490e-03	 1022848.190000	 1022325	 1023520	
100	 66600	 5.820940e-03	 1024458.640000	 1023860	 1024876	
100	 66700	 5.838580e-03	 1026086.420000	 1025469	 1026506	
100	 66800	 5.854630e-03	 1027719.720000	 1027167	 1028263	
100	 66900	 5.861680e-03	 1029346.920000	 1028935	 1029908	
100	 67000	 5.884930e-03	 1030939.580000	 1030431	 1031459	
100	 67100	 5.882090e-03	 1032635.100000	 1032134	 1033238	
100	 67200	 5.886380e-03	 1034283.800000	 1033606	 1034831	
100	 67300	 5.899450e-03	 1035895.590000	 1035202	 1036407	
100	 67400	 5.921620e-03	 1037552.830000	 1037071	 1038048	
100	 67500	 5.906360e-03	 1039153.800000	 1038768	 1039575	
100	 67600	 5.915330e-03	 1040779.010000	 1040377	 1041204	
100	 67700	 5.923960e-03	 1042419.320000	 1041911	 1043054	
100	 67800	 5.939020e-03	 1044051.430000	 1043443	 1044628	
100	 67900	 5.944670e-03	 1045684.740000	 1045201	 1046099	
100	 68000	 5.953020e-03	 1047333.590000	 1046809	 1047906	
100	 68100	 5.972740e-03	 1048966.450000	 1048430	 1049496	
100	 68200	 5.962650e-03	 1050651.410000	 1050061	 1051438	
100	 68300	 5.994750e-03	 1052209.970000	 1051777	 1052708	
100	 68400	 5.981460e-03	 1053896.470000	 1053279	 1054477	
100	 68500	 5.993940e-03	 1055501.640000	 1054854	 1056000	
100	 68600	 6.010660e-03	 1057182.870000	 1056748	 1057662	
100	 68700	 6.002710e-03	 1058819.680000	 1058193	 1059287	
100	 68800	 6.062920e-03	 1060457.590000	 1059901	 1060984	
100	 68900	 6.025770e-03	 1062071.900000	 1061539	 1062547	
100	 69000	 6.036290e-03	 1063717.000000	 1063245	 1064320	
100	 69100	 6.037840e-03	 1065372.780000	 1065017	 1065868	
100	 69200	 6.073800e-03	 1067011.340000	 1066540	 1067551	
100	 69300	 6.060950e-03	 1068653.670000	 1068260	 1069079	
100	 69400	 6.083830e-03	 1070329.440000	 1069809	 1070840	
100	 69500	 6.096290e-03	 1071958.230000	 1071493	 1072382	
100	 69600	 6.106540e-03	 1073603.420000	 1073220	 1074016	
100	 69700	 6.129050e-03	 1075219.440000	 1074568	 1075753	
100	 69800	 6.134970e-03	 1076913.540000	 1076366	 1077434	
100	 69900	 6.145550e-03	 1078527.400000	 1078133	 1079181	
100	 70000	 6.159300e-03	 1080209.500000	 1079744	 1080723	
100	 70100	 6.181520e-03	 1081851.000000	 1081366	 1082417	
100	 70200	 6.184590e-03	 1083484.260000	 1082855	 1084105	
100	 70300	 6.189160e-03	 1085149.990000	 1084611	 1085647	
100	 70400	 6.200750e-03	 1086812.740000	 1086234	 1087348	
100	 70500	 6.214980e-03	 1088401.970000	 1087796	 1089078	
100	 70600	 6.211500e-03	 1090060.200000	 1089412	 1090508	
100	 70700	 6.233160e-03	 1091763.590000	 1091329	 1092533	
100	 70800	 6.232010e-03	 1093388.580000	 1092817	 1094013	
100	 70900	 6.246440e-03	 1095027.530000	 1094260	 1095498	
100	 71000	 6.267720e-03	 1096691.280000	 1095898	 1097287	
100	 71100	 6.255200e-03	 1098348.250000	 1097744	 1098914	
100	 71200	 6.274930e-03	 1100004.870000	 1099494	 1100575	
100	 71300	 6.276260e-03	 1101672.250000	 1101258	 1102289	
100	 71400	 6.301250e-03	 1103335.030000	 1102848	 1104072	
100	 71500	 6.304500e-03	 1104949.220000	 1104392	 1105415	
100	 71600	 6.307050e-03	 1106651.340000	 1106063	 1107159	
100	 71700	 6.320040e-03	 1108272.040000	 1107677	 1108992	
100	 71800	 6.346490e-03	 1109941.980000	 1109229	 1110593	
100	 71900	 6.363380e-03	 1111606.960000	 1110960	 1112222	
100	 72000	 6.328410e-03	 1113253.800000	 1112537	 1113768	
100	 72100	 6.350690e-03	 1114887.450000	 1114439	 1115362	
100	 72200	 6.365260e-03	 1116576.600000	 1116045	 1117089	
100	 72300	 6.361590e-03	 1118179.180000	 1117618	 1118757	
100	 72400	 6.372430e-03	 1119916.290000	 1119435	 1120402	
100	 72500	 6.377380e-03	 1121549.310000	 1120840	 1122121	
100	 72600	 6.404190e-03	 1123221.190000	 1122763	 1123724	
100	 72700	 6.391960e-03	 1124859.060000	 1124145	 1125372	
100	 72800	 6.403110e-03	 1126571.050000	 1125986	 1126969	
100	 72900	 6.407570e-03	 1128186.680000	 1127650	 1128873	
100	 73000	 6.406720e-03	 1129876.590000	 1129410	 1130369	
100	 73100	 6.413120e-03	 1131499.870000	 1130956	 1132113	
100	 73200	 6.422010e-03	 1133188.890000	 1132579	 1133777	
100	 73300	 6.433790e-03	 1134915.940000	 1134318	 1135354	
100	 73400	 6.438600e-03	 1136510.320000	 1135892	 1137049	
100	 73500	 6.467460e-03	 1138205.390000	 1137694	 1138779	
100	 73600	 6.442840e-03	 1139862.620000	 1139349	 1140400	
100	 73700	 6.459300e-03	 1141521.540000	 1140847	 1141970	
100	 73800	 6.503390e-03	 1143152.160000	 1142475	 1143762	
100	 73900	 6.490740e-03	 1144870.200000	 1144301	 1145309	
100	 74000	 6.490190e-03	 1146467.240000	 1145921	 1146972	
100	 74100	 6.505930e-03	 1148171.380000	 1147681	 1148824	
100	 74200	 6.515410e-03	 1149817.570000	 1149176	 1150393	
100	 74300	 6.548450e-03	 1151507.500000	 1150871	 1152027	
100	 74400	 6.543970e-03	 1153151.160000	 1152496	 1153605	
100	 74500	 6.555800e-03	 1154829.430000	 1154320	 1155268	
100	 74600	 6.566550e-03	 1156554.740000	 1155994	 1157052	
100	 74700	 6.596480e-03	 1158167.760000	 1157486	 1158600	
100	 74800	 6.603290e-03	 1159787.940000	 1159214	 1160324	
100	 74900	 6.597140e-03	 1161508.960000	 1161002	 1161941	
100	 75000	 6.602830e-03	 1163148.490000	 1162603	 1163644	
100	 75100	 6.640110e-03	 1164839.220000	 1164302	 1165384	
100	 75200	 6.641780e-03	 1166464.990000	 1165751	 1166999	
100	 75300	 6.647680e-03	 1168209.350000	 1167658	 1168739	
100	 75400	 6.650200e-03	 1169897.580000	 1169196	 1170355	
100	 75500	 6.685890e-03	 1171533.640000	 1171049	 1172064	
100	 75600	 6.681490e-03	 1173222.280000	 1172669	 1173788	
100	 75700	 6.682410e-03	 1174926.650000	 1174281	 1175638	
100	 75800	 6.702360e-03	 1176528.740000	 1176066	 1177106	
100	 75900	 6.727090e-03	 1178218.390000	 1177741	 1178682	
100	 76000	 6.722480e-03	 1179875.730000	 1179266	 1180404	
100	 76100	 6.724150e-03	 1181592.020000	 1180993	 1182042	
100	 76200	 6.750340e-03	 1183289.710000	 1182810	 1183856	
100	 76300	 6.758510e-03	 1184921.430000	 1184335	 1185496	
100	 76400	 6.764910e-03	 1186561.470000	 1185964	 1187079	
100	 76500	 6.789040e-03	 1188293.430000	 1187815	 1188860	
100	 76600	 6.774130e-03	 1189946.670000	 1189285	 1190536	
100	 76700	 6.800050e-03	 1191644.410000	 1191185	 1192259	
100	 76800	 6.796610e-03	 1193277.210000	 1192805	 1193874	
100	 76900	 6.811610e-03	 1194962.590000	 1194408	 1195633	
100	 77000	 6.813290e-03	 1196639.630000	 1196082	 1197318	
100	 77100	 6.841530e-03	 1198354.360000	 1197819	 1199176	
100	 77200	 6.820940e-03	 1200019.560000	 1199303	 1200529	
100	 77300	 6.833080e-03	 1201665.510000	 1201077	 1202253	
100	 77400	 6.835590e-03	 1203388.030000	 1202935	 1204089	
100	 77500	 6.883850e-03	 1205092.800000	 1204379	 1205672	
100	 77600	 6.859630e-03	 1206730.030000	 1206060	 1207227	
100	 77700	 6.864430e-03	 1208452.920000	 1207804	 1208969	
100	 77800	 6.886130e-03	 1210105.830000	 1209688	 1210761	
100	 77900	 6.896260e-03	 1211798.370000	 1210953	 1212392	
100	 78000	 6.899060e-03	 1213493.860000	 1212867	 1214111	
100	 78100	 6.903270e-03	 1215149.160000	 1214663	 1215869	
100	 78200	 6.911330e-03	 1216872.290000	 1216283	 1217363	
100	 78300	 6.916140e-03	 1218568.460000	 1218079	 1219015	
100	 78400	 6.923000e-03	 1220221.370000	 1219617	 1220793	
100	 78500	 6.944060e-03	 1221886.610000	 1221275	 1222684	
100	 78600	 6.947920e-03	 1223589.570000	 1222886	 1224285	
100	 78700	 6.946730e-03	 1225284.380000	 1224638	 1225778	
100	 78800	 6.965850e-03	 1226971.220000	 1226456	 1227518	
100	 78900	 6.975810e-03	 1228643.710000	 1227965	 1229329	
100	 79000	 6.995190e-03	 1230320.550000	 1229841	 1230796	
100	 79100	 6.989440e-03	 1232012.740000	 1231489	 1232465	
100	 79200	 6.989900e-03	 1233714.870000	 1233238	 1234233	
100	 79300	 6.994250e-03	 1235390.520000	 1234732	 1235978	
100	 79400	 7.024390e-03	 1237123.300000	 1236492	 1237776	
100	 79500	 7.005810e-03	 1238809.830000	 1238225	 1239365	
100	 79600	 7.028930e-03	 1240458.870000	 1239886	 1240971	
100	 79700	 7.035270e-03	 1242151.780000	 1241482	 1242575	
100	 79800	 7.049350e-03	 1243845.910000	 1243329	 1244240	
100	 79900	 7.044740e-03	 1245526.000000	 1245063	 1245999	
100	 80000	 7.049230e-03	 1247239.220000	 1246667	 1247904	
100	 80100	 7.064930e-03	 1248951.930000	 1248411	 1249464	
100	 80200	 7.059050e-03	 1250645.890000	 1250087	 1251156	
100	 80300	 7.070150e-03	 1252344.070000	 1251752	 1252977	
100	 80400	 7.082950e-03	 1254011.420000	 1253331	 1254544	
100	 80500	 7.100250e-03	 1255680.170000	 1255261	 1256328	
100	 80600	 7.096180e-03	 1257373.350000	 1256753	 1257930	
100	 80700	 7.102850e-03	 1259116.020000	 1258548	 1259582	
100	 80800	 7.104780e-03	 1260808.240000	 1260037	 1261437	
100	 80900	 7.137520e-03	 1262495.190000	 1261896	 1262958	
100	 81000	 7.128990e-03	 1264191.460000	 1263780	 1264755	
100	 81100	 7.128030e-03	 1265885.020000	 1265230	 1266479	
100	 81200	 7.130440e-03	 1267598.700000	 1266943	 1268591	
100	 81300	 7.160180e-03	 1269284.800000	 1268545	 1269778	
100	 81400	 7.146930e-03	 1270980.620000	 1270356	 1271599	
100	 81500	 7.150490e-03	 1272712.470000	 1272196	 1273142	
100	 81600	 7.175960e-03	 1274387.500000	 1273854	 1274959	
100	 81700	 7.164760e-03	 1276085.300000	 1275572	 1276573	
100	 81800	 7.171480e-03	 1277762.730000	 1277072	 1278220	
100	 81900	 7.184170e-03	 1279502.720000	 1278544	 1280178	
100	 82000	 7.210070e-03	 1281138.230000	 1280614	 1281955	
100	 82100	 7.206110e-03	 1282872.310000	 1282275	 1283533	
100	 82200	 7.218730e-03	 1284608.050000	 1283934	 1285230	
100	 82300	 7.226550e-03	 1286305.520000	 1285692	 1286852	
100	 82400	 7.265830e-03	 1287927.610000	 1287459	 1288755	
100	 82500	 7.257910e-03	 1289582.700000	 1289121	 1290239	
100	 82600	 7.261110e-03	 1291337.540000	 1290842	 1291840	
100	 82700	 7.286520e-03	 1293024.370000	 1292429	 1293616	
100	 82800	 7.309380e-03	 1294695.070000	 1294004	 1295220	
100	 82900	 7.307440e-03	 1296426.410000	 1295838	 1297044	
100	 83000	 7.318150e-03	 1298151.220000	 1297542	 1298799	
100	 83100	 7.337430e-03	 1299799.130000	 1298945	 1300317	
100	 83200	 7.342830e-03	 1301519.150000	 1300847	 1302182	
100	 83300	 7.359630e-03	 1303194.070000	 1302676	 1303780	
100	 83400	 7.376950e-03	 1304945.090000	 1304216	 1305545	
100	 83500	 7.404680e-03	 1306572.810000	 1306000	 1307116	
100	 83600	 7.399450e-03	 1308239.660000	 1307549	 1308794	
100	 83700	 7.401440e-03	 1309995.850000	 1309358	 1310668	
100	 83800	 7.422890e-03	 1311684.540000	 1310855	 1312185	
100	 83900	 7.426810e-03	 1313396.500000	 1312823	 1314057	
100	 84000	 7.450430e-03	 1315110.480000	 1314465	 1315680	
100	 84100	 7.436740e-03	 1316738.670000	 1315992	 1317453	
100	 84200	 7.475510e-03	 1318459.130000	 1317892	 1319176	
100	 84300	 7.468520e-03	 1320167.680000	 1319663	 1320959	
100	 84400	 7.476400e-03	 1321852.350000	 1321096	 1322428	
100	 84500	 7.493110e-03	 1323504.640000	 1322899	 1324110	
100	 84600	 7.519760e-03	 1325292.100000	 1324719	 1326057	
100	 84700	 7.516810e-03	 1326995.930000	 1326509	 1327573	
100	 84800	 7.516120e-03	 1328728.160000	 1328215	 1329518	
100	 84900	 7.549510e-03	 1330406.120000	 1329864	 1330896	
100	 85000	 7.542700e-03	 1332092.320000	 1331532	 1332711	
100	 85100	 7.551680e-03	 1333844.060000	 1333108	 1334701	
100	 85200	 7.567540e-03	 1335485.970000	 1334991	 1335999	
100	 85300	 7.586740e-03	 1337234.640000	 1336469	 1337743	
100	 85400	 7.582070e-03	 1338858.890000	 1338308	 1339607	
100	 85500	 7.585960e-03	 1340642.680000	 1340096	 1341268	
100	 85600	 7.615310e-03	 1342339.490000	 1341656	 1342922	
100	 85700	 7.611500e-03	 1344018.990000	 1343383	 1344527	
100	 85800	 7.633640e-03	 1345694.060000	 1345205	 1346339	
100	 85900	 7.644480e-03	 1347460.290000	 1346784	 1348077	
100	 86000	 7.645080e-03	 1349177.260000	 1348474	 1350026	
100	 86100	 7.654190e-03	 1350873.090000	 1350257	 1351542	
100	 86200	 7.652210e-03	 1352540.860000	 1351938	 1353170	
100	 86300	 7.695670e-03	 1354286.850000	 1353764	 1354893	
100	 86400	 7.672140e-03	 1355976.460000	 1355205	 1356491	
100	 86500	 7.683300e-03	 1357675.800000	 1357158	 1358217	
100	 86600	 7.701690e-03	 1359409.550000	 1358839	 1360161	
100	 86700	 7.718660e-03	 1361132.480000	 1360615	 1361676	
100	 86800	 7.725370e-03	 1362824.390000	 1362253	 1363264	
100	 86900	 7.729720e-03	 1364510.570000	 1363807	 1365080	
100	 87000	 7.784730e-03	 1366255.740000	 1365513	 1366853	
100	 87100	 7.753940e-03	 1367945.380000	 1367237	 1368589	
100	 87200	 7.764840e-03	 1369735.470000	 1369214	 1370720	
100	 87300	 7.762500e-03	 1371343.440000	 1370723	 1371934	
100	 87400	 7.790560e-03	 1373098.930000	 1372439	 1373785	
100	 87500	 7.791930e-03	 1374808.270000	 1374173	 1375396	
100	 87600	 7.797450e-03	 1376475.540000	 1375683	 1377007	
100	 87700	 7.828790e-03	 1378260.770000	 1377709	 1378699	
100	 87800	 7.826950e-03	 1379960.960000	 1379557	 1380531	
100	 87900	 7.838600e-03	 1381687.670000	 1381031	 1382205	
100	 88000	 7.853190e-03	 1383412.310000	 1382719	 1384000	
100	 88100	 7.872640e-03	 1385143.130000	 1384474	 1385710	
100	 88200	 7.876700e-03	 1386843.320000	 1386189	 1387299	
100	 88300	 7.878350e-03	 1388526.690000	 1387919	 1389260	
100	 88400	 7.874760e-03	 1390244.680000	 1389444	 1390959	
100	 88500	 7.883450e-03	 1391974.840000	 1391092	 1392558	
100	 88600	 7.919010e-03	 1393711.690000	 1392807	 1394307	
100	 88700	 8.530540e-03	 1395434.660000	 1394830	 1395983	
100	 88800	 8.858020e-03	 1397185.400000	 1396451	 1397770	
100	 88900	 8.835190e-03	 1398813.250000	 1398193	 1399672	
100	 89000	 8.694470e-03	 1400583.010000	 1400051	 1401301	
100	 89100	 8.756060e-03	 1402299.350000	 1401750	 1402847	
100	 89200	 8.532560e-03	 1404027.930000	 1403290	 1404753	
100	 89300	 8.214520e-03	 1405729.980000	 1405295	 1406297	
100	 89400	 8.336790e-03	 1407482.640000	 1406804	 1407928	
100	 89500	 8.128610e-03	 1409146.020000	 1408425	 1409737	
100	 89600	 8.424050e-03	 1410933.150000	 1410395	 1411572	
100	 89700	 8.957350e-03	 1412633.990000	 1411982	 1413281	
100	 89800	 8.619930e-03	 1414365.040000	 1413811	 1414901	
100	 89900	 8.833950e-03	 1416083.420000	 1415445	 1416625	
100	 90000	 8.748530e-03	 1417757.570000	 1416907	 1418427	
100	 90100	 8.408910e-03	 1419545.180000	 1418977	 1420233	
100	 90200	 8.156400e-03	 1421224.990000	 1420627	 1421800	
100	 90300	 8.189580e-03	 1423017.140000	 1422339	 1423652	
100	 90400	 8.418730e-03	 1424698.370000	 1423858	 1425408	
100	 90500	 8.332640e-03	 1426426.180000	 1425639	 1427000	
100	 90600	 8.256380e-03	 1428109.810000	 1427521	 1428759	
100	 90700	 8.258530e-03	 1429863.270000	 1428995	 1430765	
100	 90800	 8.219540e-03	 1431609.150000	 1431012	 1432331	
100	 90900	 8.188400e-03	 1433288.300000	 1432650	 1434048	
100	 91000	 8.179310e-03	 1435047.130000	 1434128	 1435792	
100	 91100	 8.179120e-03	 1436732.650000	 1436016	 1437326	
100	 91200	 8.224230e-03	 1438482.740000	 1437712	 1438949	
100	 91300	 8.223220e-03	 1440212.650000	 1439813	 1441111	
100	 91400	 8.238160e-03	 1441942.400000	 1441287	 1442596	
100	 91500	 8.243780e-03	 1443659.240000	 1443004	 1444254	
100	 91600	 8.244740e-03	 1445410.470000	 1444832	 1446062	
100	 91700	 8.245440e-03	 1447160.150000	 1446544	 1447691	
100	 91800	 8.249060e-03	 1448890.240000	 1448453	 1449394	
100	 91900	 8.275440e-03	 1450593.460000	 1450014	 1451181	
100	 92000	 8.290110e-03	 1452319.460000	 1451569	 1452960	
100	 92100	 8.282890e-03	 1454064.560000	 1453523	 1454851	
100	 92200	 8.299450e-03	 1455800.290000	 1455092	 1456323	
100	 92300	 8.313520e-03	 1457482.160000	 1456729	 1458129	
100	 92400	 8.313010e-03	 1459268.990000	 1458497	 1459886	
100	 92500	 8.297840e-03	 1460999.130000	 1460414	 1461590	
100	 92600	 8.337320e-03	 1462737.560000	 1461785	 1463552	
100	 92700	 8.331130e-03	 1464525.400000	 1463985	 1465017	
100	 92800	 8.347150e-03	 1466217.550000	 1465591	 1467045	
100	 92900	 8.370820e-03	 1467934.730000	 1467277	 1468621	
100	 93000	 8.357760e-03	 1469644.410000	 1469023	 1470287	
100	 93100	 8.363040e-03	 1471442.170000	 1470880	 1472194	
100	 93200	 8.392010e-03	 1473141.150000	 1472493	 1473694	
100	 93300	 8.397730e-03	 1474870.800000	 1474275	 1475575	
100	 93400	 8.383800e-03	 1476599.890000	 1475940	 1477291	
100	 93500	 8.413350e-03	 1478333.770000	 1477797	 1478940	
100	 93600	 8.418710e-03	 1480067.120000	 1479575	 1480648	
100	 93700	 8.411450e-03	 1481761.520000	 1481158	 1482528	
100	 93800	 8.436290e-03	 1483559.700000	 1483027	 1484205	
100	 93900	 8.442880e-03	 1485309.410000	 1484712	 1485913	
100	 94000	 8.457770e-03	 1486978.690000	 1486459	 1487621	
100	 94100	 8.440950e-03	 1488752.970000	 1488094	 1489533	
100	 94200	 8.427430e-03	 1490499.120000	 1489865	 1491040	
100	 94300	 8.451360e-03	 1492261.270000	 1491582	 1492775	
100	 94400	 8.444890e-03	 1493941.400000	 1493221	 1494503	
100	 94500	 8.478280e-03	 1495742.060000	 1495141	 1496541	
100	 94600	 8.475740e-03	 1497428.730000	 1496882	 1497971	
100	 94700	 8.472380e-03	 1499160.910000	 1498354	 1499870	
100	 94800	 8.519040e-03	 1500939.350000	 1500325	 1501605	
100	 94900	 8.508070e-03	 1502621.320000	 1502176	 1503303	
100	 95000	 8.536500e-03	 1504373.760000	 1503905	 1504863	
100	 95100	 8.544610e-03	 1506141.890000	 1505398	 1507023	
100	 95200	 8.538160e-03	 1507902.630000	 1507352	 1508571	
100	 95300	 8.547030e-03	 1509616.410000	 1508948	 1510162	
100	 95400	 8.563960e-03	 1511370.460000	 1510913	 1512008	
100	 95500	 8.571150e-03	 1513114.610000	 1512423	 1513913	
100	 95600	 8.550970e-03	 1514891.220000	 1514277	 1515473	
100	 95700	 8.580110e-03	 1516590.290000	 1515953	 1517209	
100	 95800	 8.581720e-03	 1518389.020000	 1517697	 1519023	
100	 95900	 8.578240e-03	 1520117.940000	 1519575	 1520868	
100	 96000	 8.609750e-03	 1521868.040000	 1521243	 1522682	
100	 96100	 8.599880e-03	 1523575.960000	 1523029	 1524205	
100	 96200	 8.610620e-03	 1525355.250000	 1524427	 1526116	
100	 96300	 8.667520e-03	 1527095.420000	 1526393	 1527768	
100	 96400	 8.627880e-03	 1528805.850000	 1528081	 1529409	
100	 96500	 8.636380e-03	 1530565.390000	 1530027	 1531205	
100	 96600	 8.671790e-03	 1532330.560000	 1531619	 1533005	
100	 96700	 8.657170e-03	 1534065.510000	 1533346	 1534491	
100	 96800	 8.696770e-03	 1535841.040000	 1534969	 1536423	
100	 96900	 8.678380e-03	 1537603.830000	 1536851	 1538163	
100	 97000	 8.686990e-03	 1539338.250000	 1538814	 1540039	
100	 97100	 8.693150e-03	 1541095.570000	 1540538	 1541839	
100	 97200	 8.681800e-03	 1542867.010000	 1542185	 1543509	
100	 97300	 8.702660e-03	 1544570.850000	 1544042	 1545339	
100	 97400	 8.719610e-03	 1546311.730000	 1545791	 1546956	
100	 97500	 8.699610e-03	 1548067.560000	 1547551	 1548769	
100	 97600	 8.710530e-03	 1549838.180000	 1549258	 1550497	
100	 97700	 8.730590e-03	 1551566.670000	 1550941	 1552116	
100	 97800	 8.702230e-03	 1553319.540000	 1552665	 1553957	
100	 97900	 8.741340e-03	 1555079.400000	 1554414	 1556052	
100	 98000	 8.748470e-03	 1556808.630000	 1556262	 1557349	
100	 98100	 8.710460e-03	 1558657.190000	 1557959	 1559336	
100	 98200	 8.764850e-03	 1560388.550000	 1559646	 1560933	
100	 98300	 8.794590e-03	 1562098.050000	 1561418	 1562579	
100	 98400	 8.756220e-03	 1563865.630000	 1563326	 1564575	
100	 98500	 8.825770e-03	 1565573.070000	 1564961	 1566262	
100	 98600	 8.834710e-03	 1567305.690000	 1566687	 1567916	
100	 98700	 8.827270e-03	 1569047.410000	 1568500	 1569695	
100	 98800	 8.872470e-03	 1570753.270000	 1570109	 1571342	
100	 98900	 8.866210e-03	 1572460.380000	 1571827	 1573128	
100	 99000	 8.870140e-03	 1574223.430000	 1573648	 1574804	
100	 99100	 8.913030e-03	 1575945.580000	 1575308	 1576744	
100	 99200	 8.901100e-03	 1577693.860000	 1576937	 1578568	
100	 99300	 8.878920e-03	 1579387.330000	 1578685	 1580003	
100	 99400	 8.946980e-03	 1581141.340000	 1580653	 1581879	
100	 99500	 8.913110e-03	 1582843.130000	 1582357	 1583399	
100	 99600	 8.908650e-03	 1584635.360000	 1584013	 1585130	
100	 99700	 8.971690e-03	 1586363.200000	 1585701	 1587240	
100	 99800	 8.958630e-03	 1588046.660000	 1587441	 1588782	
100	 99900	 8.951550e-03	 1589821.830000	 1589122	 1590211	
100	 100000	 8.988120e-03	 1591569.970000	 1590935	 1592232	
