100	 1000	 2.374100e-04	 8708.540000	 8662	 8761	
100	 1100	 1.164200e-04	 9739.600000	 9693	 9788	
100	 1200	 9.170000e-05	 10785.140000	 10738	 10850	
100	 1300	 8.918000e-05	 11835.760000	 11772	 11885	
100	 1400	 9.881000e-05	 12897.230000	 12841	 12939	
100	 1500	 9.865000e-05	 13959.350000	 13908	 14002	
100	 1600	 1.051800e-04	 15038.280000	 14983	 15098	
100	 1700	 1.134300e-04	 16127.450000	 16053	 16180	
100	 1800	 1.159900e-04	 17217.480000	 17138	 17278	
100	 1900	 1.262100e-04	 18313.060000	 18260	 18386	
100	 2000	 1.361000e-04	 19410.950000	 19351	 19489	
100	 2100	 1.388000e-04	 20535.310000	 20467	 20589	
100	 2200	 1.477800e-04	 21671.600000	 21612	 21760	
100	 2300	 1.530100e-04	 22820.070000	 22732	 22882	
100	 2400	 1.605200e-04	 23966.090000	 23892	 24031	
100	 2500	 1.682400e-04	 25113.150000	 25027	 25185	
100	 2600	 1.742200e-04	 26263.240000	 26187	 26342	
100	 2700	 1.849800e-04	 27429.930000	 27349	 27522	
100	 2800	 1.911000e-04	 28588.560000	 28516	 28677	
100	 2900	 1.964200e-04	 29750.880000	 29667	 29840	
100	 3000	 2.027100e-04	 30922.440000	 30844	 30996	
100	 3100	 2.131500e-04	 32092.650000	 32014	 32170	
100	 3200	 2.180400e-04	 33274.510000	 33175	 33376	
100	 3300	 2.266300e-04	 34469.200000	 34408	 34548	
100	 3400	 2.351200e-04	 35650.750000	 35554	 35739	
100	 3500	 2.436500e-04	 36841.070000	 36762	 36924	
100	 3600	 2.500500e-04	 38036.500000	 37953	 38120	
100	 3700	 2.596100e-04	 39226.980000	 39159	 39316	
100	 3800	 2.657700e-04	 40421.710000	 40347	 40501	
100	 3900	 2.774500e-04	 41618.830000	 41524	 41695	
100	 4000	 2.816900e-04	 42818.100000	 42740	 42889	
100	 4100	 2.898800e-04	 44022.710000	 43953	 44096	
100	 4200	 3.048100e-04	 45260.820000	 45181	 45377	
100	 4300	 3.072800e-04	 46501.730000	 46381	 46593	
100	 4400	 3.208300e-04	 47750.020000	 47689	 47843	
100	 4500	 3.506100e-04	 48991.250000	 48920	 49068	
100	 4600	 3.379600e-04	 50237.010000	 50136	 50324	
100	 4700	 3.423700e-04	 51473.680000	 51389	 51563	
100	 4800	 3.799300e-04	 52725.170000	 52612	 52835	
100	 4900	 3.558400e-04	 53973.650000	 53898	 54047	
100	 5000	 3.560100e-04	 55232.930000	 55129	 55377	
100	 5100	 3.645800e-04	 56476.870000	 56375	 56559	
100	 5200	 3.855900e-04	 57742.430000	 57635	 57815	
100	 5300	 3.909700e-04	 58992.190000	 58887	 59126	
100	 5400	 3.907400e-04	 60256.830000	 60149	 60370	
100	 5500	 3.978100e-04	 61516.940000	 61405	 61629	
100	 5600	 4.071200e-04	 62783.700000	 62645	 62879	
100	 5700	 4.160400e-04	 64044.700000	 63896	 64135	
100	 5800	 4.199900e-04	 65301.060000	 65215	 65422	
100	 5900	 4.286000e-04	 66571.060000	 66478	 66674	
100	 6000	 4.468800e-04	 67837.400000	 67748	 67946	
100	 6100	 4.512700e-04	 69117.700000	 68986	 69242	
100	 6200	 4.497000e-04	 70388.390000	 70268	 70495	
100	 6300	 4.573000e-04	 71668.850000	 71549	 71763	
100	 6400	 4.750300e-04	 72946.780000	 72834	 73060	
100	 6500	 4.740600e-04	 74231.790000	 74084	 74351	
100	 6600	 4.817300e-04	 75521.570000	 75408	 75618	
100	 6700	 4.885100e-04	 76812.630000	 76702	 76932	
100	 6800	 5.002000e-04	 78105.790000	 77985	 78244	
100	 6900	 5.047300e-04	 79390.830000	 79284	 79508	
100	 7000	 5.142800e-04	 80685.150000	 80596	 80792	
100	 7100	 5.266800e-04	 81966.060000	 81813	 82122	
100	 7200	 5.240100e-04	 83269.900000	 83164	 83389	
100	 7300	 5.336500e-04	 84560.510000	 84471	 84670	
100	 7400	 5.450100e-04	 85841.620000	 85728	 85958	
100	 7500	 5.592500e-04	 87148.960000	 87027	 87274	
100	 7600	 5.608400e-04	 88456.170000	 88335	 88594	
100	 7700	 5.749900e-04	 89748.090000	 89600	 89885	
100	 7800	 5.779100e-04	 91046.660000	 90948	 91164	
100	 7900	 5.845800e-04	 92342.900000	 92205	 92478	
100	 8000	 5.948100e-04	 93652.320000	 93500	 93786	
100	 8100	 5.997000e-04	 94944.550000	 94790	 95047	
100	 8200	 6.088700e-04	 96256.440000	 96142	 96372	
100	 8300	 6.197100e-04	 97587.830000	 97438	 97730	
100	 8400	 6.311600e-04	 98937.140000	 98798	 99036	
100	 8500	 6.383600e-04	 100272.980000	 100137	 100397	
100	 8600	 6.524100e-04	 101606.540000	 101450	 101759	
100	 8700	 6.551900e-04	 102948.630000	 102848	 103072	
100	 8800	 6.651700e-04	 104295.190000	 104186	 104428	
100	 8900	 6.717400e-04	 105632.370000	 105476	 105787	
100	 9000	 6.812800e-04	 106983.670000	 106870	 107102	
100	 9100	 6.943500e-04	 108323.390000	 108212	 108438	
100	 9200	 6.927700e-04	 109665.070000	 109496	 109823	
100	 9300	 7.050400e-04	 111012.420000	 110884	 111149	
100	 9400	 7.130100e-04	 112355.870000	 112240	 112476	
100	 9500	 7.184200e-04	 113701.770000	 113549	 113849	
100	 9600	 7.303200e-04	 115054.260000	 114936	 115178	
100	 9700	 7.341100e-04	 116400.530000	 116270	 116594	
100	 9800	 7.541600e-04	 117746.110000	 117623	 117897	
100	 9900	 7.526100e-04	 119112.280000	 118971	 119286	
100	 10000	 7.534300e-04	 120458.960000	 120298	 120623	
100	 10100	 7.658500e-04	 121796.570000	 121613	 121921	
100	 10200	 7.674500e-04	 123157.870000	 122985	 123318	
100	 10300	 7.843300e-04	 124514.790000	 124373	 124702	
100	 10400	 7.872400e-04	 125862.210000	 125708	 126070	
100	 10500	 8.031800e-04	 127224.090000	 127094	 127341	
100	 10600	 8.074900e-04	 128593.900000	 128402	 128733	
100	 10700	 8.161700e-04	 129952.080000	 129826	 130088	
100	 10800	 8.221100e-04	 131316.220000	 131193	 131460	
100	 10900	 8.467700e-04	 132686.410000	 132544	 132817	
100	 11000	 8.490400e-04	 134028.430000	 133896	 134181	
100	 11100	 8.565000e-04	 135394.790000	 135249	 135545	
100	 11200	 8.699900e-04	 136748.650000	 136596	 136895	
100	 11300	 8.695600e-04	 138115.500000	 137907	 138265	
100	 11400	 8.712900e-04	 139477.900000	 139320	 139721	
100	 11500	 8.842200e-04	 140855.320000	 140682	 141004	
100	 11600	 8.892300e-04	 142206.760000	 142052	 142346	
100	 11700	 9.023200e-04	 143580.360000	 143447	 143714	
100	 11800	 9.102600e-04	 144946.210000	 144783	 145092	
100	 11900	 9.187200e-04	 146307.180000	 146137	 146464	
100	 12000	 9.188600e-04	 147677.700000	 147560	 147864	
100	 12100	 9.241500e-04	 149042.150000	 148910	 149222	
100	 12200	 9.287500e-04	 150414.330000	 150276	 150575	
100	 12300	 9.457200e-04	 151783.700000	 151576	 151953	
100	 12400	 9.471900e-04	 153169.080000	 152960	 153306	
100	 12500	 9.617200e-04	 154547.850000	 154353	 154728	
100	 12600	 9.692200e-04	 155921.880000	 155757	 156050	
100	 12700	 9.763300e-04	 157322.640000	 157165	 157534	
100	 12800	 9.999700e-04	 158707.020000	 158557	 158860	
100	 12900	 1.001890e-03	 160084.970000	 159960	 160241	
100	 13000	 1.002940e-03	 161478.360000	 161287	 161692	
100	 13100	 1.014700e-03	 162872.620000	 162737	 163015	
100	 13200	 1.024490e-03	 164255.120000	 164099	 164385	
100	 13300	 1.029830e-03	 165638.510000	 165453	 165788	
100	 13400	 1.043790e-03	 167032.910000	 166869	 167172	
100	 13500	 1.043850e-03	 168410.690000	 168216	 168603	
100	 13600	 1.055980e-03	 169807.060000	 169628	 169987	
100	 13700	 1.072750e-03	 171193.720000	 171070	 171346	
100	 13800	 1.070470e-03	 172577.260000	 172367	 172746	
100	 13900	 1.085250e-03	 173963.330000	 173742	 174136	
100	 14000	 1.092670e-03	 175359.200000	 175191	 175492	
100	 14100	 1.087880e-03	 176748.450000	 176573	 176898	
100	 14200	 1.098210e-03	 178141.410000	 177987	 178351	
100	 14300	 1.112540e-03	 179519.340000	 179394	 179673	
100	 14400	 1.112170e-03	 180924.180000	 180773	 181153	
100	 14500	 1.130400e-03	 182307.530000	 182154	 182477	
100	 14600	 1.136050e-03	 183719.250000	 183556	 183872	
100	 14700	 1.141040e-03	 185108.750000	 184891	 185302	
100	 14800	 1.162600e-03	 186514.870000	 186330	 186669	
100	 14900	 1.171710e-03	 187901.180000	 187741	 188130	
100	 15000	 1.174130e-03	 189298.300000	 189088	 189560	
100	 15100	 1.188740e-03	 190705.490000	 190548	 190868	
100	 15200	 1.212800e-03	 192074.840000	 191926	 192238	
100	 15300	 1.204500e-03	 193494.400000	 193305	 193800	
100	 15400	 1.213580e-03	 194888.680000	 194747	 195069	
100	 15500	 1.221540e-03	 196295.800000	 196109	 196480	
100	 15600	 1.222130e-03	 197682.850000	 197480	 197893	
100	 15700	 1.253420e-03	 199081.840000	 198899	 199242	
100	 15800	 1.264710e-03	 200483.530000	 200266	 200690	
100	 15900	 1.266310e-03	 201891.930000	 201697	 202087	
100	 16000	 1.269240e-03	 203287.110000	 203118	 203451	
100	 16100	 1.282340e-03	 204688.830000	 204514	 204893	
100	 16200	 1.269710e-03	 206085.140000	 205897	 206199	
100	 16300	 1.271970e-03	 207484.370000	 207311	 207703	
100	 16400	 1.281990e-03	 208890.500000	 208730	 209043	
100	 16500	 1.303180e-03	 210329.270000	 210114	 210500	
100	 16600	 1.322690e-03	 211774.600000	 211598	 211938	
100	 16700	 1.320610e-03	 213211.590000	 213027	 213360	
100	 16800	 1.331080e-03	 214659.340000	 214499	 214822	
100	 16900	 1.348410e-03	 216111.250000	 215896	 216294	
100	 17000	 1.351070e-03	 217540.700000	 217380	 217703	
100	 17100	 1.366890e-03	 218977.040000	 218835	 219277	
100	 17200	 1.372900e-03	 220434.440000	 220244	 220633	
100	 17300	 1.393310e-03	 221858.090000	 221661	 222010	
100	 17400	 1.389710e-03	 223295.050000	 223095	 223459	
100	 17500	 1.429070e-03	 224747.360000	 224489	 224932	
100	 17600	 1.408880e-03	 226172.470000	 225957	 226353	
100	 17700	 1.413560e-03	 227633.820000	 227441	 227841	
100	 17800	 1.436420e-03	 229072.100000	 228836	 229195	
100	 17900	 1.446870e-03	 230514.980000	 230246	 230705	
100	 18000	 1.454510e-03	 231960.440000	 231755	 232124	
100	 18100	 1.452020e-03	 233391.330000	 233191	 233650	
100	 18200	 1.459360e-03	 234834.920000	 234641	 234982	
100	 18300	 1.466050e-03	 236287.740000	 236063	 236472	
100	 18400	 1.503060e-03	 237742.700000	 237570	 237920	
100	 18500	 1.494810e-03	 239190.900000	 238969	 239414	
100	 18600	 1.492270e-03	 240607.850000	 240409	 240803	
100	 18700	 1.510160e-03	 242086.880000	 241884	 242271	
100	 18800	 1.515380e-03	 243520.680000	 243250	 243794	
100	 18900	 1.515600e-03	 244956.640000	 244729	 245164	
100	 19000	 1.536740e-03	 246406.710000	 246200	 246636	
100	 19100	 1.540280e-03	 247866.820000	 247638	 248035	
100	 19200	 1.546590e-03	 249310.570000	 249101	 249510	
100	 19300	 1.565310e-03	 250755.690000	 250591	 250961	
100	 19400	 1.569650e-03	 252210.080000	 251977	 252395	
100	 19500	 1.575530e-03	 253649.780000	 253471	 253878	
100	 19600	 1.588760e-03	 255098.790000	 254864	 255286	
100	 19700	 1.590780e-03	 256541.830000	 256375	 256706	
100	 19800	 1.598070e-03	 257991.190000	 257739	 258221	
100	 19900	 1.601620e-03	 259458.470000	 259276	 259640	
100	 20000	 1.607190e-03	 260900.170000	 260615	 261096	
100	 20100	 1.620220e-03	 262354.160000	 262089	 262600	
100	 20200	 1.624350e-03	 263804.650000	 263633	 263982	
100	 20300	 1.627980e-03	 265254.830000	 265020	 265435	
100	 20400	 1.639040e-03	 266694.450000	 266500	 266892	
100	 20500	 1.639830e-03	 268160.860000	 267942	 268321	
100	 20600	 1.809990e-03	 269622.700000	 269412	 269865	
100	 20700	 1.838770e-03	 271075.540000	 270888	 271292	
100	 20800	 1.806690e-03	 272541.040000	 272300	 272812	
100	 20900	 1.729600e-03	 273983.880000	 273800	 274151	
100	 21000	 1.915710e-03	 275442.670000	 275278	 275596	
100	 21100	 1.976000e-03	 276928.850000	 276749	 277086	
100	 21200	 2.026060e-03	 278368.530000	 278169	 278622	
100	 21300	 1.973250e-03	 279819.820000	 279599	 280057	
100	 21400	 1.858600e-03	 281300.860000	 281071	 281539	
100	 21500	 1.798580e-03	 282750.760000	 282433	 282977	
100	 21600	 2.094730e-03	 284208.840000	 284009	 284438	
100	 21700	 1.889890e-03	 285670.350000	 285473	 285865	
100	 21800	 2.091920e-03	 287135.660000	 286900	 287321	
100	 21900	 1.963840e-03	 288625.130000	 288431	 288814	
100	 22000	 1.871150e-03	 290040.130000	 289827	 290261	
100	 22100	 1.812120e-03	 291518.380000	 291335	 291700	
100	 22200	 1.826940e-03	 292985.400000	 292776	 293184	
100	 22300	 1.828290e-03	 294440.380000	 294263	 294688	
100	 22400	 1.836010e-03	 295898.870000	 295736	 296102	
100	 22500	 1.847020e-03	 297372.810000	 297130	 297587	
100	 22600	 1.855200e-03	 298820.670000	 298611	 299024	
100	 22700	 1.857810e-03	 300296.630000	 300077	 300548	
100	 22800	 1.864470e-03	 301767.020000	 301564	 301968	
100	 22900	 1.883200e-03	 303245.160000	 303044	 303443	
100	 23000	 1.887530e-03	 304688.750000	 304500	 304901	
100	 23100	 1.886760e-03	 306149.950000	 305898	 306348	
100	 23200	 1.908180e-03	 307624.770000	 307390	 307824	
100	 23300	 1.903360e-03	 309075.590000	 308796	 309331	
100	 23400	 1.921270e-03	 310575.480000	 310318	 310774	
100	 23500	 1.935530e-03	 312012.490000	 311817	 312246	
100	 23600	 1.948240e-03	 313492.370000	 313230	 313720	
100	 23700	 1.940640e-03	 314960.960000	 314727	 315230	
100	 23800	 1.937920e-03	 316422.330000	 316250	 316632	
100	 23900	 1.959600e-03	 317866.560000	 317665	 318095	
100	 24000	 1.964490e-03	 319353.590000	 319115	 319610	
100	 24100	 1.962770e-03	 320817.990000	 320601	 320996	
100	 24200	 1.983960e-03	 322270.640000	 321986	 322525	
100	 24300	 2.139740e-03	 323733.370000	 323495	 323969	
100	 24400	 1.967150e-03	 325207.810000	 324958	 325399	
100	 24500	 2.061080e-03	 326703.800000	 326445	 326948	
100	 24600	 2.207610e-03	 328159.780000	 327919	 328397	
100	 24700	 2.140380e-03	 329654.260000	 329410	 329899	
100	 24800	 2.212250e-03	 331132.720000	 330893	 331413	
100	 24900	 2.256200e-03	 332607.170000	 332327	 332824	
100	 25000	 2.264890e-03	 334094.920000	 333829	 334341	
100	 25100	 2.225180e-03	 335588.710000	 335363	 335888	
100	 25200	 2.085610e-03	 337088.650000	 336861	 337272	
100	 25300	 2.083490e-03	 338553.030000	 338346	 338769	
100	 25400	 2.077890e-03	 340017.590000	 339756	 340315	
100	 25500	 2.106790e-03	 341516.070000	 341210	 341721	
100	 25600	 2.098020e-03	 343000.060000	 342810	 343198	
100	 25700	 2.118670e-03	 344484.010000	 344214	 344702	
100	 25800	 2.117510e-03	 345982.770000	 345731	 346229	
100	 25900	 2.136340e-03	 347460.960000	 347197	 347677	
100	 26000	 2.148620e-03	 348945.130000	 348658	 349218	
100	 26100	 2.140450e-03	 350450.410000	 350199	 350682	
100	 26200	 2.153740e-03	 351927.590000	 351661	 352178	
100	 26300	 2.157040e-03	 353412.000000	 353186	 353646	
100	 26400	 2.171390e-03	 354903.770000	 354615	 355075	
100	 26500	 2.183270e-03	 356390.260000	 356125	 356703	
100	 26600	 2.182840e-03	 357873.910000	 357562	 358171	
100	 26700	 2.202720e-03	 359362.340000	 359150	 359682	
100	 26800	 2.205270e-03	 360860.040000	 360659	 361059	
100	 26900	 2.215390e-03	 362326.830000	 362135	 362591	
100	 27000	 2.229300e-03	 363825.010000	 363626	 364030	
100	 27100	 2.230630e-03	 365317.540000	 365042	 365571	
100	 27200	 2.255600e-03	 366786.120000	 366483	 367120	
100	 27300	 2.250480e-03	 368297.840000	 368087	 368581	
100	 27400	 2.266480e-03	 369775.180000	 369534	 370062	
100	 27500	 2.268840e-03	 371275.990000	 371047	 371485	
100	 27600	 2.285000e-03	 372751.140000	 372487	 372931	
100	 27700	 2.288920e-03	 374237.100000	 374032	 374518	
100	 27800	 2.290330e-03	 375724.300000	 375445	 375940	
100	 27900	 2.310950e-03	 377238.070000	 377006	 377507	
100	 28000	 2.303160e-03	 378721.930000	 378507	 379025	
100	 28100	 2.321100e-03	 380203.840000	 379985	 380452	
100	 28200	 2.319110e-03	 381687.430000	 381463	 381953	
100	 28300	 2.339540e-03	 383201.180000	 382929	 383447	
100	 28400	 2.330830e-03	 384671.130000	 384436	 384952	
100	 28500	 2.369320e-03	 386170.300000	 385812	 386407	
100	 28600	 2.351490e-03	 387654.870000	 387431	 387856	
100	 28700	 2.361570e-03	 389161.420000	 388871	 389389	
100	 28800	 2.374730e-03	 390644.210000	 390391	 390986	
100	 28900	 2.364190e-03	 392125.850000	 391922	 392433	
100	 29000	 2.388530e-03	 393635.510000	 393322	 393844	
100	 29100	 2.393530e-03	 395143.840000	 394946	 395337	
100	 29200	 2.404410e-03	 396628.740000	 396351	 396903	
100	 29300	 2.406510e-03	 398135.640000	 397979	 398447	
100	 29400	 2.442580e-03	 399622.310000	 399362	 399873	
100	 29500	 2.436570e-03	 401115.690000	 400855	 401379	
100	 29600	 2.452650e-03	 402600.250000	 402345	 402908	
100	 29700	 2.450520e-03	 404114.480000	 403866	 404398	
100	 29800	 2.465860e-03	 405603.580000	 405252	 405855	
100	 29900	 2.473970e-03	 407083.150000	 406808	 407333	
100	 30000	 2.479060e-03	 408594.700000	 408366	 408841	
100	 30100	 2.513890e-03	 410102.990000	 409872	 410363	
100	 30200	 2.513220e-03	 411592.240000	 411355	 411822	
100	 30300	 2.532690e-03	 413079.940000	 412753	 413302	
100	 30400	 2.535470e-03	 414587.810000	 414369	 414839	
100	 30500	 2.559060e-03	 416086.280000	 415853	 416277	
100	 30600	 2.555410e-03	 417589.290000	 417314	 417909	
100	 30700	 2.564420e-03	 419093.310000	 418754	 419385	
100	 30800	 2.585180e-03	 420579.150000	 420270	 420834	
100	 30900	 2.586340e-03	 422066.760000	 421817	 422254	
100	 31000	 2.589580e-03	 423579.400000	 423270	 423802	
100	 31100	 2.618900e-03	 425080.620000	 424838	 425323	
100	 31200	 2.606110e-03	 426567.990000	 426303	 426793	
100	 31300	 2.611630e-03	 428076.590000	 427788	 428354	
100	 31400	 2.611730e-03	 429569.960000	 429405	 429783	
100	 31500	 2.636550e-03	 431066.650000	 430867	 431248	
100	 31600	 2.622880e-03	 432569.270000	 432333	 432808	
100	 31700	 2.632590e-03	 434072.850000	 433774	 434289	
100	 31800	 2.647730e-03	 435569.060000	 435317	 435805	
100	 31900	 2.651400e-03	 437079.060000	 436858	 437398	
100	 32000	 2.653890e-03	 438569.790000	 438271	 438849	
100	 32100	 2.677250e-03	 440049.570000	 439775	 440323	
100	 32200	 2.668670e-03	 441579.830000	 441339	 441824	
100	 32300	 2.699640e-03	 443083.670000	 442790	 443326	
100	 32400	 2.687130e-03	 444568.810000	 444321	 444787	
100	 32500	 2.708540e-03	 446071.850000	 445800	 446331	
100	 32600	 2.716050e-03	 447556.480000	 447286	 447862	
100	 32700	 2.703460e-03	 449070.160000	 448876	 449329	
100	 32800	 2.725150e-03	 450593.470000	 450346	 450815	
100	 32900	 2.733100e-03	 452134.570000	 451888	 452502	
100	 33000	 2.732860e-03	 453668.260000	 453445	 453926	
100	 33100	 2.784350e-03	 455202.280000	 454972	 455473	
100	 33200	 2.775200e-03	 456744.180000	 456505	 456975	
100	 33300	 2.795950e-03	 458268.610000	 457998	 458512	
100	 33400	 2.806380e-03	 459837.860000	 459602	 460115	
100	 33500	 2.806150e-03	 461379.150000	 461119	 461636	
100	 33600	 2.827310e-03	 462903.700000	 462690	 463109	
100	 33700	 2.834950e-03	 464455.720000	 464239	 464741	
100	 33800	 2.842240e-03	 466003.120000	 465790	 466263	
100	 33900	 2.854860e-03	 467536.260000	 467194	 467766	
100	 34000	 2.863510e-03	 469067.040000	 468827	 469283	
100	 34100	 2.872170e-03	 470612.270000	 470419	 470884	
100	 34200	 2.892630e-03	 472149.090000	 471934	 472443	
100	 34300	 2.892580e-03	 473681.510000	 473488	 473910	
100	 34400	 2.915590e-03	 475213.750000	 474864	 475554	
100	 34500	 2.906900e-03	 476780.020000	 476539	 477025	
100	 34600	 2.920200e-03	 478318.060000	 478053	 478540	
100	 34700	 2.936940e-03	 479849.000000	 479646	 480114	
100	 34800	 2.936790e-03	 481394.630000	 481086	 481692	
100	 34900	 2.954910e-03	 482929.790000	 482649	 483137	
100	 35000	 2.960560e-03	 484477.260000	 484216	 484765	
100	 35100	 2.984530e-03	 486045.760000	 485784	 486367	
100	 35200	 2.978970e-03	 487573.550000	 487312	 487892	
100	 35300	 3.000950e-03	 489084.880000	 488820	 489429	
100	 35400	 3.021600e-03	 490658.330000	 490440	 490945	
100	 35500	 3.055750e-03	 492200.010000	 491874	 492479	
100	 35600	 3.025410e-03	 493721.740000	 493436	 494018	
100	 35700	 3.023000e-03	 495279.020000	 494943	 495512	
100	 35800	 3.050160e-03	 496822.000000	 496494	 497098	
100	 35900	 3.042900e-03	 498372.620000	 497931	 498710	
100	 36000	 3.057710e-03	 499913.270000	 499598	 500155	
100	 36100	 3.082040e-03	 501457.000000	 501169	 501742	
100	 36200	 3.102820e-03	 503003.910000	 502612	 503340	
100	 36300	 3.072540e-03	 504539.180000	 504205	 504802	
100	 36400	 3.094620e-03	 506076.500000	 505743	 506394	
100	 36500	 3.103190e-03	 507618.980000	 507317	 507874	
100	 36600	 3.107580e-03	 509164.300000	 508854	 509490	
100	 36700	 3.111550e-03	 510736.100000	 510489	 511077	
100	 36800	 3.117340e-03	 512257.870000	 511973	 512543	
100	 36900	 3.118990e-03	 513785.540000	 513524	 514130	
100	 37000	 3.146250e-03	 515349.980000	 515059	 515601	
100	 37100	 3.147150e-03	 516929.160000	 516669	 517204	
100	 37200	 3.147600e-03	 518443.720000	 518141	 518878	
100	 37300	 3.175230e-03	 520003.240000	 519777	 520353	
100	 37400	 3.203600e-03	 521542.790000	 521265	 521802	
100	 37500	 3.195420e-03	 523108.120000	 522816	 523328	
100	 37600	 3.195620e-03	 524624.020000	 524318	 524867	
100	 37700	 3.186800e-03	 526179.840000	 525826	 526467	
100	 37800	 3.227960e-03	 527723.870000	 527386	 528080	
100	 37900	 3.221530e-03	 529292.740000	 529042	 529569	
100	 38000	 3.252880e-03	 530827.980000	 530491	 531123	
100	 38100	 3.260240e-03	 532381.070000	 532056	 532694	
100	 38200	 3.282130e-03	 533923.120000	 533684	 534173	
100	 38300	 3.305910e-03	 535474.850000	 535181	 535866	
100	 38400	 3.268250e-03	 537009.850000	 536706	 537339	
100	 38500	 3.276230e-03	 538574.090000	 538152	 538807	
100	 38600	 3.301940e-03	 540099.530000	 539809	 540346	
100	 38700	 3.291940e-03	 541669.960000	 541442	 541999	
100	 38800	 3.341200e-03	 543211.210000	 542889	 543459	
100	 38900	 3.332560e-03	 544767.960000	 544392	 545016	
100	 39000	 3.325360e-03	 546318.540000	 546033	 546608	
100	 39100	 3.340530e-03	 547876.620000	 547648	 548212	
100	 39200	 3.333870e-03	 549427.960000	 549172	 549702	
100	 39300	 3.341520e-03	 550962.240000	 550604	 551211	
100	 39400	 3.399330e-03	 552502.640000	 552159	 552875	
100	 39500	 3.354760e-03	 554061.230000	 553673	 554309	
100	 39600	 3.389650e-03	 555591.990000	 555300	 555868	
100	 39700	 3.399630e-03	 557157.440000	 556827	 557429	
100	 39800	 3.394730e-03	 558693.750000	 558461	 558962	
100	 39900	 3.416060e-03	 560245.880000	 560014	 560523	
100	 40000	 3.444930e-03	 561800.510000	 561571	 562050	
100	 40100	 3.403430e-03	 563338.880000	 562974	 563672	
100	 40200	 3.432230e-03	 564914.580000	 564634	 565133	
100	 40300	 3.428550e-03	 566442.200000	 566155	 566740	
100	 40400	 3.439970e-03	 567976.460000	 567612	 568267	
100	 40500	 3.439560e-03	 569554.070000	 569333	 569890	
100	 40600	 3.446540e-03	 571102.560000	 570795	 571419	
100	 40700	 3.454340e-03	 572657.330000	 572303	 572928	
100	 40800	 3.443980e-03	 574226.420000	 573916	 574508	
100	 40900	 3.455950e-03	 575749.490000	 575482	 576061	
100	 41000	 3.457520e-03	 577316.420000	 576842	 577654	
100	 41100	 3.479420e-03	 578864.940000	 578521	 579183	
100	 41200	 3.517690e-03	 580439.640000	 580146	 580922	
100	 41300	 3.494930e-03	 581998.700000	 581699	 582251	
100	 41400	 3.538510e-03	 583561.550000	 583292	 583797	
100	 41500	 3.532900e-03	 585110.830000	 584824	 585597	
100	 41600	 3.536330e-03	 586666.010000	 586284	 587004	
100	 41700	 3.563960e-03	 588243.320000	 587982	 588471	
100	 41800	 3.562480e-03	 589787.050000	 589465	 590065	
100	 41900	 3.572240e-03	 591339.350000	 591067	 591666	
100	 42000	 3.590910e-03	 592888.260000	 592634	 593168	
100	 42100	 3.597460e-03	 594470.410000	 594154	 594802	
100	 42200	 3.597790e-03	 596020.230000	 595742	 596361	
100	 42300	 3.606720e-03	 597587.420000	 597363	 598001	
100	 42400	 3.645190e-03	 599139.570000	 598866	 599459	
100	 42500	 3.656470e-03	 600683.940000	 600337	 600980	
100	 42600	 3.648810e-03	 602263.330000	 601979	 602591	
100	 42700	 3.660270e-03	 603820.960000	 603497	 604140	
100	 42800	 3.650650e-03	 605376.370000	 605045	 605728	
100	 42900	 3.678040e-03	 606949.280000	 606588	 607347	
100	 43000	 3.671820e-03	 608495.120000	 608140	 608757	
100	 43100	 3.685310e-03	 610053.470000	 609691	 610327	
100	 43200	 3.698810e-03	 611627.140000	 611349	 611905	
100	 43300	 3.705580e-03	 613204.870000	 612898	 613455	
100	 43400	 3.733260e-03	 614727.130000	 614402	 615055	
100	 43500	 3.722580e-03	 616318.470000	 615974	 616605	
100	 43600	 3.735080e-03	 617881.780000	 617510	 618184	
100	 43700	 3.724930e-03	 619423.810000	 619056	 619777	
100	 43800	 3.746090e-03	 621016.450000	 620678	 621355	
100	 43900	 3.768270e-03	 622567.410000	 622234	 622910	
100	 44000	 3.783010e-03	 624111.910000	 623822	 624329	
100	 44100	 3.806340e-03	 625673.320000	 625324	 625983	
100	 44200	 3.799190e-03	 627207.020000	 626864	 627579	
100	 44300	 3.824600e-03	 628811.740000	 628571	 629056	
100	 44400	 3.833820e-03	 630371.730000	 630064	 630745	
100	 44500	 3.830950e-03	 631944.020000	 631694	 632316	
100	 44600	 3.835950e-03	 633511.520000	 633213	 633788	
100	 44700	 3.853140e-03	 635081.750000	 634793	 635342	
100	 44800	 3.874440e-03	 636589.430000	 636286	 636985	
100	 44900	 3.859550e-03	 638179.620000	 637854	 638478	
100	 45000	 3.876860e-03	 639761.980000	 639426	 640056	
100	 45100	 3.882610e-03	 641317.380000	 640963	 641678	
100	 45200	 3.901640e-03	 642868.960000	 642580	 643160	
100	 45300	 3.920940e-03	 644432.160000	 644060	 644726	
100	 45400	 3.912500e-03	 645998.230000	 645743	 646314	
100	 45500	 3.921550e-03	 647554.750000	 647284	 647827	
100	 45600	 3.917660e-03	 649129.800000	 648752	 649431	
100	 45700	 3.940380e-03	 650694.200000	 650287	 650981	
100	 45800	 3.950830e-03	 652255.100000	 651854	 652474	
100	 45900	 3.968640e-03	 653821.380000	 653468	 654107	
100	 46000	 3.964680e-03	 655389.600000	 655023	 655749	
100	 46100	 3.973260e-03	 656971.930000	 656665	 657342	
100	 46200	 3.982810e-03	 658513.360000	 658212	 658789	
100	 46300	 3.993840e-03	 660106.860000	 659765	 660475	
100	 46400	 3.995890e-03	 661657.040000	 661387	 661952	
100	 46500	 4.000360e-03	 663216.410000	 662843	 663552	
100	 46600	 4.021030e-03	 664801.480000	 664564	 665113	
100	 46700	 4.011310e-03	 666341.660000	 666074	 666587	
100	 46800	 4.042710e-03	 667894.300000	 667608	 668175	
100	 46900	 4.026560e-03	 669469.890000	 669148	 669750	
100	 47000	 4.056990e-03	 671038.350000	 670708	 671450	
100	 47100	 4.069570e-03	 672578.620000	 672315	 672975	
100	 47200	 4.071500e-03	 674183.810000	 673835	 674525	
100	 47300	 4.053770e-03	 675727.980000	 675421	 676093	
100	 47400	 4.073800e-03	 677320.780000	 677021	 677578	
100	 47500	 4.077450e-03	 678847.560000	 678548	 679245	
100	 47600	 4.089640e-03	 680465.520000	 680141	 680736	
100	 47700	 4.103850e-03	 682017.430000	 681755	 682302	
100	 47800	 4.096160e-03	 683580.970000	 683305	 683915	
100	 47900	 4.150820e-03	 685136.240000	 684652	 685500	
100	 48000	 4.121170e-03	 686701.600000	 686382	 686988	
100	 48100	 4.127400e-03	 688288.020000	 687861	 688669	
100	 48200	 4.141080e-03	 689825.470000	 689486	 690142	
100	 48300	 4.152600e-03	 691415.480000	 691141	 691793	
100	 48400	 4.155120e-03	 692976.130000	 692580	 693362	
100	 48500	 4.168510e-03	 694547.150000	 694197	 694958	
100	 48600	 4.161160e-03	 696096.720000	 695823	 696425	
100	 48700	 4.172120e-03	 697677.110000	 697242	 698023	
100	 48800	 4.172750e-03	 699247.760000	 698905	 699587	
100	 48900	 4.198750e-03	 700797.920000	 700469	 701076	
100	 49000	 4.194860e-03	 702356.260000	 702032	 702633	
100	 49100	 4.209740e-03	 703929.940000	 703496	 704288	
100	 49200	 4.209620e-03	 705493.620000	 705183	 705816	
100	 49300	 4.224170e-03	 707091.220000	 706783	 707465	
100	 49400	 4.241020e-03	 708653.050000	 708357	 709004	
100	 49500	 4.263090e-03	 710273.540000	 709972	 710595	
100	 49600	 4.260490e-03	 711835.410000	 711522	 712123	
100	 49700	 4.278160e-03	 713447.300000	 713090	 713792	
100	 49800	 4.279850e-03	 715007.660000	 714590	 715304	
100	 49900	 4.295160e-03	 716613.620000	 716171	 716971	
100	 50000	 4.316200e-03	 718204.740000	 717759	 718624	
100	 50100	 4.329740e-03	 719778.790000	 719476	 720104	
100	 50200	 4.333250e-03	 721364.530000	 721078	 721756	
100	 50300	 4.331040e-03	 722962.350000	 722635	 723313	
100	 50400	 4.376710e-03	 724543.980000	 724086	 725069	
100	 50500	 4.362220e-03	 726121.180000	 725855	 726342	
100	 50600	 4.385110e-03	 727693.410000	 727359	 728044	
100	 50700	 4.387080e-03	 729297.530000	 728980	 729617	
100	 50800	 4.399360e-03	 730871.110000	 730490	 731199	
100	 50900	 4.387920e-03	 732456.390000	 732086	 732756	
100	 51000	 4.419570e-03	 734068.600000	 733781	 734387	
100	 51100	 4.427320e-03	 735618.580000	 735130	 735858	
100	 51200	 4.443560e-03	 737216.170000	 736894	 737456	
100	 51300	 4.498760e-03	 738788.420000	 738505	 739037	
100	 51400	 4.470550e-03	 740372.040000	 740057	 740643	
100	 51500	 4.455720e-03	 741977.020000	 741525	 742415	
100	 51600	 4.475230e-03	 743547.680000	 743198	 743817	
100	 51700	 4.492950e-03	 745149.860000	 744797	 745440	
100	 51800	 4.505200e-03	 746714.000000	 746358	 747018	
100	 51900	 4.507150e-03	 748315.870000	 748036	 748648	
100	 52000	 4.509640e-03	 749914.820000	 749556	 750184	
100	 52100	 4.526350e-03	 751497.050000	 751218	 751779	
100	 52200	 4.509160e-03	 753079.490000	 752648	 753401	
100	 52300	 4.562270e-03	 754671.070000	 754340	 754977	
100	 52400	 4.549540e-03	 756225.330000	 755853	 756505	
100	 52500	 4.533910e-03	 757807.350000	 757417	 758231	
100	 52600	 4.548290e-03	 759424.190000	 759112	 759682	
100	 52700	 4.593160e-03	 761020.800000	 760717	 761353	
100	 52800	 4.568930e-03	 762583.140000	 762267	 762853	
100	 52900	 4.578020e-03	 764189.340000	 763879	 764628	
100	 53000	 4.577870e-03	 765795.050000	 765391	 766136	
100	 53100	 4.766030e-03	 767358.020000	 767028	 767643	
100	 53200	 4.801620e-03	 768933.560000	 768592	 769289	
100	 53300	 4.735510e-03	 770502.500000	 770131	 770812	
100	 53400	 4.644360e-03	 772096.370000	 771746	 772406	
100	 53500	 4.629660e-03	 773707.890000	 773408	 773986	
100	 53600	 4.621100e-03	 775264.210000	 774932	 775606	
100	 53700	 4.637380e-03	 776893.970000	 776471	 777279	
100	 53800	 4.635870e-03	 778484.820000	 778134	 778802	
100	 53900	 4.660010e-03	 780065.930000	 779549	 780453	
100	 54000	 4.696300e-03	 781647.260000	 781231	 781940	
100	 54100	 4.703060e-03	 783234.050000	 782936	 783584	
100	 54200	 4.735580e-03	 784836.140000	 784476	 785190	
100	 54300	 4.746300e-03	 786442.890000	 786165	 786788	
100	 54400	 4.734790e-03	 787995.740000	 787558	 788325	
100	 54500	 4.731770e-03	 789595.060000	 789243	 789880	
100	 54600	 4.766340e-03	 791155.740000	 790813	 791425	
100	 54700	 4.788340e-03	 792754.220000	 792430	 793152	
100	 54800	 4.789980e-03	 794375.270000	 794045	 794789	
100	 54900	 4.760600e-03	 795951.380000	 795647	 796297	
100	 55000	 4.788500e-03	 797567.920000	 797227	 797824	
100	 55100	 4.774560e-03	 799109.330000	 798796	 799539	
100	 55200	 4.775210e-03	 800710.660000	 800369	 801059	
100	 55300	 4.797480e-03	 802320.370000	 801948	 802591	
100	 55400	 4.789570e-03	 803888.540000	 803519	 804250	
100	 55500	 4.812760e-03	 805485.330000	 805182	 805802	
100	 55600	 4.819100e-03	 807064.820000	 806675	 807403	
100	 55700	 4.830190e-03	 808656.980000	 808397	 809050	
100	 55800	 4.818950e-03	 810276.030000	 809967	 810586	
100	 55900	 4.830410e-03	 811841.320000	 811531	 812145	
100	 56000	 4.852970e-03	 813425.600000	 813121	 813824	
100	 56100	 4.906210e-03	 814984.600000	 814611	 815314	
100	 56200	 4.888030e-03	 816594.310000	 816257	 816874	
100	 56300	 4.855260e-03	 818203.730000	 817900	 818448	
100	 56400	 4.874770e-03	 819770.450000	 819463	 820116	
100	 56500	 4.891640e-03	 821382.850000	 821034	 821764	
100	 56600	 4.905090e-03	 822947.160000	 822658	 823428	
100	 56700	 4.890350e-03	 824585.990000	 824235	 824901	
100	 56800	 4.895500e-03	 826158.240000	 825827	 826461	
100	 56900	 4.887200e-03	 827734.210000	 827350	 828137	
100	 57000	 4.928830e-03	 829347.870000	 828991	 829687	
100	 57100	 4.909310e-03	 830911.960000	 830563	 831313	
100	 57200	 4.915590e-03	 832507.760000	 832175	 832979	
100	 57300	 4.934100e-03	 834100.350000	 833652	 834387	
100	 57400	 4.943670e-03	 835695.860000	 835428	 835958	
100	 57500	 4.956920e-03	 837304.580000	 836994	 837577	
100	 57600	 4.957590e-03	 838885.180000	 838559	 839171	
100	 57700	 4.973470e-03	 840464.180000	 840239	 840785	
100	 57800	 4.980030e-03	 842097.670000	 841706	 842479	
100	 57900	 5.010590e-03	 843674.620000	 843329	 843966	
100	 58000	 5.033030e-03	 845270.400000	 845031	 845650	
100	 58100	 5.035630e-03	 846857.890000	 846538	 847156	
100	 58200	 5.047960e-03	 848452.740000	 848150	 848847	
100	 58300	 5.070050e-03	 850058.200000	 849613	 850376	
100	 58400	 5.098310e-03	 851661.600000	 851257	 851980	
100	 58500	 5.100280e-03	 853269.010000	 852970	 853623	
100	 58600	 5.113310e-03	 854856.900000	 854401	 855147	
100	 58700	 5.114270e-03	 856444.030000	 855934	 856763	
100	 58800	 5.118530e-03	 858024.980000	 857666	 858455	
100	 58900	 5.120160e-03	 859641.630000	 859326	 860021	
100	 59000	 5.130040e-03	 861211.540000	 860834	 861546	
100	 59100	 5.157700e-03	 862828.710000	 862459	 863131	
100	 59200	 5.163540e-03	 864413.940000	 864010	 864715	
100	 59300	 5.164670e-03	 866022.880000	 865750	 866428	
100	 59400	 5.187300e-03	 867614.090000	 867154	 867980	
100	 59500	 5.189250e-03	 869203.700000	 868870	 869506	
100	 59600	 5.216620e-03	 870812.430000	 870536	 871125	
100	 59700	 5.211600e-03	 872416.300000	 872062	 872774	
100	 59800	 5.225660e-03	 874011.940000	 873735	 874335	
100	 59900	 5.223720e-03	 875598.160000	 875169	 875978	
100	 60000	 5.211110e-03	 877209.770000	 876915	 877599	
100	 60100	 5.250950e-03	 878802.480000	 878443	 879121	
100	 60200	 5.252540e-03	 880407.580000	 880056	 880871	
100	 60300	 5.257730e-03	 881985.720000	 881679	 882276	
100	 60400	 5.271880e-03	 883590.340000	 883181	 883951	
100	 60500	 5.288460e-03	 885189.730000	 884890	 885546	
100	 60600	 5.298850e-03	 886787.390000	 886567	 887105	
100	 60700	 5.314240e-03	 888368.160000	 888043	 888820	
100	 60800	 5.321640e-03	 889977.730000	 889630	 890333	
100	 60900	 5.334720e-03	 891555.070000	 891138	 891982	
100	 61000	 5.340510e-03	 893161.670000	 892831	 893545	
100	 61100	 5.361340e-03	 894777.980000	 894514	 895112	
100	 61200	 5.371320e-03	 896387.540000	 895875	 896781	
100	 61300	 5.374850e-03	 897966.200000	 897658	 898384	
100	 61400	 5.404970e-03	 899574.000000	 899326	 899884	
100	 61500	 5.397930e-03	 901156.880000	 900806	 901526	
100	 61600	 5.409130e-03	 902782.930000	 902494	 903248	
100	 61700	 5.396000e-03	 904340.920000	 904096	 904597	
100	 61800	 5.417160e-03	 905968.130000	 905617	 906257	
100	 61900	 5.438450e-03	 907571.840000	 907247	 907939	
100	 62000	 5.459760e-03	 909155.960000	 908798	 909603	
100	 62100	 5.456930e-03	 910758.380000	 910477	 911094	
100	 62200	 5.474630e-03	 912338.240000	 911957	 912747	
100	 62300	 5.498650e-03	 913943.640000	 913574	 914320	
100	 62400	 5.500730e-03	 915560.720000	 915202	 915824	
100	 62500	 5.497210e-03	 917132.250000	 916767	 917590	
100	 62600	 5.501130e-03	 918735.070000	 918426	 919032	
100	 62700	 5.519220e-03	 920354.670000	 920038	 920688	
100	 62800	 5.541600e-03	 921934.740000	 921658	 922276	
100	 62900	 5.529320e-03	 923528.590000	 923233	 923902	
100	 63000	 5.522480e-03	 925121.780000	 924856	 925431	
100	 63100	 5.534380e-03	 926736.510000	 926368	 927115	
100	 63200	 5.586840e-03	 928339.960000	 928044	 928674	
100	 63300	 5.569270e-03	 929942.760000	 929628	 930286	
100	 63400	 5.558640e-03	 931548.460000	 931088	 931892	
100	 63500	 5.569600e-03	 933122.110000	 932796	 933511	
100	 63600	 5.595230e-03	 934749.380000	 934394	 935180	
100	 63700	 5.592880e-03	 936311.640000	 935784	 936585	
100	 63800	 5.605760e-03	 937947.370000	 937532	 938321	
100	 63900	 5.614800e-03	 939549.420000	 939123	 939902	
100	 64000	 5.629900e-03	 941155.110000	 940836	 941536	
100	 64100	 5.634990e-03	 942732.450000	 942290	 943078	
100	 64200	 5.647430e-03	 944349.360000	 944021	 944671	
100	 64300	 5.656940e-03	 945957.620000	 945711	 946257	
100	 64400	 5.749350e-03	 947514.740000	 947028	 947904	
100	 64500	 5.670490e-03	 949130.270000	 948856	 949594	
100	 64600	 5.683180e-03	 950742.260000	 950360	 951055	
100	 64700	 5.687030e-03	 952337.280000	 952030	 952688	
100	 64800	 5.670480e-03	 953933.190000	 953567	 954270	
100	 64900	 5.688040e-03	 955548.130000	 955093	 955847	
100	 65000	 5.691260e-03	 957147.740000	 956714	 957551	
100	 65100	 5.697630e-03	 958739.810000	 958375	 959024	
100	 65200	 5.720180e-03	 960365.680000	 959984	 960733	
100	 65300	 5.704610e-03	 961935.370000	 961588	 962252	
100	 65400	 5.708450e-03	 963548.320000	 963268	 963925	
100	 65500	 5.718270e-03	 965144.620000	 964839	 965430	
100	 65600	 5.733190e-03	 966760.530000	 966436	 967190	
100	 65700	 5.746790e-03	 968390.540000	 968058	 968625	
100	 65800	 5.752050e-03	 970043.520000	 969685	 970428	
100	 65900	 5.738480e-03	 971675.110000	 971300	 972052	
100	 66000	 5.776690e-03	 973341.030000	 973040	 973691	
100	 66100	 5.773440e-03	 974961.570000	 974679	 975395	
100	 66200	 5.784620e-03	 976607.290000	 976372	 976935	
100	 66300	 5.820970e-03	 978258.240000	 977824	 978584	
100	 66400	 5.839650e-03	 979901.980000	 979545	 980317	
100	 66500	 5.846700e-03	 981512.330000	 981157	 981811	
100	 66600	 5.859900e-03	 983161.010000	 982790	 983481	
100	 66700	 5.869950e-03	 984795.310000	 984289	 985298	
100	 66800	 5.868450e-03	 986456.340000	 985965	 986845	
100	 66900	 5.896510e-03	 988088.770000	 987717	 988436	
100	 67000	 5.896260e-03	 989746.950000	 989350	 990084	
100	 67100	 5.886020e-03	 991372.810000	 990844	 991696	
100	 67200	 5.918270e-03	 993004.760000	 992574	 993337	
100	 67300	 5.923150e-03	 994655.320000	 994180	 995013	
100	 67400	 5.933040e-03	 996281.690000	 995862	 996625	
100	 67500	 5.958340e-03	 997919.710000	 997500	 998220	
100	 67600	 5.974000e-03	 999579.780000	 999255	 999869	
100	 67700	 5.971860e-03	 1001210.610000	 1000855	 1001569	
100	 67800	 5.982870e-03	 1002841.510000	 1002309	 1003137	
100	 67900	 5.985590e-03	 1004487.590000	 1004187	 1004857	
100	 68000	 5.995510e-03	 1006135.340000	 1005784	 1006427	
100	 68100	 6.033890e-03	 1007771.310000	 1007230	 1008223	
100	 68200	 6.056750e-03	 1009409.160000	 1009128	 1009821	
100	 68300	 6.054060e-03	 1011075.850000	 1010651	 1011587	
100	 68400	 6.040380e-03	 1012709.260000	 1012377	 1013077	
100	 68500	 6.062400e-03	 1014330.810000	 1013941	 1014598	
100	 68600	 6.055560e-03	 1015972.120000	 1015585	 1016446	
100	 68700	 6.085100e-03	 1017608.090000	 1017250	 1018058	
100	 68800	 6.105790e-03	 1019273.910000	 1018847	 1019691	
100	 68900	 6.101870e-03	 1020887.300000	 1020491	 1021294	
100	 69000	 6.115050e-03	 1022531.330000	 1022224	 1022807	
100	 69100	 6.128510e-03	 1024177.400000	 1023789	 1024561	
100	 69200	 6.139600e-03	 1025838.480000	 1025527	 1026177	
100	 69300	 6.146350e-03	 1027456.800000	 1027114	 1027945	
100	 69400	 6.168780e-03	 1029133.860000	 1028722	 1029453	
100	 69500	 6.191630e-03	 1030745.280000	 1030369	 1031100	
100	 69600	 6.168430e-03	 1032415.860000	 1032169	 1032876	
100	 69700	 6.178250e-03	 1034033.860000	 1033677	 1034396	
100	 69800	 6.203530e-03	 1035659.900000	 1035289	 1035975	
100	 69900	 6.219210e-03	 1037336.310000	 1037000	 1037761	
100	 70000	 6.212420e-03	 1038958.590000	 1038569	 1039299	
100	 70100	 6.226250e-03	 1040613.930000	 1040311	 1040957	
100	 70200	 6.234270e-03	 1042253.740000	 1041896	 1042570	
100	 70300	 6.245890e-03	 1043878.660000	 1043432	 1044247	
100	 70400	 6.265780e-03	 1045539.380000	 1045145	 1045986	
100	 70500	 6.290980e-03	 1047160.500000	 1046847	 1047522	
100	 70600	 6.295200e-03	 1048822.700000	 1048466	 1049208	
100	 70700	 6.295750e-03	 1050510.040000	 1050196	 1051015	
100	 70800	 6.301430e-03	 1052094.430000	 1051790	 1052437	
100	 70900	 6.324400e-03	 1053756.150000	 1053292	 1054043	
100	 71000	 6.326660e-03	 1055379.010000	 1054983	 1055709	
100	 71100	 6.342570e-03	 1057043.890000	 1056633	 1057471	
100	 71200	 6.359100e-03	 1058651.910000	 1058361	 1058966	
100	 71300	 6.366930e-03	 1060330.440000	 1059956	 1060711	
100	 71400	 6.363890e-03	 1061965.340000	 1061634	 1062343	
100	 71500	 6.374920e-03	 1063600.260000	 1063251	 1064047	
100	 71600	 6.362810e-03	 1065256.040000	 1064784	 1065670	
100	 71700	 6.399020e-03	 1066891.250000	 1066499	 1067410	
100	 71800	 6.391380e-03	 1068553.350000	 1068119	 1068923	
100	 71900	 6.412340e-03	 1070185.290000	 1069808	 1070733	
100	 72000	 6.424610e-03	 1071825.120000	 1071278	 1072278	
100	 72100	 6.434910e-03	 1073452.290000	 1073016	 1073749	
100	 72200	 6.421910e-03	 1075122.220000	 1074662	 1075436	
100	 72300	 6.430320e-03	 1076763.620000	 1076368	 1077105	
100	 72400	 6.451380e-03	 1078380.690000	 1077882	 1078783	
100	 72500	 6.441980e-03	 1080050.340000	 1079639	 1080408	
100	 72600	 6.460640e-03	 1081674.650000	 1081312	 1082035	
100	 72700	 6.460790e-03	 1083320.350000	 1083016	 1083659	
100	 72800	 6.468260e-03	 1084952.020000	 1084445	 1085259	
100	 72900	 6.468550e-03	 1086583.630000	 1086210	 1087046	
100	 73000	 6.465360e-03	 1088253.750000	 1087855	 1088597	
100	 73100	 6.508890e-03	 1089892.610000	 1089534	 1090296	
100	 73200	 6.506430e-03	 1091566.470000	 1091199	 1092063	
100	 73300	 6.512230e-03	 1093225.640000	 1092821	 1093611	
100	 73400	 6.527370e-03	 1094817.650000	 1094466	 1095205	
100	 73500	 6.582000e-03	 1096459.300000	 1096098	 1096933	
100	 73600	 6.520890e-03	 1098118.020000	 1097694	 1098513	
100	 73700	 6.539800e-03	 1099752.130000	 1099374	 1100106	
100	 73800	 6.559150e-03	 1101415.260000	 1100816	 1101850	
100	 73900	 6.569420e-03	 1103019.240000	 1102575	 1103412	
100	 74000	 6.576250e-03	 1104724.970000	 1104364	 1105065	
100	 74100	 6.593480e-03	 1106341.210000	 1105957	 1106671	
100	 74200	 6.601430e-03	 1107999.720000	 1107694	 1108319	
100	 74300	 6.621060e-03	 1109643.020000	 1109233	 1109937	
100	 74400	 6.620340e-03	 1111271.410000	 1110920	 1111695	
100	 74500	 6.656030e-03	 1112948.180000	 1112498	 1113324	
100	 74600	 6.655630e-03	 1114578.740000	 1114275	 1114975	
100	 74700	 6.675510e-03	 1116249.760000	 1115902	 1116610	
100	 74800	 6.671640e-03	 1117873.540000	 1117531	 1118272	
100	 74900	 6.682820e-03	 1119534.950000	 1118958	 1119922	
100	 75000	 6.688900e-03	 1121189.960000	 1120860	 1121522	
100	 75100	 6.692090e-03	 1122805.640000	 1122469	 1123394	
100	 75200	 6.696820e-03	 1124477.340000	 1124042	 1124776	
100	 75300	 6.710220e-03	 1126100.900000	 1125590	 1126607	
100	 75400	 6.728680e-03	 1127740.430000	 1127336	 1128198	
100	 75500	 6.737960e-03	 1129424.720000	 1128988	 1129769	
100	 75600	 6.752750e-03	 1131070.430000	 1130622	 1131471	
100	 75700	 6.739900e-03	 1132688.540000	 1132318	 1133074	
100	 75800	 6.776690e-03	 1134352.620000	 1134012	 1134702	
100	 75900	 6.775030e-03	 1135990.610000	 1135523	 1136431	
100	 76000	 6.805490e-03	 1137629.080000	 1137235	 1137930	
100	 76100	 6.777030e-03	 1139282.690000	 1138896	 1139691	
100	 76200	 6.814980e-03	 1140952.260000	 1140623	 1141444	
100	 76300	 6.857280e-03	 1142573.230000	 1142015	 1142939	
100	 76400	 6.811650e-03	 1144256.540000	 1143764	 1144714	
100	 76500	 6.815270e-03	 1145917.430000	 1145508	 1146336	
100	 76600	 6.816470e-03	 1147518.860000	 1147132	 1147868	
100	 76700	 6.852960e-03	 1149168.690000	 1148733	 1149573	
100	 76800	 6.867690e-03	 1150846.260000	 1150427	 1151263	
100	 76900	 6.900680e-03	 1152495.890000	 1152047	 1152884	
100	 77000	 6.891280e-03	 1154169.690000	 1153800	 1154554	
100	 77100	 6.900290e-03	 1155789.600000	 1155359	 1156156	
100	 77200	 6.894860e-03	 1157419.440000	 1157027	 1157751	
100	 77300	 6.907590e-03	 1159068.060000	 1158664	 1159695	
100	 77400	 6.885330e-03	 1160737.320000	 1160367	 1161085	
100	 77500	 6.897660e-03	 1162358.640000	 1161858	 1162778	
100	 77600	 6.923340e-03	 1164028.560000	 1163655	 1164369	
100	 77700	 6.910850e-03	 1165653.780000	 1165182	 1166059	
100	 77800	 6.935010e-03	 1167297.710000	 1166901	 1167695	
100	 77900	 6.933580e-03	 1168981.520000	 1168613	 1169255	
100	 78000	 6.951870e-03	 1170603.950000	 1170261	 1171031	
100	 78100	 6.969680e-03	 1172266.660000	 1171813	 1172690	
100	 78200	 6.963490e-03	 1173908.410000	 1173587	 1174307	
100	 78300	 6.973200e-03	 1175552.580000	 1175164	 1176039	
100	 78400	 6.972020e-03	 1177223.080000	 1176834	 1177638	
100	 78500	 7.006910e-03	 1178870.390000	 1178479	 1179197	
100	 78600	 7.029040e-03	 1180502.570000	 1180078	 1181002	
100	 78700	 7.017450e-03	 1182131.460000	 1181637	 1182549	
100	 78800	 7.039070e-03	 1183821.950000	 1183313	 1184151	
100	 78900	 7.068420e-03	 1185455.220000	 1185055	 1185902	
100	 79000	 7.054420e-03	 1187148.360000	 1186788	 1187689	
100	 79100	 7.039340e-03	 1188750.510000	 1188312	 1189129	
100	 79200	 7.034080e-03	 1190386.580000	 1190023	 1190917	
100	 79300	 7.044870e-03	 1192069.020000	 1191659	 1192528	
100	 79400	 7.035740e-03	 1193686.960000	 1193285	 1194070	
100	 79500	 7.052440e-03	 1195331.680000	 1194882	 1195651	
100	 79600	 7.083450e-03	 1196999.330000	 1196567	 1197348	
100	 79700	 7.069660e-03	 1198622.950000	 1198118	 1199226	
100	 79800	 7.103960e-03	 1200313.000000	 1199969	 1200865	
100	 79900	 7.112170e-03	 1201949.530000	 1201622	 1202607	
100	 80000	 7.127160e-03	 1203582.710000	 1203212	 1204018	
100	 80100	 7.160750e-03	 1205238.430000	 1204835	 1205754	
100	 80200	 7.141160e-03	 1206908.190000	 1206610	 1207372	
100	 80300	 7.143920e-03	 1208566.730000	 1208127	 1208918	
100	 80400	 7.149780e-03	 1210200.750000	 1209741	 1210603	
100	 80500	 7.163830e-03	 1211857.830000	 1211435	 1212300	
100	 80600	 7.176720e-03	 1213483.460000	 1213091	 1213843	
100	 80700	 7.174450e-03	 1215128.900000	 1214774	 1215454	
100	 80800	 7.193180e-03	 1216831.990000	 1216326	 1217273	
100	 80900	 7.169810e-03	 1218467.930000	 1218194	 1218862	
100	 81000	 7.178490e-03	 1220129.090000	 1219688	 1220641	
100	 81100	 7.206570e-03	 1221725.800000	 1221273	 1222086	
100	 81200	 7.212640e-03	 1223430.440000	 1222981	 1223857	
100	 81300	 7.220490e-03	 1225039.110000	 1224534	 1225521	
100	 81400	 7.223180e-03	 1226726.030000	 1226342	 1227071	
100	 81500	 7.248390e-03	 1228350.530000	 1228008	 1228704	
100	 81600	 7.247940e-03	 1229991.260000	 1229592	 1230466	
100	 81700	 7.256930e-03	 1231669.950000	 1231224	 1232076	
100	 81800	 7.335070e-03	 1233280.980000	 1232789	 1233687	
100	 81900	 7.231740e-03	 1234912.800000	 1234515	 1235286	
100	 82000	 7.243310e-03	 1236629.930000	 1236166	 1237050	
100	 82100	 7.253690e-03	 1238274.670000	 1237862	 1238659	
100	 82200	 7.279090e-03	 1239934.210000	 1239586	 1240328	
100	 82300	 7.298800e-03	 1241567.010000	 1241201	 1241939	
100	 82400	 7.305070e-03	 1243251.900000	 1242659	 1243729	
100	 82500	 7.331790e-03	 1244895.520000	 1244389	 1245498	
100	 82600	 7.340910e-03	 1246559.730000	 1246122	 1246941	
100	 82700	 7.339010e-03	 1248235.280000	 1247799	 1248616	
100	 82800	 7.387470e-03	 1249914.970000	 1249547	 1250294	
100	 82900	 7.355390e-03	 1251555.740000	 1251091	 1251923	
100	 83000	 7.360090e-03	 1253172.450000	 1252766	 1253729	
100	 83100	 7.387410e-03	 1254850.360000	 1254410	 1255210	
100	 83200	 7.402310e-03	 1256525.670000	 1256146	 1256878	
100	 83300	 7.420940e-03	 1258195.740000	 1257811	 1258592	
100	 83400	 7.429810e-03	 1259867.180000	 1259398	 1260240	
100	 83500	 7.437820e-03	 1261509.910000	 1261081	 1262069	
100	 83600	 7.443190e-03	 1263154.650000	 1262821	 1263558	
100	 83700	 7.461500e-03	 1264803.650000	 1264360	 1265245	
100	 83800	 7.478690e-03	 1266495.700000	 1265968	 1266970	
100	 83900	 7.473580e-03	 1268144.570000	 1267763	 1268533	
100	 84000	 7.472530e-03	 1269812.600000	 1269280	 1270120	
100	 84100	 7.498650e-03	 1271434.770000	 1271001	 1271873	
100	 84200	 7.519100e-03	 1273138.500000	 1272717	 1273608	
100	 84300	 7.509860e-03	 1274773.280000	 1274379	 1275353	
100	 84400	 7.522000e-03	 1276455.420000	 1276059	 1276823	
100	 84500	 7.538550e-03	 1278126.480000	 1277743	 1278524	
100	 84600	 7.538420e-03	 1279774.230000	 1279328	 1280173	
100	 84700	 7.530480e-03	 1281455.630000	 1281003	 1281905	
100	 84800	 7.568760e-03	 1283089.110000	 1282651	 1283577	
100	 84900	 7.578230e-03	 1284741.170000	 1284366	 1285320	
100	 85000	 7.592530e-03	 1286420.230000	 1285954	 1286789	
100	 85100	 7.598550e-03	 1288074.390000	 1287686	 1288635	
100	 85200	 7.613450e-03	 1289715.120000	 1289216	 1290121	
100	 85300	 7.608020e-03	 1291422.440000	 1290975	 1291823	
100	 85400	 7.639540e-03	 1293085.800000	 1292622	 1293605	
100	 85500	 7.637080e-03	 1294692.470000	 1294232	 1295262	
100	 85600	 7.653310e-03	 1296337.980000	 1295968	 1296750	
100	 85700	 7.663480e-03	 1298038.230000	 1297656	 1298538	
100	 85800	 7.672720e-03	 1299700.780000	 1299338	 1300096	
100	 85900	 7.680220e-03	 1301352.130000	 1300953	 1301872	
100	 86000	 7.674490e-03	 1302960.590000	 1302267	 1303370	
100	 86100	 7.684830e-03	 1304668.560000	 1304171	 1305026	
100	 86200	 7.710190e-03	 1306323.430000	 1305970	 1306700	
100	 86300	 7.751560e-03	 1307985.750000	 1307475	 1308365	
100	 86400	 7.775390e-03	 1309664.520000	 1309181	 1310127	
100	 86500	 7.780400e-03	 1311309.630000	 1310880	 1311744	
100	 86600	 7.776500e-03	 1312998.700000	 1312569	 1313357	
100	 86700	 7.804010e-03	 1314669.330000	 1314288	 1315138	
100	 86800	 7.800210e-03	 1316293.730000	 1315756	 1316731	
100	 86900	 7.820000e-03	 1317962.510000	 1317544	 1318359	
100	 87000	 7.817240e-03	 1319654.620000	 1319285	 1320110	
100	 87100	 7.840140e-03	 1321307.210000	 1320836	 1321845	
100	 87200	 7.846120e-03	 1322922.630000	 1322528	 1323383	
100	 87300	 7.833880e-03	 1324621.930000	 1324112	 1325118	
100	 87400	 7.860020e-03	 1326289.580000	 1325778	 1326649	
100	 87500	 7.855260e-03	 1327955.670000	 1327467	 1328319	
100	 87600	 7.885180e-03	 1329619.850000	 1329078	 1329973	
100	 87700	 7.899390e-03	 1331286.610000	 1330854	 1331668	
100	 87800	 7.907570e-03	 1332915.130000	 1332526	 1333428	
100	 87900	 7.919530e-03	 1334571.400000	 1334070	 1335060	
100	 88000	 7.942830e-03	 1336230.730000	 1335773	 1336756	
100	 88100	 7.972530e-03	 1337953.920000	 1337563	 1338429	
100	 88200	 7.955570e-03	 1339572.790000	 1339081	 1340031	
100	 88300	 7.959100e-03	 1341239.010000	 1340656	 1341868	
100	 88400	 7.981700e-03	 1342870.300000	 1342449	 1343272	
100	 88500	 7.952850e-03	 1344534.540000	 1344091	 1344958	
100	 88600	 7.994830e-03	 1346244.220000	 1345855	 1346636	
100	 88700	 8.004850e-03	 1347888.470000	 1347451	 1348307	
100	 88800	 7.990980e-03	 1349532.130000	 1349131	 1349933	
100	 88900	 7.987490e-03	 1351226.660000	 1350684	 1351861	
100	 89000	 8.020320e-03	 1352907.810000	 1352525	 1353493	
100	 89100	 8.024140e-03	 1354509.970000	 1354071	 1354865	
100	 89200	 8.032960e-03	 1356191.170000	 1355755	 1356734	
100	 89300	 8.003730e-03	 1357856.820000	 1357414	 1358382	
100	 89400	 8.045310e-03	 1359531.160000	 1359054	 1360025	
100	 89500	 8.033170e-03	 1361185.450000	 1360720	 1361708	
100	 89600	 8.066950e-03	 1362858.910000	 1362361	 1363249	
100	 89700	 8.086240e-03	 1364492.080000	 1364005	 1364922	
100	 89800	 8.093720e-03	 1366153.940000	 1365782	 1366535	
100	 89900	 8.100600e-03	 1367837.270000	 1367368	 1368387	
100	 90000	 8.079150e-03	 1369479.480000	 1368842	 1370148	
100	 90100	 8.086460e-03	 1371147.780000	 1370721	 1371559	
100	 90200	 8.110220e-03	 1372812.230000	 1372303	 1373204	
100	 90300	 8.129870e-03	 1374505.940000	 1374097	 1375035	
100	 90400	 8.129870e-03	 1376150.950000	 1375677	 1376586	
100	 90500	 8.153780e-03	 1377807.080000	 1377298	 1378212	
100	 90600	 8.144700e-03	 1379467.860000	 1379055	 1379890	
100	 90700	 8.179220e-03	 1381165.640000	 1380714	 1381693	
100	 90800	 8.199520e-03	 1382799.260000	 1382354	 1383193	
100	 90900	 8.231000e-03	 1384437.620000	 1384028	 1384941	
100	 91000	 8.194930e-03	 1386137.010000	 1385743	 1386461	
100	 91100	 8.206650e-03	 1387769.190000	 1387226	 1388223	
100	 91200	 8.220410e-03	 1389458.140000	 1389139	 1389841	
100	 91300	 8.206750e-03	 1391134.240000	 1390787	 1391488	
100	 91400	 8.235580e-03	 1392779.290000	 1392172	 1393183	
100	 91500	 8.243690e-03	 1394470.890000	 1393933	 1394940	
100	 91600	 8.271300e-03	 1396107.630000	 1395573	 1396441	
100	 91700	 8.264600e-03	 1397774.070000	 1397294	 1398299	
100	 91800	 8.314840e-03	 1399440.750000	 1399026	 1399885	
100	 91900	 8.277680e-03	 1401108.820000	 1400693	 1401510	
100	 92000	 8.290990e-03	 1402768.300000	 1402309	 1403157	
100	 92100	 8.298640e-03	 1404439.470000	 1403921	 1405056	
100	 92200	 8.300570e-03	 1406138.990000	 1405615	 1406549	
100	 92300	 8.300590e-03	 1407825.500000	 1407288	 1408334	
100	 92400	 8.303840e-03	 1409435.680000	 1409004	 1409950	
100	 92500	 8.320360e-03	 1411133.230000	 1410496	 1411573	
100	 92600	 8.360450e-03	 1412767.000000	 1412001	 1413492	
100	 92700	 8.412400e-03	 1414435.760000	 1413980	 1415039	
100	 92800	 8.372020e-03	 1416097.100000	 1415511	 1416609	
100	 92900	 8.393400e-03	 1417764.160000	 1417302	 1418358	
100	 93000	 8.407110e-03	 1419436.650000	 1419036	 1420047	
100	 93100	 8.396100e-03	 1421103.270000	 1420580	 1421513	
100	 93200	 8.428260e-03	 1422765.130000	 1422345	 1423093	
100	 93300	 8.353580e-03	 1424395.560000	 1423900	 1424894	
100	 93400	 8.354320e-03	 1426090.630000	 1425478	 1426604	
100	 93500	 8.438920e-03	 1427790.260000	 1427471	 1428149	
100	 93600	 8.392970e-03	 1429439.440000	 1429056	 1429993	
100	 93700	 8.702620e-03	 1431091.240000	 1430549	 1431523	
100	 93800	 8.619370e-03	 1432751.310000	 1432377	 1433214	
100	 93900	 8.721990e-03	 1434426.970000	 1433960	 1434824	
100	 94000	 8.762880e-03	 1436081.300000	 1435636	 1436550	
100	 94100	 8.717590e-03	 1437766.540000	 1437386	 1438200	
100	 94200	 8.483270e-03	 1439388.460000	 1438929	 1439996	
100	 94300	 8.543880e-03	 1441085.000000	 1440601	 1441526	
100	 94400	 8.495280e-03	 1442774.740000	 1442274	 1443178	
100	 94500	 8.518220e-03	 1444422.900000	 1443909	 1444981	
100	 94600	 8.574050e-03	 1446057.470000	 1445564	 1446564	
100	 94700	 8.508200e-03	 1447780.350000	 1447306	 1448239	
100	 94800	 8.539860e-03	 1449383.780000	 1449012	 1449848	
100	 94900	 8.540280e-03	 1451078.570000	 1450537	 1451545	
100	 95000	 8.542560e-03	 1452728.800000	 1452225	 1453200	
100	 95100	 8.600190e-03	 1454415.770000	 1453994	 1455030	
100	 95200	 8.559540e-03	 1456093.170000	 1455655	 1456440	
100	 95300	 8.598110e-03	 1457752.270000	 1457225	 1458169	
100	 95400	 8.617030e-03	 1459402.670000	 1458855	 1459845	
100	 95500	 8.594570e-03	 1461087.320000	 1460668	 1461619	
100	 95600	 8.639230e-03	 1462723.040000	 1462234	 1463269	
100	 95700	 8.592160e-03	 1464422.240000	 1464071	 1465039	
100	 95800	 8.586880e-03	 1466050.470000	 1465553	 1466441	
100	 95900	 8.617440e-03	 1467741.910000	 1467183	 1468145	
100	 96000	 8.603900e-03	 1469411.210000	 1468937	 1469964	
100	 96100	 8.642920e-03	 1471059.390000	 1470661	 1471621	
100	 96200	 8.657320e-03	 1472748.340000	 1472198	 1473042	
100	 96300	 8.655100e-03	 1474422.310000	 1473929	 1474961	
100	 96400	 8.659790e-03	 1476083.290000	 1475654	 1476525	
100	 96500	 8.672170e-03	 1477749.280000	 1477285	 1478146	
100	 96600	 8.697680e-03	 1479406.760000	 1478879	 1479884	
100	 96700	 8.681090e-03	 1481101.430000	 1480432	 1481551	
100	 96800	 8.703720e-03	 1482773.700000	 1482373	 1483286	
100	 96900	 8.705240e-03	 1484417.900000	 1483972	 1484925	
100	 97000	 8.711410e-03	 1486075.650000	 1485607	 1486532	
100	 97100	 8.723170e-03	 1487729.880000	 1487352	 1488105	
100	 97200	 8.712380e-03	 1489400.790000	 1488829	 1489843	
100	 97300	 8.713820e-03	 1491055.410000	 1490669	 1491519	
100	 97400	 8.730120e-03	 1492699.970000	 1492176	 1493117	
100	 97500	 8.744090e-03	 1494418.350000	 1494057	 1495022	
100	 97600	 8.749710e-03	 1496078.530000	 1495569	 1496424	
100	 97700	 8.764540e-03	 1497723.340000	 1497262	 1498097	
100	 97800	 8.791560e-03	 1499395.460000	 1498882	 1499923	
100	 97900	 8.771120e-03	 1501046.840000	 1500638	 1501828	
100	 98000	 8.784720e-03	 1502774.160000	 1502355	 1503129	
100	 98100	 8.785870e-03	 1504415.830000	 1504010	 1504839	
100	 98200	 8.793530e-03	 1506059.840000	 1505533	 1506515	
100	 98300	 8.797480e-03	 1507730.590000	 1507312	 1508183	
100	 98400	 8.795710e-03	 1509408.260000	 1508939	 1509815	
100	 98500	 8.829410e-03	 1511086.230000	 1510619	 1511536	
100	 98600	 8.824630e-03	 1512795.250000	 1512368	 1513183	
100	 98700	 8.859450e-03	 1514491.580000	 1514022	 1514834	
100	 98800	 8.892290e-03	 1516156.010000	 1515619	 1516645	
100	 98900	 8.872040e-03	 1517851.990000	 1517424	 1518385	
100	 99000	 8.962420e-03	 1519526.390000	 1519056	 1519902	
100	 99100	 8.928090e-03	 1521255.270000	 1520808	 1521604	
100	 99200	 8.931370e-03	 1522887.780000	 1522480	 1523368	
100	 99300	 8.948870e-03	 1524585.970000	 1524162	 1524981	
100	 99400	 8.931670e-03	 1526268.980000	 1525532	 1526718	
100	 99500	 8.951320e-03	 1527943.090000	 1527601	 1528414	
100	 99600	 8.965390e-03	 1529637.480000	 1529089	 1530171	
100	 99700	 9.163820e-03	 1531326.080000	 1530914	 1531825	
100	 99800	 8.983330e-03	 1532998.820000	 1532576	 1533373	
100	 99900	 8.975990e-03	 1534716.020000	 1534259	 1535139	
100	 100000	 9.009070e-03	 1536365.370000	 1535817	 1536832	
