100	 1000	 5.608000e-05	 11087.490000	 9919	 14159	
100	 1100	 6.190000e-05	 12399.560000	 11145	 15350	
100	 1200	 6.461000e-05	 13606.880000	 12259	 16126	
100	 1300	 6.799000e-05	 14841.680000	 13703	 18177	
100	 1400	 7.968000e-05	 16270.650000	 14773	 18338	
100	 1500	 7.679000e-05	 17718.060000	 16120	 20546	
100	 1600	 9.611000e-05	 19027.110000	 17022	 21897	
100	 1700	 9.633000e-05	 20492.830000	 18754	 25052	
100	 1800	 9.414000e-05	 21923.820000	 19826	 25897	
100	 1900	 1.038000e-04	 23498.610000	 21239	 28244	
100	 2000	 1.193900e-04	 24497.450000	 22287	 28268	
100	 2100	 1.250100e-04	 26121.340000	 23793	 29476	
100	 2200	 1.237000e-04	 27318.700000	 24931	 32371	
100	 2300	 1.286300e-04	 28917.990000	 26370	 35053	
100	 2400	 1.360100e-04	 30588.770000	 27582	 36879	
100	 2500	 1.413900e-04	 31991.430000	 28747	 36757	
100	 2600	 1.514900e-04	 33482.660000	 30279	 38734	
100	 2700	 1.608700e-04	 34904.320000	 32342	 41238	
100	 2800	 1.673900e-04	 36472.780000	 32834	 43995	
100	 2900	 1.692900e-04	 38247.150000	 34729	 43135	
100	 3000	 1.811100e-04	 39765.010000	 36162	 47291	
100	 3100	 1.758800e-04	 40813.810000	 36979	 46551	
100	 3200	 1.854400e-04	 42325.610000	 39217	 49460	
100	 3300	 1.957400e-04	 44330.440000	 40317	 51549	
100	 3400	 1.985700e-04	 45522.140000	 41465	 54144	
100	 3500	 2.053000e-04	 47298.610000	 42731	 54807	
100	 3600	 2.110800e-04	 48849.010000	 44909	 60512	
100	 3700	 2.199700e-04	 50077.740000	 46143	 57833	
100	 3800	 2.313200e-04	 51840.670000	 47498	 59219	
100	 3900	 2.330600e-04	 53307.380000	 49686	 63817	
100	 4000	 2.367400e-04	 55014.540000	 50638	 62854	
100	 4100	 2.473200e-04	 56675.070000	 52117	 66073	
100	 4200	 2.474100e-04	 58700.760000	 53845	 66380	
100	 4300	 2.511200e-04	 59557.520000	 55286	 68984	
100	 4400	 2.565500e-04	 61600.150000	 56892	 75344	
100	 4500	 2.646100e-04	 63044.140000	 58523	 75155	
100	 4600	 2.727400e-04	 64643.250000	 58857	 75546	
100	 4700	 2.773700e-04	 66610.750000	 61600	 76886	
100	 4800	 2.823700e-04	 67404.940000	 61190	 74556	
100	 4900	 2.896200e-04	 69303.810000	 63414	 81753	
100	 5000	 2.925600e-04	 70757.260000	 66346	 80552	
100	 5100	 2.950900e-04	 72466.840000	 67114	 81257	
100	 5200	 3.080800e-04	 74394.160000	 67653	 84871	
100	 5300	 3.281100e-04	 75552.480000	 70276	 84016	
100	 5400	 3.218800e-04	 77706.290000	 70567	 90069	
100	 5500	 3.318900e-04	 78992.310000	 73530	 89715	
100	 5600	 3.486600e-04	 80731.710000	 74433	 91409	
100	 5700	 3.366900e-04	 82476.690000	 76271	 92532	
100	 5800	 3.595700e-04	 84385.730000	 77671	 98609	
100	 5900	 3.595600e-04	 85666.390000	 76710	 99597	
100	 6000	 3.592800e-04	 87995.180000	 80517	 101033	
100	 6100	 3.614800e-04	 88641.580000	 80795	 99118	
100	 6200	 3.725000e-04	 90786.160000	 83490	 100898	
100	 6300	 3.889500e-04	 92307.010000	 85256	 102364	
100	 6400	 3.834600e-04	 93813.540000	 86376	 114557	
100	 6500	 3.849900e-04	 95428.860000	 88212	 107009	
100	 6600	 4.033700e-04	 97235.930000	 90361	 110362	
100	 6700	 4.089100e-04	 98184.280000	 91166	 111245	
100	 6800	 4.002900e-04	 101454.260000	 94045	 114488	
100	 6900	 4.265300e-04	 102055.620000	 94528	 118850	
100	 7000	 4.188700e-04	 103437.940000	 94621	 116503	
100	 7100	 4.277500e-04	 106266.480000	 95824	 120904	
100	 7200	 4.324500e-04	 107773.170000	 99143	 125619	
100	 7300	 4.373700e-04	 110003.960000	 102432	 124970	
100	 7400	 4.370800e-04	 110079.150000	 101832	 121562	
100	 7500	 4.482300e-04	 113130.230000	 103753	 130640	
100	 7600	 4.480400e-04	 113960.410000	 104812	 134579	
100	 7700	 4.590700e-04	 115670.020000	 108004	 133179	
100	 7800	 4.652500e-04	 117310.280000	 108838	 130453	
100	 7900	 4.745700e-04	 119098.620000	 109792	 131386	
100	 8000	 4.729200e-04	 121998.670000	 111967	 139863	
100	 8100	 4.803700e-04	 123648.950000	 113132	 152773	
100	 8200	 4.828100e-04	 124368.410000	 114859	 147482	
100	 8300	 4.905500e-04	 125771.290000	 116966	 143512	
100	 8400	 5.001700e-04	 128070.880000	 119212	 142881	
100	 8500	 5.046600e-04	 129682.580000	 120290	 153763	
100	 8600	 5.106700e-04	 131637.110000	 120519	 147590	
100	 8700	 5.176700e-04	 133739.080000	 122767	 152642	
100	 8800	 5.299600e-04	 135721.770000	 126496	 156358	
100	 8900	 5.421600e-04	 136992.290000	 124200	 153418	
100	 9000	 5.371300e-04	 138337.130000	 128194	 153943	
100	 9100	 5.459300e-04	 140892.190000	 131886	 158146	
100	 9200	 5.491100e-04	 141754.260000	 129809	 160612	
100	 9300	 5.563800e-04	 143032.340000	 132870	 164966	
100	 9400	 5.670600e-04	 144793.180000	 132946	 163923	
100	 9500	 5.689900e-04	 146896.090000	 135410	 167248	
100	 9600	 5.714400e-04	 148624.070000	 137432	 160241	
100	 9700	 5.894700e-04	 150311.830000	 139176	 166241	
100	 9800	 5.843800e-04	 152058.930000	 142095	 175147	
100	 9900	 5.940500e-04	 153097.830000	 140511	 179977	
100	 10000	 5.979200e-04	 156471.860000	 144305	 175711	
100	 10100	 6.074400e-04	 158026.500000	 145321	 176120	
100	 10200	 6.122300e-04	 159236.580000	 147667	 181042	
100	 10300	 6.169200e-04	 161558.810000	 147926	 187985	
100	 10400	 6.248300e-04	 162526.640000	 151189	 181985	
100	 10500	 6.432800e-04	 165204.130000	 153528	 184421	
100	 10600	 6.353900e-04	 167685.360000	 154548	 185124	
100	 10700	 6.417100e-04	 168331.950000	 155823	 187819	
100	 10800	 6.467200e-04	 170795.490000	 158526	 198264	
100	 10900	 6.574700e-04	 170880.130000	 156994	 196431	
100	 11000	 6.634700e-04	 172146.410000	 161062	 203762	
100	 11100	 6.704500e-04	 176299.150000	 162604	 193095	
100	 11200	 6.789400e-04	 175683.310000	 161818	 189073	
100	 11300	 6.827100e-04	 178387.560000	 166944	 202781	
100	 11400	 6.885400e-04	 179341.960000	 167840	 199242	
100	 11500	 6.931900e-04	 182876.910000	 167992	 206586	
100	 11600	 6.983300e-04	 183656.090000	 171498	 206520	
100	 11700	 7.111000e-04	 184883.170000	 170462	 213365	
100	 11800	 7.118500e-04	 187376.890000	 173309	 227399	
100	 11900	 7.247100e-04	 190036.950000	 175289	 221840	
100	 12000	 7.242000e-04	 189859.730000	 176420	 207490	
100	 12100	 7.349600e-04	 194439.160000	 177957	 216185	
100	 12200	 7.437600e-04	 195422.580000	 182453	 235337	
100	 12300	 7.455000e-04	 196240.550000	 185301	 217048	
100	 12400	 7.504200e-04	 198755.280000	 186640	 225529	
100	 12500	 7.628800e-04	 200078.330000	 186539	 214205	
100	 12600	 7.774000e-04	 201922.300000	 190277	 224772	
100	 12700	 7.822300e-04	 205009.540000	 185100	 235531	
100	 12800	 7.862200e-04	 206298.570000	 191809	 232548	
100	 12900	 7.918600e-04	 208184.530000	 193562	 235624	
100	 13000	 8.053100e-04	 209600.220000	 194554	 239487	
100	 13100	 7.992400e-04	 211830.360000	 197796	 233892	
100	 13200	 8.287900e-04	 212382.090000	 200253	 237740	
100	 13300	 8.159500e-04	 213774.360000	 198519	 244993	
100	 13400	 8.197600e-04	 217405.240000	 202377	 261762	
100	 13500	 8.271200e-04	 218345.820000	 204560	 242914	
100	 13600	 8.246100e-04	 221538.630000	 207286	 248772	
100	 13700	 8.401200e-04	 220460.860000	 204960	 250621	
100	 13800	 8.644700e-04	 224139.810000	 207397	 271670	
100	 13900	 8.529900e-04	 226764.880000	 207073	 252176	
100	 14000	 8.645200e-04	 228423.300000	 211162	 259496	
100	 14100	 8.666500e-04	 228113.540000	 208779	 258795	
100	 14200	 8.781300e-04	 229264.090000	 214254	 270933	
100	 14300	 8.842600e-04	 233074.910000	 218550	 258622	
100	 14400	 8.853600e-04	 234389.420000	 217096	 264023	
100	 14500	 8.950100e-04	 236762.300000	 222542	 264417	
100	 14600	 9.014800e-04	 237633.040000	 222028	 281359	
100	 14700	 9.008600e-04	 238708.990000	 222819	 259321	
100	 14800	 9.113600e-04	 242829.000000	 219626	 276450	
100	 14900	 9.350800e-04	 242698.300000	 227141	 270227	
100	 15000	 9.303000e-04	 247220.910000	 230193	 274835	
100	 15100	 9.293700e-04	 247293.720000	 228657	 277467	
100	 15200	 9.408200e-04	 250246.960000	 228865	 289628	
100	 15300	 9.473700e-04	 250508.310000	 229447	 302409	
100	 15400	 9.648700e-04	 254618.700000	 232098	 284698	
100	 15500	 9.623500e-04	 255347.230000	 238464	 292695	
100	 15600	 9.685800e-04	 256189.390000	 234728	 290374	
100	 15700	 9.773800e-04	 259500.200000	 238924	 292990	
100	 15800	 9.745900e-04	 260958.470000	 239583	 299001	
100	 15900	 9.991100e-04	 262730.700000	 242349	 299233	
100	 16000	 9.984600e-04	 264649.390000	 245035	 300530	
100	 16100	 1.000100e-03	 265852.400000	 246580	 314928	
100	 16200	 1.008420e-03	 267403.800000	 247847	 294235	
100	 16300	 1.008230e-03	 270534.970000	 252273	 307336	
100	 16400	 1.034460e-03	 270908.810000	 248592	 313188	
100	 16500	 1.025140e-03	 274542.470000	 253402	 303391	
100	 16600	 1.032780e-03	 276094.340000	 254521	 311322	
100	 16700	 1.036840e-03	 276842.320000	 256952	 301222	
100	 16800	 1.048140e-03	 279829.200000	 259135	 312260	
100	 16900	 1.061690e-03	 281217.050000	 262572	 332051	
100	 17000	 1.061930e-03	 283863.510000	 266786	 323639	
100	 17100	 1.058540e-03	 285611.080000	 265267	 312352	
100	 17200	 1.072030e-03	 287365.560000	 266118	 325870	
100	 17300	 1.082450e-03	 288204.420000	 267430	 313842	
100	 17400	 1.088220e-03	 289882.300000	 270849	 335780	
100	 17500	 1.101960e-03	 293067.100000	 270659	 338271	
100	 17600	 1.098180e-03	 294003.370000	 276220	 324195	
100	 17700	 1.105690e-03	 297614.420000	 273681	 330675	
100	 17800	 1.120430e-03	 298858.780000	 279567	 338157	
100	 17900	 1.119220e-03	 297964.950000	 275235	 358530	
100	 18000	 1.126650e-03	 299257.440000	 281221	 342323	
100	 18100	 1.141850e-03	 301992.800000	 279003	 341524	
100	 18200	 1.143670e-03	 304205.520000	 281378	 338890	
100	 18300	 1.152360e-03	 306571.310000	 286869	 341040	
100	 18400	 1.144520e-03	 307864.260000	 287622	 366881	
100	 18500	 1.162970e-03	 312421.790000	 289993	 346907	
100	 18600	 1.158130e-03	 312375.550000	 289463	 348321	
100	 18700	 1.192410e-03	 318374.150000	 292206	 357062	
100	 18800	 1.187090e-03	 317851.040000	 300223	 353916	
100	 18900	 1.188550e-03	 318637.560000	 293662	 349285	
100	 19000	 1.185320e-03	 320972.670000	 298659	 355874	
100	 19100	 1.211600e-03	 321876.790000	 299575	 352608	
100	 19200	 1.199950e-03	 322823.050000	 302564	 361471	
100	 19300	 1.214450e-03	 324413.110000	 303500	 360000	
100	 19400	 1.217680e-03	 328927.120000	 303579	 370349	
100	 19500	 1.242670e-03	 328386.520000	 307070	 356541	
100	 19600	 1.235180e-03	 328207.530000	 310946	 357072	
100	 19700	 1.242180e-03	 333383.040000	 309849	 369999	
100	 19800	 1.242590e-03	 333669.760000	 310689	 367608	
100	 19900	 1.262280e-03	 337424.840000	 312243	 369573	
100	 20000	 1.265990e-03	 337253.120000	 316549	 373625	
100	 20100	 1.289220e-03	 340895.190000	 319471	 380982	
100	 20200	 1.274860e-03	 344337.010000	 317289	 394251	
100	 20300	 1.286810e-03	 345620.110000	 323340	 374089	
100	 20400	 1.288530e-03	 345651.220000	 320607	 388767	
100	 20500	 1.292620e-03	 350127.430000	 328027	 398078	
100	 20600	 1.302270e-03	 349628.970000	 326201	 380393	
100	 20700	 1.323620e-03	 353895.990000	 327822	 404512	
100	 20800	 1.316050e-03	 354029.310000	 331835	 401887	
100	 20900	 1.316600e-03	 356212.340000	 329841	 391905	
100	 21000	 1.323510e-03	 357586.510000	 329513	 406372	
100	 21100	 1.334310e-03	 358472.840000	 333631	 405402	
100	 21200	 1.339090e-03	 362242.550000	 339549	 396152	
100	 21300	 1.347980e-03	 367241.320000	 339023	 400254	
100	 21400	 1.368260e-03	 364238.770000	 341031	 406995	
100	 21500	 1.358830e-03	 366004.490000	 339872	 418814	
100	 21600	 1.371400e-03	 370253.440000	 347322	 400593	
100	 21700	 1.371920e-03	 369615.490000	 344789	 414677	
100	 21800	 1.387780e-03	 371130.490000	 349858	 413400	
100	 21900	 1.395130e-03	 372718.330000	 347986	 413550	
100	 22000	 1.399480e-03	 378327.760000	 354191	 413982	
100	 22100	 1.407130e-03	 381230.360000	 357952	 443593	
100	 22200	 1.412240e-03	 381058.880000	 351804	 476066	
100	 22300	 1.414000e-03	 382868.210000	 360356	 443038	
100	 22400	 1.418780e-03	 388135.130000	 360271	 424879	
100	 22500	 1.446160e-03	 386589.700000	 362455	 438790	
100	 22600	 1.434890e-03	 388889.930000	 365485	 432180	
100	 22700	 1.444370e-03	 391428.480000	 365062	 454316	
100	 22800	 1.460380e-03	 393116.620000	 368343	 443289	
100	 22900	 1.462410e-03	 396167.790000	 369560	 444901	
100	 23000	 1.464330e-03	 395395.730000	 367883	 430071	
100	 23100	 1.467930e-03	 399238.190000	 372448	 440775	
100	 23200	 1.483520e-03	 399959.610000	 372738	 442026	
100	 23300	 1.483950e-03	 398278.360000	 380105	 440603	
100	 23400	 1.487840e-03	 402995.790000	 367784	 440258	
100	 23500	 1.505680e-03	 408106.650000	 375938	 484851	
100	 23600	 1.510160e-03	 408007.720000	 383238	 452569	
100	 23700	 1.517650e-03	 409605.750000	 383496	 450347	
100	 23800	 1.524200e-03	 410210.220000	 383599	 464303	
100	 23900	 1.523720e-03	 413518.720000	 387243	 469345	
100	 24000	 1.527540e-03	 416489.070000	 389419	 484739	
100	 24100	 1.533530e-03	 419976.640000	 388725	 490651	
100	 24200	 1.551860e-03	 419530.790000	 389654	 487596	
100	 24300	 1.556960e-03	 422975.590000	 396947	 469091	
100	 24400	 1.568820e-03	 421263.700000	 399818	 468615	
100	 24500	 1.567070e-03	 426222.100000	 399745	 465228	
100	 24600	 1.570360e-03	 430121.230000	 396758	 490318	
100	 24700	 1.576890e-03	 429947.950000	 396472	 477278	
100	 24800	 1.597490e-03	 432232.630000	 403473	 490933	
100	 24900	 1.597330e-03	 430345.390000	 398844	 472310	
100	 25000	 1.601110e-03	 434809.490000	 405738	 484106	
100	 25100	 1.618820e-03	 436864.170000	 409185	 520108	
100	 25200	 1.617580e-03	 436829.640000	 411988	 475158	
100	 25300	 1.622770e-03	 441247.020000	 408978	 501495	
100	 25400	 1.636940e-03	 442208.890000	 411076	 497280	
100	 25500	 1.636020e-03	 445467.180000	 418608	 502175	
100	 25600	 1.634180e-03	 448553.010000	 416567	 503545	
100	 25700	 1.653790e-03	 446481.830000	 412670	 492878	
100	 25800	 1.650870e-03	 447279.100000	 416904	 496109	
100	 25900	 1.658280e-03	 456470.610000	 424137	 520032	
100	 26000	 1.679050e-03	 454779.380000	 422853	 512209	
100	 26100	 1.673450e-03	 453669.610000	 416119	 496591	
100	 26200	 1.682150e-03	 458130.840000	 427361	 520808	
100	 26300	 1.706210e-03	 462369.600000	 421329	 555820	
100	 26400	 1.701420e-03	 462303.470000	 430690	 522198	
100	 26500	 1.706150e-03	 462839.250000	 436459	 509473	
100	 26600	 1.709680e-03	 464450.630000	 438515	 511556	
100	 26700	 1.721300e-03	 467541.980000	 438291	 520923	
100	 26800	 1.726090e-03	 468969.600000	 435416	 537768	
100	 26900	 1.738860e-03	 475520.060000	 443103	 559110	
100	 27000	 1.738740e-03	 471440.490000	 442717	 509594	
100	 27100	 1.749980e-03	 477454.350000	 447794	 536414	
100	 27200	 1.758120e-03	 477544.810000	 451251	 522883	
100	 27300	 1.763820e-03	 482104.170000	 449772	 531200	
100	 27400	 1.762130e-03	 486648.420000	 450275	 548892	
100	 27500	 1.775430e-03	 487678.730000	 450364	 553976	
100	 27600	 1.778790e-03	 487634.830000	 459780	 575415	
100	 27700	 1.786330e-03	 486506.150000	 457101	 544400	
100	 27800	 1.801410e-03	 492351.660000	 456295	 545213	
100	 27900	 1.801860e-03	 492127.680000	 460514	 530663	
100	 28000	 1.797240e-03	 495966.640000	 460584	 567667	
100	 28100	 1.820650e-03	 497024.160000	 462687	 559495	
100	 28200	 1.821090e-03	 497042.150000	 456693	 562691	
100	 28300	 1.831120e-03	 499712.230000	 463210	 556485	
100	 28400	 1.839490e-03	 500939.570000	 463258	 540052	
100	 28500	 1.838760e-03	 504491.310000	 468313	 557058	
100	 28600	 1.860210e-03	 503768.210000	 471383	 567156	
100	 28700	 1.857850e-03	 507279.950000	 475924	 572936	
100	 28800	 1.868280e-03	 509153.730000	 470414	 557348	
100	 28900	 1.875660e-03	 508327.940000	 473145	 563558	
100	 29000	 1.877590e-03	 513336.320000	 481226	 580785	
100	 29100	 1.883520e-03	 516013.200000	 479685	 566833	
100	 29200	 1.896960e-03	 522971.200000	 491266	 595364	
100	 29300	 1.895650e-03	 519887.120000	 491973	 597511	
100	 29400	 1.916010e-03	 520893.830000	 490298	 563126	
100	 29500	 1.919650e-03	 526568.200000	 488888	 585921	
100	 29600	 1.935300e-03	 524673.220000	 493241	 568065	
100	 29700	 1.935170e-03	 526512.620000	 495658	 583011	
100	 29800	 1.934600e-03	 530724.180000	 492796	 590246	
100	 29900	 1.958620e-03	 532278.440000	 494981	 592030	
100	 30000	 1.957590e-03	 532986.970000	 503053	 597731	
100	 30100	 1.959120e-03	 534809.150000	 503200	 612876	
100	 30200	 1.969270e-03	 537505.280000	 498906	 599006	
100	 30300	 1.965610e-03	 537519.610000	 504826	 620018	
100	 30400	 1.975200e-03	 538166.310000	 498450	 589184	
100	 30500	 1.980110e-03	 541215.960000	 505487	 595777	
100	 30600	 1.988750e-03	 545724.990000	 505282	 614677	
100	 30700	 2.011150e-03	 546299.410000	 509677	 612724	
100	 30800	 2.012570e-03	 548581.220000	 513286	 613505	
100	 30900	 2.013140e-03	 555330.410000	 517791	 627304	
100	 31000	 2.016830e-03	 555611.910000	 519932	 605977	
100	 31100	 2.020360e-03	 555200.330000	 515895	 615377	
100	 31200	 2.040860e-03	 558915.970000	 518817	 642976	
100	 31300	 2.048960e-03	 564087.750000	 522769	 627639	
100	 31400	 2.046010e-03	 561964.450000	 527983	 624965	
100	 31500	 2.050870e-03	 563074.350000	 528131	 638605	
100	 31600	 2.058680e-03	 569345.930000	 523770	 659649	
100	 31700	 2.081810e-03	 564230.150000	 529437	 614436	
100	 31800	 2.080490e-03	 569222.860000	 527907	 633463	
100	 31900	 2.083480e-03	 571256.550000	 533614	 642351	
100	 32000	 2.089320e-03	 574841.040000	 535169	 644780	
100	 32100	 2.103600e-03	 576855.510000	 534432	 651669	
100	 32200	 2.114670e-03	 575318.290000	 540121	 659765	
100	 32300	 2.113340e-03	 577870.120000	 545628	 633579	
100	 32400	 2.127100e-03	 581335.850000	 545870	 642598	
100	 32500	 2.124480e-03	 583788.980000	 549335	 651230	
100	 32600	 2.134650e-03	 587926.940000	 545731	 683151	
100	 32700	 2.136310e-03	 589783.310000	 549985	 674338	
100	 32800	 2.145270e-03	 589136.500000	 556619	 646392	
100	 32900	 2.171140e-03	 591822.880000	 546266	 658243	
100	 33000	 2.175550e-03	 594683.140000	 555196	 653094	
100	 33100	 2.173800e-03	 592958.180000	 550156	 652133	
100	 33200	 2.173730e-03	 598581.240000	 557647	 698158	
100	 33300	 2.182850e-03	 600181.100000	 557208	 691741	
100	 33400	 2.188590e-03	 602571.790000	 564288	 659197	
100	 33500	 2.191290e-03	 601998.810000	 558529	 669111	
100	 33600	 2.207890e-03	 604455.720000	 565188	 666892	
100	 33700	 2.211430e-03	 605763.220000	 568868	 681769	
100	 33800	 2.223990e-03	 609775.110000	 570441	 689321	
100	 33900	 2.219870e-03	 610788.510000	 576875	 686550	
100	 34000	 2.239980e-03	 613503.190000	 563771	 705645	
100	 34100	 2.235990e-03	 615332.380000	 571794	 660163	
100	 34200	 2.247280e-03	 623936.240000	 578458	 718626	
100	 34300	 2.258330e-03	 620221.180000	 583673	 708698	
100	 34400	 2.257080e-03	 618765.150000	 574234	 676183	
100	 34500	 2.278600e-03	 623364.550000	 583112	 710569	
100	 34600	 2.266060e-03	 624606.460000	 587914	 678539	
100	 34700	 2.288860e-03	 623834.460000	 587211	 725589	
100	 34800	 2.278340e-03	 626530.790000	 579907	 696749	
100	 34900	 2.301440e-03	 629271.330000	 589036	 707573	
100	 35000	 2.297750e-03	 634116.150000	 592907	 723282	
100	 35100	 2.317090e-03	 631591.290000	 597348	 671673	
100	 35200	 2.315330e-03	 638221.360000	 589507	 710162	
100	 35300	 2.319690e-03	 635561.160000	 597252	 683772	
100	 35400	 2.333190e-03	 638586.150000	 598282	 689861	
100	 35500	 2.335530e-03	 636990.930000	 603330	 707100	
100	 35600	 2.350870e-03	 648251.050000	 610139	 717386	
100	 35700	 2.347370e-03	 641080.820000	 603449	 709970	
100	 35800	 2.370440e-03	 648665.570000	 609993	 715511	
100	 35900	 2.365870e-03	 644990.830000	 607124	 724517	
100	 36000	 2.383090e-03	 653031.820000	 612849	 713212	
100	 36100	 2.375070e-03	 655758.490000	 614045	 706423	
100	 36200	 2.395270e-03	 659240.080000	 610575	 726035	
100	 36300	 2.398500e-03	 658560.380000	 615852	 774966	
100	 36400	 2.408850e-03	 658504.450000	 621314	 726549	
100	 36500	 2.410140e-03	 663959.330000	 620189	 729608	
100	 36600	 2.431810e-03	 664017.600000	 629282	 749863	
100	 36700	 2.420390e-03	 666374.500000	 621957	 748268	
100	 36800	 2.427600e-03	 664721.170000	 627726	 776906	
100	 36900	 2.440430e-03	 671339.200000	 624345	 733109	
100	 37000	 2.441020e-03	 672127.820000	 627974	 724951	
100	 37100	 2.449880e-03	 676061.120000	 631862	 770241	
100	 37200	 2.462980e-03	 677794.900000	 632722	 805160	
100	 37300	 2.473430e-03	 677559.040000	 633060	 750023	
100	 37400	 2.475150e-03	 682481.280000	 636386	 747474	
100	 37500	 2.494420e-03	 683994.900000	 633295	 774118	
100	 37600	 2.493900e-03	 681625.910000	 636812	 773388	
100	 37700	 2.505890e-03	 686475.740000	 640730	 752132	
100	 37800	 2.486220e-03	 688486.190000	 647097	 748669	
100	 37900	 2.518720e-03	 691709.710000	 651716	 753556	
100	 38000	 2.519810e-03	 695410.810000	 645845	 803503	
100	 38100	 2.545520e-03	 695504.370000	 654632	 755386	
100	 38200	 2.535200e-03	 698237.270000	 653802	 781997	
100	 38300	 2.549510e-03	 703495.800000	 652604	 771358	
100	 38400	 2.539310e-03	 708192.570000	 663160	 771145	
100	 38500	 2.564500e-03	 706620.190000	 668201	 803422	
100	 38600	 2.571410e-03	 708512.130000	 662310	 833331	
100	 38700	 2.579520e-03	 708171.630000	 658553	 763532	
100	 38800	 2.563480e-03	 709051.910000	 657235	 774667	
100	 38900	 2.593830e-03	 707294.730000	 665903	 783211	
100	 39000	 2.579800e-03	 711701.920000	 666964	 775641	
100	 39100	 2.604930e-03	 714667.970000	 677771	 793367	
100	 39200	 2.603430e-03	 718586.970000	 660372	 779399	
100	 39300	 2.609500e-03	 715375.380000	 667880	 804849	
100	 39400	 2.612610e-03	 719648.730000	 678608	 778686	
100	 39500	 2.630010e-03	 726365.170000	 676913	 808731	
100	 39600	 2.647360e-03	 728165.680000	 676806	 826152	
100	 39700	 2.663250e-03	 729327.080000	 677118	 820749	
100	 39800	 2.655570e-03	 729180.040000	 680890	 808838	
100	 39900	 2.653260e-03	 729558.910000	 681105	 868425	
100	 40000	 2.681140e-03	 734464.500000	 687187	 847064	
100	 40100	 2.664970e-03	 735809.620000	 689860	 839989	
100	 40200	 2.685870e-03	 739938.120000	 697567	 819594	
100	 40300	 2.683900e-03	 737318.080000	 688058	 852659	
100	 40400	 2.692540e-03	 745176.550000	 691695	 825361	
100	 40500	 2.698240e-03	 745062.020000	 697664	 858745	
100	 40600	 2.720090e-03	 745932.730000	 706112	 838754	
100	 40700	 2.704520e-03	 748000.080000	 706338	 833412	
100	 40800	 2.737800e-03	 751073.160000	 707989	 861474	
100	 40900	 2.721360e-03	 753024.020000	 699915	 837529	
100	 41000	 2.731410e-03	 758784.330000	 710361	 874282	
100	 41100	 2.753720e-03	 750757.640000	 706573	 827827	
100	 41200	 2.754680e-03	 761260.260000	 716376	 889274	
100	 41300	 2.753980e-03	 762742.720000	 711778	 837772	
100	 41400	 2.765130e-03	 761831.230000	 716759	 854651	
100	 41500	 2.775550e-03	 763088.060000	 708983	 833885	
100	 41600	 2.769020e-03	 766219.700000	 713754	 859127	
100	 41700	 2.805610e-03	 767785.640000	 720159	 863573	
100	 41800	 2.795190e-03	 768512.780000	 722865	 859023	
100	 41900	 2.809550e-03	 772251.870000	 714141	 824947	
100	 42000	 2.814810e-03	 778050.160000	 733889	 903030	
100	 42100	 2.810200e-03	 776365.230000	 724727	 847435	
100	 42200	 2.824720e-03	 781458.210000	 719321	 885675	
100	 42300	 2.824230e-03	 776199.340000	 736273	 842386	
100	 42400	 2.837890e-03	 778455.430000	 719455	 909691	
100	 42500	 2.826330e-03	 782273.490000	 734162	 838314	
100	 42600	 2.868530e-03	 787785.010000	 731010	 882388	
100	 42700	 2.860390e-03	 793768.650000	 741158	 909384	
100	 42800	 2.867320e-03	 793886.790000	 733662	 874693	
100	 42900	 2.888900e-03	 790978.210000	 735957	 881158	
100	 43000	 2.883600e-03	 797790.550000	 743279	 892256	
100	 43100	 2.899290e-03	 797449.730000	 743471	 916077	
100	 43200	 2.893100e-03	 803256.810000	 737051	 901017	
100	 43300	 2.902640e-03	 802032.090000	 747135	 929760	
100	 43400	 2.902390e-03	 807610.650000	 758437	 898167	
100	 43500	 2.930530e-03	 805143.650000	 753693	 884632	
100	 43600	 2.930530e-03	 808235.450000	 763874	 875834	
100	 43700	 2.927440e-03	 809528.140000	 756364	 896755	
100	 43800	 2.943740e-03	 809953.800000	 757162	 878140	
100	 43900	 2.940480e-03	 811673.340000	 763138	 887386	
100	 44000	 2.964280e-03	 817222.360000	 761665	 896802	
100	 44100	 2.965980e-03	 819693.020000	 763019	 912700	
100	 44200	 2.969610e-03	 818312.300000	 765282	 907176	
100	 44300	 2.981470e-03	 821273.290000	 762594	 914947	
100	 44400	 2.982880e-03	 819285.150000	 763166	 915859	
100	 44500	 2.994170e-03	 824511.040000	 768544	 966532	
100	 44600	 2.995790e-03	 824526.700000	 766449	 908685	
100	 44700	 3.011030e-03	 825373.400000	 776183	 918965	
100	 44800	 3.016420e-03	 827700.480000	 783290	 887386	
100	 44900	 3.024290e-03	 834511.420000	 781650	 917199	
100	 45000	 3.028120e-03	 835533.460000	 790958	 960598	
100	 45100	 3.023430e-03	 841477.970000	 782995	 930144	
100	 45200	 3.043820e-03	 838710.760000	 784547	 946719	
100	 45300	 3.053620e-03	 845733.850000	 797618	 920616	
100	 45400	 3.056560e-03	 838766.300000	 790155	 928025	
100	 45500	 3.069140e-03	 841025.190000	 789371	 930550	
100	 45600	 3.065060e-03	 846280.600000	 789574	 949596	
100	 45700	 3.082500e-03	 852259.050000	 793039	 927698	
100	 45800	 3.093140e-03	 850902.320000	 800930	 934375	
100	 45900	 3.080080e-03	 854735.870000	 802625	 927007	
100	 46000	 3.115570e-03	 860263.580000	 802063	 948840	
100	 46100	 3.101280e-03	 855572.980000	 806468	 947190	
100	 46200	 3.107060e-03	 862924.470000	 800081	 966311	
100	 46300	 3.135150e-03	 863102.360000	 799876	 975018	
100	 46400	 3.119110e-03	 859801.130000	 815160	 942456	
100	 46500	 3.141230e-03	 860801.650000	 809467	 952854	
100	 46600	 3.150600e-03	 874297.440000	 817990	 952526	
100	 46700	 3.140000e-03	 876866.550000	 816347	 990743	
100	 46800	 3.154280e-03	 870771.720000	 821210	 996509	
100	 46900	 3.166940e-03	 881247.320000	 818907	 961295	
100	 47000	 3.164850e-03	 878478.620000	 835309	 978326	
100	 47100	 3.187710e-03	 878957.310000	 828935	 971561	
100	 47200	 3.185730e-03	 881925.350000	 819812	 991308	
100	 47300	 3.199610e-03	 884125.750000	 830374	 987491	
100	 47400	 3.200430e-03	 886589.930000	 820982	 995322	
100	 47500	 3.210530e-03	 889165.710000	 843479	 1005079	
100	 47600	 3.231220e-03	 887860.800000	 836894	 1023863	
100	 47700	 3.223270e-03	 891782.340000	 831772	 971322	
100	 47800	 3.220910e-03	 897984.600000	 825616	 1035009	
100	 47900	 3.245240e-03	 895381.000000	 834811	 965251	
100	 48000	 3.244750e-03	 900172.460000	 847882	 980683	
100	 48100	 3.260160e-03	 903300.160000	 842005	 1003295	
100	 48200	 3.259870e-03	 906918.000000	 843994	 1035451	
100	 48300	 3.259090e-03	 902153.280000	 845235	 985413	
100	 48400	 3.280590e-03	 909575.640000	 843958	 1028829	
100	 48500	 3.289490e-03	 912910.680000	 854425	 996447	
100	 48600	 3.285400e-03	 908039.530000	 848839	 985348	
100	 48700	 3.300110e-03	 911390.780000	 853544	 1050576	
100	 48800	 3.297890e-03	 915226.760000	 854497	 1005640	
100	 48900	 3.305610e-03	 920176.490000	 867088	 1022594	
100	 49000	 3.323310e-03	 920186.830000	 863724	 1008144	
100	 49100	 3.317130e-03	 917663.700000	 846745	 1031458	
100	 49200	 3.333110e-03	 921932.380000	 877989	 1020736	
100	 49300	 3.338130e-03	 929076.330000	 865933	 1051598	
100	 49400	 3.337420e-03	 925251.870000	 873062	 1017235	
100	 49500	 3.354120e-03	 927020.330000	 876482	 1067574	
100	 49600	 3.370270e-03	 928072.190000	 869898	 1052684	
100	 49700	 3.392340e-03	 937441.130000	 878660	 1030496	
100	 49800	 3.383760e-03	 933653.940000	 876696	 1035110	
100	 49900	 3.390510e-03	 936666.370000	 871644	 1018238	
100	 50000	 3.381970e-03	 939245.990000	 882198	 1006996	
100	 50100	 3.395510e-03	 935074.290000	 870183	 1005777	
100	 50200	 3.416990e-03	 947419.910000	 895334	 1032626	
100	 50300	 3.405310e-03	 944209.640000	 883223	 1105762	
100	 50400	 3.433980e-03	 952013.970000	 908392	 1050021	
100	 50500	 3.448570e-03	 952767.840000	 895766	 1027533	
100	 50600	 3.434350e-03	 951040.050000	 901018	 1045280	
100	 50700	 3.444080e-03	 961684.530000	 906034	 1073399	
100	 50800	 3.457280e-03	 964492.360000	 893456	 1057572	
100	 50900	 3.455420e-03	 959018.200000	 885039	 1068054	
100	 51000	 3.476330e-03	 960171.910000	 902163	 1045561	
100	 51100	 3.468820e-03	 959407.250000	 897967	 1103563	
100	 51200	 3.483860e-03	 967101.760000	 910128	 1083717	
100	 51300	 3.490110e-03	 963718.640000	 902631	 1048288	
100	 51400	 3.515330e-03	 973700.070000	 914758	 1070759	
100	 51500	 3.506970e-03	 963753.770000	 900468	 1079393	
100	 51600	 3.511170e-03	 971961.700000	 916178	 1066907	
100	 51700	 3.527100e-03	 976208.500000	 920534	 1059542	
100	 51800	 3.524550e-03	 978546.740000	 908959	 1084178	
100	 51900	 3.529420e-03	 979391.600000	 916006	 1095515	
100	 52000	 3.539750e-03	 979721.030000	 919593	 1105970	
100	 52100	 3.548440e-03	 982235.860000	 918874	 1081989	
100	 52200	 3.551870e-03	 987679.080000	 921716	 1081990	
100	 52300	 3.555570e-03	 983883.570000	 925781	 1059910	
100	 52400	 3.583070e-03	 993046.730000	 933409	 1105953	
100	 52500	 3.581170e-03	 985519.450000	 928995	 1058933	
100	 52600	 3.602970e-03	 994263.720000	 927462	 1105316	
100	 52700	 3.611570e-03	 988565.520000	 925114	 1138457	
100	 52800	 3.614780e-03	 1000941.470000	 944291	 1182187	
100	 52900	 3.614960e-03	 1000550.880000	 947295	 1097179	
100	 53000	 3.609000e-03	 998756.200000	 948063	 1082339	
100	 53100	 3.629450e-03	 1001840.530000	 935746	 1113226	
100	 53200	 3.626100e-03	 1006750.380000	 949450	 1116440	
100	 53300	 3.637510e-03	 1006652.640000	 949316	 1109699	
100	 53400	 3.660780e-03	 1008931.400000	 932062	 1191126	
100	 53500	 3.661280e-03	 1012687.500000	 946916	 1095373	
100	 53600	 3.656400e-03	 1014509.770000	 957942	 1103300	
100	 53700	 3.663650e-03	 1016391.690000	 939943	 1106141	
100	 53800	 3.679960e-03	 1021420.790000	 938322	 1137906	
100	 53900	 3.674770e-03	 1017633.430000	 960536	 1141294	
100	 54000	 3.680080e-03	 1018632.330000	 952848	 1147111	
100	 54100	 3.704230e-03	 1028824.110000	 969002	 1168365	
100	 54200	 3.705100e-03	 1028716.650000	 966420	 1146749	
100	 54300	 3.712020e-03	 1029583.120000	 977102	 1142461	
100	 54400	 3.714190e-03	 1027529.110000	 967069	 1146823	
100	 54500	 3.727720e-03	 1030885.630000	 964836	 1141755	
100	 54600	 3.721950e-03	 1037682.100000	 946206	 1160387	
100	 54700	 3.743050e-03	 1040532.940000	 968883	 1196534	
100	 54800	 3.745880e-03	 1039512.780000	 971771	 1108737	
100	 54900	 3.756490e-03	 1037460.710000	 969507	 1156570	
100	 55000	 3.771960e-03	 1044557.350000	 975960	 1183828	
100	 55100	 3.768490e-03	 1045627.790000	 972684	 1159579	
100	 55200	 3.782040e-03	 1051603.330000	 983043	 1183113	
100	 55300	 3.793780e-03	 1049595.580000	 994713	 1196586	
100	 55400	 3.792530e-03	 1052208.250000	 985593	 1142936	
100	 55500	 3.789170e-03	 1056951.900000	 976946	 1139568	
100	 55600	 3.811940e-03	 1055532.780000	 1002717	 1167282	
100	 55700	 3.802520e-03	 1056618.600000	 993695	 1224397	
100	 55800	 3.829990e-03	 1061518.760000	 995886	 1209061	
100	 55900	 3.821490e-03	 1062583.690000	 998843	 1236677	
100	 56000	 3.839260e-03	 1071988.250000	 1003550	 1242665	
100	 56100	 3.861320e-03	 1068468.640000	 998758	 1225448	
100	 56200	 3.851460e-03	 1066079.200000	 1003609	 1161275	
100	 56300	 3.853610e-03	 1064878.270000	 1002076	 1232359	
100	 56400	 3.855240e-03	 1074958.720000	 988548	 1192244	
100	 56500	 3.882400e-03	 1071567.780000	 1015759	 1167935	
100	 56600	 3.884430e-03	 1076461.610000	 1005569	 1171140	
100	 56700	 3.882200e-03	 1078580.150000	 1008456	 1225759	
100	 56800	 3.900200e-03	 1084777.090000	 1021717	 1244550	
100	 56900	 3.913390e-03	 1090969.130000	 1022675	 1211372	
100	 57000	 3.915440e-03	 1081773.750000	 1023690	 1197282	
100	 57100	 3.924500e-03	 1092184.390000	 1018236	 1202409	
100	 57200	 3.952630e-03	 1092025.060000	 1027887	 1217926	
100	 57300	 3.941700e-03	 1088852.330000	 1015030	 1173811	
100	 57400	 3.942010e-03	 1094653.040000	 1028609	 1235125	
100	 57500	 3.936170e-03	 1101372.230000	 1031223	 1219969	
100	 57600	 3.945750e-03	 1092249.010000	 1028739	 1169085	
100	 57700	 3.958110e-03	 1094752.040000	 1037563	 1183923	
100	 57800	 3.971200e-03	 1107342.030000	 1045328	 1190613	
100	 57900	 3.982000e-03	 1107035.590000	 1030476	 1209858	
100	 58000	 4.001430e-03	 1113026.200000	 1051209	 1218715	
100	 58100	 4.005070e-03	 1109531.090000	 1041542	 1215608	
100	 58200	 4.014680e-03	 1115227.520000	 1042132	 1260964	
100	 58300	 4.004650e-03	 1102277.280000	 1044225	 1183805	
100	 58400	 4.016840e-03	 1115649.090000	 1046089	 1216270	
100	 58500	 4.022250e-03	 1113349.360000	 1047100	 1272457	
100	 58600	 4.030920e-03	 1121730.990000	 1047693	 1251797	
100	 58700	 4.047890e-03	 1124763.130000	 1068189	 1222586	
100	 58800	 4.057290e-03	 1127638.100000	 1055549	 1237117	
100	 58900	 4.055430e-03	 1128805.860000	 1051843	 1262803	
100	 59000	 4.057220e-03	 1129640.100000	 1072169	 1302207	
100	 59100	 4.084560e-03	 1129587.490000	 1064863	 1329578	
100	 59200	 4.070410e-03	 1133659.740000	 1064911	 1267471	
100	 59300	 4.085570e-03	 1138958.040000	 1069495	 1287790	
100	 59400	 4.085340e-03	 1133176.850000	 1072272	 1243796	
100	 59500	 4.085150e-03	 1136582.150000	 1065865	 1266602	
100	 59600	 4.098420e-03	 1138667.860000	 1072023	 1211641	
100	 59700	 4.115520e-03	 1138127.560000	 1061735	 1240684	
100	 59800	 4.104770e-03	 1147366.790000	 1066335	 1285718	
100	 59900	 4.115060e-03	 1145706.060000	 1085173	 1237565	
100	 60000	 4.121150e-03	 1148862.920000	 1089049	 1267673	
100	 60100	 4.151370e-03	 1158020.690000	 1093681	 1317843	
100	 60200	 4.145020e-03	 1153045.580000	 1077640	 1259765	
100	 60300	 4.170320e-03	 1161440.500000	 1094726	 1269852	
100	 60400	 4.171670e-03	 1155527.230000	 1087842	 1253601	
100	 60500	 4.171050e-03	 1160372.050000	 1091322	 1239575	
100	 60600	 4.173880e-03	 1160048.280000	 1076536	 1278887	
100	 60700	 4.198900e-03	 1169520.550000	 1088362	 1318059	
100	 60800	 4.183900e-03	 1167801.660000	 1094742	 1317516	
100	 60900	 4.207440e-03	 1166474.310000	 1096097	 1381497	
100	 61000	 4.203500e-03	 1170030.160000	 1104458	 1298892	
100	 61100	 4.209120e-03	 1171657.190000	 1093704	 1269398	
100	 61200	 4.223360e-03	 1182381.360000	 1108648	 1295243	
100	 61300	 4.234220e-03	 1174575.450000	 1108894	 1315548	
100	 61400	 4.232520e-03	 1183590.820000	 1087902	 1308883	
100	 61500	 4.258260e-03	 1178276.590000	 1115435	 1385161	
100	 61600	 4.250830e-03	 1180809.910000	 1109543	 1336177	
100	 61700	 4.250580e-03	 1181909.950000	 1104137	 1323777	
100	 61800	 4.273080e-03	 1180863.680000	 1118649	 1355428	
100	 61900	 4.272370e-03	 1190996.430000	 1111574	 1333937	
100	 62000	 4.299820e-03	 1197565.200000	 1125803	 1295936	
100	 62100	 4.297590e-03	 1194551.730000	 1119798	 1317122	
100	 62200	 4.301950e-03	 1198260.460000	 1127378	 1329640	
100	 62300	 4.298250e-03	 1203378.120000	 1124872	 1297803	
100	 62400	 4.328460e-03	 1202033.680000	 1129158	 1368801	
100	 62500	 4.321970e-03	 1206516.570000	 1127261	 1336988	
100	 62600	 4.318260e-03	 1205610.390000	 1121648	 1350983	
100	 62700	 4.345300e-03	 1211188.130000	 1127658	 1321172	
100	 62800	 4.346760e-03	 1214706.130000	 1141833	 1305010	
100	 62900	 4.375680e-03	 1214642.420000	 1143249	 1327699	
100	 63000	 4.344550e-03	 1215079.080000	 1132064	 1360739	
100	 63100	 4.373950e-03	 1220870.120000	 1135531	 1414618	
100	 63200	 4.379540e-03	 1214589.170000	 1145303	 1341996	
100	 63300	 4.388190e-03	 1220711.130000	 1143032	 1314942	
100	 63400	 4.378940e-03	 1215470.560000	 1139073	 1328228	
100	 63500	 4.398150e-03	 1226974.010000	 1150662	 1370103	
100	 63600	 4.392700e-03	 1234870.900000	 1162087	 1339693	
100	 63700	 4.399060e-03	 1227663.250000	 1153726	 1377907	
100	 63800	 4.410470e-03	 1227645.810000	 1162438	 1357331	
100	 63900	 4.437070e-03	 1229921.380000	 1149590	 1363123	
100	 64000	 4.420400e-03	 1237691.770000	 1159399	 1347412	
100	 64100	 4.456900e-03	 1235953.360000	 1173550	 1365985	
100	 64200	 4.440610e-03	 1239450.080000	 1143013	 1334260	
100	 64300	 4.466330e-03	 1247210.160000	 1163040	 1399875	
100	 64400	 4.460010e-03	 1241855.230000	 1158682	 1411469	
100	 64500	 4.451840e-03	 1243431.760000	 1174214	 1345918	
100	 64600	 4.465260e-03	 1248680.250000	 1174980	 1362076	
100	 64700	 4.473660e-03	 1248977.630000	 1182256	 1382175	
100	 64800	 4.496360e-03	 1253882.870000	 1174520	 1350428	
100	 64900	 4.505340e-03	 1261365.520000	 1156186	 1429907	
100	 65000	 4.516140e-03	 1258668.970000	 1173539	 1418477	
100	 65100	 4.515670e-03	 1262370.290000	 1179422	 1404555	
100	 65200	 4.535330e-03	 1262118.410000	 1171047	 1370769	
100	 65300	 4.522470e-03	 1260995.280000	 1185510	 1396529	
100	 65400	 4.557950e-03	 1263038.000000	 1174973	 1388738	
100	 65500	 4.538990e-03	 1267627.120000	 1189791	 1382413	
100	 65600	 4.557440e-03	 1265015.950000	 1191178	 1376969	
100	 65700	 4.555830e-03	 1266279.070000	 1196744	 1378350	
100	 65800	 4.579210e-03	 1277476.450000	 1197244	 1460947	
100	 65900	 4.585090e-03	 1283462.540000	 1199352	 1419833	
100	 66000	 4.585150e-03	 1279836.620000	 1204685	 1481078	
100	 66100	 4.578610e-03	 1280462.030000	 1200748	 1417349	
100	 66200	 4.592500e-03	 1283422.080000	 1209844	 1440119	
100	 66300	 4.609680e-03	 1282535.210000	 1194889	 1391499	
100	 66400	 4.600220e-03	 1285410.260000	 1223029	 1411128	
100	 66500	 4.626320e-03	 1290151.280000	 1211318	 1417533	
100	 66600	 4.630640e-03	 1285787.980000	 1194870	 1440556	
100	 66700	 4.631870e-03	 1289776.500000	 1219813	 1430726	
100	 66800	 4.640630e-03	 1298562.720000	 1211082	 1466647	
100	 66900	 4.651740e-03	 1298845.710000	 1214373	 1414848	
100	 67000	 4.655460e-03	 1298976.820000	 1218034	 1439579	
100	 67100	 4.664310e-03	 1304042.030000	 1227954	 1452228	
100	 67200	 4.660020e-03	 1301401.610000	 1225533	 1422657	
100	 67300	 4.674060e-03	 1300755.360000	 1236276	 1460868	
100	 67400	 4.700080e-03	 1299129.940000	 1223354	 1414612	
100	 67500	 4.699190e-03	 1303374.660000	 1222832	 1392221	
100	 67600	 4.707040e-03	 1314762.430000	 1225831	 1482726	
100	 67700	 4.706430e-03	 1315115.710000	 1231780	 1450213	
100	 67800	 4.720710e-03	 1312812.400000	 1223212	 1427528	
100	 67900	 4.724630e-03	 1326459.520000	 1235208	 1450656	
100	 68000	 4.762070e-03	 1317616.350000	 1242342	 1469167	
100	 68100	 4.738980e-03	 1323736.880000	 1245859	 1409196	
100	 68200	 4.757690e-03	 1325380.140000	 1249691	 1555995	
100	 68300	 4.745790e-03	 1322615.700000	 1246327	 1421343	
100	 68400	 4.759890e-03	 1324978.610000	 1245220	 1468410	
100	 68500	 4.751790e-03	 1336851.290000	 1268867	 1462986	
100	 68600	 4.769820e-03	 1333711.900000	 1260851	 1453461	
100	 68700	 4.796490e-03	 1330015.110000	 1257326	 1554677	
100	 68800	 4.797140e-03	 1335582.450000	 1255318	 1524190	
100	 68900	 4.808810e-03	 1333925.700000	 1268569	 1431405	
100	 69000	 4.812410e-03	 1336971.090000	 1255852	 1469151	
100	 69100	 4.841280e-03	 1346067.610000	 1247959	 1521169	
100	 69200	 4.840560e-03	 1340501.720000	 1272523	 1516290	
100	 69300	 4.831610e-03	 1344422.840000	 1271642	 1441243	
100	 69400	 4.844000e-03	 1348089.480000	 1264768	 1542717	
100	 69500	 4.854950e-03	 1348780.460000	 1280097	 1495724	
100	 69600	 4.847930e-03	 1351580.680000	 1287434	 1461962	
100	 69700	 4.970030e-03	 1361555.870000	 1278069	 1516142	
100	 69800	 4.864610e-03	 1362368.690000	 1276218	 1593727	
100	 69900	 4.876930e-03	 1365076.400000	 1287964	 1479414	
100	 70000	 4.876510e-03	 1359575.470000	 1278889	 1483244	
100	 70100	 4.921690e-03	 1360402.680000	 1270446	 1472785	
100	 70200	 4.886610e-03	 1361724.980000	 1286760	 1493960	
100	 70300	 4.908510e-03	 1359979.340000	 1271389	 1489245	
100	 70400	 4.899600e-03	 1371320.380000	 1296971	 1518481	
100	 70500	 4.912430e-03	 1377011.320000	 1296879	 1618259	
100	 70600	 4.913960e-03	 1378645.250000	 1277821	 1557197	
100	 70700	 4.930340e-03	 1374087.320000	 1294260	 1495036	
100	 70800	 4.955550e-03	 1382445.760000	 1305106	 1578216	
100	 70900	 4.949480e-03	 1377159.950000	 1305005	 1527585	
100	 71000	 4.961830e-03	 1385767.160000	 1293769	 1546956	
100	 71100	 4.976800e-03	 1389569.680000	 1290558	 1586179	
100	 71200	 4.967080e-03	 1387602.410000	 1308424	 1497461	
100	 71300	 4.982980e-03	 1389259.920000	 1307351	 1510985	
100	 71400	 4.986490e-03	 1394975.020000	 1318824	 1536307	
100	 71500	 5.009740e-03	 1401188.280000	 1303469	 1524080	
100	 71600	 4.992290e-03	 1392563.030000	 1298068	 1624968	
100	 71700	 5.010020e-03	 1388935.440000	 1315049	 1507653	
100	 71800	 5.017770e-03	 1400902.620000	 1315254	 1556043	
100	 71900	 5.020140e-03	 1408107.630000	 1328044	 1603226	
100	 72000	 5.044390e-03	 1400550.110000	 1299492	 1544735	
100	 72100	 5.036720e-03	 1401824.920000	 1325896	 1599035	
100	 72200	 5.059280e-03	 1406356.630000	 1316236	 1555380	
100	 72300	 5.060220e-03	 1414156.920000	 1332480	 1563270	
100	 72400	 5.054940e-03	 1419957.990000	 1323473	 1638441	
100	 72500	 5.072160e-03	 1418306.680000	 1338635	 1509232	
100	 72600	 5.076910e-03	 1412399.450000	 1341110	 1572156	
100	 72700	 5.079090e-03	 1414005.790000	 1323016	 1664103	
100	 72800	 5.092970e-03	 1423954.530000	 1342305	 1570510	
100	 72900	 5.109760e-03	 1430012.720000	 1341652	 1558334	
100	 73000	 5.099350e-03	 1421120.380000	 1337458	 1581758	
100	 73100	 5.113260e-03	 1428716.810000	 1356183	 1623235	
100	 73200	 5.116280e-03	 1426510.350000	 1347280	 1601246	
100	 73300	 5.133410e-03	 1438148.650000	 1339100	 1679149	
100	 73400	 5.142580e-03	 1439155.280000	 1347266	 1690648	
100	 73500	 5.159640e-03	 1435877.210000	 1348317	 1557898	
100	 73600	 5.154780e-03	 1444751.820000	 1353562	 1558295	
100	 73700	 5.182400e-03	 1443128.230000	 1342536	 1557117	
100	 73800	 5.158660e-03	 1441411.640000	 1365479	 1626508	
100	 73900	 5.177200e-03	 1452260.170000	 1371420	 1570227	
100	 74000	 5.194100e-03	 1454590.310000	 1350986	 1578517	
100	 74100	 5.186580e-03	 1453147.600000	 1378665	 1591900	
100	 74200	 5.213910e-03	 1456524.250000	 1377366	 1580067	
100	 74300	 5.209170e-03	 1461135.260000	 1359573	 1572889	
100	 74400	 5.215120e-03	 1451402.280000	 1362533	 1597314	
100	 74500	 5.222400e-03	 1466947.910000	 1373591	 1597563	
100	 74600	 5.221140e-03	 1459644.250000	 1379963	 1606031	
100	 74700	 5.240760e-03	 1465997.020000	 1388658	 1693395	
100	 74800	 5.237610e-03	 1466151.200000	 1391348	 1572851	
100	 74900	 5.274550e-03	 1468878.150000	 1374598	 1656141	
100	 75000	 5.269740e-03	 1477637.440000	 1394642	 1645287	
100	 75100	 5.263890e-03	 1471319.450000	 1374973	 1580207	
100	 75200	 5.276790e-03	 1472476.520000	 1387222	 1588777	
100	 75300	 5.290870e-03	 1475530.840000	 1363094	 1642569	
100	 75400	 5.284970e-03	 1470233.220000	 1391107	 1587348	
100	 75500	 5.305430e-03	 1477524.910000	 1390077	 1641023	
100	 75600	 5.291610e-03	 1481315.450000	 1392177	 1659222	
100	 75700	 5.306350e-03	 1487025.440000	 1406422	 1618767	
100	 75800	 5.331060e-03	 1485453.560000	 1403093	 1671360	
100	 75900	 5.306940e-03	 1492642.320000	 1399396	 1650018	
100	 76000	 5.331820e-03	 1492079.280000	 1412506	 1617831	
100	 76100	 5.344480e-03	 1493098.380000	 1404700	 1681196	
100	 76200	 5.344380e-03	 1505831.510000	 1420071	 1742215	
100	 76300	 5.362350e-03	 1493018.440000	 1395977	 1685683	
100	 76400	 5.368560e-03	 1500312.430000	 1403170	 1647280	
100	 76500	 5.370730e-03	 1506442.110000	 1410486	 1661766	
100	 76600	 5.384470e-03	 1515286.660000	 1433743	 1695824	
100	 76700	 5.386670e-03	 1500045.930000	 1415323	 1736243	
100	 76800	 5.380910e-03	 1506675.360000	 1409735	 1627151	
100	 76900	 5.411410e-03	 1507841.780000	 1422828	 1622993	
100	 77000	 5.402840e-03	 1513003.430000	 1413164	 1705116	
100	 77100	 5.419590e-03	 1516041.760000	 1431122	 1720347	
100	 77200	 5.438150e-03	 1516678.980000	 1414657	 1637084	
100	 77300	 5.440030e-03	 1522448.740000	 1443380	 1685918	
100	 77400	 5.443340e-03	 1525885.470000	 1423300	 1804447	
100	 77500	 5.455940e-03	 1527099.750000	 1438671	 1721176	
100	 77600	 5.455300e-03	 1522879.900000	 1447003	 1661856	
100	 77700	 5.476260e-03	 1540169.160000	 1452448	 1674413	
100	 77800	 5.470700e-03	 1535218.010000	 1438681	 1665567	
100	 77900	 5.473650e-03	 1518687.610000	 1423803	 1629587	
100	 78000	 5.491980e-03	 1523790.100000	 1434396	 1642351	
100	 78100	 5.486070e-03	 1528358.320000	 1441168	 1678500	
100	 78200	 5.502560e-03	 1535701.630000	 1418804	 1722301	
100	 78300	 5.502490e-03	 1539758.930000	 1446441	 1675578	
100	 78400	 5.499440e-03	 1545848.270000	 1459364	 1673422	
100	 78500	 5.524770e-03	 1538084.770000	 1455592	 1669970	
100	 78600	 5.539360e-03	 1541112.630000	 1448283	 1650524	
100	 78700	 5.551890e-03	 1556323.890000	 1450649	 1731372	
100	 78800	 5.531610e-03	 1543533.100000	 1444282	 1733632	
100	 78900	 5.548050e-03	 1544828.820000	 1465235	 1695304	
100	 79000	 5.557430e-03	 1564693.410000	 1442272	 1735547	
100	 79100	 5.570360e-03	 1561641.310000	 1450286	 1746221	
100	 79200	 5.575500e-03	 1568481.660000	 1459871	 1707181	
100	 79300	 5.582990e-03	 1554488.970000	 1464368	 1724992	
100	 79400	 5.627830e-03	 1568537.060000	 1469838	 1723187	
100	 79500	 5.595700e-03	 1570124.550000	 1463158	 1759645	
100	 79600	 5.597450e-03	 1570705.080000	 1480507	 1773415	
100	 79700	 5.619400e-03	 1567810.830000	 1483772	 1786084	
100	 79800	 5.610090e-03	 1573214.000000	 1486558	 1731800	
100	 79900	 5.640250e-03	 1577654.600000	 1482463	 1727864	
100	 80000	 5.654110e-03	 1577464.730000	 1460259	 1762555	
100	 80100	 5.640050e-03	 1583099.180000	 1489397	 1793765	
100	 80200	 5.647850e-03	 1583131.800000	 1495626	 1721569	
100	 80300	 5.675330e-03	 1586376.690000	 1476599	 1775174	
100	 80400	 5.672240e-03	 1598921.340000	 1501462	 1752698	
100	 80500	 5.675610e-03	 1588690.030000	 1496461	 1737895	
100	 80600	 5.699510e-03	 1587499.510000	 1506852	 1748481	
100	 80700	 5.689890e-03	 1594253.280000	 1501171	 1782522	
100	 80800	 5.712060e-03	 1599799.750000	 1511084	 1763265	
100	 80900	 5.715660e-03	 1600636.870000	 1516818	 1752339	
100	 81000	 5.704670e-03	 1601998.860000	 1484723	 1812905	
100	 81100	 5.721210e-03	 1597965.680000	 1501777	 1746315	
100	 81200	 5.739850e-03	 1602006.320000	 1512555	 1735936	
100	 81300	 5.711400e-03	 1604744.520000	 1509917	 1726663	
100	 81400	 5.735050e-03	 1606043.980000	 1514335	 1805532	
100	 81500	 5.767130e-03	 1612319.060000	 1516291	 1856063	
100	 81600	 5.761260e-03	 1603715.840000	 1497964	 1781290	
100	 81700	 5.775190e-03	 1618035.550000	 1533605	 1746017	
100	 81800	 5.781850e-03	 1613854.980000	 1515819	 1776272	
100	 81900	 5.770500e-03	 1617092.060000	 1523326	 1833555	
100	 82000	 5.797770e-03	 1616743.630000	 1521321	 1827441	
100	 82100	 5.798150e-03	 1618385.690000	 1535080	 1762232	
100	 82200	 5.811270e-03	 1622789.390000	 1523116	 1764619	
100	 82300	 5.817810e-03	 1622421.080000	 1519824	 1810808	
100	 82400	 5.825400e-03	 1627467.540000	 1541493	 1825238	
100	 82500	 5.838790e-03	 1640884.010000	 1549087	 1749937	
100	 82600	 5.843250e-03	 1633531.750000	 1504014	 1848073	
100	 82700	 5.846730e-03	 1638612.950000	 1551392	 1799681	
100	 82800	 5.845610e-03	 1635680.300000	 1535459	 1785689	
100	 82900	 5.841190e-03	 1643196.140000	 1522185	 1833871	
100	 83000	 5.900280e-03	 1645459.590000	 1545234	 1865431	
100	 83100	 5.881210e-03	 1653956.000000	 1529554	 1762429	
100	 83200	 5.885130e-03	 1643657.930000	 1536706	 1800336	
100	 83300	 5.889890e-03	 1656768.820000	 1557568	 1821113	
100	 83400	 5.889000e-03	 1653278.740000	 1545045	 1866645	
100	 83500	 5.908250e-03	 1664265.290000	 1555760	 1845546	
100	 83600	 5.915450e-03	 1652436.570000	 1558099	 1826579	
100	 83700	 5.943870e-03	 1670207.660000	 1575096	 1831227	
100	 83800	 5.946800e-03	 1666574.310000	 1563880	 1947859	
100	 83900	 5.949200e-03	 1669535.110000	 1581984	 1898190	
100	 84000	 5.950700e-03	 1658607.810000	 1571228	 1860596	
100	 84100	 5.953440e-03	 1676162.210000	 1572937	 1931438	
100	 84200	 5.947110e-03	 1673409.530000	 1574161	 1854628	
100	 84300	 5.971630e-03	 1670228.390000	 1582508	 1912580	
100	 84400	 5.967790e-03	 1661288.760000	 1565852	 1797077	
100	 84500	 5.981760e-03	 1677725.210000	 1590823	 1835235	
100	 84600	 5.996400e-03	 1679873.000000	 1568933	 1876767	
100	 84700	 6.013500e-03	 1675617.500000	 1582732	 1856196	
100	 84800	 6.001580e-03	 1678031.970000	 1600224	 1904341	
100	 84900	 6.005900e-03	 1678490.140000	 1577975	 1880936	
100	 85000	 6.019090e-03	 1674010.700000	 1588187	 1789117	
100	 85100	 6.026650e-03	 1692270.970000	 1598806	 1919004	
100	 85200	 6.043930e-03	 1688124.480000	 1600650	 1813262	
100	 85300	 6.040080e-03	 1695668.310000	 1609441	 1847598	
100	 85400	 6.058280e-03	 1700139.160000	 1617942	 1860615	
100	 85500	 6.043080e-03	 1686075.570000	 1580486	 1837603	
100	 85600	 6.059290e-03	 1701456.490000	 1595596	 1915071	
100	 85700	 6.064710e-03	 1698498.970000	 1605926	 1843095	
100	 85800	 6.073460e-03	 1704581.640000	 1605680	 1840100	
100	 85900	 6.080750e-03	 1708154.740000	 1594657	 1898656	
100	 86000	 6.102290e-03	 1718655.900000	 1601629	 1883070	
100	 86100	 6.092760e-03	 1700327.670000	 1603554	 1916585	
100	 86200	 6.103600e-03	 1712528.050000	 1612646	 1936094	
100	 86300	 6.128930e-03	 1714672.640000	 1621083	 1868290	
100	 86400	 6.127600e-03	 1712634.640000	 1600779	 1843189	
100	 86500	 6.121130e-03	 1709705.090000	 1608139	 1824499	
100	 86600	 6.153710e-03	 1731191.260000	 1624026	 1880230	
100	 86700	 6.156880e-03	 1728243.010000	 1608629	 1937348	
100	 86800	 6.170690e-03	 1727300.720000	 1620795	 1973390	
100	 86900	 6.160690e-03	 1728446.800000	 1631794	 1884015	
100	 87000	 6.170160e-03	 1731679.280000	 1637396	 2013863	
100	 87100	 6.197500e-03	 1730699.150000	 1620418	 1930277	
100	 87200	 6.188750e-03	 1737130.780000	 1640218	 1897844	
100	 87300	 6.194480e-03	 1739579.640000	 1662794	 1906660	
100	 87400	 6.199680e-03	 1741833.850000	 1628267	 1890848	
100	 87500	 6.211390e-03	 1747176.480000	 1620864	 1966811	
100	 87600	 6.221040e-03	 1749497.880000	 1654022	 2021417	
100	 87700	 6.216050e-03	 1745847.760000	 1645270	 1908315	
100	 87800	 6.228690e-03	 1748822.290000	 1650137	 1952526	
100	 87900	 6.247580e-03	 1751013.290000	 1640434	 1878575	
100	 88000	 6.238530e-03	 1756095.540000	 1660366	 1982924	
100	 88100	 6.270740e-03	 1756987.590000	 1644777	 2017192	
100	 88200	 6.262990e-03	 1750242.170000	 1645317	 1938457	
100	 88300	 6.273400e-03	 1762881.100000	 1638324	 1948722	
100	 88400	 6.272970e-03	 1760427.190000	 1644495	 1927364	
100	 88500	 6.289110e-03	 1764918.520000	 1658776	 2059114	
100	 88600	 6.306780e-03	 1763607.280000	 1652402	 1885924	
100	 88700	 6.299340e-03	 1767317.840000	 1669534	 1890287	
100	 88800	 6.303400e-03	 1769968.330000	 1674086	 2032597	
100	 88900	 6.325470e-03	 1776855.000000	 1648323	 1954932	
100	 89000	 6.328530e-03	 1779601.670000	 1681729	 2018640	
100	 89100	 6.335280e-03	 1788455.320000	 1664999	 1980437	
100	 89200	 6.324940e-03	 1784381.350000	 1680089	 1937757	
100	 89300	 6.347980e-03	 1790239.770000	 1696092	 2090754	
100	 89400	 6.357630e-03	 1774622.890000	 1667004	 1929767	
100	 89500	 6.377700e-03	 1789132.240000	 1674644	 1950461	
100	 89600	 6.369890e-03	 1798527.580000	 1698244	 1983215	
100	 89700	 6.395210e-03	 1786706.330000	 1687102	 1947323	
100	 89800	 6.386570e-03	 1781696.700000	 1694597	 1951987	
100	 89900	 6.386480e-03	 1788218.030000	 1668232	 1977079	
100	 90000	 6.383260e-03	 1794137.340000	 1674176	 1952441	
100	 90100	 6.430250e-03	 1808096.070000	 1713479	 2007975	
100	 90200	 6.420480e-03	 1805982.560000	 1686318	 1971238	
100	 90300	 6.415910e-03	 1807035.060000	 1700206	 2089632	
100	 90400	 6.421230e-03	 1805672.840000	 1703727	 1990759	
100	 90500	 6.429860e-03	 1809964.750000	 1708056	 2006833	
100	 90600	 6.448690e-03	 1816269.060000	 1707872	 1991099	
100	 90700	 6.472680e-03	 1806446.500000	 1706527	 2068331	
100	 90800	 6.449160e-03	 1813935.030000	 1709808	 1998328	
100	 90900	 6.484730e-03	 1820098.830000	 1715719	 2125302	
100	 91000	 6.473630e-03	 1818404.850000	 1725580	 2052549	
100	 91100	 6.496740e-03	 1821933.550000	 1723664	 2119828	
100	 91200	 6.472950e-03	 1824259.760000	 1727731	 1972401	
100	 91300	 6.525640e-03	 1833866.280000	 1724772	 2071373	
100	 91400	 6.508370e-03	 1827747.810000	 1715688	 1999549	
100	 91500	 6.518960e-03	 1834341.210000	 1727100	 2008834	
100	 91600	 6.517930e-03	 1832227.970000	 1731028	 2090016	
100	 91700	 6.540690e-03	 1826364.560000	 1737532	 2018146	
100	 91800	 6.547780e-03	 1841158.890000	 1722907	 2030869	
100	 91900	 6.518670e-03	 1828937.010000	 1743111	 1939251	
100	 92000	 6.567330e-03	 1849692.160000	 1741967	 2040803	
100	 92100	 6.572340e-03	 1848864.330000	 1739113	 2023959	
100	 92200	 6.598910e-03	 1841818.870000	 1733669	 1983819	
100	 92300	 6.586230e-03	 1855637.690000	 1762062	 2085764	
100	 92400	 6.583780e-03	 1854294.200000	 1729578	 2056049	
100	 92500	 6.593270e-03	 1859276.920000	 1742219	 2017471	
100	 92600	 6.605510e-03	 1860868.040000	 1713233	 2047595	
100	 92700	 6.615600e-03	 1860287.930000	 1729735	 2015239	
100	 92800	 6.623090e-03	 1861460.520000	 1761835	 2028959	
100	 92900	 6.636060e-03	 1865874.950000	 1744629	 2029874	
100	 93000	 6.622160e-03	 1865209.520000	 1755964	 2094100	
100	 93100	 6.637810e-03	 1859119.040000	 1732168	 2065855	
100	 93200	 6.636880e-03	 1873583.690000	 1762142	 2121539	
100	 93300	 6.652250e-03	 1865505.080000	 1741093	 2095130	
100	 93400	 6.659370e-03	 1874292.330000	 1785800	 2031467	
100	 93500	 6.678440e-03	 1872496.540000	 1766396	 2152729	
100	 93600	 6.676440e-03	 1887178.650000	 1774195	 2165600	
100	 93700	 6.670130e-03	 1882220.390000	 1760060	 2224401	
100	 93800	 6.671980e-03	 1880384.150000	 1775057	 2105876	
100	 93900	 6.698190e-03	 1882513.320000	 1795518	 2037313	
100	 94000	 6.734510e-03	 1880393.240000	 1784203	 2138787	
100	 94100	 7.221460e-03	 1898989.280000	 1776215	 2110576	
100	 94200	 7.252380e-03	 1898276.920000	 1778979	 2149219	
100	 94300	 7.329390e-03	 1898425.980000	 1781550	 2082938	
100	 94400	 7.479320e-03	 1887981.020000	 1781473	 2050580	
100	 94500	 7.027720e-03	 1888241.320000	 1789220	 2003395	
100	 94600	 6.969490e-03	 1905882.110000	 1801154	 2053123	
100	 94700	 6.965450e-03	 1901675.230000	 1787790	 2047381	
100	 94800	 6.943320e-03	 1902951.000000	 1793467	 2085818	
100	 94900	 7.131460e-03	 1910683.060000	 1822191	 2081359	
100	 95000	 6.984730e-03	 1913955.480000	 1789548	 2102474	
100	 95100	 6.976860e-03	 1912662.100000	 1787190	 2249134	
100	 95200	 7.007510e-03	 1909416.480000	 1802394	 2135712	
100	 95300	 7.023120e-03	 1912615.980000	 1796946	 2140755	
100	 95400	 6.960390e-03	 1911359.090000	 1822243	 2050285	
100	 95500	 7.214820e-03	 1922821.490000	 1815922	 2082460	
100	 95600	 6.825890e-03	 1913798.650000	 1794369	 2103663	
100	 95700	 6.839880e-03	 1925996.930000	 1831691	 2144493	
100	 95800	 6.876430e-03	 1934978.350000	 1811937	 2115017	
100	 95900	 6.829910e-03	 1923185.850000	 1830470	 2181793	
100	 96000	 6.859340e-03	 1924263.880000	 1797091	 2104948	
100	 96100	 6.859000e-03	 1927096.700000	 1819522	 2058482	
100	 96200	 6.897920e-03	 1934779.890000	 1806465	 2188968	
100	 96300	 6.862960e-03	 1930422.500000	 1826341	 2072112	
100	 96400	 6.883410e-03	 1938560.150000	 1819539	 2177762	
100	 96500	 6.876100e-03	 1944806.500000	 1829091	 2167769	
100	 96600	 6.900560e-03	 1937322.310000	 1836286	 2107384	
100	 96700	 6.907330e-03	 1937691.380000	 1810401	 2134672	
100	 96800	 6.919920e-03	 1951307.450000	 1834009	 2165629	
100	 96900	 6.920220e-03	 1949200.270000	 1818589	 2124967	
100	 97000	 6.932750e-03	 1940688.100000	 1823111	 2065198	
100	 97100	 6.935600e-03	 1947854.930000	 1855252	 2176779	
100	 97200	 6.959670e-03	 1949989.050000	 1837713	 2129105	
100	 97300	 6.969580e-03	 1957707.100000	 1835958	 2228600	
100	 97400	 6.956130e-03	 1955164.690000	 1835283	 2133861	
100	 97500	 6.978260e-03	 1961411.260000	 1868199	 2196195	
100	 97600	 6.982450e-03	 1960022.280000	 1843945	 2143427	
100	 97700	 6.980540e-03	 1971845.310000	 1843475	 2175912	
100	 97800	 6.991950e-03	 1958685.180000	 1854640	 2138872	
100	 97900	 7.004190e-03	 1972147.400000	 1857276	 2209140	
100	 98000	 7.004240e-03	 1968402.200000	 1844305	 2108161	
100	 98100	 7.007990e-03	 1977573.320000	 1875998	 2127095	
100	 98200	 7.034930e-03	 1978379.580000	 1865945	 2184723	
100	 98300	 7.039300e-03	 1973877.480000	 1862788	 2159249	
100	 98400	 7.056790e-03	 1986401.100000	 1866860	 2145422	
100	 98500	 7.061110e-03	 1975118.850000	 1853748	 2166930	
100	 98600	 7.055430e-03	 1997553.420000	 1881196	 2249151	
100	 98700	 7.059650e-03	 1984722.670000	 1887022	 2133648	
100	 98800	 7.098830e-03	 2002966.760000	 1916221	 2228744	
100	 98900	 7.081060e-03	 1984462.650000	 1857722	 2216057	
100	 99000	 7.092350e-03	 1981264.000000	 1868769	 2124327	
100	 99100	 7.100900e-03	 1990763.690000	 1865749	 2147364	
100	 99200	 7.102610e-03	 1997977.580000	 1874192	 2134547	
100	 99300	 7.112510e-03	 2008577.870000	 1902047	 2272780	
100	 99400	 7.120030e-03	 2002494.340000	 1885596	 2207586	
100	 99500	 7.130310e-03	 2005585.850000	 1892672	 2286953	
100	 99600	 7.105330e-03	 2011074.710000	 1880634	 2196174	
100	 99700	 7.140150e-03	 1993582.660000	 1875992	 2173142	
100	 99800	 7.160540e-03	 2002247.260000	 1893220	 2257500	
100	 99900	 7.139820e-03	 2010415.180000	 1891543	 2216927	
100	 100000	 7.152110e-03	 2017855.490000	 1910368	 2170383	
