100	 1000	 6.747000e-05	 10942.950000	 9694	 13537	
100	 1100	 6.067000e-05	 12173.940000	 11022	 14779	
100	 1200	 6.527000e-05	 13572.730000	 12096	 14982	
100	 1300	 7.013000e-05	 14932.200000	 13622	 18390	
100	 1400	 7.175000e-05	 16281.510000	 14587	 19352	
100	 1500	 7.556000e-05	 17770.930000	 16365	 20367	
100	 1600	 8.110000e-05	 19020.620000	 17235	 21847	
100	 1700	 8.545000e-05	 20618.360000	 18530	 24493	
100	 1800	 9.948000e-05	 21693.550000	 19717	 26657	
100	 1900	 1.013900e-04	 23546.520000	 21424	 28649	
100	 2000	 1.092200e-04	 24757.140000	 22402	 28934	
100	 2100	 1.129100e-04	 26282.460000	 23601	 32708	
100	 2200	 1.136600e-04	 27500.490000	 25202	 31290	
100	 2300	 1.200300e-04	 28982.960000	 26550	 33577	
100	 2400	 1.231200e-04	 30594.650000	 27890	 35203	
100	 2500	 1.298600e-04	 32089.520000	 29204	 37031	
100	 2600	 1.615400e-04	 33392.730000	 30616	 37580	
100	 2700	 1.521400e-04	 34890.740000	 31900	 44613	
100	 2800	 1.515300e-04	 36780.150000	 32993	 41015	
100	 2900	 1.551500e-04	 37987.680000	 34687	 45748	
100	 3000	 1.607500e-04	 39434.400000	 36394	 45040	
100	 3100	 1.704400e-04	 40873.080000	 37818	 45805	
100	 3200	 1.714000e-04	 42614.460000	 38161	 47831	
100	 3300	 1.772500e-04	 44361.090000	 40853	 52406	
100	 3400	 1.823300e-04	 45428.510000	 41113	 50895	
100	 3500	 1.882900e-04	 47439.050000	 43279	 55628	
100	 3600	 1.949800e-04	 48865.200000	 44732	 55185	
100	 3700	 2.001200e-04	 50403.130000	 46370	 56698	
100	 3800	 2.108500e-04	 51543.650000	 47471	 59599	
100	 3900	 2.151500e-04	 53659.980000	 49208	 62846	
100	 4000	 2.221700e-04	 54960.570000	 50312	 62109	
100	 4100	 2.237100e-04	 56238.740000	 51890	 60786	
100	 4200	 2.338700e-04	 58670.170000	 53044	 67898	
100	 4300	 2.505300e-04	 59815.500000	 53534	 69122	
100	 4400	 2.461600e-04	 61174.300000	 55604	 70295	
100	 4500	 2.529300e-04	 63212.170000	 57503	 78396	
100	 4600	 2.542100e-04	 63995.440000	 58364	 74132	
100	 4700	 2.628200e-04	 65800.590000	 59605	 74491	
100	 4800	 2.700200e-04	 67887.850000	 63027	 77430	
100	 4900	 2.740700e-04	 69943.610000	 63908	 82161	
100	 5000	 2.814000e-04	 71148.630000	 64724	 85571	
100	 5100	 2.894800e-04	 72904.560000	 66399	 82116	
100	 5200	 2.922200e-04	 74046.600000	 67928	 85333	
100	 5300	 3.000700e-04	 75658.070000	 69466	 85309	
100	 5400	 3.029500e-04	 77692.350000	 71220	 96775	
100	 5500	 3.105600e-04	 79205.240000	 72805	 90918	
100	 5600	 3.171800e-04	 81169.310000	 73762	 89291	
100	 5700	 3.317500e-04	 82099.730000	 75626	 90993	
100	 5800	 3.967300e-04	 84260.650000	 77295	 96203	
100	 5900	 3.416000e-04	 85288.990000	 77629	 97712	
100	 6000	 3.530300e-04	 86668.370000	 79226	 95218	
100	 6100	 3.535000e-04	 89097.250000	 82916	 101872	
100	 6200	 3.622500e-04	 90118.790000	 80782	 103330	
100	 6300	 3.625700e-04	 91787.300000	 83689	 107515	
100	 6400	 3.674100e-04	 93736.060000	 85579	 106020	
100	 6500	 3.765900e-04	 95215.070000	 88523	 110509	
100	 6600	 3.836900e-04	 97129.760000	 90047	 110280	
100	 6700	 3.855700e-04	 98515.680000	 91291	 120073	
100	 6800	 3.911300e-04	 100611.560000	 93388	 111045	
100	 6900	 3.979200e-04	 101687.740000	 94597	 114987	
100	 7000	 4.061100e-04	 103768.590000	 94736	 120756	
100	 7100	 4.130800e-04	 104743.720000	 97263	 117974	
100	 7200	 4.169800e-04	 107008.590000	 98589	 123238	
100	 7300	 4.360000e-04	 108885.740000	 100571	 124828	
100	 7400	 4.346300e-04	 110839.430000	 102361	 131050	
100	 7500	 4.359600e-04	 113064.890000	 103484	 134776	
100	 7600	 4.464000e-04	 114144.670000	 105297	 128826	
100	 7700	 4.501700e-04	 115399.950000	 105502	 133159	
100	 7800	 4.602700e-04	 118048.590000	 106654	 136270	
100	 7900	 4.631000e-04	 119394.410000	 109483	 139439	
100	 8000	 4.689100e-04	 121847.440000	 111941	 141282	
100	 8100	 4.797000e-04	 123744.020000	 113774	 140572	
100	 8200	 4.834400e-04	 124566.150000	 112847	 139001	
100	 8300	 4.936700e-04	 125939.420000	 116068	 140710	
100	 8400	 5.023700e-04	 128297.940000	 117556	 143293	
100	 8500	 5.061300e-04	 130118.890000	 120696	 158576	
100	 8600	 5.056500e-04	 131109.840000	 121187	 152326	
100	 8700	 5.156000e-04	 133462.700000	 121949	 149011	
100	 8800	 5.206100e-04	 134896.260000	 126368	 153450	
100	 8900	 5.341000e-04	 136013.200000	 124547	 152781	
100	 9000	 5.347000e-04	 137422.470000	 126067	 152246	
100	 9100	 5.449800e-04	 140139.480000	 129613	 155598	
100	 9200	 5.545200e-04	 141746.250000	 130609	 161040	
100	 9300	 5.545900e-04	 142875.060000	 129495	 161384	
100	 9400	 5.677500e-04	 145615.990000	 135866	 165444	
100	 9500	 5.766000e-04	 146161.200000	 132921	 166888	
100	 9600	 5.784600e-04	 149431.380000	 139938	 174022	
100	 9700	 5.831300e-04	 150953.650000	 137783	 172079	
100	 9800	 5.913700e-04	 152295.120000	 142614	 177841	
100	 9900	 5.977000e-04	 154043.980000	 142794	 170564	
100	 10000	 6.117600e-04	 156990.510000	 144727	 174090	
100	 10100	 6.114700e-04	 157971.210000	 143044	 195586	
100	 10200	 6.158900e-04	 160028.850000	 147486	 181187	
100	 10300	 6.247700e-04	 161104.370000	 149678	 181404	
100	 10400	 6.254600e-04	 161640.630000	 151001	 181768	
100	 10500	 6.391200e-04	 165129.030000	 151507	 191135	
100	 10600	 6.419500e-04	 166387.030000	 154986	 183104	
100	 10700	 6.470300e-04	 168866.600000	 155392	 188902	
100	 10800	 6.513600e-04	 170809.650000	 155861	 190813	
100	 10900	 6.627800e-04	 170214.620000	 157935	 188097	
100	 11000	 6.741900e-04	 172973.740000	 162719	 194442	
100	 11100	 6.816300e-04	 174959.570000	 163427	 200376	
100	 11200	 6.853500e-04	 176172.080000	 164914	 199950	
100	 11300	 6.974000e-04	 177599.910000	 165857	 197545	
100	 11400	 6.934500e-04	 181113.020000	 167363	 202917	
100	 11500	 6.961600e-04	 182110.020000	 170471	 202043	
100	 11600	 7.076500e-04	 185015.510000	 169277	 205757	
100	 11700	 7.092300e-04	 185472.030000	 171571	 204208	
100	 11800	 7.315100e-04	 188059.050000	 175044	 206696	
100	 11900	 7.305300e-04	 188897.940000	 176280	 210821	
100	 12000	 7.292500e-04	 190503.800000	 177356	 212510	
100	 12100	 7.500700e-04	 193243.650000	 179012	 216751	
100	 12200	 7.463700e-04	 194985.700000	 180885	 224489	
100	 12300	 7.554200e-04	 196856.880000	 183887	 217714	
100	 12400	 7.666900e-04	 199279.940000	 184828	 228489	
100	 12500	 7.758500e-04	 199516.250000	 186965	 220953	
100	 12600	 7.709600e-04	 202410.520000	 188312	 225724	
100	 12700	 7.757400e-04	 203260.270000	 189716	 225847	
100	 12800	 7.883700e-04	 206049.390000	 187084	 229994	
100	 12900	 7.992400e-04	 206390.640000	 193830	 238473	
100	 13000	 8.010200e-04	 209257.990000	 194115	 234226	
100	 13100	 8.108300e-04	 211071.810000	 197436	 242017	
100	 13200	 8.193600e-04	 212591.110000	 193747	 242514	
100	 13300	 8.183400e-04	 215913.040000	 199810	 237674	
100	 13400	 8.307600e-04	 217336.290000	 203054	 244120	
100	 13500	 8.326000e-04	 218799.990000	 202727	 238583	
100	 13600	 8.429600e-04	 220456.220000	 202093	 249965	
100	 13700	 8.532400e-04	 221764.320000	 206028	 270268	
100	 13800	 8.551900e-04	 224411.020000	 207953	 258707	
100	 13900	 8.631100e-04	 227685.830000	 211987	 267985	
100	 14000	 8.738600e-04	 226728.660000	 208945	 249759	
100	 14100	 8.722800e-04	 227370.550000	 211432	 258002	
100	 14200	 8.847000e-04	 229674.910000	 212321	 255541	
100	 14300	 8.937600e-04	 232152.100000	 217147	 257845	
100	 14400	 9.039500e-04	 234457.360000	 215669	 273856	
100	 14500	 9.010300e-04	 237316.430000	 218523	 264942	
100	 14600	 9.088200e-04	 238200.620000	 222447	 271446	
100	 14700	 9.152700e-04	 240300.190000	 223430	 266299	
100	 14800	 9.235000e-04	 243040.210000	 224274	 272982	
100	 14900	 9.438400e-04	 244049.130000	 229579	 271758	
100	 15000	 9.365600e-04	 243336.220000	 228936	 271681	
100	 15100	 9.442700e-04	 247985.870000	 230399	 281653	
100	 15200	 9.524200e-04	 249952.520000	 231364	 277866	
100	 15300	 9.589400e-04	 249887.590000	 236885	 277449	
100	 15400	 9.730300e-04	 252541.420000	 233291	 278023	
100	 15500	 9.771900e-04	 255791.040000	 239959	 283484	
100	 15600	 9.736300e-04	 258286.700000	 236441	 285334	
100	 15700	 9.849500e-04	 258055.640000	 238351	 295135	
100	 15800	 1.000120e-03	 260190.050000	 242743	 295022	
100	 15900	 9.965600e-04	 263373.400000	 242350	 291468	
100	 16000	 1.009530e-03	 263552.090000	 246626	 293041	
100	 16100	 1.008170e-03	 265758.620000	 246470	 313645	
100	 16200	 1.024470e-03	 268793.910000	 247129	 295655	
100	 16300	 1.034350e-03	 270178.910000	 251060	 305399	
100	 16400	 1.030480e-03	 271604.600000	 254121	 303986	
100	 16500	 1.042750e-03	 272941.050000	 252606	 299070	
100	 16600	 1.052740e-03	 277187.640000	 255877	 318391	
100	 16700	 1.099950e-03	 279844.050000	 259461	 347983	
100	 16800	 1.062440e-03	 277052.280000	 259686	 318227	
100	 16900	 1.067780e-03	 281265.660000	 263519	 323862	
100	 17000	 1.082900e-03	 284090.320000	 262568	 325228	
100	 17100	 1.077070e-03	 283868.900000	 266046	 309460	
100	 17200	 1.089530e-03	 286727.580000	 264977	 314997	
100	 17300	 1.098150e-03	 288975.590000	 269716	 322268	
100	 17400	 1.111820e-03	 291006.490000	 271580	 336390	
100	 17500	 1.115970e-03	 291839.970000	 275618	 325196	
100	 17600	 1.113410e-03	 295576.000000	 271805	 341864	
100	 17700	 1.130170e-03	 296207.000000	 275619	 329320	
100	 17800	 1.134150e-03	 298304.950000	 275749	 349157	
100	 17900	 1.151860e-03	 298802.230000	 277808	 333767	
100	 18000	 1.138590e-03	 302034.410000	 281376	 330509	
100	 18100	 1.144320e-03	 303791.300000	 277662	 346481	
100	 18200	 1.164950e-03	 305125.370000	 284124	 363323	
100	 18300	 1.166020e-03	 307260.010000	 283117	 340888	
100	 18400	 1.177690e-03	 309966.340000	 288082	 350076	
100	 18500	 1.178740e-03	 310323.930000	 288361	 350777	
100	 18600	 1.187230e-03	 313471.740000	 290508	 352548	
100	 18700	 1.190820e-03	 314075.210000	 295096	 357313	
100	 18800	 1.205130e-03	 315812.650000	 294338	 350988	
100	 18900	 1.212140e-03	 318073.230000	 293808	 361433	
100	 19000	 1.234370e-03	 322314.450000	 297468	 365140	
100	 19100	 1.227060e-03	 322057.300000	 302214	 365572	
100	 19200	 1.240520e-03	 324139.450000	 303459	 363745	
100	 19300	 1.238850e-03	 327526.600000	 307733	 369503	
100	 19400	 1.241140e-03	 326874.960000	 306572	 363424	
100	 19500	 1.246470e-03	 327850.250000	 303237	 388870	
100	 19600	 1.269480e-03	 330189.740000	 305069	 376845	
100	 19700	 1.259340e-03	 332554.500000	 307779	 360928	
100	 19800	 1.274470e-03	 334799.840000	 312623	 374972	
100	 19900	 1.277130e-03	 337292.830000	 315438	 384371	
100	 20000	 1.312180e-03	 339340.450000	 316891	 395373	
100	 20100	 1.295020e-03	 341644.570000	 317521	 375229	
100	 20200	 1.297590e-03	 342692.490000	 315417	 395389	
100	 20300	 1.312710e-03	 344995.910000	 323441	 377620	
100	 20400	 1.315410e-03	 346512.090000	 324460	 385266	
100	 20500	 1.331060e-03	 349126.420000	 327310	 401067	
100	 20600	 1.331220e-03	 348836.020000	 325267	 391795	
100	 20700	 1.330600e-03	 355664.310000	 324671	 395640	
100	 20800	 1.340510e-03	 353693.110000	 331258	 424183	
100	 20900	 1.345620e-03	 355518.310000	 325272	 397809	
100	 21000	 1.347740e-03	 357477.910000	 336078	 418556	
100	 21100	 1.356040e-03	 360197.630000	 338824	 401295	
100	 21200	 1.377280e-03	 362704.430000	 336181	 413868	
100	 21300	 1.377040e-03	 362614.100000	 338332	 409389	
100	 21400	 1.375970e-03	 366172.900000	 339428	 417575	
100	 21500	 1.390660e-03	 368040.750000	 342064	 410487	
100	 21600	 1.398910e-03	 367382.370000	 343079	 410276	
100	 21700	 1.401380e-03	 373668.370000	 347828	 411775	
100	 21800	 1.408800e-03	 375535.530000	 342988	 420219	
100	 21900	 1.423820e-03	 374814.000000	 354097	 416576	
100	 22000	 1.425140e-03	 376775.530000	 350625	 420958	
100	 22100	 1.430800e-03	 380243.600000	 355663	 411336	
100	 22200	 1.442580e-03	 380942.920000	 352556	 411571	
100	 22300	 1.456210e-03	 381884.360000	 356831	 448847	
100	 22400	 1.450310e-03	 383390.520000	 356740	 418090	
100	 22500	 1.465690e-03	 385053.260000	 359993	 418705	
100	 22600	 1.469830e-03	 389360.660000	 362470	 450661	
100	 22700	 1.469940e-03	 389211.330000	 364791	 448362	
100	 22800	 1.482980e-03	 394241.280000	 364364	 438568	
100	 22900	 1.483420e-03	 395016.510000	 369068	 431210	
100	 23000	 1.503300e-03	 395569.750000	 366177	 451386	
100	 23100	 1.506290e-03	 398718.010000	 371699	 474951	
100	 23200	 1.506120e-03	 404674.140000	 372416	 475900	
100	 23300	 1.524040e-03	 402309.960000	 373741	 460829	
100	 23400	 1.519690e-03	 402308.570000	 373263	 438715	
100	 23500	 1.532440e-03	 407561.590000	 374972	 467988	
100	 23600	 1.543790e-03	 408415.350000	 378922	 457705	
100	 23700	 1.552610e-03	 409796.190000	 381305	 470096	
100	 23800	 1.550750e-03	 411542.280000	 386802	 462696	
100	 23900	 1.564880e-03	 415001.600000	 381463	 456357	
100	 24000	 1.566160e-03	 416016.960000	 390771	 462337	
100	 24100	 1.572080e-03	 418385.750000	 388176	 473910	
100	 24200	 1.582270e-03	 419739.220000	 391179	 471941	
100	 24300	 1.593950e-03	 422015.270000	 392197	 473176	
100	 24400	 1.593660e-03	 422842.660000	 396443	 470158	
100	 24500	 1.601080e-03	 427412.410000	 399289	 483279	
100	 24600	 1.615260e-03	 426198.430000	 396864	 473616	
100	 24700	 1.621360e-03	 429925.930000	 398490	 487940	
100	 24800	 1.621580e-03	 431782.210000	 400381	 487574	
100	 24900	 1.621840e-03	 431630.130000	 400263	 474492	
100	 25000	 1.648760e-03	 433980.430000	 397886	 488833	
100	 25100	 1.640930e-03	 435065.220000	 408965	 514534	
100	 25200	 1.661310e-03	 438817.310000	 403344	 491924	
100	 25300	 1.673830e-03	 443108.650000	 413750	 474417	
100	 25400	 1.667430e-03	 445343.920000	 415586	 497680	
100	 25500	 1.683490e-03	 443704.690000	 418873	 485240	
100	 25600	 1.688640e-03	 443914.360000	 420325	 510044	
100	 25700	 1.685010e-03	 446736.680000	 418263	 489832	
100	 25800	 1.698720e-03	 451352.030000	 418097	 496152	
100	 25900	 1.704450e-03	 453380.300000	 424966	 491328	
100	 26000	 1.711280e-03	 454197.880000	 426496	 511605	
100	 26100	 1.707690e-03	 454097.710000	 426300	 512460	
100	 26200	 1.723270e-03	 458078.910000	 428767	 548519	
100	 26300	 1.732050e-03	 463234.610000	 426385	 508750	
100	 26400	 1.730660e-03	 461682.400000	 431760	 508707	
100	 26500	 1.750180e-03	 465788.330000	 432672	 523462	
100	 26600	 1.750910e-03	 465357.890000	 431983	 514535	
100	 26700	 1.758060e-03	 467439.190000	 439411	 505317	
100	 26800	 1.771040e-03	 472662.440000	 439855	 530112	
100	 26900	 1.768530e-03	 473166.500000	 440742	 530854	
100	 27000	 1.777800e-03	 473286.770000	 443722	 531923	
100	 27100	 1.794870e-03	 477105.840000	 438668	 539308	
100	 27200	 1.796920e-03	 474434.780000	 445856	 531642	
100	 27300	 1.799070e-03	 479738.340000	 442518	 519015	
100	 27400	 1.806050e-03	 481835.700000	 449275	 542391	
100	 27500	 1.819110e-03	 484266.330000	 450507	 557188	
100	 27600	 1.820650e-03	 486369.900000	 452976	 545022	
100	 27700	 1.833520e-03	 491851.080000	 449706	 572642	
100	 27800	 1.835880e-03	 493152.790000	 458710	 545224	
100	 27900	 1.839030e-03	 489764.160000	 455413	 537628	
100	 28000	 1.843660e-03	 495701.140000	 458091	 551633	
100	 28100	 1.856110e-03	 495184.120000	 462463	 556654	
100	 28200	 1.883480e-03	 498506.080000	 459550	 549860	
100	 28300	 1.867810e-03	 498323.160000	 469388	 556367	
100	 28400	 1.883070e-03	 501910.300000	 456069	 553582	
100	 28500	 1.894750e-03	 502144.440000	 469358	 574039	
100	 28600	 1.890970e-03	 503614.390000	 476454	 566811	
100	 28700	 1.896450e-03	 507965.330000	 476039	 576134	
100	 28800	 1.911090e-03	 509308.470000	 469822	 564998	
100	 28900	 1.916430e-03	 510841.390000	 481402	 556125	
100	 29000	 1.932400e-03	 513533.200000	 481292	 580883	
100	 29100	 1.935930e-03	 514759.950000	 484529	 568959	
100	 29200	 1.932540e-03	 518082.610000	 482337	 571481	
100	 29300	 1.949990e-03	 519560.470000	 490932	 598467	
100	 29400	 1.946010e-03	 521331.310000	 487062	 575232	
100	 29500	 1.964240e-03	 524710.630000	 491766	 590537	
100	 29600	 1.976450e-03	 526748.570000	 488093	 584496	
100	 29700	 1.968350e-03	 529436.120000	 494680	 581029	
100	 29800	 1.986030e-03	 530208.620000	 499645	 596529	
100	 29900	 1.991180e-03	 532120.890000	 495721	 614064	
100	 30000	 2.014920e-03	 531516.260000	 497838	 577890	
100	 30100	 2.011170e-03	 532436.740000	 496406	 608623	
100	 30200	 2.017660e-03	 537761.350000	 507893	 591630	
100	 30300	 2.024020e-03	 540206.490000	 491519	 633833	
100	 30400	 2.034540e-03	 541951.160000	 502395	 613130	
100	 30500	 2.022670e-03	 544262.700000	 506352	 599417	
100	 30600	 2.051750e-03	 547225.320000	 508562	 612821	
100	 30700	 2.042710e-03	 546645.980000	 509921	 608968	
100	 30800	 2.092610e-03	 549962.860000	 517208	 626713	
100	 30900	 2.060790e-03	 554405.310000	 514034	 603966	
100	 31000	 2.061420e-03	 553631.080000	 518361	 604553	
100	 31100	 2.075650e-03	 554989.680000	 515929	 618316	
100	 31200	 2.084780e-03	 557194.610000	 514762	 618859	
100	 31300	 2.097540e-03	 558249.550000	 523563	 609802	
100	 31400	 2.101560e-03	 559237.750000	 520849	 628000	
100	 31500	 2.098140e-03	 564934.180000	 518694	 623399	
100	 31600	 2.125380e-03	 568771.550000	 530440	 625302	
100	 31700	 2.118350e-03	 570190.460000	 533049	 611982	
100	 31800	 2.123800e-03	 573791.550000	 539491	 644474	
100	 31900	 2.142470e-03	 569821.800000	 534567	 662547	
100	 32000	 2.141400e-03	 572052.820000	 538658	 631790	
100	 32100	 2.155960e-03	 576503.980000	 538850	 645449	
100	 32200	 2.151660e-03	 573935.750000	 535304	 635511	
100	 32300	 2.160930e-03	 575003.170000	 547285	 616930	
100	 32400	 2.165350e-03	 579117.830000	 539625	 631367	
100	 32500	 2.183810e-03	 585157.430000	 549741	 646496	
100	 32600	 2.183640e-03	 585412.430000	 546739	 647531	
100	 32700	 2.187560e-03	 588851.330000	 555970	 663699	
100	 32800	 2.205730e-03	 585536.130000	 547632	 643515	
100	 32900	 2.208860e-03	 588653.620000	 554434	 641481	
100	 33000	 2.220290e-03	 593415.380000	 554807	 656555	
100	 33100	 2.224990e-03	 595046.400000	 559637	 641211	
100	 33200	 2.224760e-03	 595648.930000	 555151	 656680	
100	 33300	 2.243790e-03	 595591.940000	 558175	 660927	
100	 33400	 2.243810e-03	 604568.620000	 558141	 668516	
100	 33500	 2.251330e-03	 602282.770000	 560612	 663114	
100	 33600	 2.258240e-03	 604755.520000	 561615	 656838	
100	 33700	 2.262320e-03	 607453.310000	 567889	 691559	
100	 33800	 2.275470e-03	 611273.190000	 572295	 681591	
100	 33900	 2.396730e-03	 610960.570000	 571434	 694479	
100	 34000	 2.371160e-03	 613217.510000	 578407	 671358	
100	 34100	 2.374040e-03	 613123.710000	 579277	 667051	
100	 34200	 2.345450e-03	 617673.530000	 574092	 681579	
100	 34300	 2.317230e-03	 621662.700000	 577517	 710699	
100	 34400	 2.503460e-03	 621784.890000	 582086	 678845	
100	 34500	 2.310790e-03	 620807.470000	 580542	 717695	
100	 34600	 2.333620e-03	 624599.580000	 585437	 673485	
100	 34700	 2.340840e-03	 626425.460000	 579479	 714983	
100	 34800	 2.342820e-03	 630378.370000	 584288	 722310	
100	 34900	 2.347040e-03	 631153.200000	 587371	 685810	
100	 35000	 2.358120e-03	 639641.570000	 592659	 716677	
100	 35100	 2.368040e-03	 635381.630000	 589828	 703373	
100	 35200	 2.371600e-03	 638202.060000	 590756	 722826	
100	 35300	 2.391280e-03	 641289.900000	 594566	 719710	
100	 35400	 2.382870e-03	 638458.640000	 596259	 726246	
100	 35500	 2.402070e-03	 644513.720000	 603192	 700580	
100	 35600	 2.397750e-03	 644111.460000	 593761	 719523	
100	 35700	 2.415910e-03	 645240.800000	 600002	 704464	
100	 35800	 2.412280e-03	 649737.700000	 604547	 731622	
100	 35900	 2.434670e-03	 651317.770000	 609215	 742292	
100	 36000	 2.430010e-03	 647170.910000	 609997	 696429	
100	 36100	 2.436290e-03	 655577.840000	 620528	 729239	
100	 36200	 2.560160e-03	 655897.270000	 615866	 719708	
100	 36300	 2.441640e-03	 659492.150000	 622895	 748718	
100	 36400	 2.464020e-03	 660221.550000	 619782	 767636	
100	 36500	 2.479240e-03	 662667.250000	 618942	 730485	
100	 36600	 2.481470e-03	 666713.550000	 621897	 759507	
100	 36700	 2.486400e-03	 665002.570000	 627720	 729381	
100	 36800	 2.489670e-03	 667307.640000	 619865	 779767	
100	 36900	 2.496590e-03	 670486.240000	 623873	 778264	
100	 37000	 2.510330e-03	 674091.790000	 625166	 789835	
100	 37100	 2.503190e-03	 672152.270000	 628765	 749220	
100	 37200	 2.524310e-03	 677911.210000	 631081	 756072	
100	 37300	 2.513430e-03	 674666.460000	 633975	 727811	
100	 37400	 2.547690e-03	 679855.080000	 634775	 779489	
100	 37500	 2.527330e-03	 683707.860000	 635540	 742882	
100	 37600	 2.559270e-03	 683850.710000	 641115	 761517	
100	 37700	 2.550970e-03	 687100.290000	 648006	 741737	
100	 37800	 2.573730e-03	 687785.860000	 643082	 780990	
100	 37900	 2.572240e-03	 689183.700000	 644328	 753478	
100	 38000	 2.577450e-03	 691898.490000	 646803	 775423	
100	 38100	 2.593540e-03	 694601.980000	 650717	 761507	
100	 38200	 2.612270e-03	 693460.450000	 659762	 760803	
100	 38300	 2.592780e-03	 693821.830000	 653394	 759451	
100	 38400	 2.615120e-03	 698801.700000	 652447	 760303	
100	 38500	 2.609310e-03	 706225.720000	 656588	 793790	
100	 38600	 2.616610e-03	 709873.400000	 650630	 824180	
100	 38700	 2.626220e-03	 705940.020000	 665829	 760105	
100	 38800	 2.643150e-03	 714537.780000	 667260	 812361	
100	 38900	 2.642850e-03	 713738.320000	 674874	 794641	
100	 39000	 2.654280e-03	 715342.160000	 660407	 822932	
100	 39100	 2.657260e-03	 715431.050000	 669237	 815994	
100	 39200	 2.676460e-03	 713970.400000	 661089	 781742	
100	 39300	 2.673570e-03	 719404.020000	 672164	 809059	
100	 39400	 2.692370e-03	 723142.660000	 677752	 825103	
100	 39500	 2.677710e-03	 721117.320000	 683173	 792772	
100	 39600	 2.736960e-03	 728095.880000	 681965	 803599	
100	 39700	 2.718270e-03	 736184.780000	 687827	 819969	
100	 39800	 2.712700e-03	 732272.970000	 687181	 807887	
100	 39900	 2.721770e-03	 733260.430000	 687269	 831029	
100	 40000	 2.725600e-03	 731076.710000	 675312	 805838	
100	 40100	 2.726690e-03	 734820.750000	 696360	 804569	
100	 40200	 2.757120e-03	 739395.020000	 692416	 791488	
100	 40300	 2.742380e-03	 739673.940000	 686849	 815955	
100	 40400	 2.755830e-03	 738705.700000	 683904	 833271	
100	 40500	 2.769990e-03	 745113.830000	 687210	 871595	
100	 40600	 2.763180e-03	 745831.850000	 701150	 824949	
100	 40700	 2.781710e-03	 751482.200000	 702829	 827312	
100	 40800	 2.783510e-03	 749812.610000	 700104	 861389	
100	 40900	 2.785680e-03	 750363.730000	 710718	 829990	
100	 41000	 2.796810e-03	 748695.950000	 707222	 800272	
100	 41100	 2.812860e-03	 752395.220000	 711097	 817326	
100	 41200	 2.830420e-03	 760364.650000	 719514	 864317	
100	 41300	 2.831640e-03	 762631.100000	 702440	 858699	
100	 41400	 2.834770e-03	 760623.080000	 722852	 818484	
100	 41500	 2.837060e-03	 766885.610000	 718463	 877208	
100	 41600	 2.833930e-03	 767402.960000	 718301	 863230	
100	 41700	 2.851380e-03	 773765.820000	 723887	 856787	
100	 41800	 2.857120e-03	 766109.180000	 719483	 862225	
100	 41900	 2.858530e-03	 770321.370000	 726077	 861655	
100	 42000	 2.882880e-03	 778796.730000	 733389	 891658	
100	 42100	 2.866270e-03	 775968.030000	 721383	 850362	
100	 42200	 2.897460e-03	 779674.640000	 726994	 849014	
100	 42300	 2.893310e-03	 776343.910000	 731736	 890082	
100	 42400	 2.900450e-03	 784661.400000	 730372	 894316	
100	 42500	 2.909570e-03	 783363.480000	 727708	 908771	
100	 42600	 2.920230e-03	 786240.930000	 737421	 866442	
100	 42700	 2.935740e-03	 793367.630000	 733763	 878243	
100	 42800	 2.978880e-03	 789866.940000	 734124	 858638	
100	 42900	 2.951280e-03	 792281.010000	 744414	 875498	
100	 43000	 2.940920e-03	 794830.570000	 739118	 848297	
100	 43100	 2.965380e-03	 798822.370000	 746375	 875421	
100	 43200	 2.958140e-03	 801777.570000	 758297	 885733	
100	 43300	 2.975280e-03	 800676.010000	 759799	 891193	
100	 43400	 2.977570e-03	 801248.200000	 755578	 1008615	
100	 43500	 2.990760e-03	 809713.210000	 745204	 885755	
100	 43600	 2.995320e-03	 808657.850000	 759224	 892180	
100	 43700	 3.022970e-03	 811300.440000	 761494	 885387	
100	 43800	 3.031290e-03	 815323.290000	 753122	 907782	
100	 43900	 3.014200e-03	 813179.930000	 771944	 894823	
100	 44000	 3.024840e-03	 811288.280000	 762000	 916451	
100	 44100	 3.037950e-03	 818882.650000	 771238	 885789	
100	 44200	 3.023090e-03	 821029.150000	 774473	 889974	
100	 44300	 3.054110e-03	 824947.030000	 773336	 966528	
100	 44400	 3.047470e-03	 824606.750000	 767924	 907667	
100	 44500	 3.055420e-03	 825867.680000	 772544	 900049	
100	 44600	 3.064610e-03	 828979.250000	 777779	 909165	
100	 44700	 3.067640e-03	 834150.910000	 778804	 897503	
100	 44800	 3.091310e-03	 834514.750000	 780799	 890422	
100	 44900	 3.091720e-03	 833285.870000	 779403	 935780	
100	 45000	 3.098160e-03	 836795.980000	 782095	 931676	
100	 45100	 3.104930e-03	 839897.860000	 785385	 923126	
100	 45200	 3.110380e-03	 841052.860000	 785399	 960662	
100	 45300	 3.118190e-03	 841759.780000	 791096	 940262	
100	 45400	 3.128110e-03	 843513.480000	 795167	 932443	
100	 45500	 3.141140e-03	 850943.100000	 788466	 1001884	
100	 45600	 3.131050e-03	 851208.130000	 794886	 964200	
100	 45700	 3.137750e-03	 846885.500000	 797892	 946997	
100	 45800	 3.162690e-03	 849110.630000	 796299	 947788	
100	 45900	 3.158480e-03	 858334.970000	 798428	 961242	
100	 46000	 3.169940e-03	 855255.020000	 800492	 937060	
100	 46100	 3.177420e-03	 858303.750000	 800088	 956947	
100	 46200	 3.176020e-03	 862613.060000	 810048	 959376	
100	 46300	 3.205620e-03	 862914.280000	 810333	 964466	
100	 46400	 3.191450e-03	 862701.170000	 809210	 948364	
100	 46500	 3.222330e-03	 868943.580000	 821256	 1006722	
100	 46600	 3.231900e-03	 873062.500000	 813437	 964691	
100	 46700	 3.224740e-03	 869840.040000	 816269	 960604	
100	 46800	 3.228980e-03	 870100.150000	 817145	 941400	
100	 46900	 3.250620e-03	 874897.900000	 823727	 938606	
100	 47000	 3.239620e-03	 874582.900000	 823933	 968476	
100	 47100	 3.269190e-03	 874942.040000	 825840	 963530	
100	 47200	 3.254810e-03	 882320.860000	 825021	 983899	
100	 47300	 3.267730e-03	 884540.190000	 830528	 1012697	
100	 47400	 3.292670e-03	 889638.080000	 824866	 1046957	
100	 47500	 3.280470e-03	 888550.220000	 828820	 989282	
100	 47600	 3.285150e-03	 892250.040000	 832035	 982428	
100	 47700	 3.296790e-03	 891090.270000	 827837	 979470	
100	 47800	 3.302330e-03	 897280.110000	 842400	 1013801	
100	 47900	 3.324090e-03	 899332.320000	 832017	 997134	
100	 48000	 3.306990e-03	 894875.750000	 838230	 990089	
100	 48100	 3.337710e-03	 902110.270000	 833687	 1003710	
100	 48200	 3.353770e-03	 907586.490000	 849463	 982348	
100	 48300	 3.336370e-03	 910219.990000	 850724	 992733	
100	 48400	 3.358340e-03	 907468.670000	 844454	 1026608	
100	 48500	 3.357640e-03	 909202.280000	 857392	 995909	
100	 48600	 3.364340e-03	 908863.280000	 859889	 1009654	
100	 48700	 3.376920e-03	 914577.250000	 858057	 1002837	
100	 48800	 3.373440e-03	 908842.260000	 857477	 981830	
100	 48900	 3.379290e-03	 912158.040000	 856340	 977203	
100	 49000	 3.403080e-03	 916665.600000	 861429	 1012608	
100	 49100	 3.411600e-03	 922412.770000	 857549	 1036652	
100	 49200	 3.426550e-03	 926766.780000	 862756	 1013987	
100	 49300	 3.425220e-03	 928524.180000	 862397	 1042151	
100	 49400	 3.434820e-03	 929121.070000	 874267	 1058131	
100	 49500	 3.428470e-03	 927906.950000	 877742	 1079421	
100	 49600	 3.438300e-03	 930638.470000	 877567	 1057426	
100	 49700	 3.475690e-03	 933549.580000	 887051	 1070435	
100	 49800	 3.448710e-03	 938406.790000	 884012	 1061806	
100	 49900	 3.467370e-03	 937625.270000	 874542	 1023139	
100	 50000	 3.484330e-03	 937643.680000	 878374	 1033533	
100	 50100	 3.469880e-03	 935571.530000	 885375	 1024338	
100	 50200	 3.494670e-03	 943762.160000	 892484	 1056064	
100	 50300	 3.487060e-03	 945925.700000	 890794	 1053698	
100	 50400	 3.503010e-03	 947693.440000	 895394	 1029523	
100	 50500	 3.516350e-03	 955011.180000	 897359	 1048301	
100	 50600	 3.513550e-03	 949898.540000	 886993	 1061472	
100	 50700	 3.513310e-03	 950986.170000	 897185	 1046176	
100	 50800	 3.518620e-03	 957692.800000	 883653	 1058055	
100	 50900	 3.539020e-03	 962711.500000	 900406	 1059094	
100	 51000	 3.547660e-03	 964343.970000	 900827	 1062016	
100	 51100	 3.581770e-03	 966317.990000	 914354	 1070854	
100	 51200	 3.561550e-03	 959133.880000	 895786	 1065359	
100	 51300	 3.562720e-03	 965825.740000	 904535	 1066090	
100	 51400	 3.580880e-03	 971167.240000	 921967	 1115905	
100	 51500	 3.579910e-03	 972354.120000	 911387	 1079826	
100	 51600	 3.594280e-03	 972733.680000	 894747	 1069611	
100	 51700	 3.607730e-03	 971333.510000	 920837	 1059050	
100	 51800	 3.612410e-03	 976349.090000	 923514	 1085097	
100	 51900	 3.612480e-03	 981328.090000	 920028	 1109744	
100	 52000	 3.629610e-03	 982785.750000	 904418	 1126133	
100	 52100	 3.633490e-03	 987235.970000	 930335	 1129869	
100	 52200	 3.638110e-03	 981617.040000	 917332	 1073268	
100	 52300	 3.639260e-03	 990281.440000	 926619	 1076834	
100	 52400	 3.660690e-03	 996671.850000	 938718	 1218692	
100	 52500	 3.656970e-03	 992762.010000	 931734	 1128306	
100	 52600	 3.661100e-03	 993326.120000	 927489	 1086670	
100	 52700	 3.671440e-03	 998504.800000	 932390	 1128128	
100	 52800	 3.694200e-03	 1003257.170000	 943713	 1141979	
100	 52900	 3.681650e-03	 996772.380000	 947496	 1104130	
100	 53000	 3.696520e-03	 1003947.730000	 934110	 1093678	
100	 53100	 3.718050e-03	 1003264.670000	 954674	 1123091	
100	 53200	 3.705340e-03	 1007375.360000	 942358	 1116532	
100	 53300	 3.703530e-03	 1002344.050000	 947976	 1087970	
100	 53400	 3.720730e-03	 1008003.510000	 944795	 1123886	
100	 53500	 3.733020e-03	 1009438.410000	 950317	 1197984	
100	 53600	 3.729300e-03	 1013551.200000	 945865	 1107207	
100	 53700	 3.750130e-03	 1024270.610000	 935321	 1133035	
100	 53800	 3.767790e-03	 1014281.110000	 952298	 1139566	
100	 53900	 3.768230e-03	 1022381.570000	 963480	 1122429	
100	 54000	 3.768050e-03	 1023765.040000	 967362	 1097028	
100	 54100	 3.776320e-03	 1026854.750000	 960633	 1139472	
100	 54200	 3.798110e-03	 1026901.750000	 959848	 1131508	
100	 54300	 3.802730e-03	 1034294.590000	 968835	 1187375	
100	 54400	 3.798460e-03	 1037589.300000	 968183	 1172233	
100	 54500	 3.832030e-03	 1037672.420000	 985357	 1151206	
100	 54600	 3.830000e-03	 1029645.340000	 950312	 1121690	
100	 54700	 3.821920e-03	 1045197.820000	 982348	 1161056	
100	 54800	 3.823140e-03	 1041968.760000	 969223	 1143947	
100	 54900	 3.849140e-03	 1034285.400000	 972980	 1146002	
100	 55000	 3.841810e-03	 1041527.660000	 977125	 1175083	
100	 55100	 3.848040e-03	 1042911.330000	 987578	 1186002	
100	 55200	 3.862940e-03	 1047019.670000	 978018	 1156058	
100	 55300	 3.883080e-03	 1049889.630000	 988953	 1187117	
100	 55400	 3.900900e-03	 1053178.800000	 988991	 1162085	
100	 55500	 3.875900e-03	 1061583.330000	 978739	 1198729	
100	 55600	 3.898890e-03	 1060610.860000	 992209	 1175828	
100	 55700	 3.898870e-03	 1057194.720000	 1002303	 1192211	
100	 55800	 3.906370e-03	 1062614.620000	 1000723	 1153622	
100	 55900	 3.907400e-03	 1064429.180000	 988885	 1191114	
100	 56000	 3.932360e-03	 1063688.530000	 997554	 1216102	
100	 56100	 3.926740e-03	 1071158.270000	 999028	 1185448	
100	 56200	 3.946470e-03	 1066568.720000	 1000085	 1191941	
100	 56300	 3.933300e-03	 1065426.620000	 1001462	 1188149	
100	 56400	 3.951070e-03	 1068358.120000	 1008135	 1156969	
100	 56500	 3.979760e-03	 1080728.580000	 1023618	 1238643	
100	 56600	 3.978940e-03	 1074669.350000	 1010340	 1179118	
100	 56700	 3.963610e-03	 1076865.580000	 1009621	 1177806	
100	 56800	 3.985020e-03	 1085292.090000	 1008306	 1166172	
100	 56900	 4.002260e-03	 1081355.190000	 998741	 1218222	
100	 57000	 3.996280e-03	 1092613.980000	 1022524	 1217443	
100	 57100	 3.999000e-03	 1087053.130000	 1018709	 1197174	
100	 57200	 4.008630e-03	 1090131.830000	 1018547	 1169135	
100	 57300	 4.036460e-03	 1091230.250000	 1017191	 1223680	
100	 57400	 4.027350e-03	 1091180.950000	 1016557	 1218246	
100	 57500	 4.029070e-03	 1086457.200000	 1026122	 1181616	
100	 57600	 4.056110e-03	 1100576.990000	 1033895	 1268098	
100	 57700	 4.094900e-03	 1108687.280000	 1030188	 1225103	
100	 57800	 4.078740e-03	 1103624.040000	 1044420	 1215682	
100	 57900	 4.068330e-03	 1101222.270000	 1041862	 1201325	
100	 58000	 4.068180e-03	 1101260.990000	 1045861	 1163429	
100	 58100	 4.087480e-03	 1110668.970000	 1046301	 1245075	
100	 58200	 4.096150e-03	 1105398.540000	 1038964	 1235839	
100	 58300	 4.088860e-03	 1109997.330000	 1040703	 1208272	
100	 58400	 4.108030e-03	 1118013.470000	 1042630	 1233949	
100	 58500	 4.098940e-03	 1114112.410000	 1039700	 1247577	
100	 58600	 4.114270e-03	 1116370.600000	 1054005	 1239870	
100	 58700	 4.126390e-03	 1115575.010000	 1049174	 1204731	
100	 58800	 4.137930e-03	 1123461.880000	 1052140	 1266897	
100	 58900	 4.136950e-03	 1125651.290000	 1042896	 1283558	
100	 59000	 4.156590e-03	 1128113.980000	 1058988	 1250460	
100	 59100	 4.165970e-03	 1130973.360000	 1062737	 1247243	
100	 59200	 4.173130e-03	 1130559.920000	 1060560	 1226700	
100	 59300	 4.181600e-03	 1139630.750000	 1067871	 1284785	
100	 59400	 4.177840e-03	 1142890.090000	 1071223	 1256079	
100	 59500	 4.178350e-03	 1145537.120000	 1078232	 1267867	
100	 59600	 4.188110e-03	 1141851.670000	 1062334	 1272337	
100	 59700	 4.224680e-03	 1145837.080000	 1078086	 1228441	
100	 59800	 4.197460e-03	 1143374.950000	 1076197	 1268336	
100	 59900	 4.218560e-03	 1147683.960000	 1079632	 1254446	
100	 60000	 4.243240e-03	 1150097.150000	 1087651	 1274068	
100	 60100	 4.301060e-03	 1155932.260000	 1080084	 1305293	
100	 60200	 4.238280e-03	 1151170.240000	 1085290	 1255296	
100	 60300	 4.248310e-03	 1155739.990000	 1088533	 1382803	
100	 60400	 4.265740e-03	 1154754.300000	 1082141	 1267779	
100	 60500	 4.270280e-03	 1156367.080000	 1087802	 1268395	
100	 60600	 4.273180e-03	 1168360.780000	 1091728	 1326931	
100	 60700	 4.291830e-03	 1160859.730000	 1089910	 1290663	
100	 60800	 4.295090e-03	 1164086.870000	 1087934	 1301428	
100	 60900	 4.297080e-03	 1166398.710000	 1099490	 1314193	
100	 61000	 4.299000e-03	 1169529.390000	 1092188	 1303386	
100	 61100	 4.307500e-03	 1172297.110000	 1099815	 1315505	
100	 61200	 4.307170e-03	 1174733.190000	 1108065	 1288217	
100	 61300	 4.315160e-03	 1180120.860000	 1117656	 1318002	
100	 61400	 4.326540e-03	 1180970.740000	 1103799	 1304921	
100	 61500	 4.341380e-03	 1180863.770000	 1099561	 1336607	
100	 61600	 4.338850e-03	 1176838.430000	 1107570	 1255470	
100	 61700	 4.352000e-03	 1190950.170000	 1118353	 1346018	
100	 61800	 4.356550e-03	 1184977.990000	 1122266	 1282904	
100	 61900	 4.370150e-03	 1187138.840000	 1127635	 1393456	
100	 62000	 4.382020e-03	 1189654.130000	 1117080	 1313567	
100	 62100	 4.404580e-03	 1189535.400000	 1123560	 1373759	
100	 62200	 4.389200e-03	 1193664.570000	 1109349	 1320844	
100	 62300	 4.394520e-03	 1202589.690000	 1122893	 1325814	
100	 62400	 4.403410e-03	 1194830.920000	 1105150	 1301803	
100	 62500	 4.420960e-03	 1205090.980000	 1134075	 1327285	
100	 62600	 4.421430e-03	 1203647.410000	 1121484	 1291715	
100	 62700	 4.435420e-03	 1207349.540000	 1137156	 1452693	
100	 62800	 4.438080e-03	 1211751.940000	 1120931	 1303730	
100	 62900	 4.460230e-03	 1205101.800000	 1130318	 1310714	
100	 63000	 4.446690e-03	 1213428.520000	 1136357	 1322034	
100	 63100	 4.484960e-03	 1210317.220000	 1140515	 1319978	
100	 63200	 4.454950e-03	 1215229.480000	 1149555	 1334014	
100	 63300	 4.557440e-03	 1221714.710000	 1160614	 1401865	
100	 63400	 4.489160e-03	 1226123.490000	 1135164	 1394095	
100	 63500	 4.508490e-03	 1224804.630000	 1144077	 1368858	
100	 63600	 4.494440e-03	 1227856.290000	 1151662	 1353632	
100	 63700	 4.507130e-03	 1231200.970000	 1157102	 1381534	
100	 63800	 4.515890e-03	 1231085.610000	 1163128	 1359309	
100	 63900	 4.534490e-03	 1230224.860000	 1169465	 1369333	
100	 64000	 4.599700e-03	 1232625.370000	 1162232	 1411976	
100	 64100	 4.548840e-03	 1238299.590000	 1165358	 1394948	
100	 64200	 4.547320e-03	 1233299.910000	 1160353	 1360166	
100	 64300	 4.566800e-03	 1237043.140000	 1168972	 1428732	
100	 64400	 4.556150e-03	 1241122.710000	 1170586	 1359446	
100	 64500	 4.545420e-03	 1239970.080000	 1177244	 1391001	
100	 64600	 4.575410e-03	 1240760.910000	 1160899	 1369805	
100	 64700	 4.596210e-03	 1249836.800000	 1172244	 1399928	
100	 64800	 4.589770e-03	 1251667.160000	 1165523	 1407402	
100	 64900	 4.601210e-03	 1255729.480000	 1181479	 1398602	
100	 65000	 4.617580e-03	 1255964.580000	 1177598	 1425001	
100	 65100	 4.617000e-03	 1253255.550000	 1182030	 1355229	
100	 65200	 4.648490e-03	 1264684.330000	 1189374	 1389654	
100	 65300	 4.615250e-03	 1262231.330000	 1178457	 1372502	
100	 65400	 4.627130e-03	 1260217.070000	 1188539	 1386801	
100	 65500	 4.637160e-03	 1266919.430000	 1196688	 1373916	
100	 65600	 4.664050e-03	 1265028.150000	 1190500	 1419683	
100	 65700	 4.665950e-03	 1265852.010000	 1182836	 1377763	
100	 65800	 4.673620e-03	 1277415.510000	 1201847	 1396017	
100	 65900	 4.666670e-03	 1272039.610000	 1198641	 1400553	
100	 66000	 4.683450e-03	 1277744.710000	 1202135	 1375451	
100	 66100	 4.699740e-03	 1279706.310000	 1206406	 1451666	
100	 66200	 4.683250e-03	 1282670.790000	 1207997	 1399895	
100	 66300	 4.708630e-03	 1277038.850000	 1198863	 1386815	
100	 66400	 4.707780e-03	 1290694.220000	 1220761	 1442357	
100	 66500	 4.732520e-03	 1278905.450000	 1204228	 1392671	
100	 66600	 4.719780e-03	 1280544.220000	 1200746	 1378037	
100	 66700	 4.757200e-03	 1293646.760000	 1221104	 1459064	
100	 66800	 4.749540e-03	 1294398.700000	 1220331	 1384210	
100	 66900	 4.752590e-03	 1301430.810000	 1233345	 1422717	
100	 67000	 4.760650e-03	 1293680.330000	 1211005	 1444775	
100	 67100	 4.762140e-03	 1299957.520000	 1240378	 1440177	
100	 67200	 4.781740e-03	 1299305.860000	 1226272	 1445594	
100	 67300	 4.772790e-03	 1306228.260000	 1224152	 1464993	
100	 67400	 4.777920e-03	 1296430.600000	 1229557	 1427972	
100	 67500	 4.797800e-03	 1302220.290000	 1224240	 1430991	
100	 67600	 4.803530e-03	 1314358.470000	 1231893	 1404806	
100	 67700	 4.813120e-03	 1320976.940000	 1240394	 1460326	
100	 67800	 4.821590e-03	 1318427.900000	 1223331	 1499976	
100	 67900	 4.834280e-03	 1319963.050000	 1243123	 1496932	
100	 68000	 4.834900e-03	 1315538.450000	 1235175	 1491337	
100	 68100	 4.856320e-03	 1322200.830000	 1239112	 1466004	
100	 68200	 4.860700e-03	 1324361.470000	 1247095	 1447498	
100	 68300	 4.853740e-03	 1321841.230000	 1241416	 1429718	
100	 68400	 4.878580e-03	 1331935.060000	 1252797	 1512083	
100	 68500	 4.890550e-03	 1336015.840000	 1247317	 1485918	
100	 68600	 4.876030e-03	 1337740.650000	 1257692	 1506006	
100	 68700	 4.894700e-03	 1333140.040000	 1261622	 1496702	
100	 68800	 4.899320e-03	 1332969.880000	 1242977	 1483007	
100	 68900	 4.899920e-03	 1343903.040000	 1258883	 1509532	
100	 69000	 4.905130e-03	 1347543.190000	 1259910	 1543741	
100	 69100	 4.911150e-03	 1344101.380000	 1258829	 1442541	
100	 69200	 4.944540e-03	 1341963.160000	 1269416	 1454763	
100	 69300	 4.973450e-03	 1344939.850000	 1261478	 1480907	
100	 69400	 4.937770e-03	 1347052.610000	 1249490	 1462691	
100	 69500	 4.948910e-03	 1350512.330000	 1260574	 1465150	
100	 69600	 4.953550e-03	 1357324.840000	 1272108	 1530826	
100	 69700	 4.969410e-03	 1352733.090000	 1266933	 1509449	
100	 69800	 4.966380e-03	 1360597.860000	 1279356	 1489335	
100	 69900	 4.980630e-03	 1365550.190000	 1275146	 1573312	
100	 70000	 5.002060e-03	 1360557.000000	 1266663	 1486777	
100	 70100	 5.008380e-03	 1365267.780000	 1273845	 1497947	
100	 70200	 5.013350e-03	 1364185.840000	 1287358	 1567382	
100	 70300	 5.013980e-03	 1370829.180000	 1283825	 1500028	
100	 70400	 5.037690e-03	 1376224.730000	 1285247	 1566627	
100	 70500	 5.043600e-03	 1365084.350000	 1291489	 1498961	
100	 70600	 5.055260e-03	 1372363.090000	 1287848	 1498364	
100	 70700	 5.063560e-03	 1384195.600000	 1299211	 1522146	
100	 70800	 5.042880e-03	 1374864.440000	 1293214	 1555885	
100	 70900	 5.076250e-03	 1382419.850000	 1289652	 1557342	
100	 71000	 5.095600e-03	 1387276.220000	 1304871	 1520040	
100	 71100	 5.070250e-03	 1383828.050000	 1304297	 1535339	
100	 71200	 5.080430e-03	 1385297.750000	 1289404	 1510150	
100	 71300	 5.094770e-03	 1388390.460000	 1310717	 1515114	
100	 71400	 5.098130e-03	 1400317.160000	 1313533	 1525899	
100	 71500	 5.113090e-03	 1387935.720000	 1310397	 1503054	
100	 71600	 5.121040e-03	 1398739.180000	 1324872	 1520011	
100	 71700	 5.119910e-03	 1395573.800000	 1314685	 1536211	
100	 71800	 5.148350e-03	 1406820.910000	 1321750	 1549326	
100	 71900	 5.144240e-03	 1405615.690000	 1314196	 1562531	
100	 72000	 5.151900e-03	 1413784.740000	 1324743	 1527627	
100	 72100	 5.146810e-03	 1418504.670000	 1323995	 1540796	
100	 72200	 5.151540e-03	 1407534.620000	 1328330	 1560520	
100	 72300	 5.179180e-03	 1404065.910000	 1311209	 1569059	
100	 72400	 5.174020e-03	 1410752.040000	 1333501	 1541056	
100	 72500	 5.198750e-03	 1419752.330000	 1327526	 1568174	
100	 72600	 5.200920e-03	 1424648.870000	 1332523	 1557950	
100	 72700	 5.203390e-03	 1412019.700000	 1330130	 1571077	
100	 72800	 5.218150e-03	 1423095.660000	 1342565	 1558566	
100	 72900	 5.223590e-03	 1425451.170000	 1332207	 1613048	
100	 73000	 5.217700e-03	 1428201.720000	 1341927	 1576051	
100	 73100	 5.243320e-03	 1426396.030000	 1340406	 1571638	
100	 73200	 5.237610e-03	 1426642.600000	 1330513	 1605243	
100	 73300	 5.271730e-03	 1434341.020000	 1334550	 1585086	
100	 73400	 5.265340e-03	 1432401.680000	 1326534	 1587663	
100	 73500	 5.263960e-03	 1440314.930000	 1345383	 1565166	
100	 73600	 5.287200e-03	 1438652.280000	 1349089	 1577252	
100	 73700	 5.274760e-03	 1435941.220000	 1351731	 1571928	
100	 73800	 5.305920e-03	 1445625.500000	 1351126	 1616125	
100	 73900	 5.288510e-03	 1453948.750000	 1364371	 1568038	
100	 74000	 5.300810e-03	 1451965.050000	 1364280	 1651356	
100	 74100	 5.312230e-03	 1448672.370000	 1363298	 1565631	
100	 74200	 5.307460e-03	 1453538.460000	 1357562	 1591448	
100	 74300	 5.340690e-03	 1453542.070000	 1365275	 1574757	
100	 74400	 5.331370e-03	 1449907.560000	 1356848	 1574031	
100	 74500	 5.371300e-03	 1469533.770000	 1382335	 1638410	
100	 74600	 5.354100e-03	 1461840.030000	 1375210	 1650103	
100	 74700	 5.358000e-03	 1474011.870000	 1382544	 1591515	
100	 74800	 5.359930e-03	 1463280.900000	 1358691	 1642121	
100	 74900	 5.390430e-03	 1458923.900000	 1376338	 1644309	
100	 75000	 5.387370e-03	 1469811.220000	 1365570	 1633045	
100	 75100	 5.386980e-03	 1462960.210000	 1376325	 1629934	
100	 75200	 5.419400e-03	 1482091.040000	 1397697	 1650466	
100	 75300	 5.397700e-03	 1488912.280000	 1401807	 1653335	
100	 75400	 5.414800e-03	 1471188.860000	 1380611	 1611129	
100	 75500	 5.411240e-03	 1475740.900000	 1375140	 1658391	
100	 75600	 5.414060e-03	 1482677.800000	 1397498	 1630611	
100	 75700	 5.429700e-03	 1490420.230000	 1404002	 1686333	
100	 75800	 5.430470e-03	 1483164.170000	 1394619	 1617265	
100	 75900	 5.469610e-03	 1488900.480000	 1397384	 1719592	
100	 76000	 5.451370e-03	 1492029.520000	 1417537	 1603555	
100	 76100	 5.453010e-03	 1493663.550000	 1401926	 1603219	
100	 76200	 5.472120e-03	 1495521.140000	 1413169	 1674198	
100	 76300	 5.462920e-03	 1508220.500000	 1404183	 1723975	
100	 76400	 5.493100e-03	 1507672.830000	 1415330	 1756358	
100	 76500	 5.507580e-03	 1503325.430000	 1409289	 1660135	
100	 76600	 5.500210e-03	 1503051.430000	 1397576	 1712317	
100	 76700	 5.506640e-03	 1506583.790000	 1431452	 1665253	
100	 76800	 5.525040e-03	 1518020.140000	 1425013	 1643645	
100	 76900	 5.527180e-03	 1511587.890000	 1418283	 1634010	
100	 77000	 5.533250e-03	 1516535.940000	 1422715	 1693889	
100	 77100	 5.534190e-03	 1519046.950000	 1424368	 1653575	
100	 77200	 5.548270e-03	 1514006.110000	 1441850	 1653031	
100	 77300	 5.565530e-03	 1513773.600000	 1425208	 1666994	
100	 77400	 5.546710e-03	 1524579.870000	 1425068	 1647327	
100	 77500	 5.565180e-03	 1519307.510000	 1419505	 1698874	
100	 77600	 5.583050e-03	 1520409.130000	 1430151	 1685578	
100	 77700	 5.580940e-03	 1530145.220000	 1443361	 1693063	
100	 77800	 5.585940e-03	 1528035.640000	 1446090	 1697182	
100	 77900	 5.584460e-03	 1532275.460000	 1444633	 1676394	
100	 78000	 5.600420e-03	 1530452.160000	 1443087	 1664235	
100	 78100	 5.624060e-03	 1535071.060000	 1444415	 1660380	
100	 78200	 5.639340e-03	 1544434.720000	 1457077	 1816014	
100	 78300	 5.627970e-03	 1543055.890000	 1437775	 1733801	
100	 78400	 5.648170e-03	 1547435.860000	 1466338	 1763828	
100	 78500	 5.648000e-03	 1544390.120000	 1446783	 1701134	
100	 78600	 5.651840e-03	 1549963.940000	 1460623	 1755892	
100	 78700	 5.678520e-03	 1555073.620000	 1458626	 1703388	
100	 78800	 5.677210e-03	 1549047.970000	 1461232	 1661693	
100	 78900	 5.678810e-03	 1567122.630000	 1468239	 1763334	
100	 79000	 5.713200e-03	 1556674.200000	 1463448	 1723817	
100	 79100	 5.735210e-03	 1566457.850000	 1467485	 1841838	
100	 79200	 5.705310e-03	 1564663.070000	 1445570	 1729031	
100	 79300	 5.720060e-03	 1565242.920000	 1448104	 1701678	
100	 79400	 5.704130e-03	 1567991.240000	 1488545	 1700866	
100	 79500	 5.722000e-03	 1570718.000000	 1470174	 1744815	
100	 79600	 5.735930e-03	 1566506.160000	 1475624	 1769818	
100	 79700	 5.723890e-03	 1565644.200000	 1474804	 1685772	
100	 79800	 5.746430e-03	 1566694.720000	 1453526	 1727039	
100	 79900	 5.774030e-03	 1579573.320000	 1481078	 1769188	
100	 80000	 5.754970e-03	 1574766.670000	 1497163	 1790419	
100	 80100	 5.780480e-03	 1579651.160000	 1474198	 1734367	
100	 80200	 5.792220e-03	 1578345.650000	 1470919	 1720149	
100	 80300	 5.785610e-03	 1589209.370000	 1495004	 1879378	
100	 80400	 5.789640e-03	 1586559.320000	 1502359	 1746854	
100	 80500	 5.791720e-03	 1585692.330000	 1483366	 1803110	
100	 80600	 5.817880e-03	 1587374.290000	 1496492	 1733275	
100	 80700	 5.826890e-03	 1594269.830000	 1508197	 1738609	
100	 80800	 5.818820e-03	 1588240.350000	 1490674	 1760605	
100	 80900	 5.835640e-03	 1598743.490000	 1512284	 1802513	
100	 81000	 5.838340e-03	 1597635.630000	 1486791	 1815963	
100	 81100	 5.851660e-03	 1605756.730000	 1518955	 1796407	
100	 81200	 5.858290e-03	 1605415.100000	 1531520	 1736555	
100	 81300	 5.883010e-03	 1607658.940000	 1509534	 1721386	
100	 81400	 5.875760e-03	 1607039.620000	 1521900	 1808369	
100	 81500	 5.872560e-03	 1611329.250000	 1515653	 1757212	
100	 81600	 5.883660e-03	 1621419.880000	 1516201	 1781514	
100	 81700	 5.885670e-03	 1608408.440000	 1526323	 1824023	
100	 81800	 5.890540e-03	 1611806.810000	 1528212	 1745542	
100	 81900	 5.907140e-03	 1612631.670000	 1514180	 1791566	
100	 82000	 5.938930e-03	 1624648.360000	 1535925	 1745654	
100	 82100	 5.930300e-03	 1618154.880000	 1539818	 1815567	
100	 82200	 5.948190e-03	 1629583.000000	 1533596	 1922089	
100	 82300	 5.945460e-03	 1621748.770000	 1543987	 1821787	
100	 82400	 5.934760e-03	 1632812.840000	 1539021	 1830652	
100	 82500	 5.951480e-03	 1626161.920000	 1517991	 1784007	
100	 82600	 5.971410e-03	 1626263.630000	 1539027	 1797680	
100	 82700	 5.996280e-03	 1641971.610000	 1543294	 1803602	
100	 82800	 5.975090e-03	 1638094.280000	 1552777	 1805289	
100	 82900	 6.013660e-03	 1651196.710000	 1556271	 1800821	
100	 83000	 6.005300e-03	 1649532.900000	 1568722	 1786233	
100	 83100	 6.025700e-03	 1639194.170000	 1550500	 1825331	
100	 83200	 6.011520e-03	 1646767.530000	 1564085	 1801133	
100	 83300	 6.038500e-03	 1654839.820000	 1561826	 1844973	
100	 83400	 6.034860e-03	 1646730.190000	 1560254	 1958322	
100	 83500	 6.037330e-03	 1654161.310000	 1570466	 1854835	
100	 83600	 6.040000e-03	 1660293.620000	 1555599	 1856131	
100	 83700	 6.082000e-03	 1662749.770000	 1535984	 1800375	
100	 83800	 6.069840e-03	 1668118.080000	 1554269	 1870705	
100	 83900	 6.067970e-03	 1658604.610000	 1567169	 1823089	
100	 84000	 6.078410e-03	 1667998.900000	 1540369	 1916609	
100	 84100	 6.083390e-03	 1669522.730000	 1581049	 1827847	
100	 84200	 6.094330e-03	 1661782.730000	 1581174	 1796759	
100	 84300	 6.111010e-03	 1676571.860000	 1577211	 1842208	
100	 84400	 6.108900e-03	 1682091.070000	 1574539	 1881582	
100	 84500	 6.123220e-03	 1669187.280000	 1562389	 1819233	
100	 84600	 6.115550e-03	 1674737.320000	 1592659	 1823338	
100	 84700	 6.128870e-03	 1683880.830000	 1589740	 1901042	
100	 84800	 6.134360e-03	 1670905.020000	 1574301	 1842453	
100	 84900	 6.179370e-03	 1686883.240000	 1572289	 1861256	
100	 85000	 6.161230e-03	 1689001.430000	 1578978	 1852152	
100	 85100	 6.161350e-03	 1696966.240000	 1583737	 1883783	
100	 85200	 6.161530e-03	 1690612.810000	 1581283	 1826774	
100	 85300	 6.179290e-03	 1695164.460000	 1593304	 1849311	
100	 85400	 6.190030e-03	 1701591.670000	 1591651	 1903772	
100	 85500	 6.193480e-03	 1696597.970000	 1603978	 1871520	
100	 85600	 6.221770e-03	 1688263.430000	 1589547	 1873639	
100	 85700	 6.202760e-03	 1697855.610000	 1601715	 1848909	
100	 85800	 6.194850e-03	 1701658.530000	 1591394	 1853200	
100	 85900	 6.207830e-03	 1709803.780000	 1607265	 1888736	
100	 86000	 6.223930e-03	 1702075.340000	 1589589	 1936179	
100	 86100	 6.245740e-03	 1716212.610000	 1611897	 1870100	
100	 86200	 6.252660e-03	 1703879.980000	 1619201	 1930086	
100	 86300	 6.278160e-03	 1713331.450000	 1620733	 1931539	
100	 86400	 6.328630e-03	 1719957.500000	 1588185	 1948677	
100	 86500	 6.249180e-03	 1712002.550000	 1588465	 1902996	
100	 86600	 6.256200e-03	 1721082.190000	 1629140	 1869585	
100	 86700	 6.298260e-03	 1732750.310000	 1610204	 1910820	
100	 86800	 6.282460e-03	 1726953.850000	 1644328	 1949478	
100	 86900	 6.294570e-03	 1727040.940000	 1624145	 1952102	
100	 87000	 6.309690e-03	 1727093.930000	 1614009	 1862704	
100	 87100	 6.328610e-03	 1732704.680000	 1622145	 1885598	
100	 87200	 6.316580e-03	 1743701.040000	 1664654	 1901448	
100	 87300	 6.333120e-03	 1745681.660000	 1637329	 1935707	
100	 87400	 6.329560e-03	 1739089.060000	 1642913	 2046303	
100	 87500	 6.358730e-03	 1740805.720000	 1633509	 1969944	
100	 87600	 6.336190e-03	 1755425.760000	 1647689	 1952561	
100	 87700	 6.376930e-03	 1744553.390000	 1639116	 1862899	
100	 87800	 6.411170e-03	 1747407.160000	 1649499	 1903241	
100	 87900	 6.379820e-03	 1753461.800000	 1653470	 1996672	
100	 88000	 6.366520e-03	 1750129.780000	 1643688	 1982346	
100	 88100	 6.393200e-03	 1760764.340000	 1654859	 1952245	
100	 88200	 6.421140e-03	 1754305.480000	 1665124	 1963803	
100	 88300	 6.403060e-03	 1752490.260000	 1658572	 1946066	
100	 88400	 6.425290e-03	 1767544.180000	 1648656	 1939064	
100	 88500	 6.421170e-03	 1767780.270000	 1683425	 1959847	
100	 88600	 6.412990e-03	 1769414.080000	 1655186	 1920067	
100	 88700	 6.428310e-03	 1762838.540000	 1664312	 1980428	
100	 88800	 6.447490e-03	 1772247.030000	 1659839	 1947495	
100	 88900	 6.454680e-03	 1779774.050000	 1667106	 1948189	
100	 89000	 6.469360e-03	 1773235.790000	 1649506	 1913923	
100	 89100	 6.481370e-03	 1786691.930000	 1677627	 2139925	
100	 89200	 6.467050e-03	 1774533.870000	 1669488	 1963661	
100	 89300	 6.479670e-03	 1783372.290000	 1670181	 1965829	
100	 89400	 6.482740e-03	 1783655.340000	 1673091	 1953131	
100	 89500	 6.482460e-03	 1779917.720000	 1682483	 1968465	
100	 89600	 6.510110e-03	 1785942.910000	 1688167	 2057161	
100	 89700	 6.529400e-03	 1787226.480000	 1678044	 1989024	
100	 89800	 6.518110e-03	 1795238.110000	 1704689	 1951901	
100	 89900	 6.519890e-03	 1801561.870000	 1665853	 2010912	
100	 90000	 6.545560e-03	 1797385.850000	 1686540	 1938620	
100	 90100	 6.538300e-03	 1801436.870000	 1697034	 1973497	
100	 90200	 6.556200e-03	 1803862.870000	 1699153	 2041961	
100	 90300	 6.566530e-03	 1813281.060000	 1709828	 1934303	
100	 90400	 6.585370e-03	 1807113.370000	 1679087	 1948126	
100	 90500	 6.598140e-03	 1811814.860000	 1710675	 2098385	
100	 90600	 6.581650e-03	 1819130.590000	 1702423	 2018550	
100	 90700	 6.578450e-03	 1828131.890000	 1725215	 2036348	
100	 90800	 6.649860e-03	 1820470.380000	 1720183	 1993199	
100	 90900	 6.676830e-03	 1815231.940000	 1702520	 1944809	
100	 91000	 6.660130e-03	 1814117.330000	 1718693	 1991998	
100	 91100	 6.627940e-03	 1820954.890000	 1719922	 2051223	
100	 91200	 6.633980e-03	 1816892.680000	 1703457	 1991982	
100	 91300	 6.650760e-03	 1821967.270000	 1727323	 1975011	
100	 91400	 6.671910e-03	 1831183.270000	 1723636	 2076307	
100	 91500	 6.669750e-03	 1822824.890000	 1706126	 2025337	
100	 91600	 6.683630e-03	 1842150.390000	 1716606	 2055195	
100	 91700	 6.688960e-03	 1830519.060000	 1713351	 2129095	
100	 91800	 6.696490e-03	 1833636.530000	 1732650	 1976999	
100	 91900	 6.738780e-03	 1835727.350000	 1725974	 2063115	
100	 92000	 6.728740e-03	 1841011.990000	 1744276	 2107575	
100	 92100	 6.814520e-03	 1846546.830000	 1740158	 1993322	
100	 92200	 6.920940e-03	 1837766.310000	 1753909	 1979320	
100	 92300	 6.887080e-03	 1854117.310000	 1757431	 2038653	
100	 92400	 6.736210e-03	 1835894.740000	 1730472	 1978044	
100	 92500	 6.735110e-03	 1842752.460000	 1747653	 2001113	
100	 92600	 6.751780e-03	 1851363.290000	 1732826	 2041362	
100	 92700	 6.751060e-03	 1856690.950000	 1747967	 2018500	
100	 92800	 6.786630e-03	 1864493.230000	 1754850	 2140530	
100	 92900	 6.806430e-03	 1862012.040000	 1744424	 2050405	
100	 93000	 6.803760e-03	 1866402.260000	 1750200	 2023561	
100	 93100	 6.794300e-03	 1861747.950000	 1743994	 2057324	
100	 93200	 6.815350e-03	 1866296.320000	 1757709	 2144827	
100	 93300	 6.803550e-03	 1866200.410000	 1754355	 2027965	
100	 93400	 6.806930e-03	 1873527.050000	 1756375	 2027672	
100	 93500	 6.836440e-03	 1879549.120000	 1773271	 2145637	
100	 93600	 6.830130e-03	 1868192.680000	 1778861	 2014588	
100	 93700	 6.839970e-03	 1866583.850000	 1769248	 2028152	
100	 93800	 6.840480e-03	 1881783.510000	 1774186	 2109623	
100	 93900	 6.855420e-03	 1883245.060000	 1758602	 2071513	
100	 94000	 6.863080e-03	 1886933.190000	 1783132	 2066768	
100	 94100	 6.869400e-03	 1882213.090000	 1767478	 2022670	
100	 94200	 6.938610e-03	 1880270.640000	 1782986	 2099292	
100	 94300	 6.891720e-03	 1902233.240000	 1781271	 2123346	
100	 94400	 6.908570e-03	 1900732.980000	 1781040	 2205221	
100	 94500	 6.911300e-03	 1894200.020000	 1791188	 2072247	
100	 94600	 6.898650e-03	 1895976.450000	 1781536	 2117624	
100	 94700	 6.912590e-03	 1907268.840000	 1821336	 2094962	
100	 94800	 6.936660e-03	 1904866.630000	 1788529	 2237649	
100	 94900	 6.973120e-03	 1904735.730000	 1789017	 2060049	
100	 95000	 6.955540e-03	 1914536.530000	 1778582	 2184994	
100	 95100	 6.958440e-03	 1902483.270000	 1794871	 2038391	
100	 95200	 6.944080e-03	 1906160.960000	 1807340	 2094617	
100	 95300	 6.971020e-03	 1911554.910000	 1820186	 2159646	
100	 95400	 6.974200e-03	 1921051.620000	 1775058	 2138610	
100	 95500	 6.999730e-03	 1913179.000000	 1805589	 2077296	
100	 95600	 7.001500e-03	 1927406.530000	 1804406	 2149772	
100	 95700	 7.039590e-03	 1917729.740000	 1822489	 2178417	
100	 95800	 7.002160e-03	 1915694.180000	 1833165	 2081298	
100	 95900	 7.022310e-03	 1929613.360000	 1819930	 2135110	
100	 96000	 7.039020e-03	 1939364.190000	 1791030	 2225989	
100	 96100	 7.044450e-03	 1938982.860000	 1805262	 2127777	
100	 96200	 7.067080e-03	 1942653.080000	 1831336	 2170948	
100	 96300	 7.045460e-03	 1934834.210000	 1832411	 2109981	
100	 96400	 7.055380e-03	 1935856.270000	 1834604	 2109243	
100	 96500	 7.059070e-03	 1949832.570000	 1839642	 2115883	
100	 96600	 7.054950e-03	 1942434.510000	 1829367	 2089472	
100	 96700	 7.098470e-03	 1948370.380000	 1839922	 2179650	
100	 96800	 7.075940e-03	 1944737.280000	 1835673	 2116946	
100	 96900	 7.175180e-03	 1949873.830000	 1811233	 2150733	
100	 97000	 7.101630e-03	 1950883.210000	 1824113	 2178681	
100	 97100	 7.115620e-03	 1966571.780000	 1812485	 2251748	
100	 97200	 7.144070e-03	 1960284.970000	 1831008	 2236569	
100	 97300	 7.141760e-03	 1956573.170000	 1840442	 2133794	
100	 97400	 7.149170e-03	 1957646.540000	 1852939	 2162929	
100	 97500	 7.131130e-03	 1970632.720000	 1858075	 2252882	
100	 97600	 7.129650e-03	 1961997.450000	 1859243	 2115671	
100	 97700	 7.145260e-03	 1960031.190000	 1852582	 2119514	
100	 97800	 7.154320e-03	 1967891.500000	 1859524	 2147537	
100	 97900	 7.191550e-03	 1978341.560000	 1853448	 2121083	
100	 98000	 7.189530e-03	 1975081.660000	 1836367	 2196250	
100	 98100	 7.194640e-03	 1980085.310000	 1867604	 2232569	
100	 98200	 7.208830e-03	 1987330.550000	 1862596	 2197516	
100	 98300	 7.190500e-03	 1973498.510000	 1853628	 2148529	
100	 98400	 7.215910e-03	 1982645.510000	 1866364	 2138725	
100	 98500	 7.214820e-03	 1987843.110000	 1860835	 2220400	
100	 98600	 7.229600e-03	 1981898.030000	 1883283	 2196550	
100	 98700	 7.253160e-03	 1991002.600000	 1867084	 2229339	
100	 98800	 7.248660e-03	 1990051.600000	 1831284	 2252336	
100	 98900	 7.348380e-03	 1999737.610000	 1874537	 2191990	
100	 99000	 7.287150e-03	 2003913.530000	 1882934	 2229370	
100	 99100	 7.262900e-03	 1993641.310000	 1886200	 2306031	
100	 99200	 7.270820e-03	 1996553.710000	 1864703	 2231601	
100	 99300	 7.293960e-03	 1999308.780000	 1886492	 2153934	
100	 99400	 7.303740e-03	 2003544.530000	 1881430	 2278079	
100	 99500	 7.340120e-03	 2001414.110000	 1880611	 2258079	
100	 99600	 7.303980e-03	 2010275.760000	 1899204	 2194919	
100	 99700	 7.342110e-03	 2009021.410000	 1882130	 2268871	
100	 99800	 7.307430e-03	 2003471.320000	 1892180	 2234456	
100	 99900	 7.319620e-03	 2020920.010000	 1906908	 2228378	
100	 100000	 7.324340e-03	 2017454.410000	 1910522	 2315823	
