100	 1000	 9.881000e-05	 10921.570000	 9901	 12589	
100	 1100	 1.022700e-04	 12289.250000	 11055	 15227	
100	 1200	 8.122000e-05	 13660.170000	 12291	 17512	
100	 1300	 6.829000e-05	 14979.930000	 13300	 16993	
100	 1400	 7.478000e-05	 16511.450000	 14922	 20144	
100	 1500	 8.856000e-05	 17641.630000	 15764	 21086	
100	 1600	 8.624000e-05	 18998.480000	 16864	 21099	
100	 1700	 1.018900e-04	 20482.970000	 18877	 22873	
100	 1800	 1.028600e-04	 21698.230000	 19831	 26627	
100	 1900	 1.067600e-04	 22980.800000	 20901	 26912	
100	 2000	 1.116100e-04	 24474.430000	 22324	 27323	
100	 2100	 1.186300e-04	 26227.860000	 23244	 29549	
100	 2200	 1.296600e-04	 27533.800000	 25288	 30320	
100	 2300	 1.409200e-04	 29014.250000	 26666	 34173	
100	 2400	 1.454100e-04	 30435.560000	 27313	 34733	
100	 2500	 1.491200e-04	 31915.310000	 29252	 39647	
100	 2600	 1.510900e-04	 33613.920000	 30737	 42422	
100	 2700	 1.594700e-04	 35058.210000	 32024	 40135	
100	 2800	 1.683800e-04	 36468.750000	 32695	 41362	
100	 2900	 1.716500e-04	 37999.080000	 34488	 43112	
100	 3000	 1.658700e-04	 39300.700000	 36001	 46264	
100	 3100	 1.885100e-04	 40595.310000	 37347	 47427	
100	 3200	 1.921200e-04	 42580.120000	 38839	 50122	
100	 3300	 1.988000e-04	 44148.650000	 40057	 53189	
100	 3400	 2.019200e-04	 45634.610000	 41693	 50297	
100	 3500	 2.096700e-04	 46931.520000	 42951	 54675	
100	 3600	 2.163800e-04	 48877.130000	 44506	 55603	
100	 3700	 2.242000e-04	 50556.790000	 45705	 57142	
100	 3800	 2.322600e-04	 51328.440000	 46998	 58206	
100	 3900	 2.329800e-04	 53174.760000	 48708	 61190	
100	 4000	 2.409300e-04	 54980.190000	 49510	 62656	
100	 4100	 2.450900e-04	 56368.760000	 51657	 63417	
100	 4200	 2.531600e-04	 57995.600000	 53873	 66609	
100	 4300	 2.640600e-04	 60146.810000	 55380	 69320	
100	 4400	 2.634000e-04	 61713.720000	 56099	 72160	
100	 4500	 2.702300e-04	 62947.850000	 57798	 71865	
100	 4600	 2.762400e-04	 64536.480000	 58025	 72732	
100	 4700	 2.838700e-04	 65934.260000	 61347	 77326	
100	 4800	 2.882600e-04	 67375.370000	 62317	 77515	
100	 4900	 2.982200e-04	 69763.160000	 63485	 81056	
100	 5000	 3.095300e-04	 71249.890000	 64742	 82376	
100	 5100	 3.061300e-04	 72626.100000	 67513	 81434	
100	 5200	 3.158400e-04	 74197.850000	 67841	 88595	
100	 5300	 3.172500e-04	 75579.850000	 70395	 87658	
100	 5400	 3.308800e-04	 76428.660000	 70536	 88519	
100	 5500	 3.360600e-04	 78754.530000	 73631	 86491	
100	 5600	 3.406400e-04	 81298.390000	 74034	 104839	
100	 5700	 3.492100e-04	 82886.190000	 76246	 101947	
100	 5800	 3.538400e-04	 83155.380000	 78289	 91283	
100	 5900	 3.558700e-04	 85130.210000	 78417	 96993	
100	 6000	 3.698100e-04	 87072.050000	 80870	 96671	
100	 6100	 3.718400e-04	 89323.720000	 82259	 101695	
100	 6200	 3.805900e-04	 91036.180000	 83467	 119605	
100	 6300	 3.897100e-04	 91589.970000	 85307	 101505	
100	 6400	 4.046000e-04	 94030.190000	 87499	 109138	
100	 6500	 4.074300e-04	 95509.760000	 89191	 109211	
100	 6600	 4.008500e-04	 97202.670000	 89227	 109589	
100	 6700	 4.105300e-04	 99973.950000	 91354	 114669	
100	 6800	 4.145900e-04	 99945.160000	 92127	 113181	
100	 6900	 4.206600e-04	 101871.370000	 93655	 120708	
100	 7000	 4.312200e-04	 103993.660000	 95012	 121632	
100	 7100	 4.315900e-04	 105505.330000	 96785	 121737	
100	 7200	 4.409400e-04	 108067.160000	 97989	 129115	
100	 7300	 4.417100e-04	 110165.510000	 99353	 124756	
100	 7400	 4.453700e-04	 111204.640000	 102757	 126367	
100	 7500	 4.514600e-04	 112407.330000	 104933	 127629	
100	 7600	 4.587300e-04	 114284.560000	 105007	 129457	
100	 7700	 4.714600e-04	 115426.470000	 106716	 127918	
100	 7800	 4.815600e-04	 117741.050000	 106725	 136847	
100	 7900	 4.869900e-04	 119682.420000	 110345	 142813	
100	 8000	 4.787200e-04	 121529.580000	 110660	 141892	
100	 8100	 4.882600e-04	 123779.990000	 114202	 144427	
100	 8200	 4.967900e-04	 124326.590000	 114716	 140813	
100	 8300	 5.018500e-04	 125993.940000	 115044	 142262	
100	 8400	 5.016300e-04	 128232.730000	 117622	 145332	
100	 8500	 5.111900e-04	 129130.910000	 120424	 143780	
100	 8600	 5.199300e-04	 131151.240000	 121689	 145163	
100	 8700	 5.237400e-04	 132963.410000	 121973	 154544	
100	 8800	 5.406900e-04	 135069.580000	 122782	 152924	
100	 8900	 5.378200e-04	 136026.910000	 126334	 151724	
100	 9000	 5.385000e-04	 138359.930000	 127356	 152738	
100	 9100	 5.503600e-04	 139164.170000	 128385	 158666	
100	 9200	 5.565900e-04	 142197.320000	 131649	 166104	
100	 9300	 5.644400e-04	 143757.930000	 132961	 166768	
100	 9400	 5.676400e-04	 146599.570000	 134700	 164461	
100	 9500	 5.801300e-04	 146562.150000	 136277	 160520	
100	 9600	 5.797900e-04	 149293.280000	 139044	 175200	
100	 9700	 5.907400e-04	 149999.550000	 137728	 170556	
100	 9800	 5.981000e-04	 151838.430000	 138779	 172589	
100	 9900	 5.990700e-04	 154126.660000	 142102	 172824	
100	 10000	 6.055000e-04	 155877.370000	 143959	 176746	
100	 10100	 6.185400e-04	 159361.530000	 149232	 177186	
100	 10200	 6.211500e-04	 158894.690000	 148545	 179815	
100	 10300	 6.312100e-04	 161026.410000	 149337	 184866	
100	 10400	 6.395000e-04	 163191.350000	 150129	 191839	
100	 10500	 6.438800e-04	 163683.820000	 153946	 184756	
100	 10600	 6.483300e-04	 166093.340000	 152843	 191402	
100	 10700	 6.557700e-04	 168420.100000	 156530	 188884	
100	 10800	 6.577900e-04	 170277.240000	 158152	 193664	
100	 10900	 6.653000e-04	 171433.620000	 158161	 201314	
100	 11000	 6.719900e-04	 172690.680000	 161349	 189535	
100	 11100	 6.965000e-04	 175083.120000	 160167	 199511	
100	 11200	 6.880100e-04	 175904.880000	 163939	 192820	
100	 11300	 6.955800e-04	 179415.940000	 165186	 205020	
100	 11400	 6.996500e-04	 181455.630000	 169817	 211809	
100	 11500	 7.114700e-04	 182471.400000	 170740	 229772	
100	 11600	 7.116700e-04	 185817.220000	 171067	 220812	
100	 11700	 7.197600e-04	 186755.910000	 174181	 210299	
100	 11800	 7.345500e-04	 188104.420000	 173439	 217904	
100	 11900	 7.328300e-04	 189073.200000	 172214	 218296	
100	 12000	 7.409400e-04	 190961.900000	 177585	 206409	
100	 12100	 7.466300e-04	 193645.630000	 182171	 214314	
100	 12200	 7.606900e-04	 194879.510000	 181694	 223083	
100	 12300	 7.602800e-04	 197765.960000	 182946	 240518	
100	 12400	 7.642100e-04	 198168.240000	 182651	 219855	
100	 12500	 7.794400e-04	 199879.700000	 185433	 223574	
100	 12600	 7.825500e-04	 201984.470000	 187431	 229982	
100	 12700	 7.899800e-04	 204329.460000	 189217	 230985	
100	 12800	 7.925800e-04	 205674.960000	 191441	 228577	
100	 12900	 8.127700e-04	 206782.360000	 192074	 236548	
100	 13000	 8.109500e-04	 209568.170000	 195998	 236021	
100	 13100	 8.272400e-04	 213126.970000	 197988	 243648	
100	 13200	 8.352500e-04	 213033.540000	 198174	 255948	
100	 13300	 8.365300e-04	 214976.040000	 196754	 235070	
100	 13400	 8.438100e-04	 216745.450000	 202294	 237944	
100	 13500	 8.424400e-04	 218260.470000	 202728	 264648	
100	 13600	 8.501300e-04	 220260.500000	 204714	 246367	
100	 13700	 8.618200e-04	 224216.570000	 209074	 252877	
100	 13800	 8.627000e-04	 224228.950000	 211117	 252818	
100	 13900	 8.722500e-04	 226504.710000	 210408	 253339	
100	 14000	 8.711100e-04	 226053.920000	 212179	 250224	
100	 14100	 8.794700e-04	 228687.060000	 214450	 262678	
100	 14200	 8.907400e-04	 232550.630000	 215889	 271536	
100	 14300	 9.138100e-04	 233640.910000	 218198	 276401	
100	 14400	 9.003000e-04	 235625.980000	 214796	 264880	
100	 14500	 9.013400e-04	 237734.570000	 219938	 271420	
100	 14600	 9.094700e-04	 240502.990000	 221997	 283216	
100	 14700	 9.140400e-04	 239600.600000	 219744	 269644	
100	 14800	 9.268300e-04	 242767.210000	 225462	 284181	
100	 14900	 9.414000e-04	 243315.570000	 227127	 277071	
100	 15000	 9.418000e-04	 245171.030000	 228122	 274142	
100	 15100	 9.487700e-04	 246377.980000	 226348	 275095	
100	 15200	 9.553000e-04	 248639.380000	 229661	 285526	
100	 15300	 9.616800e-04	 252348.670000	 234413	 287485	
100	 15400	 9.787500e-04	 253258.690000	 233948	 284285	
100	 15500	 9.717700e-04	 255134.990000	 237119	 284312	
100	 15600	 9.795900e-04	 256654.270000	 238940	 297525	
100	 15700	 9.884900e-04	 257696.270000	 240516	 290350	
100	 15800	 9.965800e-04	 259879.790000	 241618	 304412	
100	 15900	 1.005130e-03	 261166.480000	 244743	 302835	
100	 16000	 1.012060e-03	 264737.880000	 243967	 318559	
100	 16100	 1.011640e-03	 266714.350000	 250787	 291759	
100	 16200	 1.020360e-03	 268396.650000	 244422	 300797	
100	 16300	 1.031050e-03	 269779.390000	 246509	 303666	
100	 16400	 1.032810e-03	 271798.080000	 251396	 319446	
100	 16500	 1.045850e-03	 273946.970000	 255565	 311389	
100	 16600	 1.050000e-03	 276380.310000	 257945	 302369	
100	 16700	 1.047690e-03	 276446.750000	 255037	 314674	
100	 16800	 1.078550e-03	 280560.010000	 259213	 328685	
100	 16900	 1.070590e-03	 279813.820000	 262984	 300888	
100	 17000	 1.071850e-03	 281250.700000	 263873	 308497	
100	 17100	 1.085380e-03	 284932.700000	 263028	 311858	
100	 17200	 1.090690e-03	 285509.970000	 262398	 319954	
100	 17300	 1.105370e-03	 287922.040000	 267145	 327104	
100	 17400	 1.099210e-03	 292375.320000	 272155	 325292	
100	 17500	 1.109170e-03	 292762.520000	 270071	 325129	
100	 17600	 1.123390e-03	 293783.960000	 273671	 322491	
100	 17700	 1.122940e-03	 294969.540000	 273552	 337185	
100	 17800	 1.134590e-03	 296575.620000	 277601	 345052	
100	 17900	 1.140490e-03	 299762.070000	 279132	 337118	
100	 18000	 1.148450e-03	 301724.610000	 283639	 339164	
100	 18100	 1.151040e-03	 303244.350000	 284685	 351890	
100	 18200	 1.161490e-03	 302666.320000	 282987	 330245	
100	 18300	 1.169230e-03	 307686.460000	 282034	 340475	
100	 18400	 1.172190e-03	 308298.400000	 288782	 346729	
100	 18500	 1.176270e-03	 310002.140000	 288094	 351746	
100	 18600	 1.180440e-03	 313207.330000	 294146	 369935	
100	 18700	 1.196410e-03	 313476.840000	 291413	 343946	
100	 18800	 1.201080e-03	 316899.390000	 297472	 357194	
100	 18900	 1.203410e-03	 317851.230000	 297057	 363055	
100	 19000	 1.217720e-03	 320011.490000	 298711	 352403	
100	 19100	 1.229960e-03	 321949.340000	 299578	 353168	
100	 19200	 1.235250e-03	 325265.750000	 301516	 361545	
100	 19300	 1.233670e-03	 325068.240000	 302336	 352230	
100	 19400	 1.233490e-03	 325870.730000	 304789	 354124	
100	 19500	 1.261720e-03	 328998.170000	 306464	 370133	
100	 19600	 1.248970e-03	 331351.480000	 307206	 366002	
100	 19700	 1.278450e-03	 332041.810000	 305040	 374042	
100	 19800	 1.262590e-03	 335684.700000	 309677	 389684	
100	 19900	 1.288700e-03	 337144.120000	 312725	 378146	
100	 20000	 1.281320e-03	 340683.290000	 317223	 379945	
100	 20100	 1.290570e-03	 340913.560000	 317931	 409642	
100	 20200	 1.294720e-03	 347550.940000	 318147	 391867	
100	 20300	 1.301630e-03	 345356.370000	 322121	 401912	
100	 20400	 1.310360e-03	 346382.700000	 324708	 384620	
100	 20500	 1.312450e-03	 346715.780000	 325454	 386840	
100	 20600	 1.316710e-03	 349943.760000	 328083	 424473	
100	 20700	 1.323960e-03	 352211.170000	 329913	 391761	
100	 20800	 1.336590e-03	 352116.090000	 327816	 383458	
100	 20900	 1.347420e-03	 356761.430000	 334525	 400592	
100	 21000	 1.369950e-03	 359033.800000	 332774	 397036	
100	 21100	 1.352900e-03	 358857.220000	 336230	 412479	
100	 21200	 1.354450e-03	 361448.340000	 338576	 405413	
100	 21300	 1.368080e-03	 364662.370000	 337302	 405428	
100	 21400	 1.389170e-03	 365462.010000	 338072	 399088	
100	 21500	 1.382890e-03	 369870.880000	 339071	 409398	
100	 21600	 1.395640e-03	 371127.220000	 348500	 411559	
100	 21700	 1.395340e-03	 372420.260000	 348473	 444469	
100	 21800	 1.411990e-03	 375832.000000	 347030	 413004	
100	 21900	 1.405470e-03	 374009.970000	 351517	 413241	
100	 22000	 1.419370e-03	 375414.090000	 350511	 424939	
100	 22100	 1.435210e-03	 377670.020000	 353727	 410050	
100	 22200	 1.434960e-03	 380645.450000	 360291	 410888	
100	 22300	 1.432580e-03	 382718.660000	 355892	 455667	
100	 22400	 1.443910e-03	 385461.840000	 358936	 443061	
100	 22500	 1.470560e-03	 385903.450000	 361197	 431367	
100	 22600	 1.455690e-03	 388224.600000	 364516	 427758	
100	 22700	 1.458700e-03	 391169.380000	 368009	 435185	
100	 22800	 1.483920e-03	 388617.040000	 363255	 425132	
100	 22900	 1.481780e-03	 394702.650000	 366335	 444259	
100	 23000	 1.482670e-03	 396379.810000	 373106	 437222	
100	 23100	 1.486860e-03	 397889.500000	 370910	 452084	
100	 23200	 1.504210e-03	 400105.150000	 371500	 477497	
100	 23300	 1.501020e-03	 400799.500000	 377585	 434931	
100	 23400	 1.512460e-03	 402932.650000	 371603	 448196	
100	 23500	 1.529220e-03	 409109.300000	 382483	 467921	
100	 23600	 1.537860e-03	 408780.140000	 378848	 470516	
100	 23700	 1.530630e-03	 410609.420000	 378323	 463355	
100	 23800	 1.540990e-03	 412086.000000	 382536	 458244	
100	 23900	 1.549320e-03	 413598.350000	 384793	 460895	
100	 24000	 1.559920e-03	 415612.750000	 388242	 455910	
100	 24100	 1.554690e-03	 419268.480000	 385963	 472973	
100	 24200	 1.579530e-03	 418934.090000	 390544	 456821	
100	 24300	 1.572280e-03	 422806.870000	 394255	 467674	
100	 24400	 1.579070e-03	 423419.040000	 393844	 471354	
100	 24500	 1.615510e-03	 425965.790000	 401545	 481498	
100	 24600	 1.597040e-03	 429846.630000	 404055	 466457	
100	 24700	 1.602900e-03	 429949.080000	 398664	 483107	
100	 24800	 1.611710e-03	 429926.870000	 409000	 479084	
100	 24900	 1.616530e-03	 432493.190000	 406402	 488856	
100	 25000	 1.628770e-03	 435224.210000	 406546	 523502	
100	 25100	 1.635900e-03	 437620.290000	 406676	 487138	
100	 25200	 1.652700e-03	 437850.440000	 412259	 478698	
100	 25300	 1.652650e-03	 441507.660000	 410641	 488016	
100	 25400	 1.655600e-03	 442268.240000	 414016	 480440	
100	 25500	 1.660160e-03	 445748.740000	 414802	 497871	
100	 25600	 1.665070e-03	 446527.120000	 417847	 495822	
100	 25700	 1.671300e-03	 446993.800000	 417423	 510000	
100	 25800	 1.684080e-03	 452530.730000	 421710	 499331	
100	 25900	 1.691580e-03	 450818.590000	 422255	 499454	
100	 26000	 1.694700e-03	 456292.020000	 425337	 503205	
100	 26100	 1.713380e-03	 454354.660000	 430399	 496465	
100	 26200	 1.703240e-03	 458333.470000	 423884	 506374	
100	 26300	 1.724460e-03	 461119.250000	 433908	 510325	
100	 26400	 1.729450e-03	 462117.480000	 430853	 511061	
100	 26500	 1.727080e-03	 464446.900000	 432685	 522967	
100	 26600	 1.743260e-03	 464814.220000	 434501	 520447	
100	 26700	 1.742610e-03	 470897.150000	 441526	 543905	
100	 26800	 1.750760e-03	 474307.600000	 449018	 529557	
100	 26900	 1.764940e-03	 472838.780000	 444035	 536193	
100	 27000	 1.771130e-03	 473740.410000	 443661	 550145	
100	 27100	 1.760780e-03	 475295.420000	 437121	 521669	
100	 27200	 1.788510e-03	 478249.260000	 445712	 530552	
100	 27300	 1.787530e-03	 482012.210000	 455389	 536867	
100	 27400	 1.792440e-03	 482608.460000	 448706	 531958	
100	 27500	 1.829860e-03	 481441.640000	 455836	 525485	
100	 27600	 1.813090e-03	 488180.560000	 450958	 533068	
100	 27700	 1.808340e-03	 487479.230000	 456680	 565168	
100	 27800	 1.832350e-03	 488327.130000	 454584	 534214	
100	 27900	 1.831010e-03	 492229.690000	 460820	 536033	
100	 28000	 1.833000e-03	 490395.930000	 462826	 543625	
100	 28100	 1.850630e-03	 495396.160000	 469569	 557624	
100	 28200	 1.846560e-03	 501777.350000	 467979	 570517	
100	 28300	 1.868470e-03	 499331.750000	 464581	 581628	
100	 28400	 1.862170e-03	 498845.670000	 465299	 548037	
100	 28500	 1.866890e-03	 502641.490000	 473946	 570449	
100	 28600	 1.894470e-03	 504834.340000	 470869	 570245	
100	 28700	 1.894900e-03	 505010.360000	 470276	 572423	
100	 28800	 1.884320e-03	 510375.080000	 473952	 569626	
100	 28900	 1.927450e-03	 513539.850000	 482590	 589211	
100	 29000	 1.905740e-03	 514601.480000	 482504	 579887	
100	 29100	 1.916910e-03	 513517.070000	 481234	 570832	
100	 29200	 1.925910e-03	 514493.630000	 481923	 578858	
100	 29300	 1.934820e-03	 515951.190000	 489194	 553823	
100	 29400	 1.939690e-03	 523629.420000	 488936	 602475	
100	 29500	 1.943280e-03	 522884.950000	 484005	 592775	
100	 29600	 1.949440e-03	 521935.500000	 493148	 577304	
100	 29700	 1.961650e-03	 527636.660000	 494223	 575524	
100	 29800	 1.968350e-03	 533620.170000	 492509	 593416	
100	 29900	 1.972000e-03	 526682.840000	 497492	 583146	
100	 30000	 1.985280e-03	 535735.290000	 497393	 600784	
100	 30100	 1.986770e-03	 537515.740000	 501761	 594341	
100	 30200	 2.022250e-03	 539454.420000	 502666	 600456	
100	 30300	 2.003920e-03	 540444.000000	 498677	 622634	
100	 30400	 1.998420e-03	 540165.340000	 503885	 599424	
100	 30500	 2.019090e-03	 547225.270000	 506675	 607191	
100	 30600	 2.021070e-03	 544061.850000	 508565	 616492	
100	 30700	 2.030910e-03	 545537.020000	 513323	 615748	
100	 30800	 2.032290e-03	 550884.540000	 515648	 606367	
100	 30900	 2.035500e-03	 551841.920000	 522346	 594646	
100	 31000	 2.061080e-03	 549174.590000	 513838	 601841	
100	 31100	 2.056530e-03	 556451.440000	 521012	 630039	
100	 31200	 2.065690e-03	 555560.260000	 517027	 605457	
100	 31300	 2.071150e-03	 556634.850000	 513462	 610211	
100	 31400	 2.081100e-03	 561162.380000	 524473	 625861	
100	 31500	 2.098330e-03	 564871.870000	 531590	 633018	
100	 31600	 2.088370e-03	 565570.940000	 516807	 618762	
100	 31700	 2.116000e-03	 568355.320000	 528283	 622075	
100	 31800	 2.106740e-03	 566045.010000	 531148	 617638	
100	 31900	 2.121320e-03	 570806.770000	 531419	 631068	
100	 32000	 2.121250e-03	 572573.450000	 538162	 650035	
100	 32100	 2.134510e-03	 577789.470000	 539576	 640342	
100	 32200	 2.145200e-03	 574206.170000	 532499	 654036	
100	 32300	 2.138590e-03	 578932.120000	 539061	 640670	
100	 32400	 2.153500e-03	 581984.220000	 541304	 642191	
100	 32500	 2.154140e-03	 580961.310000	 542280	 650782	
100	 32600	 2.166320e-03	 584594.920000	 549055	 643943	
100	 32700	 2.201520e-03	 587789.290000	 542748	 645150	
100	 32800	 2.178480e-03	 592823.490000	 559029	 680365	
100	 32900	 2.194880e-03	 589432.840000	 555292	 648378	
100	 33000	 2.195450e-03	 591792.240000	 558878	 648452	
100	 33100	 2.197730e-03	 591138.090000	 558072	 642114	
100	 33200	 2.205290e-03	 598420.370000	 554135	 671163	
100	 33300	 2.214510e-03	 599139.100000	 563171	 661942	
100	 33400	 2.224830e-03	 600732.590000	 563654	 671055	
100	 33500	 2.228310e-03	 600127.980000	 560351	 663885	
100	 33600	 2.237270e-03	 601130.310000	 574910	 659575	
100	 33700	 2.236070e-03	 605504.730000	 566639	 664796	
100	 33800	 2.274300e-03	 608768.660000	 567897	 664765	
100	 33900	 2.253960e-03	 607973.430000	 564428	 681505	
100	 34000	 2.279350e-03	 613818.130000	 571509	 698452	
100	 34100	 2.281670e-03	 618723.580000	 578925	 694191	
100	 34200	 2.274330e-03	 615673.200000	 579990	 662558	
100	 34300	 2.297600e-03	 620398.800000	 581440	 714921	
100	 34400	 2.294480e-03	 622520.260000	 576938	 683593	
100	 34500	 2.301040e-03	 621038.270000	 581530	 715194	
100	 34600	 2.303860e-03	 627162.580000	 581373	 701680	
100	 34700	 2.320190e-03	 627236.630000	 589909	 686475	
100	 34800	 2.325620e-03	 630754.880000	 588411	 720885	
100	 34900	 2.348200e-03	 632616.530000	 590955	 695428	
100	 35000	 2.340900e-03	 633452.620000	 591193	 722853	
100	 35100	 2.343520e-03	 634353.010000	 591463	 693662	
100	 35200	 2.349040e-03	 638449.050000	 589371	 705289	
100	 35300	 2.360530e-03	 644463.980000	 600166	 731652	
100	 35400	 2.366360e-03	 642484.800000	 594679	 712583	
100	 35500	 2.374050e-03	 641185.890000	 600798	 699412	
100	 35600	 2.394680e-03	 645505.940000	 606266	 724873	
100	 35700	 2.378510e-03	 645371.350000	 605408	 716054	
100	 35800	 2.394760e-03	 649151.470000	 609438	 711326	
100	 35900	 2.397090e-03	 647601.990000	 614553	 719406	
100	 36000	 2.431560e-03	 658893.820000	 622859	 768176	
100	 36100	 2.418170e-03	 655261.020000	 611553	 732417	
100	 36200	 2.427120e-03	 654832.780000	 604763	 702022	
100	 36300	 2.424400e-03	 657731.170000	 616735	 745654	
100	 36400	 2.442350e-03	 661580.260000	 619570	 726878	
100	 36500	 2.444810e-03	 662981.350000	 615572	 726652	
100	 36600	 2.462140e-03	 665404.910000	 625737	 760723	
100	 36700	 2.471610e-03	 664320.400000	 626717	 739813	
100	 36800	 2.463930e-03	 667669.310000	 625643	 736765	
100	 36900	 2.471480e-03	 673626.710000	 629084	 761159	
100	 37000	 2.487150e-03	 672724.370000	 627671	 750492	
100	 37100	 2.502730e-03	 674804.510000	 629116	 744817	
100	 37200	 2.494260e-03	 678975.630000	 638844	 747682	
100	 37300	 2.507510e-03	 681569.060000	 630870	 769856	
100	 37400	 2.512840e-03	 677889.080000	 633427	 746813	
100	 37500	 2.515900e-03	 679975.130000	 633786	 793471	
100	 37600	 2.529320e-03	 687480.350000	 639884	 750513	
100	 37700	 2.540740e-03	 685818.830000	 644138	 754514	
100	 37800	 2.536340e-03	 689567.310000	 642297	 837347	
100	 37900	 2.558310e-03	 690321.970000	 650299	 807883	
100	 38000	 2.545530e-03	 688513.500000	 651924	 729245	
100	 38100	 2.581420e-03	 695817.140000	 648804	 781171	
100	 38200	 2.562440e-03	 696445.570000	 650456	 774264	
100	 38300	 2.588690e-03	 700111.670000	 650236	 785118	
100	 38400	 2.599930e-03	 703360.810000	 662214	 766135	
100	 38500	 2.591790e-03	 704447.220000	 656589	 789794	
100	 38600	 2.597960e-03	 707019.680000	 662398	 778753	
100	 38700	 2.616610e-03	 711484.440000	 668563	 789683	
100	 38800	 2.601080e-03	 708315.140000	 660033	 768446	
100	 38900	 2.619360e-03	 708203.270000	 659019	 793686	
100	 39000	 2.624670e-03	 712623.610000	 666639	 773151	
100	 39100	 2.654780e-03	 718827.190000	 676444	 827503	
100	 39200	 2.639120e-03	 725921.230000	 673484	 872916	
100	 39300	 2.655880e-03	 721079.350000	 671025	 795786	
100	 39400	 2.666970e-03	 725124.350000	 676051	 786174	
100	 39500	 2.665870e-03	 724092.300000	 676755	 803977	
100	 39600	 2.666570e-03	 721324.690000	 683738	 826177	
100	 39700	 2.681630e-03	 728135.790000	 681387	 817135	
100	 39800	 2.689460e-03	 727726.220000	 685789	 823566	
100	 39900	 2.698380e-03	 739477.680000	 685573	 805614	
100	 40000	 2.703330e-03	 732854.020000	 687324	 800916	
100	 40100	 2.720940e-03	 733310.720000	 690769	 812344	
100	 40200	 2.722750e-03	 738589.540000	 686406	 817863	
100	 40300	 2.724290e-03	 739071.270000	 692422	 828478	
100	 40400	 2.727770e-03	 741328.870000	 699317	 808365	
100	 40500	 2.737640e-03	 745462.270000	 696806	 819292	
100	 40600	 2.741120e-03	 743376.340000	 699444	 807457	
100	 40700	 2.747570e-03	 750372.260000	 698978	 854126	
100	 40800	 2.764050e-03	 748067.860000	 702873	 822744	
100	 40900	 2.769520e-03	 755175.620000	 707757	 822660	
100	 41000	 2.799150e-03	 758476.800000	 709310	 846049	
100	 41100	 2.785710e-03	 754250.700000	 703279	 831213	
100	 41200	 2.786080e-03	 759694.640000	 705095	 855867	
100	 41300	 2.790470e-03	 760311.510000	 705918	 864093	
100	 41400	 2.788060e-03	 764891.580000	 704384	 862120	
100	 41500	 2.816780e-03	 761118.330000	 719556	 832034	
100	 41600	 2.816070e-03	 768730.670000	 721642	 837585	
100	 41700	 2.822940e-03	 769243.220000	 722371	 856856	
100	 41800	 2.826660e-03	 772346.510000	 713373	 882982	
100	 41900	 2.867670e-03	 771039.000000	 725622	 867394	
100	 42000	 2.843880e-03	 777667.260000	 725160	 837624	
100	 42100	 2.865530e-03	 774653.930000	 724018	 849867	
100	 42200	 2.868810e-03	 779144.150000	 737279	 843706	
100	 42300	 2.861500e-03	 781738.050000	 734322	 883550	
100	 42400	 2.879220e-03	 782308.390000	 743491	 875092	
100	 42500	 2.881420e-03	 784538.530000	 730287	 862562	
100	 42600	 2.889820e-03	 780322.740000	 733466	 880338	
100	 42700	 2.894660e-03	 788965.770000	 741444	 903630	
100	 42800	 2.923420e-03	 794952.440000	 734670	 894553	
100	 42900	 2.915920e-03	 789851.130000	 744455	 868970	
100	 43000	 2.915540e-03	 796265.150000	 748563	 896608	
100	 43100	 2.936920e-03	 799328.620000	 745346	 907181	
100	 43200	 2.936840e-03	 800343.740000	 755691	 879388	
100	 43300	 2.946700e-03	 800984.710000	 754691	 864233	
100	 43400	 2.942080e-03	 804507.420000	 763671	 921315	
100	 43500	 2.972910e-03	 801313.570000	 746074	 917864	
100	 43600	 2.960990e-03	 803192.130000	 756229	 872580	
100	 43700	 2.981730e-03	 806669.270000	 758733	 886638	
100	 43800	 2.983100e-03	 811125.010000	 759453	 886804	
100	 43900	 2.998440e-03	 816994.530000	 766472	 936123	
100	 44000	 2.992390e-03	 815312.840000	 756707	 895256	
100	 44100	 3.001200e-03	 812713.500000	 767196	 929675	
100	 44200	 3.013120e-03	 814513.940000	 770719	 903105	
100	 44300	 3.020240e-03	 823876.900000	 772833	 919470	
100	 44400	 3.018840e-03	 822429.450000	 771273	 918177	
100	 44500	 3.072110e-03	 821740.090000	 765193	 949387	
100	 44600	 3.035160e-03	 829630.380000	 766486	 916639	
100	 44700	 3.056000e-03	 828400.700000	 781690	 907179	
100	 44800	 3.045440e-03	 834072.790000	 774616	 940151	
100	 44900	 3.050310e-03	 827811.290000	 780610	 922593	
100	 45000	 3.068720e-03	 833983.800000	 780827	 921557	
100	 45100	 3.062220e-03	 839221.410000	 786292	 941817	
100	 45200	 3.095830e-03	 842748.950000	 785811	 966277	
100	 45300	 3.092730e-03	 848197.280000	 793294	 962491	
100	 45400	 3.102210e-03	 845791.560000	 790203	 945018	
100	 45500	 3.112170e-03	 845790.260000	 786665	 914445	
100	 45600	 3.110650e-03	 848541.440000	 789848	 937528	
100	 45700	 3.158900e-03	 853001.520000	 790581	 949623	
100	 45800	 3.119390e-03	 852627.020000	 807646	 952006	
100	 45900	 3.140980e-03	 851875.750000	 797226	 945356	
100	 46000	 3.139400e-03	 855654.400000	 804836	 997455	
100	 46100	 3.148920e-03	 856912.960000	 801544	 977829	
100	 46200	 3.168520e-03	 861274.270000	 804122	 961717	
100	 46300	 3.162880e-03	 857753.340000	 802950	 948468	
100	 46400	 3.169890e-03	 865970.420000	 818632	 957067	
100	 46500	 3.179170e-03	 866815.830000	 816848	 959363	
100	 46600	 3.183280e-03	 864571.200000	 812479	 980890	
100	 46700	 3.200800e-03	 873345.490000	 814146	 972210	
100	 46800	 3.198650e-03	 875078.120000	 827282	 992185	
100	 46900	 3.202340e-03	 875311.490000	 812146	 994316	
100	 47000	 3.228240e-03	 876994.870000	 821502	 985234	
100	 47100	 3.222660e-03	 880574.130000	 833685	 986010	
100	 47200	 3.218690e-03	 880309.350000	 824099	 955730	
100	 47300	 3.243320e-03	 884857.230000	 828591	 961390	
100	 47400	 3.240960e-03	 884694.700000	 813104	 996683	
100	 47500	 3.242550e-03	 887047.290000	 826414	 1028574	
100	 47600	 3.269800e-03	 891040.410000	 835546	 997563	
100	 47700	 3.274950e-03	 893652.300000	 826587	 1004012	
100	 47800	 3.290970e-03	 890857.870000	 841092	 971929	
100	 47900	 3.287210e-03	 894406.070000	 839843	 968774	
100	 48000	 3.287590e-03	 899599.260000	 851302	 1001892	
100	 48100	 3.305570e-03	 898595.180000	 839395	 997193	
100	 48200	 3.289010e-03	 901078.950000	 847163	 1011649	
100	 48300	 3.299270e-03	 899727.640000	 839740	 999254	
100	 48400	 3.319070e-03	 900582.610000	 842197	 994858	
100	 48500	 3.321670e-03	 903544.050000	 847669	 978272	
100	 48600	 3.354350e-03	 906295.770000	 848139	 1004855	
100	 48700	 3.345690e-03	 909255.890000	 859740	 1011956	
100	 48800	 3.351890e-03	 917724.580000	 853925	 994852	
100	 48900	 3.365100e-03	 922037.310000	 862636	 1012238	
100	 49000	 3.371080e-03	 919047.630000	 865088	 1054175	
100	 49100	 3.363190e-03	 919898.020000	 869312	 1048332	
100	 49200	 3.394820e-03	 933097.680000	 857103	 1023285	
100	 49300	 3.403440e-03	 921977.400000	 869414	 1031776	
100	 49400	 3.412840e-03	 926405.500000	 854866	 1055863	
100	 49500	 3.411520e-03	 929541.530000	 860993	 1043369	
100	 49600	 3.411160e-03	 929466.670000	 870512	 1037117	
100	 49700	 3.406780e-03	 933103.420000	 877206	 1051951	
100	 49800	 3.438590e-03	 932006.510000	 873474	 1007157	
100	 49900	 3.432090e-03	 934534.770000	 871255	 1044910	
100	 50000	 3.439170e-03	 940076.090000	 869924	 1045573	
100	 50100	 3.454640e-03	 937675.820000	 872520	 1053687	
100	 50200	 3.455740e-03	 950154.260000	 886954	 1040780	
100	 50300	 3.449890e-03	 951392.070000	 900646	 1035569	
100	 50400	 3.459010e-03	 946496.170000	 888346	 1022426	
100	 50500	 3.475570e-03	 947183.410000	 891604	 1053306	
100	 50600	 3.487020e-03	 954844.240000	 886467	 1052459	
100	 50700	 3.496780e-03	 952764.820000	 889840	 1063906	
100	 50800	 3.498250e-03	 953101.470000	 899160	 1078140	
100	 50900	 3.512700e-03	 955689.490000	 899654	 1070630	
100	 51000	 3.519440e-03	 961030.810000	 904539	 1086318	
100	 51100	 3.526300e-03	 957954.680000	 906010	 1064437	
100	 51200	 3.534550e-03	 961693.130000	 908225	 1086333	
100	 51300	 3.541950e-03	 968522.740000	 909581	 1084529	
100	 51400	 3.545990e-03	 971655.850000	 903131	 1075545	
100	 51500	 3.545960e-03	 975447.810000	 923708	 1072669	
100	 51600	 3.578520e-03	 974846.000000	 917650	 1080181	
100	 51700	 3.574330e-03	 970811.200000	 923165	 1038118	
100	 51800	 3.584980e-03	 981266.950000	 914143	 1063916	
100	 51900	 3.587050e-03	 982568.220000	 916155	 1064275	
100	 52000	 3.587560e-03	 987723.400000	 930883	 1150523	
100	 52100	 3.600070e-03	 980694.880000	 921870	 1069405	
100	 52200	 3.593080e-03	 981711.400000	 921012	 1080572	
100	 52300	 3.634220e-03	 985978.570000	 935330	 1118365	
100	 52400	 3.630700e-03	 994046.940000	 938534	 1116700	
100	 52500	 3.617070e-03	 992141.830000	 939372	 1103963	
100	 52600	 3.627320e-03	 993387.170000	 933253	 1142580	
100	 52700	 3.636840e-03	 994443.480000	 926658	 1095993	
100	 52800	 3.650370e-03	 995333.360000	 939788	 1204338	
100	 52900	 3.652570e-03	 998686.940000	 937276	 1088211	
100	 53000	 3.674190e-03	 999569.590000	 930434	 1080750	
100	 53100	 3.688190e-03	 1000456.240000	 934056	 1135070	
100	 53200	 3.668450e-03	 1004720.360000	 943277	 1087115	
100	 53300	 3.675080e-03	 1006147.280000	 950216	 1091737	
100	 53400	 3.691380e-03	 1009322.030000	 950942	 1092790	
100	 53500	 3.695880e-03	 1013927.420000	 948980	 1122791	
100	 53600	 3.705770e-03	 1019548.550000	 952694	 1131368	
100	 53700	 3.722300e-03	 1019481.310000	 941819	 1121435	
100	 53800	 3.724450e-03	 1022758.080000	 960888	 1117892	
100	 53900	 3.725860e-03	 1025522.360000	 955127	 1160016	
100	 54000	 3.732250e-03	 1032115.400000	 954982	 1170555	
100	 54100	 3.750560e-03	 1023384.080000	 956833	 1100772	
100	 54200	 3.746510e-03	 1024370.150000	 972425	 1107816	
100	 54300	 3.742430e-03	 1029623.100000	 961212	 1122443	
100	 54400	 3.788160e-03	 1036361.360000	 965472	 1161874	
100	 54500	 3.782130e-03	 1031149.240000	 965251	 1180989	
100	 54600	 3.798800e-03	 1036204.110000	 972462	 1153213	
100	 54700	 3.797980e-03	 1034380.380000	 973124	 1145375	
100	 54800	 3.796430e-03	 1038037.350000	 983812	 1154782	
100	 54900	 3.809820e-03	 1041580.100000	 969213	 1121674	
100	 55000	 3.813950e-03	 1043768.520000	 978423	 1139054	
100	 55100	 3.839810e-03	 1049102.470000	 987461	 1191826	
100	 55200	 3.832500e-03	 1049700.260000	 992125	 1134547	
100	 55300	 3.837710e-03	 1054361.090000	 978332	 1224405	
100	 55400	 3.847910e-03	 1059261.620000	 978211	 1186317	
100	 55500	 3.840700e-03	 1053330.350000	 977577	 1178929	
100	 55600	 3.856050e-03	 1053404.640000	 994402	 1154442	
100	 55700	 3.861640e-03	 1054059.300000	 984015	 1141113	
100	 55800	 3.875480e-03	 1059815.220000	 1002912	 1183447	
100	 55900	 3.888100e-03	 1060734.600000	 997558	 1174921	
100	 56000	 3.882240e-03	 1064690.130000	 1000868	 1177203	
100	 56100	 3.903270e-03	 1071693.350000	 1001833	 1200081	
100	 56200	 3.886980e-03	 1069273.150000	 1010553	 1190415	
100	 56300	 3.917760e-03	 1069329.780000	 1005956	 1159377	
100	 56400	 3.917900e-03	 1077418.370000	 1013696	 1152438	
100	 56500	 3.927680e-03	 1079920.750000	 1008920	 1242430	
100	 56600	 3.921960e-03	 1077091.210000	 1008651	 1171636	
100	 56700	 3.926420e-03	 1078153.890000	 1012219	 1177150	
100	 56800	 3.944150e-03	 1082330.890000	 1015200	 1219471	
100	 56900	 3.957650e-03	 1089463.820000	 1015275	 1205007	
100	 57000	 3.969100e-03	 1087172.710000	 1012491	 1168486	
100	 57100	 3.972190e-03	 1080336.940000	 1020973	 1180051	
100	 57200	 3.982950e-03	 1088973.840000	 1019466	 1189180	
100	 57300	 3.982730e-03	 1093154.640000	 1016026	 1225315	
100	 57400	 4.005560e-03	 1098614.660000	 1027095	 1251140	
100	 57500	 3.997800e-03	 1093171.940000	 1037527	 1195551	
100	 57600	 4.007490e-03	 1097530.700000	 1032210	 1198029	
100	 57700	 4.018220e-03	 1103720.650000	 1031363	 1225621	
100	 57800	 4.026850e-03	 1102495.340000	 1039695	 1219014	
100	 57900	 4.038090e-03	 1109435.660000	 1011984	 1270252	
100	 58000	 4.035200e-03	 1109245.710000	 1039754	 1222578	
100	 58100	 4.041220e-03	 1106891.760000	 1037536	 1269417	
100	 58200	 4.058780e-03	 1109728.680000	 1038111	 1234608	
100	 58300	 4.049160e-03	 1104624.970000	 1023860	 1185554	
100	 58400	 4.085270e-03	 1117067.060000	 1044620	 1288623	
100	 58500	 4.071060e-03	 1112792.770000	 1046277	 1241877	
100	 58600	 4.087980e-03	 1123079.690000	 1057474	 1214738	
100	 58700	 4.098340e-03	 1118407.110000	 1051099	 1212426	
100	 58800	 4.100540e-03	 1124269.290000	 1063271	 1242351	
100	 58900	 4.101740e-03	 1131834.820000	 1050481	 1266582	
100	 59000	 4.142100e-03	 1123070.290000	 1052998	 1329807	
100	 59100	 4.122580e-03	 1135112.520000	 1063729	 1281316	
100	 59200	 4.138960e-03	 1132329.830000	 1062527	 1220726	
100	 59300	 4.138300e-03	 1145811.250000	 1065067	 1293634	
100	 59400	 4.136670e-03	 1133272.180000	 1074150	 1276317	
100	 59500	 4.152360e-03	 1136684.770000	 1057773	 1296281	
100	 59600	 4.157330e-03	 1142487.850000	 1079384	 1255019	
100	 59700	 4.167840e-03	 1144908.560000	 1081440	 1271089	
100	 59800	 4.173210e-03	 1141937.000000	 1062678	 1297276	
100	 59900	 4.180450e-03	 1145794.190000	 1085595	 1277161	
100	 60000	 4.198820e-03	 1155807.690000	 1090198	 1302689	
100	 60100	 4.205820e-03	 1147914.300000	 1082125	 1229137	
100	 60200	 4.216620e-03	 1158744.120000	 1086305	 1299389	
100	 60300	 4.224790e-03	 1153628.120000	 1088132	 1238031	
100	 60400	 4.204050e-03	 1153030.560000	 1097838	 1273083	
100	 60500	 4.223200e-03	 1163823.160000	 1088931	 1292913	
100	 60600	 4.240000e-03	 1159910.230000	 1093518	 1310570	
100	 60700	 4.254530e-03	 1167092.860000	 1096470	 1308404	
100	 60800	 4.236950e-03	 1173446.800000	 1097165	 1341954	
100	 60900	 4.264110e-03	 1164024.690000	 1092180	 1257479	
100	 61000	 4.263320e-03	 1172202.870000	 1094991	 1291041	
100	 61100	 4.266510e-03	 1165950.940000	 1088727	 1253999	
100	 61200	 4.273690e-03	 1180756.970000	 1104905	 1285921	
100	 61300	 4.284220e-03	 1181321.230000	 1094013	 1317464	
100	 61400	 4.296830e-03	 1171186.400000	 1121159	 1294669	
100	 61500	 4.316820e-03	 1189452.860000	 1101007	 1296568	
100	 61600	 4.291750e-03	 1182292.530000	 1107791	 1337321	
100	 61700	 4.313370e-03	 1186152.490000	 1098467	 1321102	
100	 61800	 4.332370e-03	 1196249.630000	 1111877	 1348105	
100	 61900	 4.332000e-03	 1187300.820000	 1116482	 1300634	
100	 62000	 4.349050e-03	 1198893.310000	 1136621	 1338194	
100	 62100	 4.393980e-03	 1200191.390000	 1131016	 1325543	
100	 62200	 4.351960e-03	 1194911.040000	 1107405	 1337463	
100	 62300	 4.364640e-03	 1199703.740000	 1131656	 1319374	
100	 62400	 4.361280e-03	 1200533.890000	 1140563	 1305767	
100	 62500	 4.367720e-03	 1200102.530000	 1123806	 1330607	
100	 62600	 4.387700e-03	 1204927.710000	 1124698	 1337343	
100	 62700	 4.421630e-03	 1206349.730000	 1143445	 1337564	
100	 62800	 4.389440e-03	 1207411.900000	 1129449	 1385880	
100	 62900	 4.397520e-03	 1210308.310000	 1138854	 1371185	
100	 63000	 4.432720e-03	 1216368.340000	 1137764	 1365383	
100	 63100	 4.428390e-03	 1218969.580000	 1151850	 1334742	
100	 63200	 4.431220e-03	 1214025.460000	 1143958	 1350842	
100	 63300	 4.447150e-03	 1220374.580000	 1160355	 1349408	
100	 63400	 4.440310e-03	 1222278.150000	 1148282	 1344738	
100	 63500	 4.444190e-03	 1227336.400000	 1155555	 1365142	
100	 63600	 4.443480e-03	 1227411.450000	 1143696	 1376643	
100	 63700	 4.478380e-03	 1227293.120000	 1141893	 1354165	
100	 63800	 4.477810e-03	 1229926.920000	 1169969	 1412682	
100	 63900	 4.499290e-03	 1230949.480000	 1156686	 1347668	
100	 64000	 4.493220e-03	 1230564.320000	 1158276	 1325216	
100	 64100	 4.513940e-03	 1236663.420000	 1165178	 1367108	
100	 64200	 4.504630e-03	 1241609.510000	 1161929	 1359704	
100	 64300	 4.505980e-03	 1235428.100000	 1154509	 1384067	
100	 64400	 4.532420e-03	 1242363.870000	 1172028	 1413451	
100	 64500	 4.533860e-03	 1244233.670000	 1162451	 1380994	
100	 64600	 4.536100e-03	 1244585.520000	 1166333	 1360786	
100	 64700	 4.545220e-03	 1250956.370000	 1176746	 1441302	
100	 64800	 4.555020e-03	 1258163.260000	 1171041	 1401428	
100	 64900	 4.574640e-03	 1257074.320000	 1175032	 1409122	
100	 65000	 4.573740e-03	 1252054.730000	 1182191	 1361286	
100	 65100	 4.571080e-03	 1257628.080000	 1192831	 1363765	
100	 65200	 4.583350e-03	 1266805.610000	 1186112	 1382046	
100	 65300	 4.599650e-03	 1262761.710000	 1188577	 1387925	
100	 65400	 4.598590e-03	 1270593.340000	 1180228	 1403837	
100	 65500	 4.604050e-03	 1264371.970000	 1192559	 1385894	
100	 65600	 4.641390e-03	 1262890.520000	 1186520	 1384885	
100	 65700	 4.600650e-03	 1268179.760000	 1167770	 1433238	
100	 65800	 4.635240e-03	 1279517.550000	 1186879	 1442485	
100	 65900	 4.650330e-03	 1278213.180000	 1202179	 1387722	
100	 66000	 4.636560e-03	 1276745.770000	 1212137	 1408177	
100	 66100	 4.661390e-03	 1280786.390000	 1196542	 1380692	
100	 66200	 4.651410e-03	 1278759.020000	 1205977	 1381448	
100	 66300	 4.655400e-03	 1284498.160000	 1207091	 1363078	
100	 66400	 4.671370e-03	 1286233.750000	 1218580	 1421842	
100	 66500	 4.663860e-03	 1283285.940000	 1215267	 1436194	
100	 66600	 4.687690e-03	 1286406.210000	 1217676	 1442988	
100	 66700	 4.732020e-03	 1296599.080000	 1208672	 1556407	
100	 66800	 4.738990e-03	 1306285.960000	 1225086	 1479689	
100	 66900	 4.700440e-03	 1294736.350000	 1200020	 1518429	
100	 67000	 4.724540e-03	 1294746.150000	 1226668	 1432610	
100	 67100	 4.712020e-03	 1297170.590000	 1234681	 1411530	
100	 67200	 4.748830e-03	 1316282.410000	 1231042	 1514840	
100	 67300	 4.752370e-03	 1304838.790000	 1223334	 1428758	
100	 67400	 4.757360e-03	 1312797.920000	 1242331	 1447600	
100	 67500	 4.759160e-03	 1309800.960000	 1217066	 1437949	
100	 67600	 4.772860e-03	 1316493.310000	 1238935	 1431946	
100	 67700	 4.781600e-03	 1310444.570000	 1221835	 1470249	
100	 67800	 4.800590e-03	 1313039.060000	 1242783	 1500318	
100	 67900	 4.787170e-03	 1323120.430000	 1243221	 1442747	
100	 68000	 4.805470e-03	 1323879.980000	 1232971	 1456426	
100	 68100	 4.798830e-03	 1319370.870000	 1239066	 1462721	
100	 68200	 4.808150e-03	 1327189.140000	 1250910	 1437133	
100	 68300	 4.832880e-03	 1323433.750000	 1252216	 1439013	
100	 68400	 4.815940e-03	 1325902.200000	 1244789	 1418621	
100	 68500	 4.826190e-03	 1333020.180000	 1245738	 1478483	
100	 68600	 4.844880e-03	 1327836.420000	 1233475	 1439197	
100	 68700	 4.845890e-03	 1331861.140000	 1254589	 1465803	
100	 68800	 4.850600e-03	 1329093.170000	 1240030	 1474203	
100	 68900	 4.884220e-03	 1340876.640000	 1259293	 1495188	
100	 69000	 4.868110e-03	 1335237.360000	 1242131	 1463719	
100	 69100	 4.881470e-03	 1346295.920000	 1250864	 1546420	
100	 69200	 4.887160e-03	 1343153.640000	 1253623	 1549491	
100	 69300	 4.899040e-03	 1352846.650000	 1281844	 1451891	
100	 69400	 4.930540e-03	 1353808.700000	 1281218	 1511497	
100	 69500	 4.928780e-03	 1346195.430000	 1284124	 1463866	
100	 69600	 4.941300e-03	 1351118.980000	 1260031	 1479867	
100	 69700	 4.930840e-03	 1362380.120000	 1292676	 1491543	
100	 69800	 4.934420e-03	 1365191.880000	 1275441	 1548510	
100	 69900	 4.944250e-03	 1354271.610000	 1296702	 1453037	
100	 70000	 4.958200e-03	 1356117.360000	 1270969	 1473200	
100	 70100	 4.956740e-03	 1366676.180000	 1280800	 1478745	
100	 70200	 4.958670e-03	 1375965.610000	 1282710	 1557049	
100	 70300	 4.976590e-03	 1369900.020000	 1287224	 1531825	
100	 70400	 4.970740e-03	 1367670.860000	 1280968	 1493218	
100	 70500	 4.980990e-03	 1372725.200000	 1302568	 1561178	
100	 70600	 4.989480e-03	 1379374.940000	 1287696	 1524531	
100	 70700	 4.998710e-03	 1378190.280000	 1290513	 1507189	
100	 70800	 4.994410e-03	 1375037.350000	 1300634	 1516953	
100	 70900	 4.999200e-03	 1380800.550000	 1296019	 1485161	
100	 71000	 5.045480e-03	 1382638.560000	 1299205	 1532749	
100	 71100	 5.044670e-03	 1388936.720000	 1307115	 1582103	
100	 71200	 5.046160e-03	 1394068.760000	 1332100	 1532273	
100	 71300	 5.052840e-03	 1386866.840000	 1318931	 1492212	
100	 71400	 5.208630e-03	 1395511.950000	 1309099	 1581896	
100	 71500	 5.086720e-03	 1397371.860000	 1313751	 1562646	
100	 71600	 5.068190e-03	 1402636.510000	 1328794	 1542421	
100	 71700	 5.079370e-03	 1397200.260000	 1322137	 1561321	
100	 71800	 5.080340e-03	 1406247.850000	 1317530	 1593011	
100	 71900	 5.086320e-03	 1402386.510000	 1324320	 1564595	
100	 72000	 5.111840e-03	 1407072.720000	 1307866	 1555973	
100	 72100	 5.132130e-03	 1417568.030000	 1315476	 1513028	
100	 72200	 5.115630e-03	 1409076.840000	 1320179	 1551740	
100	 72300	 5.121650e-03	 1417291.590000	 1337144	 1526122	
100	 72400	 5.127090e-03	 1419558.720000	 1338975	 1655968	
100	 72500	 5.160060e-03	 1415898.020000	 1333624	 1697405	
100	 72600	 5.138330e-03	 1410086.210000	 1334478	 1625537	
100	 72700	 5.157000e-03	 1421647.790000	 1328473	 1564144	
100	 72800	 5.163980e-03	 1423197.960000	 1340456	 1540956	
100	 72900	 5.184780e-03	 1426461.350000	 1331918	 1547906	
100	 73000	 5.190520e-03	 1416639.710000	 1329700	 1553986	
100	 73100	 5.180650e-03	 1431282.580000	 1354703	 1649428	
100	 73200	 5.191570e-03	 1426524.210000	 1342207	 1580329	
100	 73300	 5.196040e-03	 1428079.090000	 1341415	 1534959	
100	 73400	 5.201370e-03	 1429360.120000	 1346136	 1534567	
100	 73500	 5.236750e-03	 1434232.630000	 1357642	 1595943	
100	 73600	 5.215400e-03	 1439174.810000	 1356425	 1569983	
100	 73700	 5.252880e-03	 1443346.290000	 1344397	 1573176	
100	 73800	 5.250910e-03	 1451488.200000	 1365414	 1600833	
100	 73900	 5.236770e-03	 1439879.780000	 1362446	 1599251	
100	 74000	 5.256970e-03	 1444956.480000	 1372005	 1570571	
100	 74100	 5.255400e-03	 1452117.830000	 1363930	 1628626	
100	 74200	 5.261170e-03	 1460261.360000	 1370943	 1599107	
100	 74300	 5.289430e-03	 1466312.990000	 1361848	 1650863	
100	 74400	 5.348360e-03	 1461347.600000	 1359447	 1626649	
100	 74500	 5.337200e-03	 1457493.590000	 1372877	 1574138	
100	 74600	 5.303640e-03	 1468709.080000	 1390495	 1601073	
100	 74700	 5.340920e-03	 1468913.990000	 1366781	 1636699	
100	 74800	 5.315450e-03	 1462494.040000	 1377348	 1665600	
100	 74900	 5.332860e-03	 1472165.450000	 1384147	 1640518	
100	 75000	 5.340450e-03	 1472761.900000	 1366261	 1606740	
100	 75100	 5.328190e-03	 1467202.920000	 1389687	 1582632	
100	 75200	 5.342180e-03	 1477136.020000	 1399320	 1663742	
100	 75300	 5.360510e-03	 1475911.440000	 1386912	 1603181	
100	 75400	 5.369870e-03	 1477497.620000	 1388201	 1620053	
100	 75500	 5.368220e-03	 1474777.910000	 1403063	 1626553	
100	 75600	 5.363350e-03	 1477849.020000	 1394384	 1630830	
100	 75700	 5.377690e-03	 1486199.310000	 1402902	 1641155	
100	 75800	 5.379650e-03	 1484176.790000	 1386870	 1643246	
100	 75900	 5.402170e-03	 1488360.500000	 1389158	 1657645	
100	 76000	 5.391590e-03	 1492408.560000	 1407335	 1603511	
100	 76100	 5.417350e-03	 1495670.390000	 1415136	 1658884	
100	 76200	 5.420010e-03	 1498000.260000	 1411598	 1644571	
100	 76300	 5.435780e-03	 1497047.320000	 1410565	 1679619	
100	 76400	 5.464060e-03	 1495505.960000	 1401872	 1701570	
100	 76500	 5.437920e-03	 1503882.220000	 1421705	 1657786	
100	 76600	 5.443420e-03	 1510934.450000	 1425461	 1649474	
100	 76700	 5.472290e-03	 1512875.090000	 1425224	 1677423	
100	 76800	 5.500110e-03	 1515640.170000	 1420692	 1693387	
100	 76900	 5.488690e-03	 1508096.040000	 1424063	 1615433	
100	 77000	 5.484880e-03	 1509160.360000	 1414635	 1727644	
100	 77100	 5.493650e-03	 1511524.460000	 1437830	 1733253	
100	 77200	 5.491840e-03	 1511177.120000	 1423275	 1694316	
100	 77300	 5.488760e-03	 1522922.260000	 1446590	 1636509	
100	 77400	 5.533250e-03	 1527795.800000	 1430753	 1674501	
100	 77500	 5.515610e-03	 1517458.140000	 1431462	 1676795	
100	 77600	 5.532570e-03	 1523755.230000	 1425401	 1703934	
100	 77700	 5.545730e-03	 1538838.790000	 1449481	 1699954	
100	 77800	 5.560930e-03	 1531158.950000	 1466327	 1742731	
100	 77900	 5.565740e-03	 1531877.060000	 1437336	 1694995	
100	 78000	 5.568970e-03	 1532565.840000	 1447262	 1672843	
100	 78100	 5.577770e-03	 1535718.620000	 1441696	 1773020	
100	 78200	 5.577230e-03	 1534863.820000	 1440589	 1636122	
100	 78300	 5.608190e-03	 1539871.100000	 1439809	 1640728	
100	 78400	 5.590850e-03	 1544471.410000	 1466289	 1677351	
100	 78500	 5.602650e-03	 1539714.280000	 1451234	 1693302	
100	 78600	 5.650980e-03	 1547561.380000	 1464866	 1688629	
100	 78700	 5.619830e-03	 1546778.680000	 1430945	 1673678	
100	 78800	 5.640230e-03	 1548980.480000	 1461046	 1723613	
100	 78900	 5.629240e-03	 1557040.950000	 1455806	 1694696	
100	 79000	 5.642310e-03	 1554183.480000	 1465072	 1716787	
100	 79100	 5.635110e-03	 1552083.090000	 1457118	 1708137	
100	 79200	 5.707920e-03	 1560298.590000	 1470432	 1754417	
100	 79300	 5.677200e-03	 1568709.540000	 1434131	 1701910	
100	 79400	 5.683500e-03	 1568103.340000	 1482138	 1761740	
100	 79500	 5.675320e-03	 1569001.650000	 1459131	 1747347	
100	 79600	 5.703090e-03	 1574643.610000	 1466438	 1746125	
100	 79700	 5.711010e-03	 1569160.270000	 1470624	 1718204	
100	 79800	 5.696420e-03	 1575688.270000	 1497676	 1768844	
100	 79900	 5.705750e-03	 1571959.810000	 1490933	 1729822	
100	 80000	 5.730350e-03	 1577944.130000	 1480437	 1843333	
100	 80100	 5.727080e-03	 1570094.650000	 1473277	 1697075	
100	 80200	 5.730820e-03	 1573670.490000	 1472602	 1778616	
100	 80300	 5.736160e-03	 1583361.000000	 1477044	 1741344	
100	 80400	 5.739520e-03	 1585713.840000	 1498593	 1749778	
100	 80500	 5.729960e-03	 1588404.690000	 1511667	 1740928	
100	 80600	 5.780010e-03	 1592089.790000	 1497087	 1940402	
100	 80700	 5.789960e-03	 1597671.700000	 1483720	 1783149	
100	 80800	 5.772810e-03	 1592955.090000	 1515447	 1745476	
100	 80900	 5.806870e-03	 1596685.090000	 1512896	 1798144	
100	 81000	 5.803610e-03	 1603967.170000	 1501260	 1722724	
100	 81100	 5.798350e-03	 1609026.880000	 1522658	 1787659	
100	 81200	 5.802000e-03	 1598268.400000	 1505308	 1745556	
100	 81300	 5.809440e-03	 1602824.240000	 1499463	 1776631	
100	 81400	 5.815750e-03	 1617490.900000	 1523524	 1842231	
100	 81500	 5.852500e-03	 1611627.680000	 1499913	 1764663	
100	 81600	 5.836790e-03	 1613875.570000	 1516371	 1742534	
100	 81700	 5.837980e-03	 1606120.940000	 1509286	 1760386	
100	 81800	 5.859790e-03	 1622624.300000	 1529373	 1838211	
100	 81900	 5.884420e-03	 1623630.890000	 1545753	 1806322	
100	 82000	 5.860740e-03	 1627929.990000	 1541016	 1730039	
100	 82100	 5.866960e-03	 1627030.480000	 1534543	 1771337	
100	 82200	 5.890310e-03	 1620659.450000	 1528509	 1728189	
100	 82300	 5.898260e-03	 1632133.340000	 1523478	 1822513	
100	 82400	 5.919290e-03	 1632909.940000	 1543895	 1794202	
100	 82500	 5.909050e-03	 1628483.850000	 1542761	 1793304	
100	 82600	 5.892670e-03	 1633499.260000	 1535289	 1821800	
100	 82700	 5.930750e-03	 1642967.030000	 1550339	 1811527	
100	 82800	 5.951030e-03	 1640652.580000	 1541915	 1822330	
100	 82900	 5.936980e-03	 1644116.900000	 1532693	 1867941	
100	 83000	 5.961030e-03	 1645745.370000	 1515823	 1822258	
100	 83100	 5.962730e-03	 1643709.140000	 1561290	 1790317	
100	 83200	 5.953770e-03	 1639630.230000	 1556473	 1826620	
100	 83300	 5.960960e-03	 1659476.050000	 1567519	 1827668	
100	 83400	 5.973790e-03	 1658816.670000	 1541839	 1860567	
100	 83500	 5.969840e-03	 1659606.780000	 1556904	 1833953	
100	 83600	 6.003250e-03	 1670343.630000	 1558907	 1861465	
100	 83700	 6.024300e-03	 1654382.910000	 1565467	 1909580	
100	 83800	 6.010140e-03	 1664267.400000	 1567764	 1905657	
100	 83900	 6.028460e-03	 1670483.580000	 1556967	 1875896	
100	 84000	 6.033150e-03	 1677909.440000	 1558688	 1908344	
100	 84100	 6.051620e-03	 1674626.820000	 1561714	 1845278	
100	 84200	 6.026280e-03	 1665809.320000	 1588521	 1784568	
100	 84300	 6.034200e-03	 1675303.600000	 1570968	 1808539	
100	 84400	 6.048100e-03	 1678856.800000	 1577604	 1863803	
100	 84500	 6.064580e-03	 1672237.050000	 1585411	 1799859	
100	 84600	 6.061210e-03	 1678580.160000	 1577383	 1826021	
100	 84700	 6.051660e-03	 1670709.640000	 1579828	 1868014	
100	 84800	 6.082280e-03	 1691295.030000	 1597616	 1840036	
100	 84900	 6.082190e-03	 1685770.150000	 1565437	 1837941	
100	 85000	 6.090540e-03	 1694015.020000	 1585559	 1914041	
100	 85100	 6.091800e-03	 1695961.070000	 1601844	 1975879	
100	 85200	 6.133080e-03	 1703430.670000	 1587945	 1889613	
100	 85300	 6.108970e-03	 1701594.220000	 1605794	 1850025	
100	 85400	 6.156550e-03	 1693280.040000	 1587167	 1842122	
100	 85500	 6.131010e-03	 1697916.700000	 1596002	 1894633	
100	 85600	 6.131700e-03	 1702558.390000	 1582089	 1911661	
100	 85700	 6.148500e-03	 1713832.730000	 1609592	 1875913	
100	 85800	 6.173080e-03	 1700023.640000	 1623598	 1908634	
100	 85900	 6.166710e-03	 1708239.820000	 1600459	 1906637	
100	 86000	 6.173620e-03	 1716840.720000	 1611391	 1881570	
100	 86100	 6.182060e-03	 1706797.400000	 1583603	 1876664	
100	 86200	 6.210230e-03	 1716082.920000	 1612593	 1897751	
100	 86300	 6.187410e-03	 1716855.190000	 1603564	 1902230	
100	 86400	 6.182220e-03	 1713282.260000	 1627149	 1843912	
100	 86500	 6.205860e-03	 1717898.890000	 1597863	 1957150	
100	 86600	 6.221520e-03	 1717265.450000	 1636928	 1897312	
100	 86700	 6.234730e-03	 1720437.690000	 1620801	 1888551	
100	 86800	 6.266280e-03	 1730966.040000	 1622483	 1900139	
100	 86900	 6.239370e-03	 1726887.760000	 1639567	 1955399	
100	 87000	 6.247590e-03	 1731367.490000	 1646007	 1942038	
100	 87100	 6.270150e-03	 1730512.080000	 1599798	 1909881	
100	 87200	 6.281480e-03	 1733239.100000	 1632823	 1930385	
100	 87300	 6.286170e-03	 1743032.510000	 1629503	 1904267	
100	 87400	 6.277410e-03	 1732152.460000	 1631922	 1894565	
100	 87500	 6.302380e-03	 1731087.160000	 1644943	 1882661	
100	 87600	 6.295680e-03	 1754727.280000	 1645150	 1963084	
100	 87700	 6.310010e-03	 1740510.990000	 1624008	 1873428	
100	 87800	 6.317410e-03	 1753368.080000	 1661816	 1901759	
100	 87900	 6.355440e-03	 1747635.960000	 1652388	 1882525	
100	 88000	 6.331080e-03	 1752273.890000	 1627097	 1954366	
100	 88100	 6.335950e-03	 1757614.370000	 1642079	 1922923	
100	 88200	 6.354720e-03	 1765648.130000	 1672296	 2134684	
100	 88300	 6.398230e-03	 1756355.770000	 1655425	 1950351	
100	 88400	 6.362530e-03	 1758778.760000	 1676815	 1898324	
100	 88500	 6.366740e-03	 1763849.200000	 1652500	 2013260	
100	 88600	 6.398620e-03	 1770418.360000	 1659758	 1965947	
100	 88700	 6.398660e-03	 1771815.930000	 1674297	 2000509	
100	 88800	 6.403130e-03	 1772489.100000	 1661490	 1926469	
100	 88900	 6.395830e-03	 1769229.530000	 1652098	 1944794	
100	 89000	 6.401100e-03	 1774511.720000	 1672281	 2003870	
100	 89100	 6.408650e-03	 1776442.630000	 1671589	 1920673	
100	 89200	 6.455750e-03	 1776648.200000	 1657865	 1941300	
100	 89300	 6.446930e-03	 1778453.920000	 1675123	 1965442	
100	 89400	 6.457840e-03	 1785519.300000	 1670899	 1964469	
100	 89500	 6.473380e-03	 1790126.290000	 1656382	 1964086	
100	 89600	 6.449870e-03	 1794712.070000	 1673634	 2014097	
100	 89700	 6.477030e-03	 1797814.930000	 1685186	 1933268	
100	 89800	 6.480420e-03	 1790722.470000	 1690727	 1931201	
100	 89900	 6.509960e-03	 1798726.060000	 1701816	 1965958	
100	 90000	 6.497220e-03	 1795554.120000	 1688676	 2005554	
100	 90100	 6.507620e-03	 1798276.540000	 1706020	 1956036	
100	 90200	 6.526050e-03	 1797852.490000	 1687598	 1996550	
100	 90300	 6.523100e-03	 1802504.950000	 1689586	 1986806	
100	 90400	 6.532360e-03	 1802885.000000	 1689318	 1988893	
100	 90500	 6.530100e-03	 1807635.490000	 1702493	 2004736	
100	 90600	 6.539900e-03	 1803938.120000	 1691103	 2014091	
100	 90700	 6.557060e-03	 1817655.850000	 1702336	 2022768	
100	 90800	 6.545320e-03	 1809315.970000	 1705817	 2046914	
100	 90900	 6.560530e-03	 1814372.520000	 1689773	 1941860	
100	 91000	 6.572300e-03	 1821863.140000	 1708995	 1953808	
100	 91100	 6.598200e-03	 1821679.100000	 1735236	 2056171	
100	 91200	 6.584230e-03	 1826691.130000	 1703250	 2029122	
100	 91300	 6.595720e-03	 1828137.270000	 1728349	 1996246	
100	 91400	 6.593260e-03	 1826484.360000	 1710451	 2051185	
100	 91500	 6.613590e-03	 1830858.530000	 1722100	 2044989	
100	 91600	 6.625000e-03	 1846330.410000	 1732706	 2056044	
100	 91700	 6.636480e-03	 1830940.980000	 1743171	 2067645	
100	 91800	 6.624950e-03	 1834332.760000	 1721307	 2092237	
100	 91900	 6.666690e-03	 1848450.450000	 1747420	 2018778	
100	 92000	 6.650220e-03	 1830252.190000	 1730844	 1969686	
100	 92100	 6.670460e-03	 1844284.190000	 1734428	 2034385	
100	 92200	 6.641890e-03	 1844343.980000	 1727923	 2078355	
100	 92300	 6.697860e-03	 1842641.540000	 1749173	 2012199	
100	 92400	 6.664230e-03	 1841457.620000	 1731526	 2019950	
100	 92500	 6.680870e-03	 1851029.380000	 1746806	 2018424	
100	 92600	 6.690000e-03	 1846882.530000	 1735840	 2058292	
100	 92700	 6.712070e-03	 1860570.140000	 1756236	 2034405	
100	 92800	 6.706300e-03	 1862995.000000	 1725583	 2046895	
100	 92900	 6.705800e-03	 1864497.010000	 1731855	 2066933	
100	 93000	 6.721100e-03	 1866031.450000	 1757659	 2050262	
100	 93100	 6.744430e-03	 1871116.170000	 1737380	 2027522	
100	 93200	 6.750820e-03	 1867953.920000	 1762684	 2063798	
100	 93300	 6.743120e-03	 1864285.700000	 1772878	 2069611	
100	 93400	 6.750720e-03	 1874835.000000	 1757367	 2041823	
100	 93500	 6.784840e-03	 1878828.120000	 1771585	 2070935	
100	 93600	 6.786490e-03	 1877440.350000	 1766179	 2024550	
100	 93700	 6.766270e-03	 1876957.880000	 1779148	 2126318	
100	 93800	 6.781050e-03	 1879648.460000	 1769461	 2070708	
100	 93900	 6.807220e-03	 1883050.300000	 1772280	 2096599	
100	 94000	 6.810590e-03	 1887571.210000	 1776100	 2071847	
100	 94100	 6.798660e-03	 1884553.840000	 1776618	 2143978	
100	 94200	 6.823510e-03	 1883362.100000	 1782691	 2188901	
100	 94300	 6.805540e-03	 1892131.390000	 1787148	 2048906	
100	 94400	 6.831960e-03	 1903876.470000	 1776253	 2114959	
100	 94500	 6.849690e-03	 1896828.580000	 1784145	 2066804	
100	 94600	 6.862340e-03	 1909648.140000	 1759341	 2059758	
100	 94700	 6.849910e-03	 1906274.370000	 1789055	 2068992	
100	 94800	 6.854860e-03	 1901573.270000	 1788194	 2071873	
100	 94900	 6.874510e-03	 1902517.480000	 1780574	 2065991	
100	 95000	 6.869990e-03	 1894110.340000	 1801477	 2085635	
100	 95100	 6.869810e-03	 1911790.400000	 1812370	 2275982	
100	 95200	 6.911060e-03	 1911509.460000	 1812392	 2071389	
100	 95300	 6.906840e-03	 1905470.000000	 1788640	 2108775	
100	 95400	 6.922300e-03	 1908954.010000	 1813281	 2112402	
100	 95500	 6.891470e-03	 1911698.020000	 1827879	 2190455	
100	 95600	 6.914460e-03	 1925793.370000	 1790237	 2158158	
100	 95700	 6.911830e-03	 1917509.750000	 1814066	 2098137	
100	 95800	 6.944330e-03	 1924940.170000	 1813865	 2182271	
100	 95900	 6.944250e-03	 1915769.560000	 1807802	 2078805	
100	 96000	 7.016670e-03	 1935333.680000	 1828704	 2110749	
100	 96100	 6.988970e-03	 1937191.160000	 1793847	 2228106	
100	 96200	 6.987290e-03	 1937918.460000	 1822979	 2300884	
100	 96300	 6.972980e-03	 1934500.560000	 1829541	 2073056	
100	 96400	 6.989590e-03	 1926201.380000	 1810287	 2152673	
100	 96500	 7.003550e-03	 1947052.050000	 1815443	 2118070	
100	 96600	 6.998780e-03	 1932953.450000	 1825433	 2091343	
100	 96700	 7.005050e-03	 1944267.760000	 1837246	 2120152	
100	 96800	 7.001840e-03	 1947485.720000	 1826924	 2092328	
100	 96900	 7.038250e-03	 1949580.520000	 1828960	 2122463	
100	 97000	 7.028940e-03	 1950963.010000	 1822975	 2086995	
100	 97100	 7.016410e-03	 1954924.060000	 1856071	 2108955	
100	 97200	 7.033160e-03	 1958041.330000	 1848407	 2123804	
100	 97300	 7.033670e-03	 1957892.980000	 1827598	 2123961	
100	 97400	 7.088950e-03	 1966051.530000	 1862263	 2247071	
100	 97500	 7.070120e-03	 1963951.980000	 1854924	 2186041	
100	 97600	 7.100080e-03	 1961879.220000	 1831594	 2189215	
100	 97700	 7.089120e-03	 1973119.610000	 1869846	 2269906	
100	 97800	 7.518420e-03	 1963819.040000	 1868217	 2181780	
100	 97900	 7.444070e-03	 1974382.460000	 1854296	 2153895	
100	 98000	 8.065970e-03	 1968810.050000	 1859208	 2139997	
100	 98100	 7.426290e-03	 1986665.780000	 1852138	 2241397	
100	 98200	 7.497540e-03	 1967314.750000	 1863638	 2195639	
100	 98300	 7.637000e-03	 1976047.680000	 1860736	 2222002	
100	 98400	 7.417500e-03	 1969215.370000	 1858117	 2157237	
100	 98500	 7.950270e-03	 1984699.470000	 1863278	 2201268	
100	 98600	 7.564600e-03	 1982640.460000	 1898639	 2157107	
100	 98700	 7.722090e-03	 1984844.650000	 1883193	 2157340	
100	 98800	 7.723490e-03	 1994157.970000	 1884598	 2289865	
100	 98900	 7.400550e-03	 1998643.230000	 1873425	 2227167	
100	 99000	 7.445830e-03	 2004807.420000	 1855846	 2208169	
100	 99100	 7.327960e-03	 1993937.510000	 1875581	 2155269	
100	 99200	 7.323800e-03	 2000445.350000	 1891660	 2239846	
100	 99300	 7.402770e-03	 2011609.120000	 1897873	 2187386	
100	 99400	 8.170780e-03	 2015502.640000	 1898672	 2289765	
100	 99500	 7.857200e-03	 2005351.130000	 1865017	 2169292	
100	 99600	 8.501010e-03	 2015576.370000	 1901343	 2269899	
100	 99700	 8.223880e-03	 1997531.020000	 1902613	 2164780	
100	 99800	 7.763540e-03	 2020430.680000	 1884230	 2233821	
100	 99900	 7.693840e-03	 2008666.390000	 1895807	 2227103	
100	 100000	 7.632200e-03	 2023735.850000	 1901466	 2316489	
