1	, 1000	, 1.136000e-03	, 245114.000000	, 245114	, 245114	
1	, 2000	, 4.632000e-03	, 1006353.000000	, 1006353	, 1006353	
1	, 3000	, 1.024800e-02	, 2216175.000000	, 2216175	, 2216175	
1	, 4000	, 1.732200e-02	, 4043808.000000	, 4043808	, 4043808	
1	, 5000	, 1.810200e-02	, 6266996.000000	, 6266996	, 6266996	
1	, 6000	, 2.331100e-02	, 8911744.000000	, 8911744	, 8911744	
1	, 7000	, 3.047300e-02	, 12043922.000000	, 12043922	, 12043922	
1	, 8000	, 4.117700e-02	, 16163636.000000	, 16163636	, 16163636	
1	, 9000	, 5.120300e-02	, 20360769.000000	, 20360769	, 20360769	
1	, 10000	, 6.381300e-02	, 25086387.000000	, 25086387	, 25086387	
1	, 11000	, 7.333800e-02	, 30586002.000000	, 30586002	, 30586002	
1	, 12000	, 8.605400e-02	, 35857644.000000	, 35857644	, 35857644	
1	, 13000	, 1.013080e-01	, 42288313.000000	, 42288313	, 42288313	
1	, 14000	, 1.161560e-01	, 49023062.000000	, 49023062	, 49023062	
1	, 15000	, 1.344120e-01	, 56569130.000000	, 56569130	, 56569130	
1	, 16000	, 1.507150e-01	, 64108585.000000	, 64108585	, 64108585	
1	, 17000	, 1.692660e-01	, 72547042.000000	, 72547042	, 72547042	
1	, 18000	, 1.911100e-01	, 80587236.000000	, 80587236	, 80587236	
1	, 19000	, 2.098820e-01	, 89933265.000000	, 89933265	, 89933265	
1	, 20000	, 2.335580e-01	, 99656480.000000	, 99656480	, 99656480	
1	, 21000	, 2.559340e-01	, 109535610.000000	, 109535610	, 109535610	
1	, 22000	, 2.838140e-01	, 120699404.000000	, 120699404	, 120699404	
1	, 23000	, 3.085660e-01	, 132184354.000000	, 132184354	, 132184354	
1	, 24000	, 3.358980e-01	, 143942406.000000	, 143942406	, 143942406	
1	, 25000	, 3.621190e-01	, 156029746.000000	, 156029746	, 156029746	
1	, 26000	, 3.906420e-01	, 167564587.000000	, 167564587	, 167564587	
1	, 27000	, 4.214770e-01	, 182142356.000000	, 182142356	, 182142356	
1	, 28000	, 4.547880e-01	, 196036781.000000	, 196036781	, 196036781	
1	, 29000	, 4.867810e-01	, 210788649.000000	, 210788649	, 210788649	
1	, 30000	, 5.181130e-01	, 224297529.000000	, 224297529	, 224297529	
1	, 31000	, 5.539380e-01	, 240129599.000000	, 240129599	, 240129599	
1	, 32000	, 5.931940e-01	, 255192364.000000	, 255192364	, 255192364	
1	, 33000	, 6.332290e-01	, 273703856.000000	, 273703856	, 273703856	
1	, 34000	, 6.730930e-01	, 290146789.000000	, 290146789	, 290146789	
1	, 35000	, 7.066970e-01	, 306252089.000000	, 306252089	, 306252089	
1	, 36000	, 8.411800e-01	, 324347710.000000	, 324347710	, 324347710	
1	, 37000	, 9.071480e-01	, 340567807.000000	, 340567807	, 340567807	
1	, 38000	, 8.965880e-01	, 361160777.000000	, 361160777	, 361160777	
1	, 39000	, 9.336580e-01	, 380954651.000000	, 380954651	, 380954651	
1	, 40000	, 9.280470e-01	, 399647431.000000	, 399647431	, 399647431	
1	, 41000	, 1.022808e+00	, 419560551.000000	, 419560551	, 419560551	
1	, 42000	, 1.061176e+00	, 440573477.000000	, 440573477	, 440573477	
1	, 43000	, 1.198567e+00	, 464283195.000000	, 464283195	, 464283195	
1	, 44000	, 1.441059e+00	, 484946544.000000	, 484946544	, 484946544	
1	, 45000	, 1.342480e+00	, 505119984.000000	, 505119984	, 505119984	
1	, 46000	, 1.353962e+00	, 527400379.000000	, 527400379	, 527400379	
1	, 47000	, 1.383249e+00	, 552547959.000000	, 552547959	, 552547959	
1	, 48000	, 1.416098e+00	, 576825014.000000	, 576825014	, 576825014	
1	, 49000	, 1.456177e+00	, 604574491.000000	, 604574491	, 604574491	
1	, 50000	, 1.498090e+00	, 626258885.000000	, 626258885	, 626258885	
1	, 51000	, 1.553937e+00	, 644822349.000000	, 644822349	, 644822349	
1	, 52000	, 1.864246e+00	, 676649583.000000	, 676649583	, 676649583	
1	, 53000	, 2.080139e+00	, 704852822.000000	, 704852822	, 704852822	
1	, 54000	, 2.103464e+00	, 729676995.000000	, 729676995	, 729676995	
1	, 55000	, 2.255839e+00	, 753998826.000000	, 753998826	, 753998826	
1	, 56000	, 2.965270e+00	, 785994960.000000	, 785994960	, 785994960	
1	, 57000	, 2.340187e+00	, 813474724.000000	, 813474724	, 813474724	
1	, 58000	, 2.087940e+00	, 840357051.000000	, 840357051	, 840357051	
1	, 59000	, 2.027124e+00	, 868900757.000000	, 868900757	, 868900757	
1	, 60000	, 2.168873e+00	, 900262016.000000	, 900262016	, 900262016	
1	, 61000	, 2.224406e+00	, 928940591.000000	, 928940591	, 928940591	
1	, 62000	, 2.228360e+00	, 959857050.000000	, 959857050	, 959857050	
1	, 63000	, 2.331236e+00	, 992028556.000000	, 992028556	, 992028556	
1	, 64000	, 2.388740e+00	, 1021235450.000000	, 1021235450	, 1021235450	
1	, 65000	, 2.460688e+00	, 1056217991.000000	, 1056217991	, 1056217991	
1	, 66000	, 2.534850e+00	, 1090495103.000000	, 1090495103	, 1090495103	
1	, 67000	, 2.710418e+00	, 1125103004.000000	, 1125103004	, 1125103004	
1	, 68000	, 2.824096e+00	, 1158352248.000000	, 1158352248	, 1158352248	
1	, 69000	, 2.983961e+00	, 1192430590.000000	, 1192430590	, 1192430590	
1	, 70000	, 2.953299e+00	, 1224421664.000000	, 1224421664	, 1224421664	
1	, 71000	, 3.037757e+00	, 1265615939.000000	, 1265615939	, 1265615939	
1	, 72000	, 3.067065e+00	, 1298724904.000000	, 1298724904	, 1298724904	
1	, 73000	, 3.242392e+00	, 1331560690.000000	, 1331560690	, 1331560690	
1	, 74000	, 3.306227e+00	, 1364066541.000000	, 1364066541	, 1364066541	
1	, 75000	, 3.387420e+00	, 1400584018.000000	, 1400584018	, 1400584018	
1	, 76000	, 3.540718e+00	, 1439984833.000000	, 1439984833	, 1439984833	
1	, 77000	, 3.499141e+00	, 1480564141.000000	, 1480564141	, 1480564141	
1	, 78000	, 3.678218e+00	, 1525214365.000000	, 1525214365	, 1525214365	
1	, 79000	, 3.782868e+00	, 1555227361.000000	, 1555227361	, 1555227361	
1	, 80000	, 3.797731e+00	, 1602338665.000000	, 1602338665	, 1602338665	
1	, 81000	, 4.027777e+00	, 1644115949.000000	, 1644115949	, 1644115949	
1	, 82000	, 4.114360e+00	, 1687302603.000000	, 1687302603	, 1687302603	
1	, 83000	, 4.265370e+00	, 1720925710.000000	, 1720925710	, 1720925710	
1	, 84000	, 4.362152e+00	, 1759150120.000000	, 1759150120	, 1759150120	
1	, 85000	, 4.517456e+00	, 1803401927.000000	, 1803401927	, 1803401927	
1	, 86000	, 4.340104e+00	, 1847574582.000000	, 1847574582	, 1847574582	
1	, 87000	, 4.413463e+00	, 1897332788.000000	, 1897332788	, 1897332788	
1	, 88000	, 4.510410e+00	, 1936547781.000000	, 1936547781	, 1936547781	
1	, 89000	, 4.621645e+00	, 1985795104.000000	, 1985795104	, 1985795104	
1	, 90000	, 4.753806e+00	, 2025078061.000000	, 2025078061	, 2025078061	
1	, 91000	, 5.042706e+00	, 2067185020.000000	, 2067185020	, 2067185020	
1	, 92000	, 5.070979e+00	, 2114486830.000000	, 2114486830	, 2114486830	
1	, 93000	, 5.362404e+00	, -2136522460.000000	, -2136522460	, -2136522460	
1	, 94000	, 5.441280e+00	, -2078033993.000000	, -2078033993	, -2078033993	
1	, 95000	, 5.685926e+00	, -2035866415.000000	, -2035866415	, -2035866415	
1	, 96000	, 5.789872e+00	, -1993299666.000000	, -1993299666	, -1993299666	
1	, 97000	, 5.761304e+00	, -1948485679.000000	, -1948485679	, -1948485679	
1	, 98000	, 5.903206e+00	, -1900950798.000000	, -1900950798	, -1900950798	
1	, 99000	, 5.959475e+00	, -1841264455.000000	, -1841264455	, -1841264455	
1	, 100000	, 5.931342e+00	, -1795451447.000000	, -1795451447	, -1795451447	
