1000	 1000	 5.450000e-07	 573.634000	 14	 998	
1100	 1100	 3.927273e-07	 454.716364	 1	 1097	
1200	 1200	 5.783333e-07	 688.909167	 14	 1186	
1300	 1300	 6.753846e-07	 610.288462	 11	 1290	
1400	 1400	 7.092857e-07	 805.446429	 1	 1390	
1500	 1500	 5.093333e-07	 584.435333	 1	 1498	
1600	 1600	 8.706250e-07	 929.205625	 45	 1566	
1700	 1700	 8.205882e-07	 891.296471	 43	 1651	
1800	 1800	 6.633333e-07	 880.399444	 35	 1785	
1900	 1900	 7.389474e-07	 976.637368	 26	 1894	
2000	 2000	 4.180000e-07	 600.248000	 1	 1973	
2100	 2100	 7.828571e-07	 1250.032381	 1	 2052	
2200	 2200	 4.859091e-07	 770.785455	 1	 2183	
2300	 2300	 4.134783e-07	 746.229130	 1	 2231	
2400	 2400	 2.779167e-07	 494.997917	 1	 2353	
2500	 2500	 5.180000e-07	 951.387600	 1	 2473	
2600	 2600	 5.173077e-07	 905.416923	 1	 2579	
2700	 2700	 4.000000e-07	 728.021111	 1	 2692	
2800	 2800	 7.578571e-07	 1406.196429	 20	 2796	
2900	 2900	 1.091724e-06	 1981.645862	 36	 2880	
3000	 3000	 7.780000e-07	 1263.124667	 1	 2999	
3100	 3100	 6.832258e-07	 1275.841935	 1	 3078	
3200	 3200	 9.740625e-07	 1761.792500	 22	 3199	
3300	 3300	 5.987879e-07	 1064.874848	 1	 3269	
3400	 3400	 6.544118e-07	 1223.562059	 11	 3379	
3500	 3500	 8.748571e-07	 1630.476286	 1	 3489	
3600	 3600	 4.247222e-07	 796.159722	 1	 3559	
3700	 3700	 9.024324e-07	 1595.294595	 1	 3687	
3800	 3800	 9.773684e-07	 1830.897632	 1	 3714	
3900	 3900	 8.294872e-07	 1467.482821	 7	 3863	
4000	 4000	 1.101500e-06	 2000.546000	 39	 3998	
4100	 4100	 1.170244e-06	 2127.715122	 25	 4084	
4200	 4200	 4.026190e-07	 726.950714	 1	 4161	
4300	 4300	 1.139302e-06	 2168.881395	 1	 4290	
4400	 4400	 1.353864e-06	 2548.287045	 3	 4281	
4500	 4500	 7.922222e-07	 1433.611111	 7	 4450	
4600	 4600	 1.247609e-06	 2396.535435	 1	 4589	
4700	 4700	 9.900000e-07	 1836.132128	 1	 4674	
4800	 4800	 1.390417e-06	 2609.919167	 47	 4792	
4900	 4900	 1.181429e-06	 2254.369796	 117	 4898	
5000	 5000	 1.254400e-06	 2395.802400	 1	 4978	
5100	 5100	 1.062941e-06	 2037.337647	 1	 5071	
5200	 5200	 1.556923e-06	 2984.753462	 21	 5148	
5300	 5300	 7.264151e-07	 1382.920189	 1	 5205	
5400	 5400	 1.474259e-06	 2837.286296	 1	 5351	
5500	 5500	 7.974545e-07	 1508.351636	 1	 5386	
5600	 5600	 6.773214e-07	 1287.791250	 1	 5574	
5700	 5700	 1.083860e-06	 2065.665789	 1	 5695	
5800	 5800	 9.346552e-07	 1775.827069	 1	 5683	
5900	 5900	 1.485254e-06	 2822.808814	 22	 5840	
6000	 6000	 1.005500e-06	 1925.728167	 1	 5985	
6100	 6100	 1.263770e-06	 2394.501475	 74	 6086	
6200	 6200	 9.138710e-07	 1736.473226	 1	 6192	
6300	 6300	 1.131905e-06	 2160.477778	 1	 6273	
6400	 6400	 1.394531e-06	 2660.292031	 1	 6374	
6500	 6500	 1.228308e-06	 2326.380308	 1	 6465	
6600	 6600	 2.320000e-06	 4451.483939	 41	 6528	
6700	 6700	 1.872537e-06	 3559.735075	 46	 6700	
6800	 6800	 1.026324e-06	 1946.386029	 1	 6739	
6900	 6900	 7.744928e-07	 1466.384348	 1	 6877	
7000	 7000	 1.803429e-06	 3448.626000	 18	 6991	
7100	 7100	 1.078169e-06	 2067.183239	 1	 7098	
7200	 7200	 7.900000e-07	 1487.792500	 1	 7184	
7300	 7300	 2.007671e-06	 3836.961233	 5	 7299	
7400	 7400	 1.410676e-06	 2648.667432	 1	 7331	
7500	 7500	 1.202800e-06	 2004.146000	 1	 7429	
7600	 7600	 1.323026e-06	 2401.512105	 7	 7564	
7700	 7700	 1.838701e-06	 3447.160649	 59	 7554	
7800	 7800	 2.016410e-06	 3864.930641	 1	 7794	
7900	 7900	 1.923165e-06	 3692.924051	 123	 7838	
8000	 8000	 1.094125e-06	 2097.919125	 1	 7980	
8100	 8100	 1.981975e-06	 3807.922840	 17	 8096	
8200	 8200	 1.152927e-06	 2187.283049	 1	 8197	
8300	 8300	 2.103373e-06	 4031.333012	 6	 8257	
8400	 8400	 2.677738e-06	 5039.957381	 17	 8391	
8500	 8500	 2.425765e-06	 4598.833647	 60	 8499	
8600	 8600	 1.553023e-06	 2970.546977	 1	 8599	
8700	 8700	 1.892184e-06	 3610.097931	 1	 8664	
8800	 8800	 1.410682e-06	 2649.904432	 1	 8715	
8900	 8900	 2.359775e-06	 4477.706067	 53	 8750	
9000	 9000	 2.108111e-06	 4015.991444	 1	 8939	
9100	 9100	 1.221538e-06	 2277.561209	 1	 9074	
9200	 9200	 2.622717e-06	 4444.681739	 1	 9173	
9300	 9300	 1.348495e-06	 2524.954946	 1	 9259	
9400	 9400	 3.413723e-06	 6317.233617	 50	 9390	
9500	 9500	 2.801368e-06	 5344.511053	 80	 9467	
9600	 9600	 2.466771e-06	 4685.140312	 21	 9437	
9700	 9700	 3.006082e-06	 5711.389278	 2	 9694	
9800	 9800	 1.597755e-06	 3056.433367	 61	 9727	
9900	 9900	 1.487778e-06	 2856.908182	 1	 9792	
10000	 10000	 2.016700e-06	 3819.878700	 1	 9943	
10100	 10100	 1.343465e-06	 1777.708614	 1	 9984	
10200	 10200	 1.618824e-06	 2981.849804	 1	 10187	
10300	 10300	 2.790874e-06	 5232.418932	 49	 10296	
10400	 10400	 2.472308e-06	 4652.403173	 1	 10221	
10500	 10500	 2.013143e-06	 3833.461524	 1	 10394	
10600	 10600	 1.949906e-06	 3736.914434	 24	 10583	
10700	 10700	 3.155421e-06	 6058.564860	 1	 10667	
10800	 10800	 2.965833e-06	 5710.160093	 5	 10777	
10900	 10900	 3.110734e-06	 5978.845963	 43	 10749	
11000	 11000	 2.213455e-06	 4255.506000	 1	 10923	
11100	 11100	 2.023063e-06	 3833.787928	 72	 11039	
11200	 11200	 2.216696e-06	 4185.884732	 1	 11092	
11300	 11300	 2.504336e-06	 4333.208053	 1	 11227	
11400	 11400	 3.329474e-06	 5765.709474	 3	 11383	
11500	 11500	 1.230696e-06	 2278.331826	 1	 11473	
11600	 11600	 2.134138e-06	 4034.468190	 1	 11589	
11700	 11700	 3.513504e-06	 6500.176752	 120	 11689	
11800	 11800	 3.317797e-06	 6135.275508	 67	 11764	
11900	 11900	 2.264034e-06	 4281.887815	 77	 11880	
12000	 12000	 2.560250e-06	 4889.414417	 1	 11986	
12100	 12100	 1.262645e-06	 2363.646446	 1	 11684	
12200	 12200	 1.755656e-06	 3367.600000	 1	 12130	
12300	 12300	 1.703008e-06	 3208.374959	 1	 12104	
12400	 12400	 3.169194e-06	 6100.167742	 1	 12345	
12500	 12500	 2.024720e-06	 3377.291040	 1	 12470	
12600	 12600	 2.621667e-06	 4948.632937	 1	 12589	
12700	 12700	 3.704488e-06	 7044.278976	 5	 12677	
12800	 12800	 1.753359e-06	 3319.051328	 1	 12785	
12900	 12900	 2.537907e-06	 4853.367132	 1	 12888	
13000	 13000	 2.088154e-06	 3967.831154	 1	 12936	
13100	 13100	 2.494580e-06	 4701.711908	 1	 13073	
13200	 13200	 3.086894e-06	 5895.298788	 12	 13199	
13300	 13300	 1.633383e-06	 3136.409699	 1	 13198	
13400	 13400	 3.685970e-06	 7037.179627	 24	 13336	
13500	 13500	 2.177037e-06	 4173.871259	 1	 13445	
13600	 13600	 3.580441e-06	 6878.255441	 91	 13454	
13700	 13700	 3.445985e-06	 6592.228248	 1	 13675	
13800	 13800	 2.251812e-06	 4299.385942	 1	 13770	
13900	 13900	 2.968129e-06	 5701.240360	 1	 13897	
14000	 14000	 4.533357e-06	 8734.332214	 101	 13901	
14100	 14100	 3.305177e-06	 6274.788298	 1	 13977	
14200	 14200	 3.468380e-06	 6662.965423	 72	 14174	
14300	 14300	 3.531049e-06	 6794.673706	 15	 14282	
14400	 14400	 3.560000e-06	 6598.551528	 1	 14395	
14500	 14500	 3.005655e-06	 5552.142138	 1	 14335	
14600	 14600	 1.883425e-06	 3429.711507	 1	 14508	
14700	 14700	 3.724354e-06	 7101.872993	 82	 14677	
14800	 14800	 2.512838e-06	 4816.800743	 8	 14753	
14900	 14900	 3.387651e-06	 6535.582752	 1	 14729	
15000	 15000	 4.239600e-06	 8096.436133	 11	 14974	
15100	 15100	 3.795166e-06	 7269.013642	 144	 15083	
15200	 15200	 3.404342e-06	 6507.420855	 1	 15094	
15300	 15300	 4.098889e-06	 7839.316667	 1	 15163	
15400	 15400	 2.340455e-06	 4484.874935	 1	 15358	
15500	 15500	 3.083548e-06	 5896.115484	 1	 15381	
15600	 15600	 4.668654e-06	 9009.977372	 1	 15499	
15700	 15700	 3.779682e-06	 7222.451720	 1	 15503	
15800	 15800	 3.648861e-06	 7011.461899	 1	 15705	
15900	 15900	 2.134277e-06	 4097.181447	 1	 15778	
16000	 16000	 2.405250e-06	 4621.903875	 1	 15980	
16100	 16100	 3.044720e-06	 5812.637950	 1	 16006	
16200	 16200	 5.239815e-06	 10074.103827	 37	 16169	
16300	 16300	 3.911166e-06	 7512.292577	 222	 16225	
16400	 16400	 4.417195e-06	 8481.660244	 1	 16306	
16500	 16500	 3.656000e-06	 7018.177273	 1	 16436	
16600	 16600	 5.427952e-06	 10477.521988	 68	 16525	
16700	 16700	 2.940240e-06	 5575.347904	 1	 16603	
16800	 16800	 3.737500e-06	 7153.911369	 1	 16788	
16900	 16900	 3.641183e-06	 6981.847041	 1	 16768	
17000	 17000	 4.381941e-06	 8393.716176	 1	 16701	
17100	 17100	 2.383743e-06	 4530.355205	 1	 17062	
17200	 17200	 3.977093e-06	 7641.134942	 1	 17190	
17300	 17300	 2.559364e-06	 4910.815780	 1	 17245	
17400	 17400	 4.716207e-06	 9031.598391	 1	 17399	
17500	 17500	 2.494514e-06	 4791.546171	 1	 17441	
17600	 17600	 4.287443e-06	 8229.086648	 15	 17589	
17700	 17700	 3.610621e-06	 6899.726045	 1	 17502	
17800	 17800	 5.120674e-06	 9869.979663	 82	 17720	
17900	 17900	 3.791285e-06	 7274.555475	 1	 17724	
18000	 18000	 3.543111e-06	 6763.217167	 1	 17977	
18100	 18100	 1.848895e-06	 3550.800884	 1	 18085	
18200	 18200	 3.630769e-06	 6940.015824	 1	 18199	
18300	 18300	 5.385082e-06	 10263.247213	 1	 18281	
18400	 18400	 3.042283e-06	 5843.083750	 1	 18396	
18500	 18500	 5.655405e-06	 10820.068324	 22	 18343	
18600	 18600	 4.159624e-06	 7989.060968	 1	 18480	
18700	 18700	 4.425187e-06	 8375.952460	 12	 18691	
18800	 18800	 3.808511e-06	 7261.364096	 1	 18770	
18900	 18900	 4.114921e-06	 7920.255450	 1	 18793	
19000	 19000	 4.708632e-06	 9009.661211	 4	 18986	
19100	 19100	 4.658115e-06	 8955.798429	 4	 19082	
19200	 19200	 3.882813e-06	 7464.469271	 378	 19187	
19300	 19300	 2.538497e-06	 4866.754249	 1	 19269	
19400	 19400	 5.176495e-06	 9943.461392	 1	 19208	
19500	 19500	 5.386769e-06	 10335.428564	 1	 19485	
19600	 19600	 3.483622e-06	 6665.163469	 41	 19552	
19700	 19700	 4.664264e-06	 8912.215584	 1	 19672	
19800	 19800	 3.971162e-06	 7609.258687	 26	 19777	
19900	 19900	 4.048945e-06	 7720.104874	 1	 19879	
20000	 20000	 3.677200e-06	 7032.981550	 1	 19987	
20100	 20100	 4.434776e-06	 8162.971940	 1	 19959	
20200	 20200	 3.984307e-06	 7598.282772	 1	 20069	
20300	 20300	 5.028079e-06	 9655.501724	 20	 20228	
20400	 20400	 4.256814e-06	 8101.256225	 1	 20359	
20500	 20500	 5.208780e-06	 10005.541366	 1	 20497	
20600	 20600	 4.791262e-06	 9185.432913	 30	 20532	
20700	 20700	 5.751159e-06	 11041.291014	 1	 20609	
20800	 20800	 5.406394e-06	 10347.189952	 1	 20509	
20900	 20900	 4.900670e-06	 9423.700000	 65	 20872	
21000	 21000	 4.256238e-06	 8163.571857	 11	 20990	
21100	 21100	 6.717488e-06	 12941.509526	 38	 21006	
21200	 21200	 2.259104e-06	 4286.054387	 1	 21006	
21300	 21300	 2.985399e-06	 5725.379108	 1	 21039	
21400	 21400	 5.671449e-06	 10889.687056	 1	 21342	
21500	 21500	 6.076000e-06	 11660.639628	 223	 21340	
21600	 21600	 5.016944e-06	 9620.675463	 41	 21519	
21700	 21700	 3.608894e-06	 6877.797189	 1	 21642	
21800	 21800	 3.048991e-06	 5829.318165	 1	 21780	
21900	 21900	 3.139224e-06	 6013.453744	 1	 21852	
22000	 22000	 5.376227e-06	 10333.544227	 1	 21902	
22100	 22100	 7.575928e-06	 14556.674570	 54	 22047	
22200	 22200	 4.348874e-06	 8320.907658	 1	 22061	
22300	 22300	 3.154978e-06	 6071.710852	 1	 22271	
22400	 22400	 5.397857e-06	 10373.444643	 1	 22384	
22500	 22500	 6.425244e-06	 12346.471822	 45	 22400	
22600	 22600	 4.486858e-06	 8570.919425	 1	 22566	
22700	 22700	 1.892070e-06	 3610.522687	 1	 22597	
22800	 22800	 4.933246e-06	 9453.966360	 1	 22773	
22900	 22900	 4.725502e-06	 9038.725939	 1	 22892	
23000	 23000	 5.820174e-06	 11171.106087	 103	 22981	
23100	 23100	 8.122468e-06	 15614.147100	 164	 23097	
23200	 23200	 5.319353e-06	 10238.778793	 1	 23076	
23300	 23300	 6.463562e-06	 12442.394721	 20	 23275	
23400	 23400	 3.466880e-06	 6589.289701	 1	 23280	
23500	 23500	 3.728085e-06	 7128.362340	 1	 23439	
23600	 23600	 5.031229e-06	 9641.976653	 88	 23486	
23700	 23700	 4.993882e-06	 9583.914852	 151	 23642	
23800	 23800	 3.145588e-06	 6013.152059	 1	 23748	
23900	 23900	 3.740962e-06	 7180.560669	 1	 23823	
24000	 24000	 4.494083e-06	 8615.369083	 1	 23958	
24100	 24100	 5.571618e-06	 10725.766763	 403	 24057	
24200	 24200	 6.391529e-06	 12258.002314	 24	 23882	
24300	 24300	 4.892016e-06	 9162.599588	 1	 24275	
24400	 24400	 5.245738e-06	 10033.644139	 31	 24342	
24500	 24500	 4.997388e-06	 9584.482490	 1	 24454	
24600	 24600	 4.525407e-06	 8684.457398	 1	 24545	
24700	 24700	 2.954696e-06	 5631.768745	 1	 24543	
24800	 24800	 2.773226e-06	 5332.136774	 1	 24734	
24900	 24900	 5.735622e-06	 10991.701245	 1	 24720	
25000	 25000	 6.102120e-06	 11703.669560	 15	 24948	
25100	 25100	 7.374701e-06	 14182.812908	 52	 25067	
25200	 25200	 3.766508e-06	 7182.040873	 1	 25194	
25300	 25300	 4.116324e-06	 7863.671660	 1	 25165	
25400	 25400	 5.427480e-06	 10425.230118	 1	 25306	
25500	 25500	 4.891804e-06	 9391.554275	 3	 25454	
25600	 25600	 9.225391e-06	 17560.293750	 68	 25572	
25700	 25700	 6.937471e-06	 13235.097393	 1	 25621	
25800	 25800	 3.991783e-06	 7648.700078	 1	 25794	
25900	 25900	 3.256680e-06	 6235.167220	 1	 25689	
26000	 26000	 4.252308e-06	 8132.200577	 1	 25920	
26100	 26100	 5.458429e-06	 10338.371839	 153	 26090	
26200	 26200	 5.813359e-06	 11155.473664	 83	 26124	
26300	 26300	 5.993878e-06	 11513.693460	 216	 26233	
26400	 26400	 7.253258e-06	 13945.962197	 169	 26356	
26500	 26500	 3.231811e-06	 6191.443094	 1	 26497	
26600	 26600	 3.484925e-06	 6668.356429	 1	 26436	
26700	 26700	 7.277903e-06	 13939.715243	 111	 26595	
26800	 26800	 4.646269e-06	 8914.763246	 1	 26616	
26900	 26900	 5.148067e-06	 9879.990595	 1	 26792	
27000	 27000	 6.306000e-06	 12107.570852	 1	 26969	
27100	 27100	 5.610554e-06	 10805.643173	 1	 26964	
27200	 27200	 3.669743e-06	 7037.454449	 1	 27100	
27300	 27300	 8.371868e-06	 16040.633810	 13	 27289	
27400	 27400	 5.223066e-06	 10015.318504	 1	 27357	
27500	 27500	 6.913964e-06	 13254.998145	 118	 27350	
27600	 27600	 3.656667e-06	 7040.636449	 1	 27509	
27700	 27700	 5.010794e-06	 9627.183285	 34	 27645	
27800	 27800	 5.090899e-06	 9787.612950	 1	 27697	
27900	 27900	 5.515125e-06	 10596.497885	 1	 27884	
28000	 28000	 6.134571e-06	 11723.851071	 1	 27917	
28100	 28100	 7.447402e-06	 14254.668043	 47	 27927	
28200	 28200	 4.021418e-06	 7704.658582	 1	 28023	
28300	 28300	 4.366078e-06	 8355.971095	 1	 28241	
28400	 28400	 4.910845e-06	 9406.240845	 1	 28269	
28500	 28500	 8.403193e-06	 16108.580035	 56	 28430	
28600	 28600	 5.525105e-06	 10592.140105	 1	 28552	
28700	 28700	 7.318850e-06	 14019.335958	 1	 28647	
28800	 28800	 6.832326e-06	 13125.421458	 25	 28578	
28900	 28900	 5.599965e-06	 10755.468685	 7	 28661	
29000	 29000	 4.853552e-06	 9229.925414	 1	 28820	
29100	 29100	 5.583299e-06	 10689.446460	 1	 29027	
29200	 29200	 7.033356e-06	 13451.520000	 52	 29095	
29300	 29300	 4.975256e-06	 9542.045154	 1	 29104	
29400	 29400	 6.428503e-06	 12360.913129	 1	 29387	
29500	 29500	 8.656610e-06	 16667.283085	 23	 29412	
29600	 29600	 6.713209e-06	 12872.814628	 1	 29535	
29700	 29700	 7.132256e-06	 13669.100168	 34	 29666	
29800	 29800	 5.860403e-06	 11256.819362	 1	 29789	
29900	 29900	 5.587759e-06	 10739.123244	 1	 29520	
30000	 30000	 4.744833e-06	 9123.002867	 1	 29972	
30100	 30100	 3.069103e-06	 5681.457243	 1	 29993	
30200	 30200	 6.133245e-06	 11735.573543	 50	 30070	
30300	 30300	 6.952409e-06	 13235.425116	 1	 30210	
30400	 30400	 2.957763e-06	 5659.247171	 1	 30289	
30500	 30500	 5.160852e-06	 9897.321115	 1	 30342	
30600	 30600	 3.995490e-06	 7668.950458	 1	 30585	
30700	 30700	 9.091694e-06	 17496.217459	 1	 30646	
30800	 30800	 5.395357e-06	 10367.401656	 1	 30726	
30900	 30900	 4.722816e-06	 9033.227702	 1	 30839	
31000	 31000	 7.032613e-06	 13489.013871	 1	 30835	
31100	 31100	 6.812926e-06	 13089.350322	 1	 31100	
31200	 31200	 8.769487e-06	 16838.741731	 38	 31172	
31300	 31300	 8.586550e-06	 16479.514537	 35	 31298	
31400	 31400	 6.726815e-06	 12923.776624	 1	 31259	
31500	 31500	 4.108825e-06	 7856.321365	 1	 31480	
31600	 31600	 5.326076e-06	 10216.353323	 1	 31423	
31700	 31700	 9.480284e-06	 18195.031672	 1	 31691	
31800	 31800	 8.887830e-06	 17041.629937	 139	 31656	
31900	 31900	 5.643354e-06	 10847.172445	 1	 31504	
32000	 32000	 5.301656e-06	 10164.731969	 1	 31991	
32100	 32100	 7.679159e-06	 14763.249595	 1	 32097	
32200	 32200	 9.785839e-06	 18809.282950	 13	 32073	
32300	 32300	 7.718824e-06	 14801.341053	 75	 32255	
32400	 32400	 9.126358e-06	 17569.998272	 64	 32310	
32500	 32500	 6.595169e-06	 12631.711108	 1	 32425	
32600	 32600	 6.296380e-06	 12011.186166	 1	 32580	
32700	 32700	 1.027131e-05	 19689.525291	 1	 32425	
32800	 32800	 4.474939e-06	 8596.221189	 1	 32727	
32900	 32900	 4.826261e-06	 9282.134134	 1	 32880	
33000	 33000	 4.460121e-06	 8551.712818	 1	 32956	
33100	 33100	 8.586586e-06	 16470.875196	 63	 32988	
33200	 33200	 4.870934e-06	 9350.174157	 1	 33192	
33300	 33300	 1.084928e-05	 20870.589309	 430	 33173	
33400	 33400	 8.898263e-06	 17055.781617	 1	 33383	
33500	 33500	 1.012421e-05	 19440.810507	 258	 33473	
33600	 33600	 7.208601e-06	 13849.740060	 1	 33588	
33700	 33700	 7.281365e-06	 13959.512047	 1	 33560	
33800	 33800	 6.912012e-06	 13252.304172	 1	 33786	
33900	 33900	 7.730472e-06	 14803.986018	 1	 33892	
34000	 34000	 7.274088e-06	 13947.372059	 1	 33985	
34100	 34100	 7.716833e-06	 14840.650674	 1	 33996	
34200	 34200	 6.224971e-06	 11865.930906	 10	 34159	
34300	 34300	 6.382478e-06	 12222.735714	 1	 34094	
34400	 34400	 5.700610e-06	 10919.556308	 1	 34365	
34500	 34500	 5.475739e-06	 10525.957536	 1	 34462	
34600	 34600	 3.036763e-06	 5831.278642	 1	 34574	
34700	 34700	 6.461095e-06	 12410.954496	 1	 34566	
34800	 34800	 8.992816e-06	 17290.398506	 1	 34715	
34900	 34900	 7.532779e-06	 14451.641920	 1	 34876	
35000	 35000	 1.006123e-05	 19385.901371	 83	 34699	
35100	 35100	 5.680969e-06	 10890.364672	 1	 34890	
35200	 35200	 6.502699e-06	 12490.044801	 1	 35167	
35300	 35300	 8.955467e-06	 17231.559943	 315	 35285	
35400	 35400	 3.510198e-06	 6714.518559	 1	 35166	
35500	 35500	 5.199746e-06	 9953.583859	 1	 35493	
35600	 35600	 1.019795e-05	 19563.285337	 332	 35550	
35700	 35700	 7.922829e-06	 15220.169664	 4	 35297	
35800	 35800	 5.527989e-06	 10631.156816	 1	 35679	
35900	 35900	 7.617632e-06	 14627.712925	 1	 35867	
36000	 36000	 1.171631e-05	 22493.085028	 48	 35989	
36100	 36100	 9.707202e-06	 18625.211524	 40	 36079	
36200	 36200	 9.474420e-06	 18199.197956	 36	 35929	
36300	 36300	 5.410165e-06	 10380.032397	 1	 36231	
36400	 36400	 9.617335e-06	 18481.766319	 16	 36101	
36500	 36500	 9.700521e-06	 18275.526164	 1	 36453	
36600	 36600	 8.934645e-06	 17138.443743	 1	 36574	
36700	 36700	 7.426240e-06	 14296.380490	 42	 36609	
36800	 36800	 5.249049e-06	 10092.064755	 1	 36625	
36900	 36900	 4.042520e-06	 7738.971897	 1	 36758	
37000	 37000	 1.021195e-05	 19626.408757	 79	 37000	
37100	 37100	 1.127218e-05	 21677.566065	 217	 37087	
37200	 37200	 6.605591e-06	 12647.029892	 1	 37156	
37300	 37300	 1.112786e-05	 21368.428043	 407	 37120	
37400	 37400	 4.757487e-06	 9134.053209	 1	 37268	
37500	 37500	 5.076480e-06	 9743.750000	 1	 37444	
37600	 37600	 8.333378e-06	 16005.336489	 1	 37479	
37700	 37700	 9.002865e-06	 17318.020053	 20	 37658	
37800	 37800	 6.703519e-06	 12888.918651	 1	 37699	
37900	 37900	 5.993958e-06	 11498.636517	 1	 37757	
38000	 38000	 9.143526e-06	 17582.794895	 1	 37795	
38100	 38100	 5.675407e-06	 10911.141811	 1	 37883	
38200	 38200	 9.948325e-06	 19136.354398	 85	 38190	
38300	 38300	 4.910444e-06	 9346.835170	 1	 38267	
38400	 38400	 5.445885e-06	 10448.077031	 1	 38143	
38500	 38500	 7.133870e-06	 13707.856338	 1	 38438	
38600	 38600	 1.045510e-05	 20064.952098	 1	 38422	
38700	 38700	 1.027770e-05	 19708.003230	 20	 38677	
38800	 38800	 1.025933e-05	 19704.687526	 1	 38708	
38900	 38900	 9.450103e-06	 18149.761722	 1	 38831	
39000	 39000	 1.298582e-05	 24987.793872	 20	 38980	
39100	 39100	 1.204358e-05	 23065.612353	 105	 39072	
39200	 39200	 1.346367e-05	 25937.561684	 1	 39189	
39300	 39300	 4.535216e-06	 8704.866107	 1	 39053	
39400	 39400	 9.788832e-06	 18803.634518	 145	 38697	
39500	 39500	 8.299165e-06	 15974.181848	 1	 39453	
39600	 39600	 3.428384e-06	 6592.894167	 1	 39498	
39700	 39700	 7.503275e-06	 14424.048665	 1	 39676	
39800	 39800	 9.875603e-06	 18939.276332	 1	 39795	
39900	 39900	 8.676867e-06	 16698.869825	 1	 39893	
40000	 40000	 1.105845e-05	 21252.201275	 131	 39850	
40100	 40100	 8.123142e-06	 15482.946309	 1	 40045	
40200	 40200	 9.615672e-06	 18471.421144	 1	 40194	
40300	 40300	 4.416352e-06	 8461.907370	 1	 40246	
40400	 40400	 6.540297e-06	 12541.158564	 1	 39948	
40500	 40500	 9.629160e-06	 18531.740716	 26	 40428	
40600	 40600	 1.029493e-05	 19748.237660	 1	 40285	
40700	 40700	 1.044494e-05	 20095.764939	 239	 40652	
40800	 40800	 1.324801e-05	 25500.593039	 1	 40692	
40900	 40900	 3.221638e-06	 6188.964059	 1	 40740	
41000	 41000	 4.320439e-06	 8270.258317	 1	 40917	
41100	 41100	 1.221523e-05	 23255.431144	 7	 41096	
41200	 41200	 9.574563e-06	 18351.218058	 1	 40990	
41300	 41300	 4.579395e-06	 8793.331961	 1	 41246	
41400	 41400	 9.682029e-06	 18628.089130	 137	 41341	
41500	 41500	 1.073094e-05	 20528.713542	 1	 41496	
41600	 41600	 5.143966e-06	 9882.984784	 1	 41507	
41700	 41700	 8.256499e-06	 15875.052182	 42	 41577	
41800	 41800	 8.924019e-06	 17179.219426	 1	 41642	
41900	 41900	 1.242690e-05	 23939.254177	 1	 41862	
42000	 42000	 1.099562e-05	 21071.025810	 45	 41949	
42100	 42100	 7.602019e-06	 14602.257862	 1	 41729	
42200	 42200	 9.187346e-06	 17678.218507	 1	 41904	
42300	 42300	 1.016021e-05	 19546.147400	 59	 42283	
42400	 42400	 1.021649e-05	 19678.338325	 76	 42389	
42500	 42500	 9.458988e-06	 18144.900282	 1	 42457	
42600	 42600	 5.130563e-06	 9832.086643	 1	 42510	
42700	 42700	 1.038548e-05	 19955.424895	 1	 42664	
42800	 42800	 8.709720e-06	 16730.023364	 1	 42757	
42900	 42900	 9.949184e-06	 19107.450093	 65	 42896	
43000	 43000	 1.144321e-05	 21965.697000	 39	 42791	
43100	 43100	 9.345336e-06	 17928.874919	 1	 43004	
43200	 43200	 7.272315e-06	 13957.984792	 1	 43096	
43300	 43300	 1.038744e-05	 19948.281270	 49	 42641	
43400	 43400	 8.498641e-06	 16347.220737	 1	 43274	
43500	 43500	 8.541655e-06	 16387.663839	 1	 43342	
43600	 43600	 8.232798e-06	 15804.698899	 1	 43464	
43700	 43700	 8.470458e-06	 16285.255881	 1	 43635	
43800	 43800	 1.192224e-05	 22764.367534	 66	 43572	
43900	 43900	 1.076187e-05	 20707.112437	 110	 43621	
44000	 44000	 1.108109e-05	 21227.929364	 229	 43906	
44100	 44100	 1.334472e-05	 25629.046009	 1	 43898	
44200	 44200	 7.804299e-06	 14990.493145	 1	 44140	
44300	 44300	 1.497763e-05	 28770.308962	 122	 44077	
44400	 44400	 1.390385e-05	 26737.774234	 61	 44281	
44500	 44500	 8.949753e-06	 17217.968090	 114	 44065	
44600	 44600	 5.381951e-06	 10299.991794	 1	 44545	
44700	 44700	 8.296644e-06	 15944.818233	 160	 44663	
44800	 44800	 9.467121e-06	 18100.711429	 1	 44735	
44900	 44900	 5.995702e-06	 11505.024499	 1	 44778	
45000	 45000	 4.191978e-06	 7998.855222	 1	 44785	
45100	 45100	 5.790710e-06	 11124.074235	 1	 45093	
45200	 45200	 7.241504e-06	 13883.201881	 1	 44949	
45300	 45300	 1.263541e-05	 24292.766534	 445	 45096	
45400	 45400	 1.182485e-05	 22707.359890	 41	 44941	
45500	 45500	 8.673736e-06	 16630.577648	 1	 45417	
45600	 45600	 5.297061e-06	 9651.373114	 1	 45556	
45700	 45700	 1.342753e-05	 25066.444026	 1	 45645	
45800	 45800	 4.244956e-06	 7984.174694	 1	 45798	
45900	 45900	 1.168481e-05	 22113.516688	 20	 45568	
46000	 46000	 1.219272e-05	 23438.387761	 405	 45845	
46100	 46100	 1.160633e-05	 22262.919696	 1	 45960	
46200	 46200	 1.533983e-05	 29533.455714	 61	 45641	
46300	 46300	 1.221302e-05	 23469.720864	 4	 46270	
46400	 46400	 1.154409e-05	 22160.774784	 3	 46391	
46500	 46500	 6.939613e-06	 13323.207247	 1	 46473	
46600	 46600	 1.168811e-05	 22469.903112	 1	 46599	
46700	 46700	 1.496212e-05	 28718.643041	 4	 46679	
46800	 46800	 1.029647e-05	 19709.479744	 1	 46760	
46900	 46900	 8.288955e-06	 15934.039957	 1	 46746	
47000	 47000	 4.070979e-06	 7804.694830	 1	 46919	
47100	 47100	 1.116357e-05	 21448.414374	 249	 46929	
47200	 47200	 1.580699e-05	 30407.387585	 1	 47187	
47300	 47300	 1.034118e-05	 19799.098964	 454	 47262	
47400	 47400	 8.294873e-06	 15886.499304	 1	 47387	
47500	 47500	 9.579747e-06	 18409.902316	 221	 47273	
47600	 47600	 1.490939e-05	 28621.972983	 202	 47559	
47700	 47700	 9.768742e-06	 18795.913669	 96	 47679	
47800	 47800	 9.728912e-06	 18668.846757	 1	 47721	
47900	 47900	 1.518219e-05	 29241.205866	 2	 47899	
48000	 48000	 1.137838e-05	 21777.613646	 1	 47976	
48100	 48100	 5.378711e-06	 10336.852516	 1	 48043	
48200	 48200	 1.380286e-05	 26549.956349	 17	 47975	
48300	 48300	 5.819130e-06	 11169.617516	 1	 48113	
48400	 48400	 6.890434e-06	 13229.966157	 1	 48338	
48500	 48500	 1.116767e-05	 21472.160371	 46	 48380	
48600	 48600	 6.143354e-06	 11768.936152	 1	 48441	
48700	 48700	 1.152710e-05	 22183.243573	 56	 48692	
48800	 48800	 1.002178e-05	 19303.189754	 4	 48763	
48900	 48900	 1.412624e-05	 26903.170920	 1	 48865	
49000	 49000	 1.455831e-05	 27968.140878	 82	 48826	
49100	 49100	 7.113564e-06	 13631.512322	 1	 48986	
49200	 49200	 1.228163e-05	 23607.990061	 1	 49049	
49300	 49300	 1.123976e-05	 21572.156308	 1	 49298	
49400	 49400	 1.265840e-05	 24312.358522	 1	 49201	
49500	 49500	 1.279810e-05	 24636.087071	 151	 49445	
49600	 49600	 1.075190e-05	 20586.412802	 1	 49466	
49700	 49700	 1.729127e-05	 33233.132736	 21	 49656	
49800	 49800	 5.452570e-06	 10457.078052	 1	 49648	
49900	 49900	 1.669473e-05	 32102.445912	 18	 49882	
50000	 50000	 1.279854e-05	 24630.281000	 1	 49758	
50100	 50100	 1.439172e-05	 27510.799421	 1	 50068	
50200	 50200	 1.016892e-05	 19483.363307	 1	 50093	
50300	 50300	 1.403765e-05	 27027.800000	 166	 50116	
50400	 50400	 1.150657e-05	 22108.393532	 1	 50346	
50500	 50500	 1.160701e-05	 22328.766891	 230	 49959	
50600	 50600	 1.059314e-05	 20361.034506	 1	 50404	
50700	 50700	 1.173118e-05	 22466.176213	 121	 50285	
50800	 50800	 9.465118e-06	 18215.142657	 8	 50704	
50900	 50900	 1.304837e-05	 25012.653045	 156	 50810	
51000	 51000	 1.804494e-05	 34658.590059	 1	 50842	
51100	 51100	 1.269192e-05	 24372.410802	 22	 51094	
51200	 51200	 1.390102e-05	 26621.057539	 1	 51157	
51300	 51300	 9.965536e-06	 19155.022417	 1	 51272	
51400	 51400	 9.360992e-06	 17992.821770	 13	 51235	
51500	 51500	 9.920447e-06	 19018.761165	 1	 51234	
51600	 51600	 1.219163e-05	 23463.877248	 2	 51462	
51700	 51700	 1.265352e-05	 24277.139671	 84	 51610	
51800	 51800	 5.497027e-06	 10546.465251	 1	 51800	
51900	 51900	 1.073077e-05	 20623.291426	 1	 51869	
52000	 52000	 7.662058e-06	 14733.484192	 1	 51669	
52100	 52100	 1.058960e-05	 20330.868369	 1	 51904	
52200	 52200	 1.848052e-05	 35570.120958	 22	 52017	
52300	 52300	 1.307878e-05	 25183.042390	 5	 52188	
52400	 52400	 1.398078e-05	 26849.114885	 1	 52309	
52500	 52500	 8.204362e-06	 15790.889962	 20	 52481	
52600	 52600	 1.023177e-05	 19652.173194	 1	 52580	
52700	 52700	 7.266717e-06	 13909.181537	 1	 52370	
52800	 52800	 1.220733e-05	 23460.892576	 8	 52775	
52900	 52900	 1.598119e-05	 30673.237807	 125	 52780	
53000	 53000	 4.609302e-06	 8847.452698	 1	 52973	
53100	 53100	 1.258829e-05	 24167.165386	 37	 52861	
53200	 53200	 7.878835e-06	 15109.335639	 1	 53168	
53300	 53300	 8.021351e-06	 15138.933490	 1	 53222	
53400	 53400	 4.231423e-06	 8113.840243	 1	 53363	
53500	 53500	 7.483047e-06	 14400.460131	 1	 53475	
53600	 53600	 6.154701e-06	 11722.483451	 1	 53382	
53700	 53700	 9.509963e-06	 18278.101508	 1	 53661	
53800	 53800	 1.348125e-05	 25850.971822	 1	 53715	
53900	 53900	 1.747955e-05	 33616.994026	 66	 53720	
54000	 54000	 1.824224e-05	 35087.812167	 26	 53965	
54100	 54100	 1.101671e-05	 21193.875397	 203	 53890	
54200	 54200	 1.173935e-05	 22540.383745	 1	 54044	
54300	 54300	 8.895138e-06	 17106.503039	 1	 54286	
54400	 54400	 1.350978e-05	 25978.562151	 16	 54376	
54500	 54500	 1.416857e-05	 27206.004459	 188	 54385	
54600	 54600	 1.871520e-05	 35994.298004	 1	 54425	
54700	 54700	 1.295686e-05	 24869.231609	 43	 54118	
54800	 54800	 1.282170e-05	 24564.733595	 1	 54710	
54900	 54900	 1.068820e-05	 20525.169035	 1	 54801	
55000	 55000	 1.598649e-05	 30743.632709	 361	 54829	
55100	 55100	 1.342889e-05	 25780.380000	 1	 55100	
55200	 55200	 1.696034e-05	 32529.333315	 1	 55197	
55300	 55300	 7.507541e-06	 14421.549222	 1	 55290	
55400	 55400	 4.604404e-06	 8850.982726	 1	 55334	
55500	 55500	 8.644613e-06	 16597.191658	 1	 55369	
55600	 55600	 1.068491e-05	 20551.779658	 1	 55104	
55700	 55700	 1.269045e-05	 24321.467307	 1	 55650	
55800	 55800	 5.674677e-06	 10904.205860	 1	 55794	
55900	 55900	 1.321739e-05	 25391.455259	 117	 55628	
56000	 56000	 9.715054e-06	 18631.198250	 1	 55751	
56100	 56100	 9.221408e-06	 17726.119875	 1	 56019	
56200	 56200	 1.514730e-05	 29095.454093	 38	 56078	
56300	 56300	 1.588423e-05	 30533.517833	 128	 56173	
56400	 56400	 1.073309e-05	 20629.210071	 1	 56367	
56500	 56500	 1.077347e-05	 20704.872673	 1	 56200	
56600	 56600	 1.318744e-05	 25322.477420	 1	 56399	
56700	 56700	 8.388113e-06	 16108.380794	 1	 56391	
56800	 56800	 1.490952e-05	 28674.389560	 1	 56681	
56900	 56900	 1.501993e-05	 28867.512390	 111	 56812	
57000	 57000	 7.002053e-06	 13441.614912	 1	 56998	
57100	 57100	 1.129373e-05	 21719.410665	 1	 57064	
57200	 57200	 1.468645e-05	 28263.179126	 1	 57089	
57300	 57300	 5.250401e-06	 10101.615166	 1	 57287	
57400	 57400	 1.780685e-05	 34241.801777	 81	 57138	
57500	 57500	 1.292393e-05	 24819.312435	 1	 57456	
57600	 57600	 1.884212e-05	 36255.332396	 1	 57521	
57700	 57700	 1.674263e-05	 32180.171872	 77	 57601	
57800	 57800	 1.075102e-05	 20597.702370	 1	 57649	
57900	 57900	 9.259344e-06	 17826.831865	 1	 57900	
58000	 58000	 2.028576e-05	 39019.491431	 1	 57930	
58100	 58100	 1.447701e-05	 27854.099845	 1	 58082	
58200	 58200	 1.081940e-05	 20798.866649	 1	 58082	
58300	 58300	 1.812846e-05	 34880.549348	 1	 58291	
58400	 58400	 1.501945e-05	 28832.646575	 1	 58098	
58500	 58500	 1.284373e-05	 24674.587590	 29	 58466	
58600	 58600	 1.129715e-05	 21724.217935	 1	 58533	
58700	 58700	 1.950213e-05	 37476.255264	 196	 58607	
58800	 58800	 1.454757e-05	 27954.106633	 1	 58791	
58900	 58900	 1.204433e-05	 23105.711545	 1	 58889	
59000	 59000	 8.310847e-06	 15948.759627	 1	 58985	
59100	 59100	 1.606736e-05	 30885.376041	 163	 59089	
59200	 59200	 9.516976e-06	 18265.890355	 56	 58996	
59300	 59300	 1.261115e-05	 24220.330843	 1	 59240	
59400	 59400	 1.190044e-05	 22892.927407	 1	 59074	
59500	 59500	 8.606353e-06	 16520.935916	 1	 59186	
59600	 59600	 1.029842e-05	 19771.953591	 1	 59290	
59700	 59700	 9.147387e-06	 17591.299648	 1	 59515	
59800	 59800	 7.385201e-06	 13973.441689	 1	 59682	
59900	 59900	 1.673796e-05	 32121.698664	 1	 59703	
60000	 60000	 1.673165e-05	 32164.392433	 1	 59894	
60100	 60100	 1.786965e-05	 34242.971498	 1	 59995	
60200	 60200	 1.518061e-05	 29193.071462	 1	 60194	
60300	 60300	 1.515716e-05	 29128.227728	 25	 60151	
60400	 60400	 1.066603e-05	 20450.536556	 1	 60246	
60500	 60500	 6.922545e-06	 13288.209124	 1	 60464	
60600	 60600	 1.724903e-05	 33112.195033	 1	 60459	
60700	 60700	 8.175173e-06	 15725.004942	 1	 60592	
60800	 60800	 1.197896e-05	 23056.940970	 1	 60650	
60900	 60900	 5.714236e-06	 10977.850197	 1	 60858	
61000	 61000	 1.108370e-05	 21278.628623	 1	 60866	
61100	 61100	 8.951669e-06	 17227.248412	 1	 61034	
61200	 61200	 1.039297e-05	 19935.879199	 1	 61162	
61300	 61300	 1.779254e-05	 34257.038238	 1	 61221	
61400	 61400	 1.680637e-05	 32336.465847	 266	 61346	
61500	 61500	 1.110293e-05	 21340.013593	 1	 61090	
61600	 61600	 8.276104e-06	 15935.871964	 1	 61361	
61700	 61700	 1.518293e-05	 29173.517050	 504	 61579	
61800	 61800	 1.560657e-05	 29930.361602	 1	 61660	
61900	 61900	 6.030194e-06	 11518.777334	 1	 61678	
62000	 62000	 1.606873e-05	 30888.381839	 1	 61964	
62100	 62100	 1.212812e-05	 23320.181288	 74	 61990	
62200	 62200	 8.965241e-06	 17220.608617	 1	 61932	
62300	 62300	 1.401445e-05	 26917.712022	 1	 62112	
62400	 62400	 1.296470e-05	 24922.598846	 1	 62068	
62500	 62500	 1.712816e-05	 32926.842224	 24	 62471	
62600	 62600	 1.656738e-05	 31848.466406	 1	 62548	
62700	 62700	 1.887528e-05	 36304.020766	 68	 62690	
62800	 62800	 1.639268e-05	 31497.699236	 43	 62779	
62900	 62900	 1.561703e-05	 29923.080684	 1	 62798	
63000	 63000	 2.016484e-05	 38781.235429	 65	 62796	
63100	 63100	 1.019843e-05	 19598.111363	 1	 63026	
63200	 63200	 1.951797e-05	 37540.617104	 1	 63096	
63300	 63300	 1.004848e-05	 19311.982449	 1	 63166	
63400	 63400	 2.045610e-05	 39264.431041	 188	 63285	
63500	 63500	 1.265202e-05	 24341.490488	 1	 63471	
63600	 63600	 1.619634e-05	 31109.425535	 114	 63440	
63700	 63700	 1.510645e-05	 29034.041146	 1	 63448	
63800	 63800	 1.313933e-05	 25245.763966	 1	 63523	
63900	 63900	 1.604728e-05	 30841.969531	 79	 63873	
64000	 64000	 6.358547e-06	 12200.128406	 1	 63979	
64100	 64100	 1.219343e-05	 23416.380343	 193	 64020	
64200	 64200	 1.211748e-05	 23267.250156	 1	 64063	
64300	 64300	 9.121026e-06	 17558.908274	 1	 64254	
64400	 64400	 1.428410e-05	 27449.687267	 1	 64314	
64500	 64500	 1.203780e-05	 23154.130031	 1	 64358	
64600	 64600	 1.185367e-05	 22803.918344	 1	 64587	
64700	 64700	 9.466275e-06	 18219.799274	 1	 64699	
64800	 64800	 1.902610e-05	 36590.399491	 171	 64657	
64900	 64900	 1.152504e-05	 22165.503159	 1	 64707	
65000	 65000	 1.268260e-05	 24405.420092	 1	 64488	
65100	 65100	 1.028992e-05	 19779.445668	 1	 64838	
65200	 65200	 1.066644e-05	 20514.326089	 1	 64939	
65300	 65300	 9.100061e-06	 17429.571746	 1	 64849	
65400	 65400	 1.232636e-05	 23694.546621	 1	 65298	
65500	 65500	 1.679304e-05	 32246.003450	 1	 65363	
65600	 65600	 2.072436e-05	 39850.075854	 77	 65428	
65700	 65700	 5.641339e-06	 10819.851629	 1	 65675	
65800	 65800	 2.199833e-05	 42314.952872	 17	 65534	
65900	 65900	 2.046936e-05	 39367.381472	 1	 65659	
66000	 66000	 1.366762e-05	 26305.964318	 1	 65828	
66100	 66100	 9.608275e-06	 18453.667095	 1	 65917	
66200	 66200	 1.054831e-05	 20281.148263	 1	 65651	
66300	 66300	 1.164913e-05	 22405.115520	 1	 65571	
66400	 66400	 1.047355e-05	 20137.127816	 1	 66147	
66500	 66500	 1.235917e-05	 23769.159744	 1	 66299	
66600	 66600	 1.392586e-05	 26766.069775	 1	 66486	
66700	 66700	 1.838096e-05	 35376.106897	 115	 66576	
66800	 66800	 1.786022e-05	 34259.526003	 113	 66449	
66900	 66900	 9.818864e-06	 18849.019178	 1	 66847	
67000	 67000	 1.751575e-05	 33719.207313	 370	 66996	
67100	 67100	 1.299613e-05	 24945.395961	 1	 67081	
67200	 67200	 1.677204e-05	 32267.268408	 1	 67072	
67300	 67300	 1.175736e-05	 22619.525483	 1	 67293	
67400	 67400	 1.321427e-05	 25335.858813	 1	 67034	
67500	 67500	 1.182864e-05	 22712.866237	 1	 67437	
67600	 67600	 2.003469e-05	 38476.010488	 159	 67525	
67700	 67700	 2.053118e-05	 39485.961965	 160	 67467	
67800	 67800	 1.031903e-05	 19841.150442	 1	 67783	
67900	 67900	 1.989772e-05	 38255.498984	 1	 67795	
68000	 68000	 2.367822e-05	 45361.887456	 153	 67820	
68100	 68100	 1.622576e-05	 31142.939369	 1	 68087	
68200	 68200	 1.711749e-05	 32804.299399	 1	 68124	
68300	 68300	 1.719521e-05	 32961.490264	 1	 68000	
68400	 68400	 1.805066e-05	 34390.276813	 80	 68315	
68500	 68500	 1.398220e-05	 26862.143533	 1	 68358	
68600	 68600	 1.304883e-05	 25064.328338	 1	 68599	
68700	 68700	 1.540790e-05	 29634.535910	 1	 68480	
68800	 68800	 1.655042e-05	 31796.461439	 1	 68791	
68900	 68900	 1.159710e-05	 22236.710145	 1	 68789	
69000	 69000	 1.778710e-05	 34190.706638	 224	 68717	
69100	 69100	 1.791466e-05	 34307.898104	 424	 69046	
69200	 69200	 1.323750e-05	 25374.592110	 1	 69096	
69300	 69300	 1.004390e-05	 19270.556926	 1	 68971	
69400	 69400	 1.153042e-05	 22121.109827	 1	 69362	
69500	 69500	 9.672173e-06	 18592.534460	 1	 69407	
69600	 69600	 1.631292e-05	 31350.787040	 1	 69526	
69700	 69700	 1.588525e-05	 30543.519684	 1	 69357	
69800	 69800	 8.509499e-06	 16335.527851	 1	 69794	
69900	 69900	 1.084312e-05	 20829.855136	 1	 69880	
70000	 70000	 1.483746e-05	 28491.966286	 1	 69941	
70100	 70100	 5.688902e-06	 10845.739301	 1	 70008	
70200	 70200	 1.268516e-05	 24386.280484	 1	 70164	
70300	 70300	 1.844147e-05	 35463.157980	 1	 70279	
70400	 70400	 2.126629e-05	 40810.855795	 294	 70343	
70500	 70500	 1.295573e-05	 24886.016071	 1	 70458	
70600	 70600	 1.636756e-05	 31430.542082	 1	 70502	
70700	 70700	 1.399167e-05	 26899.624752	 1	 70571	
70800	 70800	 1.856521e-05	 35754.864647	 395	 70752	
70900	 70900	 1.552542e-05	 29778.313554	 174	 70871	
71000	 71000	 1.815901e-05	 34924.625761	 40	 70693	
71100	 71100	 7.988720e-06	 15350.218805	 1	 71056	
71200	 71200	 2.039861e-05	 39186.261067	 216	 70640	
71300	 71300	 1.289884e-05	 24813.242609	 1	 70980	
71400	 71400	 1.032513e-05	 19809.073137	 1	 70994	
71500	 71500	 1.464596e-05	 28014.950014	 1	 71470	
71600	 71600	 8.657207e-06	 16629.367793	 1	 71305	
71700	 71700	 1.190997e-05	 22907.707755	 1	 71655	
71800	 71800	 1.271681e-05	 24423.807549	 50	 71794	
71900	 71900	 1.504167e-05	 28907.490042	 1	 71869	
72000	 72000	 1.458506e-05	 28049.073431	 1	 71941	
72100	 72100	 1.622954e-05	 31215.731928	 1	 72080	
72200	 72200	 9.835609e-06	 18868.363075	 1	 72136	
72300	 72300	 1.903241e-05	 36617.465726	 1	 71905	
72400	 72400	 1.560660e-05	 29983.001575	 1	 72313	
72500	 72500	 9.369407e-06	 18000.967614	 1	 72459	
72600	 72600	 1.466708e-05	 28198.173072	 1	 72293	
72700	 72700	 1.520440e-05	 29231.827304	 1	 72694	
72800	 72800	 1.534055e-05	 29227.740604	 1	 72053	
72900	 72900	 1.636717e-05	 31438.623155	 1	 72780	
73000	 73000	 1.100533e-05	 21140.612630	 1	 72977	
73100	 73100	 1.827810e-05	 35125.729699	 84	 73076	
73200	 73200	 8.440669e-06	 16230.201380	 1	 73010	
73300	 73300	 1.547862e-05	 29715.634243	 1	 73128	
73400	 73400	 1.317843e-05	 25289.899469	 1	 73319	
73500	 73500	 8.300993e-06	 15921.536272	 1	 73269	
73600	 73600	 1.528295e-05	 29343.695353	 52	 73598	
73700	 73700	 1.950639e-05	 37470.333338	 1	 73517	
73800	 73800	 1.502726e-05	 28844.656829	 1	 73698	
73900	 73900	 1.487963e-05	 28585.374141	 1	 73880	
74000	 74000	 1.476761e-05	 28405.981216	 1	 73968	
74100	 74100	 1.738099e-05	 33400.148758	 1	 73404	
74200	 74200	 1.503416e-05	 28827.630620	 1	 74040	
74300	 74300	 1.941746e-05	 37242.652396	 198	 74079	
74400	 74400	 1.932874e-05	 37132.525000	 1	 74379	
74500	 74500	 1.398309e-05	 26859.942094	 93	 74363	
74600	 74600	 1.325425e-05	 25317.746555	 1	 74479	
74700	 74700	 1.681601e-05	 32321.035007	 193	 74125	
74800	 74800	 1.614119e-05	 31030.672447	 1	 74743	
74900	 74900	 1.611825e-05	 30881.603725	 1	 74657	
75000	 75000	 1.326363e-05	 25416.308813	 76	 74638	
75100	 75100	 1.028839e-05	 19771.762690	 1	 75091	
75200	 75200	 1.077449e-05	 20697.801782	 51	 75027	
75300	 75300	 1.969195e-05	 37845.574568	 162	 74923	
75400	 75400	 1.039558e-05	 19968.165491	 1	 75367	
75500	 75500	 1.492403e-05	 28655.043404	 701	 75480	
75600	 75600	 1.420187e-05	 27293.183690	 1	 75560	
75700	 75700	 1.508886e-05	 28993.583554	 1	 75604	
75800	 75800	 1.006179e-05	 19317.088734	 1	 75734	
75900	 75900	 1.749221e-05	 33646.426311	 98	 75828	
76000	 76000	 2.481499e-05	 47711.888000	 472	 75997	
76100	 76100	 1.836750e-05	 35284.858804	 1	 76093	
76200	 76200	 1.905682e-05	 36627.627454	 213	 75731	
76300	 76300	 1.359014e-05	 26112.676658	 1	 76175	
76400	 76400	 1.138051e-05	 21867.906440	 1	 76359	
76500	 76500	 2.598405e-05	 49962.715216	 57	 76381	
76600	 76600	 1.647136e-05	 31642.688407	 20	 76577	
76700	 76700	 1.485694e-05	 28532.314120	 1	 76597	
76800	 76800	 1.495999e-05	 28741.674714	 1	 76572	
76900	 76900	 1.871103e-05	 35848.114746	 1	 76805	
77000	 77000	 1.750519e-05	 33647.156909	 1	 76990	
77100	 77100	 2.503176e-05	 48112.014189	 1	 76934	
77200	 77200	 8.037500e-06	 15433.338808	 1	 77174	
77300	 77300	 1.514234e-05	 29090.113053	 1	 77154	
77400	 77400	 1.852221e-05	 35652.433953	 16	 76954	
77500	 77500	 2.550170e-05	 49029.649987	 386	 77271	
77600	 77600	 2.499461e-05	 48067.239549	 11	 77533	
77700	 77700	 1.991072e-05	 38177.560669	 1	 77593	
77800	 77800	 2.060167e-05	 39599.904306	 28	 77613	
77900	 77900	 1.371439e-05	 26333.038267	 1	 77818	
78000	 78000	 1.993610e-05	 38351.012026	 1	 77991	
78100	 78100	 2.266538e-05	 43550.436709	 98	 77723	
78200	 78200	 2.502251e-05	 48080.065997	 23	 78186	
78300	 78300	 1.617696e-05	 31086.523040	 1	 78170	
78400	 78400	 1.689078e-05	 32442.906033	 1	 78189	
78500	 78500	 1.225899e-05	 23536.215108	 1	 78278	
78600	 78600	 1.995184e-05	 38249.838397	 1	 78374	
78700	 78700	 1.965457e-05	 37700.700953	 33	 78567	
78800	 78800	 1.284853e-05	 24673.518515	 1	 78561	
78900	 78900	 2.539469e-05	 48717.014436	 1	 78739	
79000	 79000	 1.130304e-05	 21679.773911	 1	 78827	
79100	 79100	 1.625745e-05	 31226.810607	 1	 79053	
79200	 79200	 1.915034e-05	 36790.103750	 145	 79158	
79300	 79300	 1.287096e-05	 24732.394805	 1	 79245	
79400	 79400	 1.683938e-05	 32297.440730	 185	 79392	
79500	 79500	 1.608655e-05	 30844.914604	 93	 79488	
79600	 79600	 1.361946e-05	 26172.514008	 1	 79458	
79700	 79700	 1.119787e-05	 21495.232610	 1	 79679	
79800	 79800	 9.937970e-06	 19071.587782	 1	 79746	
79900	 79900	 2.296584e-05	 44127.699499	 1	 79400	
80000	 80000	 1.974446e-05	 37925.222650	 114	 79663	
80100	 80100	 8.677928e-06	 16560.528252	 1	 79890	
80200	 80200	 1.915051e-05	 35821.947332	 88	 80080	
80300	 80300	 1.882736e-05	 36169.685616	 71	 80282	
80400	 80400	 6.779204e-06	 13024.414291	 1	 80327	
80500	 80500	 1.337440e-05	 25673.256634	 1	 80407	
80600	 80600	 1.266458e-05	 24318.768114	 1	 80553	
80700	 80700	 2.150814e-05	 41262.141487	 1	 80566	
80800	 80800	 1.798970e-05	 34544.328082	 1	 80620	
80900	 80900	 2.356148e-05	 45207.979530	 71	 80747	
81000	 81000	 2.605916e-05	 50032.171148	 28	 80989	
81100	 81100	 1.723779e-05	 33122.150937	 1	 80811	
81200	 81200	 2.380682e-05	 45663.071527	 113	 80911	
81300	 81300	 1.098244e-05	 20969.323493	 1	 81267	
81400	 81400	 7.517076e-06	 14446.978710	 1	 81318	
81500	 81500	 2.151870e-05	 41316.049436	 55	 81452	
81600	 81600	 2.272359e-05	 43656.422169	 1	 81397	
81700	 81700	 2.254295e-05	 43316.304064	 1	 81497	
81800	 81800	 1.068176e-05	 20533.745550	 1	 81791	
81900	 81900	 1.662165e-05	 31946.733980	 20	 81783	
82000	 82000	 2.177682e-05	 41816.639280	 1	 81852	
82100	 82100	 2.170145e-05	 41590.945445	 141	 81866	
82200	 82200	 2.306484e-05	 44288.700620	 214	 82162	
82300	 82300	 8.521409e-06	 16381.752284	 1	 82239	
82400	 82400	 1.380825e-05	 26535.550667	 186	 82248	
82500	 82500	 1.768920e-05	 33945.076545	 3	 82362	
82600	 82600	 1.208077e-05	 23186.188729	 1	 82230	
82700	 82700	 1.896988e-05	 36483.989299	 1	 82401	
82800	 82800	 1.987028e-05	 38171.868333	 32	 82758	
82900	 82900	 1.288778e-05	 24764.241134	 1	 82868	
83000	 83000	 1.899661e-05	 36453.806747	 1	 82675	
83100	 83100	 1.387359e-05	 26657.167016	 1	 83080	
83200	 83200	 1.450876e-05	 27806.672308	 1	 82186	
83300	 83300	 2.453527e-05	 47092.494550	 106	 83262	
83400	 83400	 1.354752e-05	 26050.744101	 1	 82755	
83500	 83500	 2.213794e-05	 42541.070838	 76	 83489	
83600	 83600	 1.695404e-05	 32562.447201	 1	 83588	
83700	 83700	 2.757779e-05	 52999.865412	 1	 82916	
83800	 83800	 1.220683e-05	 23375.947780	 1	 83679	
83900	 83900	 7.787938e-06	 14934.298224	 1	 83868	
84000	 84000	 2.075393e-05	 39861.099071	 1	 83997	
84100	 84100	 1.831235e-05	 35168.686587	 55	 83927	
84200	 84200	 1.947892e-05	 37380.878551	 37	 83989	
84300	 84300	 2.468968e-05	 47461.305208	 21	 84206	
84400	 84400	 1.854546e-05	 35634.485201	 1	 84344	
84500	 84500	 1.088050e-05	 20886.086118	 1	 84126	
84600	 84600	 1.805150e-05	 34636.505745	 1	 84567	
84700	 84700	 1.667566e-05	 32068.828087	 1	 84673	
84800	 84800	 1.462732e-05	 28081.214870	 1	 84776	
84900	 84900	 1.172558e-05	 22519.113486	 1	 84682	
85000	 85000	 2.254044e-05	 43312.286824	 41	 84908	
85100	 85100	 9.996040e-06	 19207.791974	 1	 84951	
85200	 85200	 1.014265e-05	 19467.577934	 1	 84969	
85300	 85300	 2.936152e-05	 56358.087304	 27	 85229	
85400	 85400	 1.436170e-05	 27568.808864	 1	 85108	
85500	 85500	 1.083208e-05	 20806.162667	 1	 84756	
85600	 85600	 2.023561e-05	 38775.614065	 1	 85569	
85700	 85700	 2.046135e-05	 39322.984411	 147	 85650	
85800	 85800	 1.114080e-05	 21416.169639	 1	 85732	
85900	 85900	 2.882331e-05	 55369.696787	 144	 85820	
86000	 86000	 2.428574e-05	 46685.382035	 116	 85659	
86100	 86100	 1.820681e-05	 34967.319640	 1	 86080	
86200	 86200	 1.395954e-05	 26807.232065	 1	 86131	
86300	 86300	 1.845555e-05	 35437.587648	 1	 86128	
86400	 86400	 1.348057e-05	 25896.030694	 1	 86315	
86500	 86500	 1.728533e-05	 33193.267653	 1	 86434	
86600	 86600	 2.208993e-05	 42420.794376	 1	 86166	
86700	 86700	 1.377773e-05	 26470.013068	 1	 86462	
86800	 86800	 2.726050e-05	 52383.840887	 1	 86043	
86900	 86900	 2.303376e-05	 44171.440322	 1	 86867	
87000	 87000	 1.904597e-05	 36562.130540	 1	 86784	
87100	 87100	 1.789905e-05	 34314.212905	 1	 86869	
87200	 87200	 1.901048e-05	 36445.593440	 1	 87108	
87300	 87300	 1.794361e-05	 34410.170275	 1	 87213	
87400	 87400	 1.138670e-05	 21857.283833	 1	 87179	
87500	 87500	 2.155737e-05	 41382.876080	 1	 87405	
87600	 87600	 2.136301e-05	 41058.347705	 1	 87594	
87700	 87700	 2.106202e-05	 40410.983170	 1	 87677	
87800	 87800	 2.500437e-05	 48055.853212	 1	 87727	
87900	 87900	 1.609875e-05	 30905.271183	 1	 87848	
88000	 88000	 1.872314e-05	 35966.638648	 1	 87532	
88100	 88100	 2.044003e-05	 39256.616549	 230	 87901	
88200	 88200	 1.813011e-05	 34837.325748	 1	 87951	
88300	 88300	 1.952767e-05	 37515.401642	 1	 88269	
88400	 88400	 1.741890e-05	 33515.412466	 1	 88382	
88500	 88500	 2.505834e-05	 48204.365842	 1	 88462	
88600	 88600	 6.887291e-06	 13234.478093	 1	 88593	
88700	 88700	 1.331442e-05	 25598.897306	 1	 88693	
88800	 88800	 2.230845e-05	 42896.856182	 76	 88733	
88900	 88900	 1.036141e-05	 19928.003712	 1	 88713	
89000	 89000	 1.389828e-05	 26701.965910	 6	 88914	
89100	 89100	 2.114598e-05	 40614.179001	 1	 88878	
89200	 89200	 1.795741e-05	 34489.570191	 1	 89074	
89300	 89300	 2.720259e-05	 52257.785196	 1	 88941	
89400	 89400	 2.237039e-05	 42982.200157	 218	 89379	
89500	 89500	 1.637109e-05	 31460.323497	 1	 89338	
89600	 89600	 9.946071e-06	 19119.689699	 1	 89503	
89700	 89700	 3.203900e-05	 61547.990903	 226	 89697	
89800	 89800	 1.204177e-05	 23110.802405	 1	 89692	
89900	 89900	 2.427951e-05	 46474.929766	 1	 89599	
90000	 90000	 1.707314e-05	 32813.833856	 1	 89998	
90100	 90100	 1.017987e-05	 19474.860677	 1	 90071	
90200	 90200	 2.436040e-05	 46726.495698	 16	 90064	
90300	 90300	 2.534181e-05	 48643.027442	 62	 90126	
90400	 90400	 2.539655e-05	 48776.741471	 375	 89992	
90500	 90500	 1.153909e-05	 22070.582144	 1	 90268	
90600	 90600	 1.339872e-05	 25725.527517	 1	 90453	
90700	 90700	 1.708273e-05	 32766.989526	 40	 90581	
90800	 90800	 1.554826e-05	 29773.256013	 1	 90703	
90900	 90900	 2.855146e-05	 54651.795215	 35	 90328	
91000	 91000	 1.853991e-05	 35598.898956	 1	 90612	
91100	 91100	 2.512029e-05	 48146.519341	 1	 90872	
91200	 91200	 1.693427e-05	 32448.020219	 1	 91110	
91300	 91300	 2.331039e-05	 44722.917470	 1	 91220	
91400	 91400	 1.303289e-05	 25064.594092	 1	 91396	
91500	 91500	 2.146203e-05	 41289.262940	 1	 91386	
91600	 91600	 2.480294e-05	 47653.072533	 1	 91528	
91700	 91700	 1.048695e-05	 20133.657972	 1	 91547	
91800	 91800	 1.321714e-05	 25417.767691	 1	 91661	
91900	 91900	 1.956635e-05	 37567.516834	 1	 91787	
92000	 92000	 2.379695e-05	 45766.561207	 1	 91973	
92100	 92100	 2.914212e-05	 55992.204995	 21	 92084	
92200	 92200	 1.636445e-05	 31432.252419	 1	 92069	
92300	 92300	 1.474177e-05	 28300.955016	 1	 92145	
92400	 92400	 2.148197e-05	 41253.374773	 1	 92391	
92500	 92500	 1.828048e-05	 35045.718465	 1	 92127	
92600	 92600	 1.773301e-05	 34050.511145	 1	 92411	
92700	 92700	 2.003704e-05	 38486.130982	 1	 92587	
92800	 92800	 1.968351e-05	 37815.533675	 1	 92794	
92900	 92900	 2.018152e-05	 38773.020732	 233	 92705	
93000	 93000	 1.642570e-05	 31562.936806	 1	 92824	
93100	 93100	 1.030786e-05	 19780.642116	 1	 92816	
93200	 93200	 1.394391e-05	 26814.599893	 1	 93190	
93300	 93300	 1.514386e-05	 29080.397331	 1	 93231	
93400	 93400	 2.498444e-05	 47977.379475	 1	 93198	
93500	 93500	 3.101365e-05	 59570.151380	 63	 93320	
93600	 93600	 2.223405e-05	 42673.061581	 1	 93590	
93700	 93700	 1.468851e-05	 28239.035336	 1	 93154	
93800	 93800	 1.134601e-05	 21784.084126	 1	 93678	
93900	 93900	 7.255474e-06	 13909.112545	 1	 93851	
94000	 94000	 1.955064e-05	 37502.547298	 1	 93994	
94100	 94100	 1.443704e-05	 27704.301923	 1	 93673	
94200	 94200	 1.562182e-05	 29930.208503	 1	 94019	
94300	 94300	 2.858958e-05	 54009.514804	 452	 94227	
94400	 94400	 2.352010e-05	 45150.502542	 1	 93995	
94500	 94500	 8.939608e-06	 17038.646328	 1	 94401	
94600	 94600	 1.885495e-05	 36154.537051	 1	 93693	
94700	 94700	 1.875637e-05	 35994.506779	 27	 94658	
94800	 94800	 9.248766e-06	 17727.005717	 1	 94701	
94900	 94900	 1.660822e-05	 31897.199905	 1	 94877	
95000	 95000	 2.889529e-05	 55417.134358	 126	 94992	
95100	 95100	 1.898451e-05	 36369.350799	 1	 94985	
95200	 95200	 2.839896e-05	 54534.370557	 18	 95080	
95300	 95300	 1.900799e-05	 36482.967933	 1	 95195	
95400	 95400	 2.145674e-05	 41222.079843	 1	 95400	
95500	 95500	 1.328109e-05	 25509.316890	 1	 95032	
95600	 95600	 2.115806e-05	 40683.848808	 1240	 95215	
95700	 95700	 1.544864e-05	 29648.238265	 1	 95510	
95800	 95800	 2.463125e-05	 47323.982996	 11	 95713	
95900	 95900	 2.498416e-05	 47994.579416	 1	 95821	
96000	 96000	 3.152675e-05	 60591.753563	 353	 95863	
96100	 96100	 2.242688e-05	 43054.110125	 1	 96087	
96200	 96200	 1.592547e-05	 30547.874366	 1	 96188	
96300	 96300	 2.157857e-05	 41461.264476	 1	 96212	
96400	 96400	 2.444466e-05	 46924.689243	 1	 96207	
96500	 96500	 1.848022e-05	 35389.632933	 1	 95193	
96600	 96600	 2.787639e-05	 53533.249079	 99	 96181	
96700	 96700	 2.279483e-05	 43740.557590	 1	 96557	
96800	 96800	 1.587999e-05	 30507.306457	 1	 96540	
96900	 96900	 2.632626e-05	 50632.158782	 1	 96877	
97000	 97000	 2.543467e-05	 48848.292979	 89	 96882	
97100	 97100	 1.583823e-05	 30457.900474	 1	 97003	
97200	 97200	 1.933081e-05	 37078.232438	 1	 97169	
97300	 97300	 1.720541e-05	 33002.431295	 1	 97258	
97400	 97400	 2.157702e-05	 41480.212413	 1	 97377	
97500	 97500	 1.600897e-05	 30773.072051	 1	 97358	
97600	 97600	 1.701087e-05	 32659.075789	 1	 97554	
97700	 97700	 1.775539e-05	 34098.742620	 116	 97276	
97800	 97800	 2.633928e-05	 50560.693804	 1	 97784	
97900	 97900	 1.248190e-05	 23948.518856	 1	 97370	
98000	 98000	 1.648140e-05	 31697.048888	 1	 97647	
98100	 98100	 1.345941e-05	 25824.124088	 1	 97963	
98200	 98200	 1.671961e-05	 31990.999094	 1	 97953	
98300	 98300	 2.358681e-05	 43231.485412	 461	 97638	
98400	 98400	 1.191788e-05	 22745.804278	 1	 98398	
98500	 98500	 2.091504e-05	 40161.748487	 1	 98420	
98600	 98600	 1.688824e-05	 32452.965791	 1	 98418	
98700	 98700	 1.803676e-05	 34616.431388	 1	 98455	
98800	 98800	 2.634975e-05	 50593.494362	 369	 98319	
98900	 98900	 1.892719e-05	 36325.363650	 1	 98827	
99000	 99000	 1.488063e-05	 28572.555535	 1	 98598	
99100	 99100	 2.242966e-05	 43109.096115	 359	 98830	
99200	 99200	 2.130408e-05	 40834.914093	 1	 99180	
99300	 99300	 2.136576e-05	 41081.856173	 31	 99298	
99400	 99400	 1.660199e-05	 31907.851761	 1	 99305	
99500	 99500	 1.405514e-05	 26988.755216	 1	 99444	
99600	 99600	 2.308831e-05	 44375.910361	 1	 99588	
99700	 99700	 2.607082e-05	 50081.319779	 159	 99475	
99800	 99800	 2.431238e-05	 46709.256563	 531	 99519	
99900	 99900	 2.534677e-05	 48647.256096	 91	 99443	
100000	 100000	 1.955085e-05	 37587.074310	 1	 99658	
