100000	 1000	 4.032000e-08	 42.505670	 1	 999	
110000	 1100	 5.642727e-08	 56.433136	 1	 1100	
120000	 1200	 5.746667e-08	 77.467333	 1	 1200	
130000	 1300	 4.984615e-08	 59.280946	 1	 1298	
140000	 1400	 6.434286e-08	 81.387550	 1	 1400	
150000	 1500	 5.724000e-08	 79.177373	 1	 1498	
160000	 1600	 6.118750e-08	 79.549662	 1	 1600	
170000	 1700	 7.562941e-08	 112.404141	 1	 1692	
180000	 1800	 6.010000e-08	 84.353528	 1	 1799	
190000	 1900	 6.955789e-08	 100.600021	 1	 1900	
200000	 2000	 6.166000e-08	 88.995680	 1	 1991	
210000	 2100	 7.693810e-08	 117.854352	 1	 2100	
220000	 2200	 7.643182e-08	 115.452932	 1	 2199	
230000	 2300	 7.625217e-08	 116.109891	 1	 2296	
240000	 2400	 9.458750e-08	 152.609579	 1	 2400	
250000	 2500	 8.824000e-08	 139.883268	 1	 2496	
260000	 2600	 9.023846e-08	 143.484638	 1	 2597	
270000	 2700	 9.446667e-08	 151.309922	 1	 2700	
280000	 2800	 9.471429e-08	 149.811218	 1	 2796	
290000	 2900	 9.241724e-08	 143.781472	 1	 2900	
300000	 3000	 9.288000e-08	 146.148877	 1	 2997	
310000	 3100	 1.020613e-07	 166.070081	 1	 3088	
320000	 3200	 9.591875e-08	 155.156200	 1	 3197	
330000	 3300	 1.226364e-07	 205.893058	 1	 3299	
340000	 3400	 1.206324e-07	 202.707668	 1	 3387	
350000	 3500	 1.288857e-07	 210.139654	 1	 3497	
360000	 3600	 1.399583e-07	 230.106144	 1	 3592	
370000	 3700	 1.109784e-07	 182.975059	 1	 3694	
380000	 3800	 1.189658e-07	 199.277213	 1	 3799	
390000	 3900	 1.065821e-07	 175.115418	 1	 3883	
400000	 4000	 1.275900e-07	 216.585435	 1	 4000	
410000	 4100	 1.216390e-07	 205.619002	 1	 4093	
420000	 4200	 1.211071e-07	 201.454652	 1	 4199	
430000	 4300	 1.471442e-07	 253.503214	 1	 4291	
440000	 4400	 1.233818e-07	 207.996452	 1	 4393	
450000	 4500	 1.587267e-07	 254.362618	 1	 4500	
460000	 4600	 1.473935e-07	 250.952289	 1	 4598	
470000	 4700	 1.240234e-07	 199.958043	 1	 4690	
480000	 4800	 1.413188e-07	 241.003867	 1	 4792	
490000	 4900	 1.464755e-07	 244.063251	 1	 4899	
500000	 5000	 1.564980e-07	 266.146642	 1	 4999	
510000	 5100	 1.286098e-07	 217.113714	 1	 5096	
520000	 5200	 1.720923e-07	 300.927760	 1	 5195	
530000	 5300	 1.787113e-07	 313.939777	 1	 5296	
540000	 5400	 1.514370e-07	 262.327724	 1	 5399	
550000	 5500	 1.384982e-07	 235.371482	 1	 5500	
560000	 5600	 1.365786e-07	 231.673188	 1	 5589	
570000	 5700	 1.841667e-07	 323.813135	 1	 5692	
580000	 5800	 2.057086e-07	 364.232050	 1	 5798	
590000	 5900	 2.249169e-07	 402.498366	 1	 5891	
600000	 6000	 1.896200e-07	 334.599388	 1	 5995	
610000	 6100	 1.427639e-07	 245.316921	 1	 6098	
620000	 6200	 2.039935e-07	 362.148813	 1	 6191	
630000	 6300	 2.177571e-07	 389.272676	 1	 6299	
640000	 6400	 1.846172e-07	 322.410684	 1	 6400	
650000	 6500	 1.768246e-07	 310.765628	 1	 6496	
660000	 6600	 2.122318e-07	 378.608358	 1	 6600	
670000	 6700	 1.986776e-07	 352.263588	 1	 6688	
680000	 6800	 2.477559e-07	 447.628599	 1	 6799	
690000	 6900	 1.955623e-07	 345.854493	 1	 6898	
700000	 7000	 2.196671e-07	 394.222006	 1	 7000	
710000	 7100	 2.127606e-07	 375.914890	 1	 7098	
720000	 7200	 2.244722e-07	 400.477131	 1	 7197	
730000	 7300	 2.278164e-07	 407.968430	 1	 7299	
740000	 7400	 2.281527e-07	 410.345009	 1	 7398	
750000	 7500	 2.138493e-07	 380.420291	 1	 7499	
760000	 7600	 2.502842e-07	 451.418599	 1	 7591	
770000	 7700	 2.331610e-07	 417.002325	 1	 7700	
780000	 7800	 2.185885e-07	 389.395868	 1	 7798	
790000	 7900	 2.242962e-07	 401.554052	 1	 7897	
800000	 8000	 2.560513e-07	 461.397852	 1	 8000	
810000	 8100	 2.513173e-07	 453.889170	 1	 8100	
820000	 8200	 2.594890e-07	 462.428233	 1	 8185	
830000	 8300	 2.796349e-07	 507.094636	 1	 8298	
840000	 8400	 2.368524e-07	 425.475579	 1	 8395	
850000	 8500	 2.351129e-07	 421.680215	 1	 8496	
860000	 8600	 2.583500e-07	 465.440651	 1	 8597	
870000	 8700	 2.444391e-07	 435.175725	 1	 8672	
880000	 8800	 2.628898e-07	 476.482572	 1	 8789	
890000	 8900	 2.619640e-07	 474.327485	 1	 8898	
900000	 9000	 2.546711e-07	 458.036050	 1	 8997	
910000	 9100	 2.826286e-07	 512.456011	 1	 9100	
920000	 9200	 2.936848e-07	 532.921457	 1	 9200	
930000	 9300	 2.484194e-07	 447.537388	 1	 9294	
940000	 9400	 2.955500e-07	 538.074897	 1	 9391	
950000	 9500	 2.949211e-07	 536.366199	 1	 9481	
960000	 9600	 2.693604e-07	 488.285569	 1	 9596	
970000	 9700	 2.119959e-07	 377.582656	 1	 9692	
980000	 9800	 2.794306e-07	 507.794904	 1	 9795	
990000	 9900	 2.851798e-07	 517.276667	 1	 9898	
1000000	 10000	 3.055850e-07	 557.622209	 1	 9996	
1010000	 10100	 3.201416e-07	 581.140571	 1	 10100	
1020000	 10200	 2.994902e-07	 545.808689	 1	 10189	
1030000	 10300	 3.118699e-07	 569.424005	 1	 10293	
1040000	 10400	 3.511394e-07	 643.406309	 1	 10399	
1050000	 10500	 2.874705e-07	 521.843990	 1	 10497	
1060000	 10600	 3.253132e-07	 594.899471	 1	 10596	
1070000	 10700	 2.838636e-07	 514.226967	 1	 10695	
1080000	 10800	 2.902241e-07	 527.586169	 1	 10789	
1090000	 10900	 3.119807e-07	 570.628861	 1	 10895	
1100000	 11000	 3.375009e-07	 619.322455	 1	 10999	
1110000	 11100	 3.388405e-07	 621.040592	 1	 11100	
1120000	 11200	 2.544545e-07	 457.689183	 1	 11200	
1130000	 11300	 3.158310e-07	 577.283489	 1	 11299	
1140000	 11400	 2.896991e-07	 525.028430	 1	 11394	
1150000	 11500	 3.353365e-07	 613.114966	 1	 11496	
1160000	 11600	 3.437379e-07	 626.394828	 1	 11600	
1170000	 11700	 3.355838e-07	 615.426689	 1	 11698	
1180000	 11800	 3.502085e-07	 643.265271	 1	 11790	
1190000	 11900	 3.498580e-07	 640.895526	 1	 11900	
1200000	 12000	 3.279192e-07	 601.495314	 1	 11992	
1210000	 12100	 3.532306e-07	 648.474340	 1	 12099	
1220000	 12200	 3.403713e-07	 625.907857	 1	 12192	
1230000	 12300	 3.673089e-07	 673.694540	 1	 12300	
1240000	 12400	 5.071669e-07	 947.116305	 1	 12397	
1250000	 12500	 4.382368e-07	 812.609634	 1	 12499	
1260000	 12600	 3.382294e-07	 621.763787	 1	 12597	
1270000	 12700	 3.473472e-07	 637.881356	 1	 12698	
1280000	 12800	 3.365453e-07	 616.608340	 1	 12799	
1290000	 12900	 3.433116e-07	 630.489117	 1	 12891	
1300000	 13000	 4.083331e-07	 756.032766	 1	 12995	
1310000	 13100	 3.691221e-07	 679.971809	 1	 13095	
1320000	 13200	 3.613144e-07	 665.116230	 1	 13199	
1330000	 13300	 3.623880e-07	 666.895138	 1	 13298	
1340000	 13400	 3.480813e-07	 640.725667	 1	 13389	
1350000	 13500	 3.920119e-07	 724.183544	 1	 13497	
1360000	 13600	 4.682176e-07	 870.470008	 1	 13596	
1370000	 13700	 4.385818e-07	 813.903947	 1	 13697	
1380000	 13800	 3.268283e-07	 598.943409	 1	 13798	
1390000	 13900	 3.266453e-07	 597.462292	 1	 13894	
1400000	 14000	 3.986600e-07	 736.580236	 1	 13997	
1410000	 14100	 3.727170e-07	 686.650618	 1	 14094	
1420000	 14200	 4.000085e-07	 739.993743	 1	 14194	
1430000	 14300	 4.090161e-07	 756.145722	 1	 14300	
1440000	 14400	 4.178257e-07	 773.199540	 1	 14400	
1450000	 14500	 3.835207e-07	 707.257732	 1	 14497	
1460000	 14600	 4.394815e-07	 815.016411	 1	 14577	
1470000	 14700	 4.512823e-07	 838.139166	 1	 14694	
1480000	 14800	 4.211000e-07	 779.658877	 1	 14799	
1490000	 14900	 3.720362e-07	 684.777542	 1	 14897	
1500000	 15000	 3.664000e-07	 674.372228	 1	 14998	
1510000	 15100	 4.262132e-07	 789.879362	 1	 15087	
1520000	 15200	 3.119145e-07	 569.089280	 1	 15197	
1530000	 15300	 4.046085e-07	 747.127078	 1	 15298	
1540000	 15400	 4.674169e-07	 867.419644	 1	 15394	
1550000	 15500	 5.791006e-07	 1083.738217	 1	 15500	
1560000	 15600	 3.794974e-07	 698.839360	 1	 15593	
1570000	 15700	 4.524153e-07	 839.047596	 1	 15680	
1580000	 15800	 4.339057e-07	 804.325099	 1	 15793	
1590000	 15900	 5.034516e-07	 938.270606	 1	 15892	
1600000	 16000	 3.709081e-07	 683.528200	 1	 15979	
1610000	 16100	 4.939863e-07	 918.688692	 1	 16098	
1620000	 16200	 5.023265e-07	 935.364479	 1	 16191	
1630000	 16300	 4.717933e-07	 876.490113	 1	 16295	
1640000	 16400	 3.475957e-07	 639.353777	 1	 16384	
1650000	 16500	 4.897352e-07	 912.136780	 1	 16490	
1660000	 16600	 4.901669e-07	 912.745613	 1	 16600	
1670000	 16700	 4.754796e-07	 886.025877	 1	 16700	
1680000	 16800	 4.328351e-07	 803.064166	 1	 16795	
1690000	 16900	 4.705036e-07	 874.303254	 1	 16900	
1700000	 17000	 4.458853e-07	 826.647998	 1	 16999	
1710000	 17100	 4.681450e-07	 871.055911	 1	 17098	
1720000	 17200	 4.552378e-07	 845.639891	 1	 17200	
1730000	 17300	 4.723734e-07	 877.159968	 1	 17254	
1740000	 17400	 4.652483e-07	 859.062717	 1	 17380	
1750000	 17500	 5.280840e-07	 986.026899	 1	 17498	
1760000	 17600	 5.634665e-07	 1053.222016	 1	 17593	
1770000	 17700	 4.937107e-07	 919.351714	 1	 17689	
1780000	 17800	 5.195303e-07	 970.418930	 1	 17788	
1790000	 17900	 5.062302e-07	 943.021214	 1	 17900	
1800000	 18000	 4.678022e-07	 871.071896	 1	 17989	
1810000	 18100	 5.206724e-07	 972.535640	 1	 18094	
1820000	 18200	 4.509720e-07	 838.558191	 1	 18192	
1830000	 18300	 5.681060e-07	 1064.307914	 1	 18281	
1840000	 18400	 6.106446e-07	 1145.688347	 1	 18383	
1850000	 18500	 6.470054e-07	 1216.109736	 1	 18493	
1860000	 18600	 5.062624e-07	 943.979460	 1	 18600	
1870000	 18700	 4.823551e-07	 897.835403	 1	 18696	
1880000	 18800	 6.062862e-07	 1136.542094	 1	 18787	
1890000	 18900	 6.016026e-07	 1126.007286	 1	 18888	
1900000	 19000	 5.245363e-07	 976.390328	 1	 18978	
1910000	 19100	 5.423702e-07	 1013.165534	 1	 19093	
1920000	 19200	 4.877104e-07	 908.267992	 1	 19199	
1930000	 19300	 4.828098e-07	 898.858423	 1	 19296	
1940000	 19400	 5.785000e-07	 1083.040327	 1	 19400	
1950000	 19500	 3.802046e-07	 701.880404	 1	 19499	
1960000	 19600	 5.754107e-07	 1077.542393	 1	 19593	
1970000	 19700	 5.598518e-07	 1045.863423	 1	 19698	
1980000	 19800	 5.775131e-07	 1078.556125	 1	 19779	
1990000	 19900	 5.457809e-07	 1017.295837	 1	 19898	
2000000	 20000	 5.552980e-07	 1036.095646	 1	 19998	
2010000	 20100	 5.712771e-07	 1067.152491	 1	 20093	
2020000	 20200	 6.038267e-07	 1131.640263	 1	 20198	
2030000	 20300	 5.466502e-07	 1018.662641	 1	 20290	
2040000	 20400	 5.606495e-07	 1047.025642	 1	 20389	
2050000	 20500	 6.684844e-07	 1255.340159	 1	 20481	
2060000	 20600	 6.209670e-07	 1164.491845	 1	 20594	
2070000	 20700	 5.126382e-07	 956.590400	 1	 20696	
2080000	 20800	 6.143678e-07	 1151.074597	 1	 20795	
2090000	 20900	 5.865837e-07	 1098.221290	 1	 20886	
2100000	 21000	 5.548248e-07	 1037.083272	 1	 20999	
2110000	 21100	 7.390464e-07	 1391.070979	 1	 21097	
2120000	 21200	 6.466368e-07	 1212.197723	 1	 21194	
2130000	 21300	 4.992352e-07	 930.329209	 1	 21300	
2140000	 21400	 6.477360e-07	 1215.098988	 1	 21399	
2150000	 21500	 5.738628e-07	 1071.295510	 1	 21499	
2160000	 21600	 5.625606e-07	 1051.885766	 1	 21553	
2170000	 21700	 5.940963e-07	 1112.974376	 1	 21700	
2180000	 21800	 6.348206e-07	 1191.631311	 1	 21774	
2190000	 21900	 6.161484e-07	 1154.936695	 1	 21892	
2200000	 22000	 5.105932e-07	 952.414046	 1	 21998	
2210000	 22100	 6.452190e-07	 1210.395838	 1	 22096	
2220000	 22200	 5.932185e-07	 1110.984297	 1	 22188	
2230000	 22300	 6.284274e-07	 1178.907822	 1	 22297	
2240000	 22400	 5.630625e-07	 1052.008375	 1	 22399	
2250000	 22500	 6.422698e-07	 1205.433659	 1	 22479	
2260000	 22600	 5.424022e-07	 1012.905941	 1	 22594	
2270000	 22700	 7.389881e-07	 1390.563815	 1	 22698	
2280000	 22800	 6.820873e-07	 1281.471570	 1	 22788	
2290000	 22900	 6.344231e-07	 1189.610997	 1	 22898	
2300000	 23000	 7.477743e-07	 1406.973793	 1	 23000	
2310000	 23100	 6.894662e-07	 1296.909931	 1	 23099	
2320000	 23200	 5.768414e-07	 1078.714072	 1	 23186	
2330000	 23300	 6.181854e-07	 1158.428271	 1	 23295	
2340000	 23400	 6.309671e-07	 1179.121835	 1	 23391	
2350000	 23500	 6.563826e-07	 1221.684524	 1	 23496	
2360000	 23600	 5.393678e-07	 999.252487	 1	 23586	
2370000	 23700	 7.165970e-07	 1341.876652	 1	 23700	
2380000	 23800	 7.913584e-07	 1489.877924	 1	 23782	
2390000	 23900	 7.099130e-07	 1333.441140	 1	 23900	
2400000	 24000	 7.756163e-07	 1457.478567	 1	 23964	
2410000	 24100	 6.980863e-07	 1308.963206	 1	 24092	
2420000	 24200	 7.025145e-07	 1319.796374	 1	 24199	
2430000	 24300	 7.479156e-07	 1406.546167	 1	 24300	
2440000	 24400	 6.111041e-07	 1143.788164	 1	 24396	
2450000	 24500	 8.248988e-07	 1553.243402	 1	 24497	
2460000	 24600	 8.250634e-07	 1557.401209	 1	 24582	
2470000	 24700	 5.645267e-07	 1056.273159	 1	 24700	
2480000	 24800	 7.755060e-07	 1461.682350	 1	 24800	
2490000	 24900	 7.128839e-07	 1340.118701	 1	 24899	
2500000	 25000	 7.394308e-07	 1391.951396	 1	 25000	
2510000	 25100	 7.659004e-07	 1441.097637	 1	 25085	
2520000	 25200	 7.658433e-07	 1442.760179	 1	 25195	
2530000	 25300	 8.260715e-07	 1556.162889	 1	 25300	
2540000	 25400	 5.848358e-07	 1094.582874	 1	 25386	
2550000	 25500	 6.807318e-07	 1279.180007	 1	 25489	
2560000	 25600	 7.345387e-07	 1381.276384	 1	 25596	
2570000	 25700	 6.842307e-07	 1285.407013	 1	 25691	
2580000	 25800	 7.328733e-07	 1379.476607	 1	 25797	
2590000	 25900	 6.999212e-07	 1316.960904	 1	 25900	
2600000	 26000	 7.005585e-07	 1317.675903	 1	 25994	
2610000	 26100	 8.026705e-07	 1511.562692	 1	 26099	
2620000	 26200	 6.921099e-07	 1301.234929	 1	 26180	
2630000	 26300	 6.949802e-07	 1306.110593	 1	 26299	
2640000	 26400	 6.642420e-07	 1246.765129	 1	 26400	
2650000	 26500	 8.136223e-07	 1533.857344	 1	 26494	
2660000	 26600	 6.797793e-07	 1276.357937	 1	 26595	
2670000	 26700	 6.258232e-07	 1172.412064	 1	 26688	
2680000	 26800	 6.974313e-07	 1310.770899	 1	 26787	
2690000	 26900	 7.860952e-07	 1476.238480	 1	 26895	
2700000	 27000	 7.228470e-07	 1359.387947	 1	 26999	
2710000	 27100	 8.115804e-07	 1511.373567	 1	 27098	
2720000	 27200	 6.688695e-07	 1255.585056	 1	 27197	
2730000	 27300	 7.774374e-07	 1463.821727	 1	 27294	
2740000	 27400	 7.624547e-07	 1436.950735	 1	 27398	
2750000	 27500	 9.215735e-07	 1741.450349	 1	 27498	
2760000	 27600	 7.207978e-07	 1353.264267	 1	 27597	
2770000	 27700	 6.949928e-07	 1306.062499	 1	 27697	
2780000	 27800	 8.180295e-07	 1543.944583	 1	 27766	
2790000	 27900	 7.548004e-07	 1422.180296	 1	 27883	
2800000	 28000	 7.172289e-07	 1349.037179	 1	 27999	
2810000	 28100	 6.771530e-07	 1272.557279	 1	 28100	
2820000	 28200	 8.077887e-07	 1523.874555	 1	 28196	
2830000	 28300	 6.734527e-07	 1264.716313	 1	 28271	
2840000	 28400	 8.857754e-07	 1673.118052	 1	 28377	
2850000	 28500	 9.460133e-07	 1788.703254	 1	 28498	
2860000	 28600	 7.801780e-07	 1470.374459	 1	 28590	
2870000	 28700	 9.969815e-07	 1887.977583	 1	 28700	
2880000	 28800	 8.484358e-07	 1602.808568	 1	 28800	
2890000	 28900	 7.665696e-07	 1441.308301	 1	 28896	
2900000	 29000	 6.599600e-07	 1239.560984	 1	 28996	
2910000	 29100	 9.162471e-07	 1732.521114	 1	 29089	
2920000	 29200	 9.239486e-07	 1749.036999	 1	 29198	
2930000	 29300	 7.289710e-07	 1371.723196	 1	 29295	
2940000	 29400	 8.461054e-07	 1596.918298	 1	 29383	
2950000	 29500	 8.472458e-07	 1596.790838	 1	 29497	
2960000	 29600	 8.048480e-07	 1517.204440	 1	 29598	
2970000	 29700	 7.171354e-07	 1350.177936	 1	 29699	
2980000	 29800	 7.639762e-07	 1438.608516	 1	 29798	
2990000	 29900	 9.066378e-07	 1712.791598	 1	 29900	
3000000	 30000	 9.861473e-07	 1865.842523	 1	 29986	
3010000	 30100	 8.313183e-07	 1566.503876	 1	 30086	
3020000	 30200	 8.507407e-07	 1588.735278	 1	 30200	
3030000	 30300	 8.477601e-07	 1602.830634	 1	 30298	
3040000	 30400	 8.881812e-07	 1677.333394	 1	 30385	
3050000	 30500	 7.970931e-07	 1502.081828	 1	 30495	
3060000	 30600	 7.817974e-07	 1473.767916	 1	 30600	
3070000	 30700	 9.881117e-07	 1871.436298	 1	 30692	
3080000	 30800	 7.655179e-07	 1433.831544	 1	 30783	
3090000	 30900	 8.911773e-07	 1682.051087	 1	 30878	
3100000	 31000	 8.499261e-07	 1605.662740	 1	 30978	
3110000	 31100	 8.012431e-07	 1511.076273	 1	 31100	
3120000	 31200	 8.135224e-07	 1535.748431	 1	 31192	
3130000	 31300	 1.013507e-06	 1909.752258	 1	 31276	
3140000	 31400	 9.851452e-07	 1863.371224	 1	 31388	
3150000	 31500	 9.020759e-07	 1706.052167	 1	 31489	
3160000	 31600	 9.007076e-07	 1700.685981	 1	 31599	
3170000	 31700	 8.857628e-07	 1673.535504	 1	 31693	
3180000	 31800	 8.151311e-07	 1535.004417	 1	 31797	
3190000	 31900	 1.013382e-06	 1919.723031	 1	 31899	
3200000	 32000	 9.353791e-07	 1767.878142	 1	 31980	
3210000	 32100	 1.091311e-06	 2066.595511	 1	 32085	
3220000	 32200	 9.445565e-07	 1786.869673	 1	 32194	
3230000	 32300	 1.016179e-06	 1922.921666	 1	 32300	
3240000	 32400	 9.875330e-07	 1867.400591	 1	 32378	
3250000	 32500	 9.232674e-07	 1746.017266	 1	 32486	
3260000	 32600	 8.855018e-07	 1672.614375	 1	 32593	
3270000	 32700	 8.805590e-07	 1662.448732	 1	 32687	
3280000	 32800	 9.144744e-07	 1728.221039	 1	 32772	
3290000	 32900	 8.168350e-07	 1540.513149	 1	 32899	
3300000	 33000	 7.542536e-07	 1419.949304	 1	 32992	
3310000	 33100	 9.839326e-07	 1862.814757	 1	 33074	
3320000	 33200	 9.000130e-07	 1701.553907	 1	 33193	
3330000	 33300	 8.758610e-07	 1653.078523	 1	 33291	
3340000	 33400	 8.860683e-07	 1673.453292	 1	 33394	
3350000	 33500	 7.917421e-07	 1493.042260	 1	 33495	
3360000	 33600	 7.853452e-07	 1480.938293	 1	 33595	
3370000	 33700	 9.622208e-07	 1817.364349	 1	 33700	
3380000	 33800	 9.655734e-07	 1825.341774	 1	 33797	
3390000	 33900	 8.808136e-07	 1665.642021	 1	 33894	
3400000	 34000	 9.943291e-07	 1882.274881	 1	 33999	
3410000	 34100	 8.703437e-07	 1642.176911	 1	 34096	
3420000	 34200	 8.034667e-07	 1515.007262	 1	 34199	
3430000	 34300	 9.604140e-07	 1816.846368	 1	 34298	
3440000	 34400	 8.067701e-07	 1522.050204	 1	 34390	
3450000	 34500	 8.418858e-07	 1588.764235	 1	 34492	
3460000	 34600	 1.042546e-06	 1975.099134	 1	 34598	
3470000	 34700	 9.956634e-07	 1879.418630	 1	 34689	
3480000	 34800	 1.039341e-06	 1968.956516	 1	 34797	
3490000	 34900	 8.507607e-07	 1606.638987	 1	 34882	
3500000	 35000	 9.475449e-07	 1789.513123	 1	 34992	
3510000	 35100	 9.393396e-07	 1736.259679	 1	 35100	
3520000	 35200	 9.621216e-07	 1754.191985	 1	 35193	
3530000	 35300	 8.777873e-07	 1524.969598	 1	 35281	
3540000	 35400	 1.184362e-06	 2030.504235	 1	 35400	
3550000	 35500	 1.243924e-06	 2144.761806	 1	 35492	
3560000	 35600	 9.606056e-07	 1714.439010	 1	 35596	
3570000	 35700	 1.197945e-06	 2038.805681	 1	 35689	
3580000	 35800	 1.043565e-06	 1769.686823	 1	 35799	
3590000	 35900	 1.061280e-06	 1846.449064	 1	 35896	
3600000	 36000	 1.100437e-06	 1942.695682	 1	 36000	
3610000	 36100	 1.115566e-06	 1916.102111	 1	 36090	
3620000	 36200	 1.191416e-06	 2098.787982	 1	 36200	
3630000	 36300	 9.817862e-07	 1854.334254	 1	 36278	
3640000	 36400	 9.524755e-07	 1799.199575	 1	 36386	
3650000	 36500	 1.096205e-06	 2076.720166	 1	 36482	
3660000	 36600	 1.140427e-06	 2163.853283	 1	 36594	
3670000	 36700	 1.135644e-06	 2153.049666	 1	 36694	
3680000	 36800	 1.017548e-06	 1926.165487	 1	 36795	
3690000	 36900	 1.171162e-06	 2222.330262	 1	 36894	
3700000	 37000	 1.024279e-06	 1936.955682	 1	 36990	
3710000	 37100	 8.053100e-07	 1514.244805	 1	 37088	
3720000	 37200	 9.020446e-07	 1700.754772	 1	 37199	
3730000	 37300	 1.278780e-06	 2427.275214	 1	 37274	
3740000	 37400	 9.436246e-07	 1784.698165	 1	 37397	
3750000	 37500	 1.002725e-06	 1897.947186	 1	 37496	
3760000	 37600	 9.833495e-07	 1860.747801	 1	 37596	
3770000	 37700	 1.033568e-06	 1958.296515	 1	 37698	
3780000	 37800	 9.516185e-07	 1798.777109	 1	 37792	
3790000	 37900	 1.048983e-06	 1985.943631	 1	 37893	
3800000	 38000	 1.068965e-06	 2026.041303	 1	 38000	
3810000	 38100	 1.263655e-06	 2399.001584	 1	 38088	
3820000	 38200	 1.094895e-06	 2073.404587	 1	 38199	
3830000	 38300	 1.032863e-06	 1956.286399	 1	 38291	
3840000	 38400	 9.411445e-07	 1779.191121	 1	 38397	
3850000	 38500	 1.130343e-06	 2144.570980	 1	 38498	
3860000	 38600	 1.035796e-06	 1959.960531	 1	 38589	
3870000	 38700	 1.270961e-06	 2413.287391	 1	 38687	
3880000	 38800	 1.048986e-06	 1985.544308	 1	 38796	
3890000	 38900	 8.259036e-07	 1557.385978	 1	 38895	
3900000	 39000	 1.287162e-06	 2401.446756	 1	 38989	
3910000	 39100	 1.084252e-06	 2052.165901	 1	 39094	
3920000	 39200	 1.027283e-06	 1944.311942	 1	 39198	
3930000	 39300	 1.316549e-06	 2497.457843	 1	 39273	
3940000	 39400	 1.003643e-06	 1893.705202	 1	 39365	
3950000	 39500	 1.031985e-06	 1954.930546	 1	 39475	
3960000	 39600	 1.292111e-06	 2454.465144	 1	 39588	
3970000	 39700	 1.111145e-06	 2106.895021	 1	 39698	
3980000	 39800	 1.228351e-06	 2332.861720	 1	 39790	
3990000	 39900	 1.239056e-06	 2352.461349	 1	 39898	
4000000	 40000	 1.206111e-06	 2288.125890	 1	 39990	
4010000	 40100	 1.113054e-06	 2108.920632	 1	 40094	
4020000	 40200	 1.058403e-06	 2003.629122	 1	 40188	
4030000	 40300	 1.088935e-06	 2063.776385	 1	 40299	
4040000	 40400	 1.173325e-06	 2226.280109	 1	 40394	
4050000	 40500	 1.117490e-06	 2118.708031	 1	 40479	
4060000	 40600	 1.059966e-06	 2006.584142	 1	 40595	
4070000	 40700	 1.107653e-06	 2102.717133	 1	 40662	
4080000	 40800	 1.228112e-06	 2331.137710	 1	 40790	
4090000	 40900	 1.156692e-06	 2190.432498	 1	 40897	
4100000	 41000	 1.078544e-06	 2043.783553	 1	 40994	
4110000	 41100	 1.204040e-06	 2284.356470	 1	 41090	
4120000	 41200	 1.285899e-06	 2441.446006	 1	 41186	
4130000	 41300	 1.207202e-06	 2290.975998	 1	 41286	
4140000	 41400	 1.147130e-06	 2176.367553	 1	 41363	
4150000	 41500	 1.031302e-06	 1946.867075	 1	 41490	
4160000	 41600	 1.108147e-06	 2102.586842	 1	 41591	
4170000	 41700	 9.859631e-07	 1866.736658	 1	 41658	
4180000	 41800	 1.111982e-06	 2108.066349	 1	 41800	
4190000	 41900	 1.124391e-06	 2130.601479	 1	 41855	
4200000	 42000	 1.150793e-06	 2182.297666	 1	 41998	
4210000	 42100	 1.066212e-06	 2020.389952	 1	 42098	
4220000	 42200	 1.271812e-06	 2415.730310	 1	 42183	
4230000	 42300	 1.255050e-06	 2382.190473	 1	 42287	
4240000	 42400	 9.389875e-07	 1773.697520	 1	 42389	
4250000	 42500	 1.123933e-06	 2124.746261	 1	 42498	
4260000	 42600	 1.188551e-06	 2254.404447	 1	 42599	
4270000	 42700	 8.347731e-07	 1573.725829	 1	 42692	
4280000	 42800	 9.965329e-07	 1885.854552	 1	 42796	
4290000	 42900	 1.144230e-06	 2171.449511	 1	 42887	
4300000	 43000	 1.163749e-06	 2208.451487	 1	 42999	
4310000	 43100	 1.206940e-06	 2291.376078	 1	 43079	
4320000	 43200	 1.195063e-06	 2265.743479	 1	 43198	
4330000	 43300	 1.397215e-06	 2657.680615	 1	 43275	
4340000	 43400	 1.347048e-06	 2558.734408	 1	 43399	
4350000	 43500	 1.035485e-06	 1960.755442	 1	 43494	
4360000	 43600	 1.086576e-06	 2058.580922	 1	 43590	
4370000	 43700	 1.233742e-06	 2339.951941	 1	 43693	
4380000	 43800	 1.313163e-06	 2490.121001	 1	 43795	
4390000	 43900	 1.329335e-06	 2527.370805	 1	 43876	
4400000	 44000	 1.466692e-06	 2790.419717	 1	 43992	
4410000	 44100	 1.289747e-06	 2449.302756	 1	 44088	
4420000	 44200	 8.641226e-07	 1631.457512	 1	 44195	
4430000	 44300	 1.281619e-06	 2433.647276	 1	 44284	
4440000	 44400	 1.180078e-06	 2238.397896	 1	 44400	
4450000	 44500	 1.418267e-06	 2699.082739	 1	 44494	
4460000	 44600	 1.322078e-06	 2512.682050	 1	 44580	
4470000	 44700	 1.213406e-06	 2303.705097	 1	 44696	
4480000	 44800	 1.462289e-06	 2782.836510	 1	 44788	
4490000	 44900	 1.107935e-06	 2100.425409	 1	 44887	
4500000	 45000	 1.071013e-06	 2030.587387	 1	 44994	
4510000	 45100	 1.261524e-06	 2378.929478	 1	 45098	
4520000	 45200	 1.051749e-06	 1991.551544	 1	 45169	
4530000	 45300	 1.146195e-06	 2174.698230	 1	 45298	
4540000	 45400	 1.195541e-06	 2268.528283	 1	 45388	
4550000	 45500	 1.245514e-06	 2366.345439	 1	 45475	
4560000	 45600	 1.385553e-06	 2590.433943	 1	 45600	
4570000	 45700	 1.513846e-06	 2668.497815	 1	 45688	
4580000	 45800	 1.646338e-06	 3129.929964	 1	 45791	
4590000	 45900	 1.396764e-06	 2648.342772	 1	 45895	
4600000	 46000	 1.276946e-06	 2420.399421	 1	 45971	
4610000	 46100	 1.555777e-06	 2953.393192	 1	 46100	
4620000	 46200	 9.996048e-07	 1889.063154	 1	 46178	
4630000	 46300	 1.325052e-06	 2510.835582	 1	 46300	
4640000	 46400	 1.543289e-06	 2930.401019	 1	 46400	
4650000	 46500	 1.545330e-06	 2933.426942	 1	 46497	
4660000	 46600	 1.587350e-06	 3016.487380	 1	 46558	
4670000	 46700	 1.447213e-06	 2743.812180	 1	 46675	
4680000	 46800	 9.845043e-07	 1859.859321	 1	 46790	
4690000	 46900	 1.370098e-06	 2597.890776	 1	 46871	
4700000	 47000	 1.216135e-06	 2304.580482	 1	 46943	
4710000	 47100	 1.200570e-06	 2272.888765	 1	 47088	
4720000	 47200	 1.415915e-06	 2682.958002	 1	 47197	
4730000	 47300	 1.333752e-06	 2527.659708	 1	 47294	
4740000	 47400	 1.354622e-06	 2569.551314	 1	 47397	
4750000	 47500	 1.390528e-06	 2634.073768	 1	 47499	
4760000	 47600	 1.407025e-06	 2665.787419	 1	 47586	
4770000	 47700	 1.251230e-06	 2368.430162	 1	 47681	
4780000	 47800	 1.603741e-06	 3042.193500	 1	 47791	
4790000	 47900	 1.536080e-06	 2911.839072	 1	 47852	
4800000	 48000	 1.141030e-06	 2156.072841	 1	 48000	
4810000	 48100	 1.169094e-06	 2211.093094	 1	 48071	
4820000	 48200	 1.137623e-06	 2152.535536	 1	 48191	
4830000	 48300	 1.356346e-06	 2571.668261	 1	 48278	
4840000	 48400	 1.417157e-06	 2685.472863	 1	 48394	
4850000	 48500	 1.367053e-06	 2592.079286	 1	 48482	
4860000	 48600	 1.406140e-06	 2661.845033	 1	 48593	
4870000	 48700	 1.003921e-06	 1894.769016	 1	 48699	
4880000	 48800	 1.168968e-06	 2206.550684	 1	 48787	
4890000	 48900	 1.241644e-06	 2352.518063	 1	 48890	
4900000	 49000	 1.305325e-06	 2470.023980	 1	 48991	
4910000	 49100	 1.430127e-06	 2709.016558	 1	 49067	
4920000	 49200	 1.086397e-06	 2055.376616	 1	 49196	
4930000	 49300	 8.613061e-07	 1624.202272	 1	 49285	
4940000	 49400	 1.395119e-06	 2647.774698	 1	 49377	
4950000	 49500	 1.502973e-06	 2856.494388	 1	 49488	
4960000	 49600	 1.240558e-06	 2349.118898	 1	 49595	
4970000	 49700	 1.089195e-06	 2060.366024	 1	 49685	
4980000	 49800	 1.506931e-06	 2862.119871	 1	 49795	
4990000	 49900	 1.547100e-06	 2877.613979	 1	 49885	
5000000	 50000	 1.330674e-06	 2521.273320	 1	 50000	
5010000	 50100	 1.656562e-06	 3145.323771	 1	 50083	
5020000	 50200	 1.170909e-06	 2215.168870	 1	 50192	
5030000	 50300	 1.367143e-06	 2591.271312	 1	 50294	
5040000	 50400	 1.690701e-06	 3213.493867	 1	 50374	
5050000	 50500	 1.472972e-06	 2795.242445	 1	 50493	
5060000	 50600	 1.616152e-06	 3071.203554	 1	 50577	
5070000	 50700	 1.346171e-06	 2555.097885	 1	 50695	
5080000	 50800	 1.379611e-06	 2617.775187	 1	 50798	
5090000	 50900	 1.498012e-06	 2844.819648	 1	 50890	
5100000	 51000	 1.457520e-06	 2761.013728	 1	 50996	
5110000	 51100	 1.330297e-06	 2521.439341	 1	 51092	
5120000	 51200	 1.543428e-06	 2927.561932	 1	 51196	
5130000	 51300	 1.228421e-06	 2324.619210	 1	 51294	
5140000	 51400	 1.203885e-06	 2277.468729	 1	 51391	
5150000	 51500	 1.520879e-06	 2889.200640	 1	 51499	
5160000	 51600	 1.378358e-06	 2615.330526	 1	 51596	
5170000	 51700	 1.383236e-06	 2626.490325	 1	 51692	
5180000	 51800	 1.452354e-06	 2758.696318	 1	 51797	
5190000	 51900	 1.605678e-06	 3050.870831	 1	 51887	
5200000	 52000	 1.214628e-06	 2296.199897	 1	 51982	
5210000	 52100	 1.498485e-06	 2840.283540	 1	 52095	
5220000	 52200	 1.586738e-06	 3009.038875	 1	 52183	
5230000	 52300	 1.473211e-06	 2793.375331	 1	 52297	
5240000	 52400	 1.307401e-06	 2478.813098	 1	 52394	
5250000	 52500	 1.642410e-06	 3118.638875	 1	 52500	
5260000	 52600	 1.623010e-06	 3082.705882	 1	 52595	
5270000	 52700	 1.668888e-06	 3168.559656	 1	 52699	
5280000	 52800	 1.559683e-06	 2959.842032	 1	 52791	
5290000	 52900	 1.782409e-06	 3385.166412	 1	 52898	
5300000	 53000	 1.663058e-06	 3161.928070	 1	 52992	
5310000	 53100	 1.118633e-06	 2116.387178	 1	 53092	
5320000	 53200	 1.718617e-06	 3265.901158	 1	 53194	
5330000	 53300	 1.441130e-06	 2735.122428	 1	 53267	
5340000	 53400	 1.340784e-06	 2540.656403	 1	 53365	
5350000	 53500	 1.276594e-06	 2418.506136	 1	 53500	
5360000	 53600	 1.229593e-06	 2329.123857	 1	 53589	
5370000	 53700	 1.711534e-06	 3252.366183	 1	 53695	
5380000	 53800	 1.323857e-06	 2499.770576	 1	 53799	
5390000	 53900	 1.434860e-06	 2726.592424	 1	 53896	
5400000	 54000	 1.601412e-06	 3038.264596	 1	 53990	
5410000	 54100	 1.835167e-06	 3493.131679	 1	 54098	
5420000	 54200	 1.349256e-06	 2540.881929	 1	 54186	
5430000	 54300	 1.507705e-06	 2770.618286	 1	 54238	
5440000	 54400	 1.621621e-06	 3072.797833	 1	 54396	
5450000	 54500	 1.143930e-06	 2165.984743	 1	 54463	
5460000	 54600	 1.462615e-06	 2779.911326	 1	 54596	
5470000	 54700	 1.574973e-06	 2995.275635	 1	 54696	
5480000	 54800	 1.339882e-06	 2543.754801	 1	 54799	
5490000	 54900	 1.478196e-06	 2806.674709	 1	 54884	
5500000	 55000	 1.457912e-06	 2768.628496	 1	 54994	
5510000	 55100	 1.366643e-06	 2562.607391	 1	 55094	
5520000	 55200	 1.631989e-06	 3097.456911	 1	 55173	
5530000	 55300	 1.288024e-06	 2442.446541	 1	 55293	
5540000	 55400	 1.299541e-06	 2465.857004	 1	 55399	
5550000	 55500	 1.320972e-06	 2499.863931	 1	 55469	
5560000	 55600	 1.318815e-06	 2500.714882	 1	 55583	
5570000	 55700	 1.719975e-06	 3267.866938	 1	 55694	
5580000	 55800	 1.622753e-06	 3081.774334	 1	 55796	
5590000	 55900	 1.345860e-06	 2550.649632	 1	 55895	
5600000	 56000	 1.427135e-06	 2707.479867	 1	 55980	
5610000	 56100	 2.020627e-06	 3850.182479	 1	 56084	
5620000	 56200	 1.475360e-06	 2802.361966	 1	 56177	
5630000	 56300	 1.297336e-06	 2462.375931	 1	 56281	
5640000	 56400	 1.470325e-06	 2794.131834	 1	 56375	
5650000	 56500	 1.627739e-06	 3094.949384	 1	 56498	
5660000	 56600	 1.903135e-06	 3617.667967	 1	 56583	
5670000	 56700	 1.744491e-06	 3319.362394	 1	 56694	
5680000	 56800	 1.688846e-06	 3210.877548	 1	 56797	
5690000	 56900	 1.737902e-06	 3307.603692	 1	 56900	
5700000	 57000	 1.505005e-06	 2856.510316	 1	 56979	
5710000	 57100	 1.363573e-06	 2582.551723	 1	 57074	
5720000	 57200	 1.496795e-06	 2841.387188	 1	 57153	
5730000	 57300	 1.626500e-06	 3069.327497	 1	 57300	
5740000	 57400	 1.666411e-06	 3164.533723	 1	 57368	
5750000	 57500	 1.939504e-06	 3688.254699	 1	 57496	
5760000	 57600	 1.390607e-06	 2638.383127	 1	 57571	
5770000	 57700	 1.433942e-06	 2719.884831	 1	 57697	
5780000	 57800	 1.595443e-06	 3025.860857	 1	 57795	
5790000	 57900	 1.246663e-06	 2358.238225	 1	 57900	
5800000	 58000	 1.933242e-06	 3678.483536	 1	 57978	
5810000	 58100	 1.403775e-06	 2662.140969	 1	 58099	
5820000	 58200	 1.534826e-06	 2914.405837	 1	 58196	
5830000	 58300	 1.471353e-06	 2790.863254	 1	 58295	
5840000	 58400	 1.590413e-06	 3021.815018	 1	 58333	
5850000	 58500	 1.507424e-06	 2860.544689	 1	 58490	
5860000	 58600	 1.617987e-06	 3074.722472	 1	 58546	
5870000	 58700	 1.676047e-06	 3188.125778	 1	 58693	
5880000	 58800	 1.547104e-06	 2941.780240	 1	 58794	
5890000	 58900	 1.448133e-06	 2751.943479	 1	 58817	
5900000	 59000	 1.782208e-06	 3389.590803	 1	 58982	
5910000	 59100	 1.508884e-06	 2856.154891	 1	 59075	
5920000	 59200	 1.545634e-06	 2930.835138	 1	 59195	
5930000	 59300	 2.083813e-06	 3967.399705	 1	 59286	
5940000	 59400	 1.820239e-06	 3459.962227	 1	 59376	
5950000	 59500	 1.581226e-06	 3003.610544	 1	 59463	
5960000	 59600	 1.389589e-06	 2631.601881	 1	 59596	
5970000	 59700	 1.655218e-06	 3126.524860	 1	 59691	
5980000	 59800	 1.350048e-06	 2504.455706	 1	 59786	
5990000	 59900	 1.761713e-06	 3105.050241	 1	 59890	
6000000	 60000	 1.292677e-06	 2361.093316	 1	 59988	
6010000	 60100	 1.601584e-06	 3047.284557	 1	 60091	
6020000	 60200	 1.576766e-06	 3001.903116	 1	 60187	
6030000	 60300	 1.803523e-06	 3436.741470	 1	 60299	
6040000	 60400	 1.480390e-06	 2813.638297	 1	 60372	
6050000	 60500	 1.680015e-06	 3184.041029	 1	 60497	
6060000	 60600	 1.709785e-06	 3255.446206	 1	 60600	
6070000	 60700	 1.781266e-06	 3393.347167	 1	 60689	
6080000	 60800	 1.610878e-06	 3065.470485	 1	 60787	
6090000	 60900	 1.536555e-06	 2924.062321	 1	 60893	
6100000	 61000	 1.427326e-06	 2713.916825	 1	 60993	
6110000	 61100	 1.407871e-06	 2674.755942	 1	 61096	
6120000	 61200	 1.798134e-06	 3426.662797	 1	 61175	
6130000	 61300	 1.862330e-06	 3549.314561	 1	 61296	
6140000	 61400	 1.393002e-06	 2647.564477	 1	 61398	
6150000	 61500	 1.402400e-06	 2665.018835	 1	 61482	
6160000	 61600	 1.609557e-06	 3064.444555	 1	 61599	
6170000	 61700	 1.582128e-06	 3010.100128	 1	 61688	
6180000	 61800	 1.711968e-06	 3260.301131	 1	 61777	
6190000	 61900	 1.779431e-06	 3391.158894	 1	 61879	
6200000	 62000	 1.732850e-06	 3300.785291	 1	 61994	
6210000	 62100	 1.671558e-06	 3184.786926	 1	 62087	
6220000	 62200	 1.443619e-06	 2740.289820	 1	 62147	
6230000	 62300	 1.726435e-06	 3286.765671	 1	 62287	
6240000	 62400	 2.026467e-06	 3865.139707	 1	 62380	
6250000	 62500	 1.768126e-06	 3370.119355	 1	 62492	
6260000	 62600	 1.827906e-06	 3485.166070	 1	 62598	
6270000	 62700	 1.499500e-06	 2841.670317	 1	 62688	
6280000	 62800	 2.045128e-06	 3900.035225	 1	 62779	
6290000	 62900	 1.650790e-06	 3143.901002	 1	 62892	
6300000	 63000	 1.551467e-06	 2949.184948	 1	 62996	
6310000	 63100	 1.731148e-06	 3300.248756	 1	 63090	
6320000	 63200	 1.819966e-06	 3470.596536	 1	 63192	
6330000	 63300	 1.569281e-06	 2988.552182	 1	 63298	
6340000	 63400	 1.435942e-06	 2695.208493	 1	 63400	
6350000	 63500	 1.907580e-06	 3638.295543	 1	 63481	
6360000	 63600	 1.826317e-06	 3480.581587	 1	 63592	
6370000	 63700	 1.757825e-06	 3351.949050	 1	 63696	
6380000	 63800	 1.745623e-06	 3326.480543	 1	 63800	
6390000	 63900	 2.146245e-06	 4098.333001	 1	 63891	
6400000	 64000	 1.901078e-06	 3628.595462	 1	 63963	
6410000	 64100	 1.611700e-06	 3068.828729	 1	 64099	
6420000	 64200	 1.773097e-06	 3378.506226	 1	 64199	
6430000	 64300	 1.450660e-06	 2757.681445	 1	 64299	
6440000	 64400	 1.574253e-06	 2988.077958	 1	 64395	
6450000	 64500	 1.856452e-06	 3538.170656	 1	 64497	
6460000	 64600	 1.400809e-06	 2663.052993	 1	 64599	
6470000	 64700	 1.629153e-06	 3101.448636	 1	 64679	
6480000	 64800	 1.952499e-06	 3724.068956	 1	 64770	
6490000	 64900	 1.360630e-06	 2580.111555	 1	 64890	
6500000	 65000	 1.653373e-06	 3147.456111	 1	 64967	
6510000	 65100	 1.998373e-06	 3812.826578	 1	 65088	
6520000	 65200	 1.765859e-06	 3362.620229	 1	 65196	
6530000	 65300	 2.180197e-06	 4162.476009	 1	 65296	
6540000	 65400	 2.058953e-06	 3924.131232	 1	 65398	
6550000	 65500	 1.556075e-06	 2962.161175	 1	 65495	
6560000	 65600	 2.048823e-06	 3813.995509	 1	 65581	
6570000	 65700	 2.086443e-06	 3966.940453	 1	 65691	
6580000	 65800	 1.668613e-06	 3173.697585	 1	 65790	
6590000	 65900	 1.631104e-06	 3101.537914	 1	 65894	
6600000	 66000	 1.915813e-06	 3635.035148	 1	 65978	
6610000	 66100	 2.220638e-06	 4236.625179	 1	 66100	
6620000	 66200	 1.860823e-06	 3548.215817	 1	 66165	
6630000	 66300	 1.514596e-06	 2881.303357	 1	 66297	
6640000	 66400	 2.005984e-06	 3825.578454	 1	 66387	
6650000	 66500	 1.620420e-06	 3084.932248	 1	 66487	
6660000	 66600	 2.156739e-06	 4117.533879	 1	 66591	
6670000	 66700	 1.762436e-06	 3357.213892	 1	 66650	
6680000	 66800	 1.782277e-06	 3394.338197	 1	 66752	
6690000	 66900	 1.853134e-06	 3533.908544	 1	 66871	
6700000	 67000	 1.850596e-06	 3529.205448	 1	 66978	
6710000	 67100	 1.720003e-06	 3278.946835	 1	 67096	
6720000	 67200	 2.009442e-06	 3829.672701	 1	 67200	
6730000	 67300	 1.717071e-06	 3268.509711	 1	 67280	
6740000	 67400	 1.750064e-06	 3331.230309	 1	 67355	
6750000	 67500	 2.427961e-06	 4636.920492	 1	 67485	
6760000	 67600	 1.955766e-06	 3731.277918	 1	 67557	
6770000	 67700	 1.605296e-06	 3055.558155	 1	 67696	
6780000	 67800	 1.659843e-06	 3156.721747	 1	 67791	
6790000	 67900	 2.040678e-06	 3889.777104	 1	 67878	
6800000	 68000	 2.365056e-06	 4515.434596	 1	 67965	
6810000	 68100	 1.966968e-06	 3749.273340	 1	 68097	
6820000	 68200	 2.067645e-06	 3945.139655	 1	 68190	
6830000	 68300	 1.756679e-06	 3336.169200	 1	 68299	
6840000	 68400	 1.936419e-06	 3682.060317	 1	 68395	
6850000	 68500	 1.836524e-06	 3499.559691	 1	 68488	
6860000	 68600	 1.921450e-06	 3663.052328	 1	 68595	
6870000	 68700	 1.840935e-06	 3505.942655	 1	 68697	
6880000	 68800	 1.768032e-06	 3368.986400	 1	 68791	
6890000	 68900	 2.026435e-06	 3866.425280	 1	 68899	
6900000	 69000	 1.925148e-06	 3670.557263	 1	 68973	
6910000	 69100	 1.841022e-06	 3505.503531	 1	 69100	
6920000	 69200	 1.722102e-06	 3279.869667	 1	 69199	
6930000	 69300	 1.880291e-06	 3585.184873	 1	 69289	
6940000	 69400	 2.037092e-06	 3889.491789	 1	 69399	
6950000	 69500	 1.787435e-06	 3407.159309	 1	 69498	
6960000	 69600	 1.777708e-06	 3381.293034	 1	 69579	
6970000	 69700	 2.102546e-06	 4012.274432	 1	 69692	
6980000	 69800	 1.982954e-06	 3780.963012	 1	 69783	
6990000	 69900	 1.963308e-06	 3744.686372	 1	 69890	
7000000	 70000	 1.952064e-06	 3721.712094	 1	 69959	
7010000	 70100	 1.693562e-06	 3222.728345	 1	 70100	
7020000	 70200	 1.939687e-06	 3697.803653	 1	 70154	
7030000	 70300	 1.793967e-06	 3417.772301	 1	 70278	
7040000	 70400	 1.906690e-06	 3636.050037	 1	 70400	
7050000	 70500	 1.771457e-06	 3358.872063	 1	 70498	
7060000	 70600	 1.991616e-06	 3789.701004	 1	 70584	
7070000	 70700	 1.994560e-06	 3768.982197	 1	 70667	
7080000	 70800	 2.164265e-06	 4121.273393	 1	 70796	
7090000	 70900	 1.777187e-06	 3223.552127	 1	 70894	
7100000	 71000	 2.041380e-06	 3875.367025	 1	 70988	
7110000	 71100	 2.222976e-06	 4226.461121	 1	 71068	
7120000	 71200	 2.003435e-06	 3809.025048	 1	 71197	
7130000	 71300	 2.382689e-06	 4535.045392	 1	 71287	
7140000	 71400	 2.268809e-06	 4316.992386	 1	 71340	
7150000	 71500	 2.101165e-06	 3993.919530	 1	 71490	
7160000	 71600	 1.822165e-06	 3459.552598	 1	 71576	
7170000	 71700	 2.166535e-06	 4114.428779	 1	 71690	
7180000	 71800	 2.053596e-06	 3899.366076	 1	 71788	
7190000	 71900	 2.331350e-06	 4434.252585	 1	 71878	
7200000	 72000	 2.024157e-06	 3847.925733	 1	 72000	
7210000	 72100	 2.172428e-06	 4128.174050	 1	 72094	
7220000	 72200	 2.192141e-06	 4167.778734	 1	 72187	
7230000	 72300	 2.176732e-06	 4140.612338	 1	 72264	
7240000	 72400	 2.371292e-06	 4511.602653	 1	 72346	
7250000	 72500	 2.004080e-06	 3814.468195	 1	 72493	
7260000	 72600	 1.907097e-06	 3591.505743	 1	 72590	
7270000	 72700	 1.894080e-06	 3594.051879	 1	 72699	
7280000	 72800	 2.151945e-06	 4090.296963	 1	 72787	
7290000	 72900	 1.679861e-06	 3185.947312	 1	 72883	
7300000	 73000	 1.980294e-06	 3761.625736	 1	 72996	
7310000	 73100	 2.032848e-06	 3864.234416	 1	 73051	
7320000	 73200	 1.770840e-06	 3359.721543	 1	 73194	
7330000	 73300	 2.065937e-06	 3922.147818	 1	 73295	
7340000	 73400	 1.641141e-06	 3111.019767	 1	 73396	
7350000	 73500	 2.052445e-06	 3896.630132	 1	 73450	
7360000	 73600	 2.170035e-06	 4127.237775	 1	 73578	
7370000	 73700	 2.251299e-06	 4273.776815	 1	 73684	
7380000	 73800	 2.334989e-06	 4437.887268	 1	 73778	
7390000	 73900	 2.089418e-06	 3970.107509	 1	 73898	
7400000	 74000	 2.146243e-06	 4084.082056	 1	 73964	
7410000	 74100	 2.057052e-06	 3907.326783	 1	 74072	
7420000	 74200	 1.694536e-06	 3216.883116	 1	 74175	
7430000	 74300	 1.717480e-06	 3259.358358	 1	 74276	
7440000	 74400	 1.968597e-06	 3741.401823	 1	 74374	
7450000	 74500	 2.247916e-06	 4276.858174	 1	 74499	
7460000	 74600	 1.820151e-06	 3445.183289	 1	 74591	
7470000	 74700	 2.232542e-06	 4234.737367	 1	 74658	
7480000	 74800	 1.928898e-06	 3661.183458	 1	 74798	
7490000	 74900	 2.474669e-06	 4646.416857	 1	 74887	
7500000	 75000	 1.707217e-06	 3239.246067	 1	 74982	
7510000	 75100	 2.231031e-06	 4259.446640	 1	 75091	
7520000	 75200	 2.010877e-06	 3835.759195	 1	 75177	
7530000	 75300	 1.786413e-06	 3403.612778	 1	 75272	
7540000	 75400	 2.268041e-06	 4331.879111	 1	 75347	
7550000	 75500	 1.881363e-06	 3589.513899	 1	 75477	
7560000	 75600	 2.070528e-06	 3950.254496	 1	 75589	
7570000	 75700	 1.832992e-06	 3484.668932	 1	 75699	
7580000	 75800	 1.829043e-06	 3483.324733	 1	 75780	
7590000	 75900	 1.877252e-06	 3575.814301	 1	 75892	
7600000	 76000	 2.262441e-06	 4320.060563	 1	 75954	
7610000	 76100	 1.909543e-06	 3636.016615	 1	 76098	
7620000	 76200	 1.791904e-06	 3413.569695	 1	 76178	
7630000	 76300	 2.466037e-06	 4711.132327	 1	 76238	
7640000	 76400	 2.350131e-06	 4488.943120	 1	 76383	
7650000	 76500	 2.024060e-06	 3861.554199	 1	 76493	
7660000	 76600	 2.371288e-06	 4520.833736	 1	 76555	
7670000	 76700	 2.004704e-06	 3823.984160	 1	 76655	
7680000	 76800	 2.221074e-06	 4238.513623	 1	 76799	
7690000	 76900	 2.183022e-06	 4166.273394	 1	 76893	
7700000	 77000	 1.950267e-06	 3719.193053	 1	 76997	
7710000	 77100	 2.006013e-06	 3827.510786	 1	 77078	
7720000	 77200	 2.182541e-06	 4161.080616	 1	 77193	
7730000	 77300	 2.123829e-06	 4053.125958	 1	 77300	
7740000	 77400	 2.504379e-06	 4782.534940	 1	 77399	
7750000	 77500	 2.505274e-06	 4784.614597	 1	 77495	
7760000	 77600	 2.259395e-06	 4315.088602	 1	 77595	
7770000	 77700	 2.093437e-06	 3996.440706	 1	 77700	
7780000	 77800	 2.010342e-06	 3833.766703	 1	 77790	
7790000	 77900	 2.271997e-06	 4332.894689	 1	 77880	
7800000	 78000	 2.053997e-06	 3920.937378	 1	 77999	
7810000	 78100	 2.156851e-06	 4117.706858	 1	 78060	
7820000	 78200	 2.274061e-06	 4343.025926	 1	 78180	
7830000	 78300	 2.011739e-06	 3824.160454	 1	 78299	
7840000	 78400	 2.806751e-06	 5364.438178	 1	 78400	
7850000	 78500	 2.372176e-06	 4529.420134	 1	 78485	
7860000	 78600	 2.324669e-06	 4438.070341	 1	 78589	
7870000	 78700	 2.202667e-06	 4205.757852	 1	 78687	
7880000	 78800	 1.842291e-06	 3514.001180	 1	 78782	
7890000	 78900	 1.873409e-06	 3572.303239	 1	 78883	
7900000	 79000	 2.052102e-06	 3917.786431	 1	 78955	
7910000	 79100	 2.025542e-06	 3867.398281	 1	 79076	
7920000	 79200	 1.757124e-06	 3348.983032	 1	 79197	
7930000	 79300	 2.077615e-06	 3961.211395	 1	 79300	
7940000	 79400	 1.989301e-06	 3795.825910	 1	 79384	
7950000	 79500	 2.684047e-06	 5136.382628	 1	 79496	
7960000	 79600	 2.037251e-06	 3884.269381	 1	 79564	
7970000	 79700	 2.246879e-06	 4276.794602	 1	 79682	
7980000	 79800	 2.036755e-06	 3880.172627	 1	 79776	
7990000	 79900	 1.852619e-06	 3530.807988	 1	 79898	
8000000	 80000	 2.939817e-06	 5623.472352	 1	 79980	
8010000	 80100	 2.302037e-06	 4361.609916	 1	 80096	
8020000	 80200	 1.669200e-06	 3182.939822	 1	 80159	
8030000	 80300	 2.034846e-06	 3886.673758	 1	 80253	
8040000	 80400	 2.096327e-06	 4001.508693	 1	 80397	
8050000	 80500	 2.357926e-06	 4507.418910	 1	 80483	
8060000	 80600	 2.045259e-06	 3905.936163	 1	 80595	
8070000	 80700	 2.156622e-06	 4113.991737	 1	 80698	
8080000	 80800	 2.108071e-06	 4024.596467	 1	 80793	
8090000	 80900	 2.321471e-06	 4433.259200	 1	 80896	
8100000	 81000	 1.741623e-06	 3303.116718	 1	 80935	
8110000	 81100	 2.063029e-06	 3935.634866	 1	 81050	
8120000	 81200	 2.497132e-06	 4773.891625	 1	 81159	
8130000	 81300	 2.253626e-06	 4301.721824	 1	 81294	
8140000	 81400	 2.273247e-06	 4338.886802	 1	 81395	
8150000	 81500	 2.169113e-06	 4138.993339	 1	 81492	
8160000	 81600	 2.073354e-06	 3956.364795	 1	 81571	
8170000	 81700	 2.002080e-06	 3815.926708	 1	 81699	
8180000	 81800	 2.392079e-06	 4557.975793	 1	 81775	
8190000	 81900	 2.233247e-06	 4262.524955	 1	 81899	
8200000	 82000	 2.704474e-06	 5164.974997	 1	 81986	
8210000	 82100	 2.611859e-06	 4987.999385	 1	 82092	
8220000	 82200	 2.664795e-06	 5092.967221	 1	 82200	
8230000	 82300	 2.386623e-06	 4556.987611	 1	 82222	
8240000	 82400	 2.354970e-06	 4499.358935	 1	 82398	
8250000	 82500	 2.622908e-06	 5014.574867	 1	 82488	
8260000	 82600	 2.682797e-06	 5125.151357	 1	 82597	
8270000	 82700	 2.471110e-06	 4722.542654	 1	 82666	
8280000	 82800	 2.184051e-06	 4170.295183	 1	 82778	
8290000	 82900	 2.425935e-06	 4631.381189	 1	 82900	
8300000	 83000	 2.306169e-06	 4402.833965	 1	 82994	
8310000	 83100	 2.168063e-06	 4085.970509	 1	 83073	
8320000	 83200	 2.365505e-06	 4323.744665	 1	 83199	
8330000	 83300	 2.409124e-06	 4351.664233	 1	 83292	
8340000	 83400	 2.308128e-06	 4405.442910	 1	 83372	
8350000	 83500	 1.924901e-06	 3668.136956	 1	 83485	
8360000	 83600	 2.802234e-06	 5358.535267	 1	 83595	
8370000	 83700	 2.717361e-06	 5191.327075	 1	 83689	
8380000	 83800	 2.651231e-06	 5064.634541	 1	 83793	
8390000	 83900	 2.277096e-06	 4346.523351	 1	 83889	
8400000	 84000	 2.075785e-06	 3960.956414	 1	 83984	
8410000	 84100	 1.826864e-06	 3477.230056	 1	 84089	
8420000	 84200	 2.283357e-06	 4359.123270	 1	 84184	
8430000	 84300	 2.422846e-06	 4626.597715	 1	 84284	
8440000	 84400	 2.258534e-06	 4306.229725	 1	 84393	
8450000	 84500	 2.451211e-06	 4682.706093	 1	 84476	
8460000	 84600	 2.133119e-06	 4069.290657	 1	 84600	
8470000	 84700	 2.241353e-06	 4274.209188	 1	 84691	
8480000	 84800	 2.521992e-06	 4806.549110	 1	 84778	
8490000	 84900	 2.595519e-06	 4954.306002	 1	 84837	
8500000	 85000	 2.175160e-06	 4148.038382	 1	 84991	
8510000	 85100	 2.577862e-06	 4924.232417	 1	 85086	
8520000	 85200	 2.487623e-06	 4750.865278	 1	 85186	
8530000	 85300	 2.770104e-06	 5293.562638	 1	 85291	
8540000	 85400	 2.827127e-06	 5403.753667	 1	 85361	
8550000	 85500	 2.906145e-06	 5553.034402	 1	 85480	
8560000	 85600	 1.964356e-06	 3742.955383	 1	 85573	
8570000	 85700	 2.559112e-06	 4888.041828	 1	 85698	
8580000	 85800	 2.438557e-06	 4654.187036	 1	 85797	
8590000	 85900	 2.179041e-06	 4156.134405	 1	 85892	
8600000	 86000	 2.626174e-06	 4994.406737	 1	 85953	
8610000	 86100	 2.726214e-06	 5195.909698	 1	 86048	
8620000	 86200	 2.113602e-06	 4019.516886	 1	 86186	
8630000	 86300	 2.313983e-06	 4407.004750	 1	 86297	
8640000	 86400	 2.265726e-06	 4328.767704	 1	 86372	
8650000	 86500	 2.537509e-06	 4850.853701	 1	 86491	
8660000	 86600	 2.688252e-06	 5149.486232	 1	 86595	
8670000	 86700	 2.504552e-06	 4734.776783	 1	 86679	
8680000	 86800	 2.474256e-06	 4668.272239	 1	 86781	
8690000	 86900	 2.900389e-06	 5312.767024	 1	 86898	
8700000	 87000	 1.847700e-06	 3509.727427	 1	 87000	
8710000	 87100	 2.744756e-06	 5242.215027	 1	 87096	
8720000	 87200	 2.319601e-06	 4428.949684	 1	 87159	
8730000	 87300	 2.651619e-06	 5062.663864	 1	 87277	
8740000	 87400	 1.829493e-06	 3485.697565	 1	 87388	
8750000	 87500	 2.386725e-06	 4559.348551	 1	 87488	
8760000	 87600	 2.203313e-06	 4200.699978	 1	 87566	
8770000	 87700	 2.668984e-06	 5084.013766	 1	 87698	
8780000	 87800	 2.174859e-06	 4139.913563	 1	 87796	
8790000	 87900	 1.925192e-06	 3669.208996	 1	 87892	
8800000	 88000	 2.218482e-06	 4237.480218	 1	 87994	
8810000	 88100	 2.038733e-06	 3815.945578	 1	 88080	
8820000	 88200	 2.603693e-06	 4960.859170	 1	 88193	
8830000	 88300	 2.415862e-06	 4613.849838	 1	 88243	
8840000	 88400	 2.128849e-06	 4054.295973	 1	 88394	
8850000	 88500	 3.068720e-06	 5859.150582	 1	 88498	
8860000	 88600	 2.452122e-06	 4675.855437	 1	 88596	
8870000	 88700	 2.574820e-06	 4912.906950	 1	 88662	
8880000	 88800	 1.745964e-06	 3324.690896	 1	 88789	
8890000	 88900	 2.308105e-06	 4405.203877	 1	 88900	
8900000	 89000	 3.041428e-06	 5815.984560	 1	 88996	
8910000	 89100	 2.776308e-06	 5294.648500	 1	 89090	
8920000	 89200	 2.355304e-06	 4492.988905	 1	 89166	
8930000	 89300	 1.967464e-06	 3733.315738	 1	 89272	
8940000	 89400	 2.761285e-06	 5275.994585	 1	 89394	
8950000	 89500	 3.006074e-06	 5745.074656	 1	 89484	
8960000	 89600	 2.633864e-06	 5032.726614	 1	 89584	
8970000	 89700	 1.997272e-06	 3806.712190	 1	 89694	
8980000	 89800	 2.393255e-06	 4485.396211	 1	 89800	
8990000	 89900	 2.207692e-06	 4211.627617	 1	 89893	
9000000	 90000	 2.772615e-06	 5300.526952	 1	 89990	
9010000	 90100	 2.663925e-06	 5087.689849	 1	 90100	
9020000	 90200	 2.537141e-06	 4846.796479	 1	 90175	
9030000	 90300	 2.128214e-06	 4058.525568	 1	 90278	
9040000	 90400	 2.839025e-06	 5409.427204	 1	 90360	
9050000	 90500	 2.637037e-06	 5037.585179	 1	 90479	
9060000	 90600	 2.399080e-06	 4580.778968	 1	 90577	
9070000	 90700	 1.783089e-06	 3397.833714	 1	 90632	
9080000	 90800	 2.246238e-06	 4288.512473	 1	 90799	
9090000	 90900	 2.595207e-06	 4954.854932	 1	 90895	
9100000	 91000	 2.901133e-06	 5548.370284	 1	 90969	
9110000	 91100	 2.298229e-06	 4382.218286	 1	 91095	
9120000	 91200	 2.762197e-06	 5276.209616	 1	 91149	
9130000	 91300	 2.681080e-06	 5118.543676	 1	 91271	
9140000	 91400	 2.545408e-06	 4857.747272	 1	 91398	
9150000	 91500	 2.397812e-06	 4582.054091	 1	 91497	
9160000	 91600	 2.252098e-06	 4298.386753	 1	 91580	
9170000	 91700	 2.535245e-06	 4820.367539	 1	 91680	
9180000	 91800	 2.177366e-06	 4152.975369	 1	 91726	
9190000	 91900	 2.368340e-06	 4521.662443	 1	 91894	
9200000	 92000	 2.391954e-06	 4566.999530	 1	 92000	
9210000	 92100	 2.885194e-06	 5518.421491	 1	 92095	
9220000	 92200	 2.073612e-06	 3951.793151	 1	 92199	
9230000	 92300	 2.533339e-06	 4834.766114	 1	 92277	
9240000	 92400	 2.648524e-06	 5053.282785	 1	 92369	
9250000	 92500	 2.292062e-06	 4371.850777	 1	 92464	
9260000	 92600	 2.719696e-06	 5195.893729	 1	 92597	
9270000	 92700	 2.510466e-06	 4791.959322	 1	 92650	
9280000	 92800	 2.561177e-06	 4892.745656	 1	 92781	
9290000	 92900	 2.867646e-06	 5477.040146	 1	 92890	
9300000	 93000	 1.937258e-06	 3683.804965	 1	 92990	
9310000	 93100	 1.831498e-06	 3473.447439	 1	 93100	
9320000	 93200	 2.751273e-06	 5254.212832	 1	 93183	
9330000	 93300	 2.531737e-06	 4833.825148	 1	 93249	
9340000	 93400	 2.613844e-06	 4995.869872	 1	 93385	
9350000	 93500	 2.166997e-06	 4135.511341	 1	 93476	
9360000	 93600	 2.783419e-06	 5321.265115	 1	 93593	
9370000	 93700	 2.543367e-06	 4862.115312	 1	 93694	
9380000	 93800	 2.511731e-06	 4789.364395	 1	 93798	
9390000	 93900	 2.421237e-06	 4622.713740	 1	 93863	
9400000	 94000	 2.816011e-06	 5378.093855	 1	 93997	
9410000	 94100	 3.040637e-06	 5816.995790	 1	 94100	
9420000	 94200	 2.799790e-06	 5355.861250	 1	 94198	
9430000	 94300	 2.363173e-06	 4504.017019	 1	 94281	
9440000	 94400	 3.055938e-06	 5842.605897	 1	 94368	
9450000	 94500	 2.536552e-06	 4842.458250	 1	 94484	
9460000	 94600	 3.046738e-06	 5812.380604	 1	 94562	
9470000	 94700	 2.735757e-06	 5219.183599	 1	 94682	
9480000	 94800	 2.408839e-06	 4597.727541	 1	 94799	
9490000	 94900	 1.836105e-06	 3497.608239	 1	 94890	
9500000	 95000	 2.696095e-06	 5146.523194	 1	 94999	
9510000	 95100	 2.595886e-06	 4960.878707	 1	 95082	
9520000	 95200	 3.477966e-06	 6654.472191	 1	 95179	
9530000	 95300	 2.856376e-06	 5461.207853	 1	 95285	
9540000	 95400	 2.652129e-06	 5066.202675	 1	 95396	
9550000	 95500	 3.097393e-06	 5911.164013	 1	 95484	
9560000	 95600	 2.327836e-06	 4447.334389	 1	 95562	
9570000	 95700	 3.152054e-06	 6030.559522	 1	 95681	
9580000	 95800	 2.754143e-06	 5257.068368	 1	 95790	
9590000	 95900	 1.964020e-06	 3742.269254	 1	 95890	
9600000	 96000	 3.388881e-06	 6483.172216	 1	 95989	
9610000	 96100	 3.162778e-06	 6043.395645	 1	 96098	
9620000	 96200	 2.409119e-06	 4598.888786	 1	 96175	
9630000	 96300	 2.637858e-06	 5020.360364	 1	 96274	
9640000	 96400	 2.546891e-06	 4864.972143	 1	 96393	
9650000	 96500	 2.170825e-06	 4142.564010	 1	 96467	
9660000	 96600	 3.280946e-06	 6234.870658	 1	 96596	
9670000	 96700	 2.352480e-06	 4490.275937	 1	 96700	
9680000	 96800	 2.569944e-06	 4905.153718	 1	 96799	
9690000	 96900	 2.863202e-06	 5470.427956	 1	 96891	
9700000	 97000	 2.791355e-06	 5224.758387	 1	 97000	
9710000	 97100	 3.213894e-06	 5568.108313	 1	 97060	
9720000	 97200	 3.531499e-06	 6019.971950	 1	 97198	
9730000	 97300	 3.077835e-06	 5240.955796	 1	 97289	
9740000	 97400	 3.006082e-06	 5119.036997	 1	 97316	
9750000	 97500	 3.099038e-06	 5281.418668	 1	 97500	
9760000	 97600	 3.481823e-06	 5927.436638	 1	 97587	
9770000	 97700	 3.219676e-06	 5498.517101	 1	 97674	
9780000	 97800	 2.886203e-06	 4916.581789	 1	 97797	
9790000	 97900	 3.773486e-06	 6447.521957	 1	 97886	
9800000	 98000	 3.054915e-06	 5210.116714	 1	 97997	
9810000	 98100	 3.296536e-06	 5621.328790	 1	 98093	
9820000	 98200	 2.313012e-06	 3928.156726	 1	 98188	
9830000	 98300	 3.036169e-06	 5185.554331	 1	 98296	
9840000	 98400	 2.675604e-06	 4562.833942	 1	 98397	
9850000	 98500	 3.006433e-06	 5135.176374	 1	 98449	
9860000	 98600	 3.520182e-06	 6004.195001	 1	 98599	
9870000	 98700	 2.576720e-06	 4387.294379	 1	 98698	
9880000	 98800	 2.988526e-06	 5100.418313	 1	 98743	
9890000	 98900	 2.174159e-06	 3701.418851	 1	 98900	
9900000	 99000	 2.931974e-06	 4980.752647	 1	 98983	
9910000	 99100	 2.873492e-06	 4855.803852	 1	 99091	
9920000	 99200	 3.142934e-06	 5373.809191	 1	 99193	
9930000	 99300	 2.933864e-06	 5020.877359	 1	 99293	
9940000	 99400	 2.930250e-06	 5005.719643	 1	 99383	
9950000	 99500	 3.283732e-06	 5587.725961	 1	 99493	
9960000	 99600	 2.224922e-06	 3763.215883	 1	 99572	
9970000	 99700	 3.410097e-06	 5763.754449	 1	 99694	
9980000	 99800	 2.709256e-06	 4576.805442	 1	 99798	
9990000	 99900	 3.191546e-06	 5415.714187	 1	 99873	
10000000	 100000	 3.791433e-06	 6441.710531	 1	 99991	
