1000	 1000	 2.820000e-07	 265.827000	 1	 10	
1100	 1100	 2.645455e-07	 301.283636	 1	 11	
1200	 1200	 9.916667e-08	 301.335000	 1	 11	
1300	 1300	 9.384615e-08	 334.143846	 1	 11	
1400	 1400	 8.857143e-08	 365.960000	 1	 11	
1500	 1500	 9.666667e-08	 385.762667	 1	 11	
1600	 1600	 9.625000e-08	 400.730000	 1	 11	
1700	 1700	 8.411765e-08	 441.941765	 1	 11	
1800	 1800	 8.666667e-08	 460.079444	 1	 11	
1900	 1900	 9.315789e-08	 488.966842	 1	 11	
2000	 2000	 8.950000e-08	 516.134500	 1	 11	
2100	 2100	 8.809524e-08	 530.104286	 1	 12	
2200	 2200	 9.772727e-08	 566.185455	 1	 12	
2300	 2300	 9.304348e-08	 593.350435	 1	 12	
2400	 2400	 9.208333e-08	 603.547917	 1	 12	
2500	 2500	 9.080000e-08	 638.421600	 1	 12	
2600	 2600	 9.192308e-08	 680.662692	 1	 12	
2700	 2700	 1.014815e-07	 689.261481	 1	 12	
2800	 2800	 8.750000e-08	 709.984643	 1	 12	
2900	 2900	 9.310345e-08	 731.886897	 1	 12	
3000	 3000	 8.466667e-08	 754.784000	 1	 12	
3100	 3100	 7.645161e-08	 781.646452	 1	 12	
3200	 3200	 7.875000e-08	 805.949062	 1	 12	
3300	 3300	 7.121212e-08	 828.381212	 1	 12	
3400	 3400	 6.617647e-08	 866.504706	 1	 12	
3500	 3500	 5.885714e-08	 894.871429	 1	 12	
3600	 3600	 5.666667e-08	 897.951389	 1	 12	
3700	 3700	 5.756757e-08	 922.177027	 1	 12	
3800	 3800	 5.000000e-08	 980.036316	 1	 12	
3900	 3900	 5.589744e-08	 1002.575385	 1	 12	
4000	 4000	 5.700000e-08	 1004.184500	 1	 12	
4100	 4100	 5.975610e-08	 1054.502683	 1	 13	
4200	 4200	 4.714286e-08	 1083.036429	 1	 13	
4300	 4300	 4.837209e-08	 1087.200698	 1	 13	
4400	 4400	 4.931818e-08	 1126.372273	 1	 13	
4500	 4500	 4.488889e-08	 1137.246889	 1	 13	
4600	 4600	 4.543478e-08	 1187.622391	 1	 13	
4700	 4700	 4.340426e-08	 1189.261064	 1	 13	
4800	 4800	 4.708333e-08	 1221.222500	 1	 13	
4900	 4900	 5.367347e-08	 1237.621020	 1	 13	
5000	 5000	 4.800000e-08	 1263.631800	 1	 13	
5100	 5100	 4.960784e-08	 1291.995490	 1	 13	
5200	 5200	 4.519231e-08	 1301.450577	 1	 13	
5300	 5300	 4.849057e-08	 1356.279434	 1	 13	
5400	 5400	 4.500000e-08	 1370.800000	 1	 13	
5500	 5500	 4.800000e-08	 1395.520000	 1	 13	
5600	 5600	 5.589286e-08	 1422.646607	 1	 13	
5700	 5700	 4.614035e-08	 1417.234912	 1	 13	
5800	 5800	 4.637931e-08	 1462.736207	 1	 13	
5900	 5900	 5.033898e-08	 1493.593390	 1	 13	
6000	 6000	 4.883333e-08	 1510.462500	 1	 13	
6100	 6100	 4.852459e-08	 1541.147705	 1	 13	
6200	 6200	 4.677419e-08	 1556.124839	 1	 13	
6300	 6300	 4.968254e-08	 1569.161746	 1	 13	
6400	 6400	 5.171875e-08	 1619.544219	 1	 13	
6500	 6500	 4.984615e-08	 1636.087077	 1	 13	
6600	 6600	 5.015152e-08	 1672.334545	 1	 13	
6700	 6700	 5.089552e-08	 1694.267612	 1	 13	
6800	 6800	 4.779412e-08	 1704.036176	 1	 13	
6900	 6900	 4.826087e-08	 1731.756667	 1	 13	
7000	 7000	 4.885714e-08	 1769.072571	 1	 13	
7100	 7100	 4.873239e-08	 1784.991690	 1	 13	
7200	 7200	 4.833333e-08	 1839.062639	 1	 13	
7300	 7300	 5.246575e-08	 1823.060685	 1	 13	
7400	 7400	 4.851351e-08	 1855.256081	 1	 13	
7500	 7500	 5.026667e-08	 1919.514267	 1	 13	
7600	 7600	 4.842105e-08	 1908.552763	 1	 13	
7700	 7700	 4.740260e-08	 1921.182857	 1	 13	
7800	 7800	 5.038462e-08	 1963.895769	 1	 13	
7900	 7900	 4.886076e-08	 2002.935190	 1	 13	
8000	 8000	 4.850000e-08	 2009.347500	 1	 13	
8100	 8100	 4.728395e-08	 2012.388148	 1	 13	
8200	 8200	 4.829268e-08	 2063.040976	 1	 14	
8300	 8300	 4.771084e-08	 2067.844699	 1	 14	
8400	 8400	 4.892857e-08	 2126.776905	 1	 14	
8500	 8500	 4.635294e-08	 2112.428706	 1	 14	
8600	 8600	 4.825581e-08	 2144.430581	 1	 14	
8700	 8700	 4.816092e-08	 2176.271609	 1	 14	
8800	 8800	 4.750000e-08	 2222.097500	 1	 14	
8900	 8900	 4.831461e-08	 2269.033596	 1	 14	
9000	 9000	 5.122222e-08	 2267.640889	 1	 14	
9100	 9100	 4.846154e-08	 2264.788901	 1	 14	
9200	 9200	 4.793478e-08	 2304.348696	 1	 14	
9300	 9300	 4.795699e-08	 2342.982581	 1	 14	
9400	 9400	 4.574468e-08	 2379.932766	 1	 14	
9500	 9500	 4.821053e-08	 2388.099684	 1	 14	
9600	 9600	 5.072917e-08	 2421.692917	 1	 14	
9700	 9700	 5.278351e-08	 2427.655155	 1	 14	
9800	 9800	 4.938776e-08	 2461.877653	 1	 14	
9900	 9900	 5.151515e-08	 2481.681515	 1	 14	
10000	 10000	 4.850000e-08	 2539.046600	 1	 14	
10100	 10100	 6.633663e-08	 2537.321485	 1	 14	
10200	 10200	 5.990196e-08	 2554.706863	 1	 14	
10300	 10300	 4.961165e-08	 2579.495728	 1	 14	
10400	 10400	 4.759615e-08	 2590.045673	 1	 14	
10500	 10500	 4.971429e-08	 2605.472571	 1	 14	
10600	 10600	 4.820755e-08	 2651.794811	 1	 14	
10700	 10700	 5.000000e-08	 2684.802056	 1	 14	
10800	 10800	 5.083333e-08	 2736.604537	 1	 14	
10900	 10900	 5.082569e-08	 2764.513119	 1	 14	
11000	 11000	 4.754545e-08	 2751.355091	 1	 14	
11100	 11100	 4.810811e-08	 2792.926306	 1	 14	
11200	 11200	 5.000000e-08	 2816.804464	 1	 14	
11300	 11300	 5.070796e-08	 2837.876106	 1	 14	
11400	 11400	 5.184211e-08	 2835.262982	 1	 14	
11500	 11500	 5.026087e-08	 2923.428783	 1	 14	
11600	 11600	 4.931034e-08	 2881.277672	 1	 14	
11700	 11700	 4.923077e-08	 2925.204701	 1	 14	
11800	 11800	 4.906780e-08	 2954.635169	 1	 14	
11900	 11900	 5.134454e-08	 2980.450000	 1	 14	
12000	 12000	 5.158333e-08	 3023.678000	 1	 14	
12100	 12100	 5.198347e-08	 2998.147438	 1	 14	
12200	 12200	 5.278689e-08	 3051.722295	 1	 14	
12300	 12300	 5.146341e-08	 3074.225203	 1	 14	
12400	 12400	 5.483871e-08	 3099.661290	 1	 14	
12500	 12500	 5.000000e-08	 3119.595840	 1	 14	
12600	 12600	 5.198413e-08	 3179.064603	 1	 14	
12700	 12700	 4.803150e-08	 3198.869449	 1	 14	
12800	 12800	 5.164063e-08	 3237.866484	 1	 14	
12900	 12900	 4.953488e-08	 3239.062481	 1	 14	
13000	 13000	 5.130769e-08	 3276.369846	 1	 14	
13100	 13100	 4.908397e-08	 3261.505725	 1	 14	
13200	 13200	 5.204545e-08	 3279.572652	 1	 14	
13300	 13300	 5.300752e-08	 3359.804286	 1	 14	
13400	 13400	 5.074627e-08	 3381.397687	 1	 14	
13500	 13500	 5.377778e-08	 3363.407037	 1	 14	
13600	 13600	 5.044118e-08	 3429.457574	 1	 14	
13700	 13700	 5.649635e-08	 3446.210949	 1	 14	
13800	 13800	 5.239130e-08	 3474.169565	 1	 14	
13900	 13900	 5.000000e-08	 3467.909640	 1	 14	
14000	 14000	 4.892857e-08	 3462.190429	 1	 14	
14100	 14100	 5.404255e-08	 3538.000780	 1	 14	
14200	 14200	 5.218310e-08	 3545.839085	 1	 14	
14300	 14300	 5.000000e-08	 3572.653566	 1	 14	
14400	 14400	 5.006944e-08	 3608.801250	 1	 14	
14500	 14500	 5.158621e-08	 3650.163655	 1	 14	
14600	 14600	 5.020548e-08	 3632.323014	 1	 14	
14700	 14700	 4.979592e-08	 3667.411633	 1	 14	
14800	 14800	 5.729730e-08	 3712.720541	 1	 14	
14900	 14900	 5.174497e-08	 3772.019530	 1	 14	
15000	 15000	 5.073333e-08	 3787.125533	 1	 14	
15100	 15100	 4.933775e-08	 3774.590464	 1	 14	
15200	 15200	 5.375000e-08	 3793.616776	 1	 14	
15300	 15300	 5.398693e-08	 3807.763399	 1	 14	
15400	 15400	 4.987013e-08	 3842.405130	 1	 14	
15500	 15500	 4.993548e-08	 3870.967742	 1	 14	
15600	 15600	 5.038462e-08	 3899.905449	 1	 14	
15700	 15700	 5.191083e-08	 3915.909490	 1	 14	
15800	 15800	 4.867089e-08	 3910.006962	 1	 14	
15900	 15900	 4.949686e-08	 3994.727484	 1	 14	
16000	 16000	 4.931250e-08	 4015.565250	 1	 14	
16100	 16100	 4.913043e-08	 4043.610497	 1	 14	
16200	 16200	 4.888889e-08	 4087.100556	 1	 14	
16300	 16300	 4.932515e-08	 4110.637791	 1	 14	
16400	 16400	 5.000000e-08	 4094.019085	 1	 15	
16500	 16500	 4.878788e-08	 4218.064727	 1	 15	
16600	 16600	 5.090361e-08	 4147.662831	 1	 15	
16700	 16700	 4.910180e-08	 4157.745210	 1	 15	
16800	 16800	 4.928571e-08	 4219.205000	 1	 15	
16900	 16900	 4.875740e-08	 4242.883373	 1	 15	
17000	 17000	 4.864706e-08	 4245.925353	 1	 15	
17100	 17100	 4.836257e-08	 4294.846667	 1	 15	
17200	 17200	 4.953488e-08	 4361.935116	 1	 15	
17300	 17300	 4.965318e-08	 4303.412486	 1	 15	
17400	 17400	 4.879310e-08	 4345.320402	 1	 15	
17500	 17500	 4.885714e-08	 4376.736971	 1	 15	
17600	 17600	 5.005682e-08	 4415.665966	 1	 15	
17700	 17700	 4.943503e-08	 4431.124407	 1	 15	
17800	 17800	 4.971910e-08	 4474.018596	 1	 15	
17900	 17900	 4.787709e-08	 4503.704246	 1	 15	
18000	 18000	 4.850000e-08	 4543.523778	 1	 15	
18100	 18100	 4.994475e-08	 4553.024917	 1	 15	
18200	 18200	 5.269231e-08	 4537.541099	 1	 15	
18300	 18300	 5.032787e-08	 4571.081366	 1	 15	
18400	 18400	 4.880435e-08	 4611.763859	 1	 15	
18500	 18500	 4.929730e-08	 4650.929243	 1	 15	
18600	 18600	 5.231183e-08	 4664.860108	 1	 15	
18700	 18700	 5.074866e-08	 4686.593957	 1	 15	
18800	 18800	 5.180851e-08	 4701.413085	 1	 15	
18900	 18900	 5.015873e-08	 4741.993757	 1	 15	
19000	 19000	 5.015789e-08	 4741.433474	 1	 15	
19100	 19100	 4.994764e-08	 4752.018377	 1	 15	
19200	 19200	 4.963542e-08	 4791.746875	 1	 15	
19300	 19300	 4.943005e-08	 4834.968653	 1	 15	
19400	 19400	 4.974227e-08	 4872.989536	 1	 15	
19500	 19500	 4.979487e-08	 4840.358051	 1	 15	
19600	 19600	 5.234694e-08	 4908.214541	 1	 15	
19700	 19700	 4.923858e-08	 4936.516751	 1	 15	
19800	 19800	 5.424242e-08	 4979.448030	 1	 15	
19900	 19900	 4.989950e-08	 4991.198241	 1	 15	
20000	 20000	 5.100000e-08	 4985.611650	 1	 15	
20100	 20100	 5.114428e-08	 5025.672587	 1	 15	
20200	 20200	 5.014851e-08	 5050.878267	 1	 15	
20300	 20300	 5.059113e-08	 5045.518079	 1	 15	
20400	 20400	 5.284314e-08	 5131.140441	 1	 15	
20500	 20500	 5.131707e-08	 5133.321805	 1	 15	
20600	 20600	 4.985437e-08	 5131.030485	 1	 15	
20700	 20700	 5.000000e-08	 5197.333478	 1	 15	
20800	 20800	 5.153846e-08	 5244.506779	 1	 15	
20900	 20900	 5.220096e-08	 5227.885981	 1	 15	
21000	 21000	 5.185714e-08	 5228.067476	 1	 15	
21100	 21100	 5.047393e-08	 5256.892796	 1	 15	
21200	 21200	 5.150943e-08	 5283.847925	 1	 15	
21300	 21300	 4.948357e-08	 5331.015962	 1	 15	
21400	 21400	 5.186916e-08	 5389.414439	 1	 15	
21500	 21500	 5.111628e-08	 5422.836651	 1	 15	
21600	 21600	 5.180556e-08	 5431.338426	 1	 15	
21700	 21700	 5.138249e-08	 5458.292074	 1	 15	
21800	 21800	 5.458716e-08	 5469.420275	 1	 15	
21900	 21900	 5.200913e-08	 5470.913288	 1	 15	
22000	 22000	 5.268182e-08	 5515.448409	 1	 15	
22100	 22100	 5.443439e-08	 5529.062534	 1	 15	
22200	 22200	 5.135135e-08	 5558.285901	 1	 15	
22300	 22300	 5.251121e-08	 5593.249193	 1	 15	
22400	 22400	 5.098214e-08	 5616.488259	 1	 15	
22500	 22500	 5.271111e-08	 5591.978844	 1	 15	
22600	 22600	 5.283186e-08	 5679.834204	 1	 15	
22700	 22700	 5.105727e-08	 5698.457181	 1	 15	
22800	 22800	 5.162281e-08	 5699.213596	 1	 15	
22900	 22900	 5.323144e-08	 5693.215677	 1	 15	
23000	 23000	 5.939130e-08	 5773.647130	 1	 15	
23100	 23100	 5.272727e-08	 5763.601991	 1	 15	
23200	 23200	 5.086207e-08	 5786.254741	 1	 15	
23300	 23300	 5.090129e-08	 5859.641931	 1	 15	
23400	 23400	 5.277778e-08	 5899.106880	 1	 15	
23500	 23500	 5.208511e-08	 5894.453787	 1	 15	
23600	 23600	 5.241525e-08	 5922.218771	 1	 15	
23700	 23700	 5.345992e-08	 5960.897848	 1	 15	
23800	 23800	 5.491597e-08	 5974.170840	 1	 15	
23900	 23900	 5.280335e-08	 5955.240084	 1	 15	
24000	 24000	 5.333333e-08	 5999.600375	 1	 15	
24100	 24100	 5.207469e-08	 6068.389087	 1	 15	
24200	 24200	 5.227273e-08	 6065.010661	 1	 15	
24300	 24300	 5.456790e-08	 6072.854609	 1	 15	
24400	 24400	 5.389344e-08	 6106.748730	 1	 15	
24500	 24500	 5.346939e-08	 6127.938163	 1	 15	
24600	 24600	 5.178862e-08	 6173.016260	 1	 15	
24700	 24700	 5.165992e-08	 6178.809312	 1	 15	
24800	 24800	 5.108871e-08	 6186.497984	 1	 15	
24900	 24900	 5.305221e-08	 6225.976345	 1	 15	
25000	 25000	 5.420000e-08	 6287.365960	 1	 15	
25100	 25100	 5.446215e-08	 6279.707928	 1	 15	
25200	 25200	 5.246032e-08	 6321.653333	 1	 15	
25300	 25300	 5.426877e-08	 6301.585336	 1	 15	
25400	 25400	 5.330709e-08	 6351.158150	 1	 15	
25500	 25500	 5.309804e-08	 6362.602824	 1	 15	
25600	 25600	 5.320313e-08	 6378.566523	 1	 15	
25700	 25700	 5.233463e-08	 6449.912335	 1	 15	
25800	 25800	 5.348837e-08	 6462.998953	 1	 15	
25900	 25900	 5.660232e-08	 6490.395097	 1	 15	
26000	 26000	 5.453846e-08	 6533.283962	 1	 15	
26100	 26100	 5.409962e-08	 6574.299502	 1	 15	
26200	 26200	 5.419847e-08	 6557.557901	 1	 15	
26300	 26300	 5.589354e-08	 6581.715019	 1	 15	
26400	 26400	 5.363636e-08	 6609.764886	 1	 15	
26500	 26500	 5.520755e-08	 6652.142075	 1	 15	
26600	 26600	 6.334586e-08	 6695.093985	 1	 15	
26700	 26700	 5.217228e-08	 6678.955618	 1	 15	
26800	 26800	 5.264925e-08	 6695.942351	 1	 15	
26900	 26900	 5.587361e-08	 6730.971636	 1	 15	
27000	 27000	 5.351852e-08	 6823.779444	 1	 15	
27100	 27100	 5.232472e-08	 6827.947306	 1	 15	
27200	 27200	 5.363971e-08	 6793.300662	 1	 15	
27300	 27300	 5.223443e-08	 6875.537766	 1	 15	
27400	 27400	 5.160584e-08	 6875.997993	 1	 15	
27500	 27500	 5.414545e-08	 6956.573455	 1	 15	
27600	 27600	 5.271739e-08	 6894.425181	 1	 15	
27700	 27700	 5.057762e-08	 6885.653394	 1	 15	
27800	 27800	 5.241007e-08	 6991.952518	 1	 15	
27900	 27900	 5.293907e-08	 6974.409928	 1	 15	
28000	 28000	 5.325000e-08	 7000.937179	 1	 15	
28100	 28100	 5.302491e-08	 7026.885694	 1	 15	
28200	 28200	 5.436170e-08	 7072.248475	 1	 15	
28300	 28300	 5.328622e-08	 7112.828198	 1	 15	
28400	 28400	 5.859155e-08	 7029.646197	 1	 15	
28500	 28500	 5.214035e-08	 7179.226737	 1	 15	
28600	 28600	 5.374126e-08	 7180.325734	 1	 15	
28700	 28700	 5.372822e-08	 7186.435749	 1	 15	
28800	 28800	 5.371528e-08	 7215.964375	 1	 15	
28900	 28900	 5.363322e-08	 7244.666401	 1	 15	
29000	 29000	 5.220690e-08	 7248.633448	 1	 15	
29100	 29100	 5.591065e-08	 7288.589175	 1	 15	
29200	 29200	 5.260274e-08	 7287.524555	 1	 15	
29300	 29300	 5.204778e-08	 7299.674061	 1	 15	
29400	 29400	 5.173469e-08	 7375.380850	 1	 15	
29500	 29500	 5.237288e-08	 7438.744542	 1	 15	
29600	 29600	 5.472973e-08	 7397.385878	 1	 15	
29700	 29700	 5.932660e-08	 7406.759899	 1	 15	
29800	 29800	 5.244966e-08	 7477.055805	 1	 15	
29900	 29900	 5.311037e-08	 7509.376054	 1	 15	
30000	 30000	 5.496667e-08	 7455.557567	 1	 15	
30100	 30100	 5.215947e-08	 7524.648140	 1	 15	
30200	 30200	 5.172185e-08	 7567.254603	 1	 15	
30300	 30300	 5.458746e-08	 7622.177360	 1	 15	
30400	 30400	 5.292763e-08	 7550.548059	 1	 15	
30500	 30500	 5.121311e-08	 7693.755508	 1	 15	
30600	 30600	 5.294118e-08	 7647.254052	 1	 15	
30700	 30700	 5.214984e-08	 7729.207557	 1	 15	
30800	 30800	 6.165584e-08	 7722.702078	 1	 15	
30900	 30900	 5.171521e-08	 7760.368576	 1	 15	
31000	 31000	 5.325806e-08	 7781.236355	 1	 15	
31100	 31100	 5.295820e-08	 7816.510000	 1	 15	
31200	 31200	 5.182692e-08	 7845.280577	 1	 15	
31300	 31300	 5.408946e-08	 7815.086070	 1	 15	
31400	 31400	 5.229299e-08	 7830.049045	 1	 15	
31500	 31500	 5.317460e-08	 7874.439968	 1	 15	
31600	 31600	 5.746835e-08	 7941.017278	 1	 15	
31700	 31700	 5.277603e-08	 7953.843975	 1	 15	
31800	 31800	 5.128931e-08	 7999.473333	 1	 15	
31900	 31900	 5.645768e-08	 7978.367492	 1	 15	
32000	 32000	 5.356250e-08	 7992.352344	 1	 15	
32100	 32100	 5.208723e-08	 8054.877040	 1	 15	
32200	 32200	 5.074534e-08	 8064.901366	 1	 15	
32300	 32300	 5.089783e-08	 8067.839350	 1	 15	
32400	 32400	 5.108025e-08	 8135.539599	 1	 15	
32500	 32500	 5.058462e-08	 8165.539385	 1	 15	
32600	 32600	 5.150307e-08	 8143.683160	 1	 15	
32700	 32700	 5.122324e-08	 8251.236086	 1	 15	
32800	 32800	 5.457317e-08	 8175.647165	 1	 16	
32900	 32900	 5.115502e-08	 8254.070821	 1	 16	
33000	 33000	 5.039394e-08	 8305.606909	 1	 16	
33100	 33100	 5.021148e-08	 8262.545438	 1	 16	
33200	 33200	 5.195783e-08	 8316.462048	 1	 16	
33300	 33300	 5.093093e-08	 8349.985646	 1	 16	
33400	 33400	 5.407186e-08	 8404.469042	 1	 16	
33500	 33500	 5.023881e-08	 8387.189224	 1	 16	
33600	 33600	 5.104167e-08	 8414.660982	 1	 16	
33700	 33700	 5.501484e-08	 8458.967300	 1	 16	
33800	 33800	 5.834320e-08	 8483.189467	 1	 16	
33900	 33900	 5.026549e-08	 8525.554897	 1	 16	
34000	 34000	 5.055882e-08	 8544.613088	 1	 16	
34100	 34100	 4.997067e-08	 8477.947185	 1	 16	
34200	 34200	 5.260234e-08	 8535.214474	 1	 16	
34300	 34300	 5.317784e-08	 8624.263644	 1	 16	
34400	 34400	 5.171512e-08	 8572.482529	 1	 16	
34500	 34500	 5.086957e-08	 8647.518696	 1	 16	
34600	 34600	 5.234104e-08	 8659.078728	 1	 16	
34700	 34700	 5.072046e-08	 8652.728069	 1	 16	
34800	 34800	 5.109195e-08	 8767.717989	 1	 16	
34900	 34900	 5.163324e-08	 8807.868424	 1	 16	
35000	 35000	 5.011429e-08	 8743.715400	 1	 16	
35100	 35100	 5.148148e-08	 8857.270969	 1	 16	
35200	 35200	 5.045455e-08	 8770.998864	 1	 16	
35300	 35300	 5.150142e-08	 8839.568414	 1	 16	
35400	 35400	 5.200565e-08	 8863.486949	 1	 16	
35500	 35500	 5.115493e-08	 8890.171887	 1	 16	
35600	 35600	 4.969101e-08	 8930.506067	 1	 16	
35700	 35700	 5.019608e-08	 8974.295490	 1	 16	
35800	 35800	 5.178771e-08	 8951.965335	 1	 16	
35900	 35900	 5.075209e-08	 8994.416323	 1	 16	
36000	 36000	 5.069444e-08	 9010.989417	 1	 16	
36100	 36100	 5.080332e-08	 9020.598837	 1	 16	
36200	 36200	 5.162983e-08	 9106.727956	 1	 16	
36300	 36300	 5.101928e-08	 9043.139449	 1	 16	
36400	 36400	 5.129121e-08	 9151.135055	 1	 16	
36500	 36500	 5.473973e-08	 9121.581534	 1	 16	
36600	 36600	 5.153005e-08	 9184.970492	 1	 16	
36700	 36700	 5.136240e-08	 9151.326403	 1	 16	
36800	 36800	 5.230978e-08	 9179.177174	 1	 16	
36900	 36900	 5.157182e-08	 9299.951599	 1	 16	
37000	 37000	 5.108108e-08	 9273.860162	 1	 16	
37100	 37100	 5.185984e-08	 9273.828787	 1	 16	
37200	 37200	 5.142473e-08	 9366.416317	 1	 16	
37300	 37300	 5.134048e-08	 9404.202735	 1	 16	
37400	 37400	 5.168449e-08	 9369.227487	 1	 16	
37500	 37500	 5.136000e-08	 9402.047387	 1	 16	
37600	 37600	 5.164894e-08	 9405.524867	 1	 16	
37700	 37700	 5.122016e-08	 9413.059416	 1	 16	
37800	 37800	 5.650794e-08	 9516.182725	 1	 16	
37900	 37900	 5.155673e-08	 9493.828047	 1	 16	
38000	 38000	 5.323684e-08	 9545.163737	 1	 16	
38100	 38100	 5.267717e-08	 9537.420079	 1	 16	
38200	 38200	 5.248691e-08	 9577.430681	 1	 16	
38300	 38300	 5.469974e-08	 9604.109426	 1	 16	
38400	 38400	 5.174479e-08	 9649.181589	 1	 16	
38500	 38500	 5.184416e-08	 9649.997273	 1	 16	
38600	 38600	 5.176166e-08	 9684.425104	 1	 16	
38700	 38700	 5.144703e-08	 9667.069819	 1	 16	
38800	 38800	 5.126289e-08	 9782.109253	 1	 16	
38900	 38900	 5.485861e-08	 9689.951311	 1	 16	
39000	 39000	 5.264103e-08	 9785.430179	 1	 16	
39100	 39100	 5.508951e-08	 9737.554962	 1	 16	
39200	 39200	 5.260204e-08	 9890.552296	 1	 16	
39300	 39300	 5.226463e-08	 9854.465903	 1	 16	
39400	 39400	 5.289340e-08	 9836.004442	 1	 16	
39500	 39500	 5.402532e-08	 9851.321139	 1	 16	
39600	 39600	 5.315657e-08	 9898.928535	 1	 16	
39700	 39700	 5.420655e-08	 9912.780277	 1	 16	
39800	 39800	 5.394472e-08	 9937.324322	 1	 16	
39900	 39900	 5.278195e-08	 9990.116516	 1	 16	
40000	 40000	 5.360000e-08	 9991.389925	 1	 16	
40100	 40100	 5.319202e-08	 10029.074439	 1	 16	
40200	 40200	 5.445274e-08	 10092.595572	 1	 16	
40300	 40300	 5.327543e-08	 10082.453821	 1	 16	
40400	 40400	 5.225248e-08	 10141.772327	 1	 16	
40500	 40500	 5.241975e-08	 10202.055309	 1	 16	
40600	 40600	 5.485222e-08	 10210.784089	 1	 16	
40700	 40700	 5.373464e-08	 10129.419631	 1	 16	
40800	 40800	 5.480392e-08	 10208.583137	 1	 16	
40900	 40900	 5.278729e-08	 10228.891883	 1	 16	
41000	 41000	 5.226829e-08	 10245.735780	 1	 16	
41100	 41100	 5.133820e-08	 10329.450511	 1	 16	
41200	 41200	 5.446602e-08	 10323.388592	 1	 16	
41300	 41300	 5.210654e-08	 10340.173826	 1	 16	
41400	 41400	 5.314010e-08	 10310.601039	 1	 16	
41500	 41500	 5.262651e-08	 10396.569663	 1	 16	
41600	 41600	 5.257212e-08	 10389.447308	 1	 16	
41700	 41700	 5.645084e-08	 10464.869161	 1	 16	
41800	 41800	 5.184211e-08	 10502.074904	 1	 16	
41900	 41900	 5.264916e-08	 10498.084200	 1	 16	
42000	 42000	 5.240476e-08	 10505.031548	 1	 16	
42100	 42100	 5.296912e-08	 10544.644774	 1	 16	
42200	 42200	 5.478673e-08	 10621.947204	 1	 16	
42300	 42300	 5.451537e-08	 10568.545839	 1	 16	
42400	 42400	 5.212264e-08	 10605.869929	 1	 16	
42500	 42500	 5.317647e-08	 10677.865812	 1	 16	
42600	 42600	 5.199531e-08	 10690.435845	 1	 16	
42700	 42700	 5.288056e-08	 10747.401967	 1	 16	
42800	 42800	 5.308411e-08	 10685.919229	 1	 16	
42900	 42900	 5.417249e-08	 10705.365828	 1	 16	
43000	 43000	 5.255814e-08	 10751.552930	 1	 16	
43100	 43100	 5.533643e-08	 10782.221276	 1	 16	
43200	 43200	 5.592593e-08	 10799.402454	 1	 16	
43300	 43300	 5.471132e-08	 10879.734273	 1	 16	
43400	 43400	 5.294931e-08	 10797.643940	 1	 16	
43500	 43500	 5.278161e-08	 10861.238644	 1	 16	
43600	 43600	 5.417431e-08	 10878.725252	 1	 16	
43700	 43700	 5.473684e-08	 10957.250801	 1	 16	
43800	 43800	 5.310502e-08	 10984.063904	 1	 16	
43900	 43900	 5.407745e-08	 11046.978565	 1	 16	
44000	 44000	 5.697727e-08	 11038.022591	 1	 16	
44100	 44100	 5.473923e-08	 11028.544807	 1	 16	
44200	 44200	 5.547511e-08	 11123.912760	 1	 16	
44300	 44300	 5.356659e-08	 11110.149774	 1	 16	
44400	 44400	 5.569820e-08	 11083.561689	 1	 16	
44500	 44500	 5.442697e-08	 11133.088539	 1	 16	
44600	 44600	 5.347534e-08	 11169.780942	 1	 16	
44700	 44700	 5.317673e-08	 11256.671611	 1	 16	
44800	 44800	 5.292411e-08	 11229.375893	 1	 16	
44900	 44900	 5.463252e-08	 11237.972094	 1	 16	
45000	 45000	 5.404444e-08	 11220.149311	 1	 16	
45100	 45100	 5.310421e-08	 11295.477738	 1	 16	
45200	 45200	 5.398230e-08	 11359.396858	 1	 16	
45300	 45300	 5.397351e-08	 11324.063201	 1	 16	
45400	 45400	 5.337004e-08	 11313.557203	 1	 16	
45500	 45500	 6.173626e-08	 11392.433780	 1	 16	
45600	 45600	 5.508772e-08	 11403.948224	 1	 16	
45700	 45700	 5.319475e-08	 11470.788337	 1	 16	
45800	 45800	 5.602620e-08	 11452.879148	 1	 16	
45900	 45900	 5.464052e-08	 11479.121634	 1	 16	
46000	 46000	 5.536957e-08	 11488.779696	 1	 16	
46100	 46100	 5.312364e-08	 11507.030325	 1	 16	
46200	 46200	 5.385281e-08	 11589.327186	 1	 16	
46300	 46300	 5.444924e-08	 11571.462441	 1	 16	
46400	 46400	 5.357759e-08	 11704.820259	 1	 16	
46500	 46500	 5.589247e-08	 11674.108581	 1	 16	
46600	 46600	 5.615880e-08	 11699.688648	 1	 16	
46700	 46700	 5.351178e-08	 11638.631178	 1	 16	
46800	 46800	 5.341880e-08	 11724.297543	 1	 16	
46900	 46900	 5.452026e-08	 11736.125309	 1	 16	
47000	 47000	 5.561702e-08	 11814.666830	 1	 16	
47100	 47100	 5.390658e-08	 11761.629618	 1	 16	
47200	 47200	 5.544492e-08	 11845.521716	 1	 16	
47300	 47300	 5.433404e-08	 11866.175307	 1	 16	
47400	 47400	 5.449367e-08	 11849.447848	 1	 16	
47500	 47500	 5.722105e-08	 11907.548800	 1	 16	
47600	 47600	 5.430672e-08	 11935.082626	 1	 16	
47700	 47700	 5.496855e-08	 11893.400692	 1	 16	
47800	 47800	 5.481172e-08	 11877.080460	 1	 16	
47900	 47900	 5.519833e-08	 11949.297390	 1	 16	
48000	 48000	 5.502083e-08	 11971.532292	 1	 16	
48100	 48100	 5.515593e-08	 12035.561726	 1	 16	
48200	 48200	 5.541494e-08	 12136.062054	 1	 16	
48300	 48300	 5.401656e-08	 12098.680269	 1	 16	
48400	 48400	 5.363636e-08	 12147.600434	 1	 16	
48500	 48500	 5.606186e-08	 12115.000948	 1	 16	
48600	 48600	 5.524691e-08	 12165.764897	 1	 16	
48700	 48700	 5.554415e-08	 12160.474415	 1	 16	
48800	 48800	 5.325820e-08	 12267.211988	 1	 16	
48900	 48900	 5.498978e-08	 12238.896687	 1	 16	
49000	 49000	 5.418367e-08	 12238.009204	 1	 16	
49100	 49100	 6.000000e-08	 12356.181874	 1	 16	
49200	 49200	 5.481707e-08	 12263.311321	 1	 16	
49300	 49300	 5.588235e-08	 12366.621440	 1	 16	
49400	 49400	 5.995951e-08	 12390.693036	 1	 16	
49500	 49500	 5.432323e-08	 12462.860364	 1	 16	
49600	 49600	 5.463710e-08	 12402.503407	 1	 16	
49700	 49700	 5.509054e-08	 12393.936519	 1	 16	
49800	 49800	 5.457831e-08	 12449.444819	 1	 16	
49900	 49900	 5.374749e-08	 12436.027335	 1	 16	
50000	 50000	 5.554000e-08	 12565.646780	 1	 16	
50100	 50100	 5.467066e-08	 12485.470818	 1	 16	
50200	 50200	 5.679283e-08	 12566.242948	 1	 16	
50300	 50300	 5.493042e-08	 12620.183877	 1	 16	
50400	 50400	 5.347222e-08	 12608.066687	 1	 16	
50500	 50500	 5.449505e-08	 12684.710673	 1	 16	
50600	 50600	 5.577075e-08	 12714.964150	 1	 16	
50700	 50700	 5.627219e-08	 12666.799448	 1	 16	
50800	 50800	 5.602362e-08	 12652.960413	 1	 16	
50900	 50900	 5.644401e-08	 12809.275599	 1	 16	
51000	 51000	 5.415686e-08	 12844.771765	 1	 16	
51100	 51100	 5.553816e-08	 12774.892524	 1	 16	
51200	 51200	 5.458984e-08	 12750.869316	 1	 16	
51300	 51300	 5.530214e-08	 12834.885478	 1	 16	
51400	 51400	 5.556420e-08	 12830.702218	 1	 16	
51500	 51500	 5.553398e-08	 12845.063262	 1	 16	
51600	 51600	 5.532946e-08	 12910.412481	 1	 16	
51700	 51700	 5.413926e-08	 12950.163308	 1	 16	
51800	 51800	 5.519305e-08	 13027.452220	 1	 16	
51900	 51900	 5.406551e-08	 13017.968073	 1	 16	
52000	 52000	 5.498077e-08	 13051.814462	 1	 16	
52100	 52100	 5.462572e-08	 12964.833858	 1	 16	
52200	 52200	 5.567050e-08	 13093.667644	 1	 16	
52300	 52300	 5.510516e-08	 13159.150306	 1	 16	
52400	 52400	 5.616412e-08	 13151.339542	 1	 16	
52500	 52500	 5.379048e-08	 13107.123010	 1	 16	
52600	 52600	 5.562738e-08	 13090.270228	 1	 16	
52700	 52700	 5.518027e-08	 13224.134573	 1	 16	
52800	 52800	 5.490530e-08	 13176.919413	 1	 16	
52900	 52900	 5.510397e-08	 13178.015217	 1	 16	
53000	 53000	 5.383019e-08	 13201.869660	 1	 16	
53100	 53100	 5.508475e-08	 13308.079680	 1	 16	
53200	 53200	 5.618421e-08	 13302.605639	 1	 16	
53300	 53300	 5.641651e-08	 13372.599081	 1	 16	
53400	 53400	 5.505618e-08	 13413.503446	 1	 16	
53500	 53500	 5.549533e-08	 13379.292019	 1	 16	
53600	 53600	 5.503731e-08	 13392.164832	 1	 16	
53700	 53700	 5.599628e-08	 13418.918901	 1	 16	
53800	 53800	 5.325279e-08	 13439.382770	 1	 16	
53900	 53900	 5.784787e-08	 13459.989629	 1	 16	
54000	 54000	 5.622222e-08	 13511.927056	 1	 16	
54100	 54100	 5.351201e-08	 13472.596451	 1	 16	
54200	 54200	 5.542435e-08	 13597.218100	 1	 16	
54300	 54300	 5.744015e-08	 13578.080516	 1	 16	
54400	 54400	 5.626838e-08	 13567.987316	 1	 16	
54500	 54500	 5.387156e-08	 13616.671780	 1	 16	
54600	 54600	 5.503663e-08	 13717.679560	 1	 16	
54700	 54700	 5.480804e-08	 13725.119232	 1	 16	
54800	 54800	 5.472628e-08	 13727.115894	 1	 16	
54900	 54900	 5.672131e-08	 13676.672659	 1	 16	
55000	 55000	 5.563636e-08	 13785.870145	 1	 16	
55100	 55100	 6.070780e-08	 13735.232414	 1	 16	
55200	 55200	 5.581522e-08	 13871.973605	 1	 16	
55300	 55300	 5.640145e-08	 13828.254846	 1	 16	
55400	 55400	 5.550542e-08	 13895.154495	 1	 16	
55500	 55500	 5.398198e-08	 13857.082036	 1	 16	
55600	 55600	 5.811151e-08	 13898.873399	 1	 16	
55700	 55700	 5.418312e-08	 13985.090592	 1	 16	
55800	 55800	 5.675627e-08	 13853.852240	 1	 16	
55900	 55900	 5.366726e-08	 13935.127871	 1	 16	
56000	 56000	 5.492857e-08	 14025.697714	 1	 16	
56100	 56100	 5.404635e-08	 14093.441462	 1	 16	
56200	 56200	 5.501779e-08	 14013.316637	 1	 16	
56300	 56300	 5.463588e-08	 14100.093712	 1	 16	
56400	 56400	 5.565603e-08	 14111.491507	 1	 16	
56500	 56500	 5.465487e-08	 14117.885558	 1	 16	
56600	 56600	 5.508834e-08	 14152.075247	 1	 16	
56700	 56700	 5.375661e-08	 14190.568272	 1	 16	
56800	 56800	 5.424296e-08	 14222.685863	 1	 16	
56900	 56900	 5.346221e-08	 14265.516380	 1	 16	
57000	 57000	 5.638596e-08	 14280.332579	 1	 16	
57100	 57100	 5.374781e-08	 14350.760928	 1	 16	
57200	 57200	 5.339161e-08	 14325.073829	 1	 16	
57300	 57300	 5.497382e-08	 14336.550035	 1	 16	
57400	 57400	 5.442509e-08	 14346.110505	 1	 16	
57500	 57500	 5.542609e-08	 14403.560817	 1	 16	
57600	 57600	 5.590278e-08	 14394.810590	 1	 16	
57700	 57700	 5.589255e-08	 14478.840659	 1	 16	
57800	 57800	 5.449827e-08	 14393.485069	 1	 16	
57900	 57900	 5.554404e-08	 14483.417427	 1	 16	
58000	 58000	 5.565517e-08	 14489.875259	 1	 16	
58100	 58100	 5.777969e-08	 14498.139484	 1	 16	
58200	 58200	 5.451890e-08	 14546.193643	 1	 16	
58300	 58300	 5.583190e-08	 14528.530223	 1	 16	
58400	 58400	 5.453767e-08	 14600.946301	 1	 16	
58500	 58500	 5.499145e-08	 14707.207949	 1	 16	
58600	 58600	 5.399317e-08	 14677.521007	 1	 16	
58700	 58700	 5.543441e-08	 14748.240716	 1	 16	
58800	 58800	 5.438776e-08	 14726.788997	 1	 16	
58900	 58900	 5.592530e-08	 14811.312801	 1	 16	
59000	 59000	 5.723729e-08	 14777.380763	 1	 16	
59100	 59100	 5.492386e-08	 14765.272961	 1	 16	
59200	 59200	 5.417230e-08	 14772.070608	 1	 16	
59300	 59300	 5.554806e-08	 14863.663086	 1	 16	
59400	 59400	 5.557239e-08	 14916.336296	 1	 16	
59500	 59500	 5.542857e-08	 14961.663782	 1	 16	
59600	 59600	 5.451342e-08	 14850.999799	 1	 16	
59700	 59700	 5.430486e-08	 15013.555461	 1	 16	
59800	 59800	 5.384615e-08	 15012.891003	 1	 16	
59900	 59900	 5.499165e-08	 15014.194975	 1	 16	
60000	 60000	 5.405000e-08	 15035.640250	 1	 16	
60100	 60100	 5.592346e-08	 15078.761797	 1	 16	
60200	 60200	 5.342193e-08	 15102.692791	 1	 16	
60300	 60300	 6.081260e-08	 15118.837761	 1	 16	
60400	 60400	 5.413907e-08	 15043.726623	 1	 16	
60500	 60500	 5.608264e-08	 15207.135306	 1	 16	
60600	 60600	 5.584158e-08	 15172.912327	 1	 16	
60700	 60700	 5.454695e-08	 15173.052339	 1	 16	
60800	 60800	 5.368421e-08	 15180.984556	 1	 16	
60900	 60900	 5.361248e-08	 15224.978424	 1	 16	
61000	 61000	 5.478689e-08	 15270.410689	 1	 16	
61100	 61100	 5.487725e-08	 15315.414190	 1	 16	
61200	 61200	 5.367647e-08	 15315.665196	 1	 16	
61300	 61300	 5.450245e-08	 15357.903018	 1	 16	
61400	 61400	 5.366450e-08	 15339.557003	 1	 16	
61500	 61500	 5.406504e-08	 15444.444748	 1	 16	
61600	 61600	 5.569805e-08	 15476.638003	 1	 16	
61700	 61700	 5.312804e-08	 15359.906759	 1	 16	
61800	 61800	 5.409385e-08	 15423.039984	 1	 16	
61900	 61900	 5.436187e-08	 15381.830582	 1	 16	
62000	 62000	 5.329032e-08	 15542.727935	 1	 16	
62100	 62100	 5.640902e-08	 15584.772045	 1	 16	
62200	 62200	 5.483923e-08	 15581.850354	 1	 16	
62300	 62300	 5.410915e-08	 15565.944286	 1	 16	
62400	 62400	 5.538462e-08	 15611.275385	 1	 16	
62500	 62500	 5.486400e-08	 15665.723920	 1	 16	
62600	 62600	 5.378594e-08	 15619.514569	 1	 16	
62700	 62700	 5.515152e-08	 15703.692648	 1	 16	
62800	 62800	 5.485669e-08	 15780.887500	 1	 16	
62900	 62900	 5.340223e-08	 15742.225151	 1	 16	
63000	 63000	 5.580952e-08	 15750.640571	 1	 16	
63100	 63100	 5.472266e-08	 15819.456862	 1	 16	
63200	 63200	 5.523734e-08	 15827.020538	 1	 16	
63300	 63300	 5.464455e-08	 15850.899289	 1	 16	
63400	 63400	 5.367508e-08	 15919.659669	 1	 16	
63500	 63500	 5.401575e-08	 15891.102646	 1	 16	
63600	 63600	 5.375786e-08	 15969.539953	 1	 16	
63700	 63700	 5.332810e-08	 15918.565918	 1	 16	
63800	 63800	 5.264890e-08	 15977.284969	 1	 16	
63900	 63900	 5.553991e-08	 16016.653881	 1	 16	
64000	 64000	 5.378125e-08	 16045.685844	 1	 16	
64100	 64100	 5.449298e-08	 16063.463183	 1	 16	
64200	 64200	 5.314642e-08	 16083.392975	 1	 16	
64300	 64300	 5.276827e-08	 15990.181617	 1	 16	
64400	 64400	 5.268634e-08	 16070.721522	 1	 16	
64500	 64500	 5.328682e-08	 16119.765798	 1	 16	
64600	 64600	 5.306502e-08	 16166.459551	 1	 16	
64700	 64700	 5.381762e-08	 16274.086801	 1	 16	
64800	 64800	 5.462963e-08	 16170.832438	 1	 16	
64900	 64900	 5.403698e-08	 16270.955054	 1	 16	
65000	 65000	 5.353846e-08	 16330.892892	 1	 16	
65100	 65100	 5.387097e-08	 16306.313333	 1	 16	
65200	 65200	 5.331288e-08	 16312.991840	 1	 16	
65300	 65300	 5.808576e-08	 16349.663752	 1	 16	
65400	 65400	 5.258410e-08	 16304.482920	 1	 16	
65500	 65500	 5.288550e-08	 16396.558550	 1	 16	
65600	 65600	 5.350610e-08	 16359.700091	 1	 17	
65700	 65700	 5.213090e-08	 16450.796575	 1	 17	
65800	 65800	 5.348024e-08	 16428.667128	 1	 17	
65900	 65900	 5.341426e-08	 16551.269818	 1	 17	
66000	 66000	 5.259091e-08	 16494.517985	 1	 17	
66100	 66100	 5.205749e-08	 16602.212345	 1	 17	
66200	 66200	 5.228097e-08	 16548.660498	 1	 17	
66300	 66300	 5.322775e-08	 16623.882308	 1	 17	
66400	 66400	 5.280120e-08	 16576.437651	 1	 17	
66500	 66500	 5.377444e-08	 16712.009188	 1	 17	
66600	 66600	 5.192192e-08	 16634.382568	 1	 17	
66700	 66700	 5.284858e-08	 16711.782954	 1	 17	
66800	 66800	 5.330838e-08	 16742.744746	 1	 17	
66900	 66900	 5.204783e-08	 16710.483827	 1	 17	
67000	 67000	 5.241791e-08	 16788.120507	 1	 17	
67100	 67100	 5.375559e-08	 16767.470462	 1	 17	
67200	 67200	 5.269345e-08	 16803.484628	 1	 17	
67300	 67300	 5.297177e-08	 16789.781382	 1	 17	
67400	 67400	 5.284866e-08	 16862.535935	 1	 17	
67500	 67500	 5.253333e-08	 16882.644696	 1	 17	
67600	 67600	 5.322485e-08	 16825.570237	 1	 17	
67700	 67700	 5.478582e-08	 16907.815495	 1	 17	
67800	 67800	 5.234513e-08	 16984.756327	 1	 17	
67900	 67900	 5.296024e-08	 17005.256760	 1	 17	
68000	 68000	 5.301471e-08	 17065.347765	 1	 17	
68100	 68100	 5.352423e-08	 16965.029927	 1	 17	
68200	 68200	 5.297654e-08	 17048.973680	 1	 17	
68300	 68300	 6.096633e-08	 17141.002357	 1	 17	
68400	 68400	 5.255848e-08	 17108.955731	 1	 17	
68500	 68500	 5.433577e-08	 17210.609343	 1	 17	
68600	 68600	 5.311953e-08	 17102.358047	 1	 17	
68700	 68700	 5.343523e-08	 17248.503159	 1	 17	
68800	 68800	 5.247093e-08	 17247.667587	 1	 17	
68900	 68900	 5.268505e-08	 17328.021263	 1	 17	
69000	 69000	 5.585507e-08	 17236.180304	 1	 17	
69100	 69100	 5.358900e-08	 17478.529696	 1	 17	
69200	 69200	 5.375723e-08	 17286.858049	 1	 17	
69300	 69300	 5.227994e-08	 17345.604372	 1	 17	
69400	 69400	 5.345821e-08	 17419.857579	 1	 17	
69500	 69500	 5.261871e-08	 17369.406547	 1	 17	
69600	 69600	 5.318966e-08	 17406.927701	 1	 17	
69700	 69700	 5.291248e-08	 17413.662095	 1	 17	
69800	 69800	 5.378223e-08	 17517.576261	 1	 17	
69900	 69900	 5.371960e-08	 17444.961803	 1	 17	
70000	 70000	 5.270000e-08	 17521.465929	 1	 17	
70100	 70100	 5.514979e-08	 17496.390528	 1	 17	
70200	 70200	 5.386040e-08	 17559.200613	 1	 17	
70300	 70300	 5.327169e-08	 17642.449090	 1	 17	
70400	 70400	 5.375000e-08	 17591.881648	 1	 17	
70500	 70500	 5.314894e-08	 17641.476071	 1	 17	
70600	 70600	 5.352691e-08	 17613.835142	 1	 17	
70700	 70700	 5.224894e-08	 17780.806124	 1	 17	
70800	 70800	 5.310734e-08	 17746.906130	 1	 17	
70900	 70900	 5.194640e-08	 17761.474739	 1	 17	
71000	 71000	 5.308451e-08	 17731.319014	 1	 17	
71100	 71100	 5.545710e-08	 17813.136414	 1	 17	
71200	 71200	 5.341292e-08	 17840.767907	 1	 17	
71300	 71300	 5.433380e-08	 17827.606227	 1	 17	
71400	 71400	 5.389356e-08	 17849.360112	 1	 17	
71500	 71500	 5.338462e-08	 17894.610881	 1	 17	
71600	 71600	 5.324022e-08	 17920.927709	 1	 17	
71700	 71700	 5.281729e-08	 17953.195760	 1	 17	
71800	 71800	 5.331476e-08	 17921.484638	 1	 17	
71900	 71900	 5.425591e-08	 17959.122142	 1	 17	
72000	 72000	 5.326389e-08	 18002.583236	 1	 17	
72100	 72100	 5.540915e-08	 18112.482122	 1	 17	
72200	 72200	 5.336565e-08	 18032.638740	 1	 17	
72300	 72300	 5.421853e-08	 18080.221508	 1	 17	
72400	 72400	 5.356354e-08	 18085.204088	 1	 17	
72500	 72500	 5.278621e-08	 18197.178317	 1	 17	
72600	 72600	 5.305785e-08	 18119.820248	 1	 17	
72700	 72700	 5.320495e-08	 18206.993631	 1	 17	
72800	 72800	 5.344780e-08	 18147.329684	 1	 17	
72900	 72900	 5.421125e-08	 18239.542373	 1	 17	
73000	 73000	 5.332877e-08	 18259.634644	 1	 17	
73100	 73100	 5.348837e-08	 18297.160917	 1	 17	
73200	 73200	 5.307377e-08	 18278.098852	 1	 17	
73300	 73300	 5.353342e-08	 18324.360027	 1	 17	
73400	 73400	 5.324251e-08	 18320.135177	 1	 17	
73500	 73500	 5.375510e-08	 18385.962803	 1	 17	
73600	 73600	 5.341033e-08	 18392.915054	 1	 17	
73700	 73700	 5.526459e-08	 18522.421954	 1	 17	
73800	 73800	 5.348238e-08	 18537.212507	 1	 17	
73900	 73900	 5.323410e-08	 18493.316441	 1	 17	
74000	 74000	 5.310811e-08	 18447.212568	 1	 17	
74100	 74100	 5.325236e-08	 18523.276748	 1	 17	
74200	 74200	 5.390836e-08	 18536.189515	 1	 17	
74300	 74300	 5.410498e-08	 18626.983620	 1	 17	
74400	 74400	 5.358871e-08	 18575.272419	 1	 17	
74500	 74500	 5.273826e-08	 18670.705436	 1	 17	
74600	 74600	 5.379357e-08	 18609.660121	 1	 17	
74700	 74700	 5.393574e-08	 18642.044766	 1	 17	
74800	 74800	 5.276738e-08	 18768.630535	 1	 17	
74900	 74900	 5.630174e-08	 18830.075140	 1	 17	
75000	 75000	 5.396000e-08	 18721.440720	 1	 17	
75100	 75100	 5.354194e-08	 18771.179707	 1	 17	
75200	 75200	 5.337766e-08	 18845.161676	 1	 17	
75300	 75300	 5.420983e-08	 18903.393665	 1	 17	
75400	 75400	 5.391247e-08	 18793.809721	 1	 17	
75500	 75500	 5.349669e-08	 18898.456000	 1	 17	
75600	 75600	 5.293651e-08	 18939.664854	 1	 17	
75700	 75700	 6.001321e-08	 18875.439789	 1	 17	
75800	 75800	 5.493404e-08	 18947.920594	 1	 17	
75900	 75900	 5.370224e-08	 18993.563360	 1	 17	
76000	 76000	 5.473684e-08	 19015.987395	 1	 17	
76100	 76100	 5.403417e-08	 19016.421748	 1	 17	
76200	 76200	 5.360892e-08	 19053.459895	 1	 17	
76300	 76300	 5.390564e-08	 19095.369187	 1	 17	
76400	 76400	 5.265707e-08	 19131.412225	 1	 17	
76500	 76500	 5.443137e-08	 19092.496065	 1	 17	
76600	 76600	 5.436031e-08	 19112.828251	 1	 17	
76700	 76700	 5.422425e-08	 19273.594889	 1	 17	
76800	 76800	 5.664062e-08	 19211.268464	 1	 17	
76900	 76900	 5.370611e-08	 19156.740598	 1	 17	
77000	 77000	 5.359740e-08	 19275.578078	 1	 17	
77100	 77100	 5.320363e-08	 19319.029831	 1	 17	
77200	 77200	 5.413212e-08	 19276.348083	 1	 17	
77300	 77300	 5.389392e-08	 19345.898655	 1	 17	
77400	 77400	 5.359173e-08	 19351.079742	 1	 17	
77500	 77500	 5.369032e-08	 19339.858594	 1	 17	
77600	 77600	 5.396907e-08	 19354.149768	 1	 17	
77700	 77700	 5.371943e-08	 19549.950579	 1	 17	
77800	 77800	 5.420308e-08	 19494.642763	 1	 17	
77900	 77900	 5.279846e-08	 19421.125725	 1	 17	
78000	 78000	 5.526923e-08	 19527.066949	 1	 17	
78100	 78100	 5.282971e-08	 19519.038169	 1	 17	
78200	 78200	 5.425831e-08	 19552.764488	 1	 17	
78300	 78300	 5.333333e-08	 19568.622363	 1	 17	
78400	 78400	 5.563776e-08	 19662.161046	 1	 17	
78500	 78500	 5.472611e-08	 19622.525070	 1	 17	
78600	 78600	 5.451654e-08	 19699.682494	 1	 17	
78700	 78700	 5.365947e-08	 19667.948234	 1	 17	
78800	 78800	 5.477157e-08	 19729.111218	 1	 17	
78900	 78900	 5.352345e-08	 19734.670089	 1	 17	
79000	 79000	 5.367089e-08	 19794.642228	 1	 17	
79100	 79100	 5.391909e-08	 19810.354362	 1	 17	
79200	 79200	 5.994949e-08	 19862.213232	 1	 17	
79300	 79300	 5.422446e-08	 19859.479281	 1	 17	
79400	 79400	 5.338791e-08	 19848.729887	 1	 17	
79500	 79500	 5.362264e-08	 19774.764264	 1	 17	
79600	 79600	 5.458543e-08	 19858.851156	 1	 17	
79700	 79700	 5.670013e-08	 19933.250740	 1	 17	
79800	 79800	 5.318296e-08	 19988.542281	 1	 17	
79900	 79900	 5.708385e-08	 19971.331564	 1	 17	
80000	 80000	 5.431250e-08	 20011.622362	 1	 17	
80100	 80100	 5.506866e-08	 19973.879001	 1	 17	
80200	 80200	 5.428928e-08	 20078.333030	 1	 17	
80300	 80300	 5.646326e-08	 20060.363823	 1	 17	
80400	 80400	 5.483831e-08	 20191.700249	 1	 17	
80500	 80500	 5.460870e-08	 20179.836919	 1	 17	
80600	 80600	 5.332506e-08	 20180.888685	 1	 17	
80700	 80700	 5.463445e-08	 20079.801487	 1	 17	
80800	 80800	 5.555693e-08	 20151.966621	 1	 17	
80900	 80900	 5.453646e-08	 20186.741792	 1	 17	
81000	 81000	 5.398765e-08	 20305.989494	 1	 17	
81100	 81100	 5.743527e-08	 20354.685031	 1	 17	
81200	 81200	 5.688424e-08	 20308.664754	 1	 17	
81300	 81300	 5.578106e-08	 20326.371230	 1	 17	
81400	 81400	 5.428747e-08	 20327.086130	 1	 17	
81500	 81500	 5.438037e-08	 20337.538601	 1	 17	
81600	 81600	 5.560049e-08	 20454.448064	 1	 17	
81700	 81700	 5.463892e-08	 20436.556830	 1	 17	
81800	 81800	 5.630807e-08	 20496.463924	 1	 17	
81900	 81900	 5.599512e-08	 20470.489841	 1	 17	
82000	 82000	 5.504878e-08	 20510.048402	 1	 17	
82100	 82100	 5.542022e-08	 20587.570901	 1	 17	
82200	 82200	 5.329684e-08	 20519.029793	 1	 17	
82300	 82300	 5.647631e-08	 20553.295626	 1	 17	
82400	 82400	 5.790049e-08	 20620.942828	 1	 17	
82500	 82500	 5.481212e-08	 20640.178412	 1	 17	
82600	 82600	 5.521792e-08	 20632.083535	 1	 17	
82700	 82700	 5.600967e-08	 20716.816711	 1	 17	
82800	 82800	 5.419082e-08	 20719.036292	 1	 17	
82900	 82900	 5.441496e-08	 20694.970470	 1	 17	
83000	 83000	 5.502410e-08	 20637.666880	 1	 17	
83100	 83100	 5.460890e-08	 20695.497004	 1	 17	
83200	 83200	 5.652644e-08	 20828.477668	 1	 17	
83300	 83300	 5.399760e-08	 20789.922125	 1	 17	
83400	 83400	 5.442446e-08	 20857.544077	 1	 17	
83500	 83500	 5.502994e-08	 20840.299234	 1	 17	
83600	 83600	 5.464115e-08	 20878.203481	 1	 17	
83700	 83700	 5.488650e-08	 20956.321840	 1	 17	
83800	 83800	 5.551313e-08	 20957.702780	 1	 17	
83900	 83900	 5.486293e-08	 21000.610441	 1	 17	
84000	 84000	 5.542857e-08	 20988.220310	 1	 17	
84100	 84100	 5.392390e-08	 21110.961463	 1	 17	
84200	 84200	 5.786223e-08	 21065.439572	 1	 17	
84300	 84300	 5.395018e-08	 21035.099680	 1	 17	
84400	 84400	 5.505924e-08	 21075.577820	 1	 17	
84500	 84500	 5.668639e-08	 21231.759870	 1	 17	
84600	 84600	 5.619385e-08	 21182.416040	 1	 17	
84700	 84700	 5.617473e-08	 21279.999126	 1	 17	
84800	 84800	 5.437500e-08	 21208.328208	 1	 17	
84900	 84900	 5.484099e-08	 21271.251296	 1	 17	
85000	 85000	 5.583529e-08	 21243.915929	 1	 17	
85100	 85100	 5.440658e-08	 21333.661093	 1	 17	
85200	 85200	 5.564554e-08	 21332.658685	 1	 17	
85300	 85300	 5.518171e-08	 21425.719754	 1	 17	
85400	 85400	 5.549180e-08	 21384.831593	 1	 17	
85500	 85500	 5.508772e-08	 21324.961450	 1	 17	
85600	 85600	 5.457944e-08	 21452.494965	 1	 17	
85700	 85700	 5.630105e-08	 21454.382264	 1	 17	
85800	 85800	 5.550117e-08	 21461.617984	 1	 17	
85900	 85900	 5.415600e-08	 21449.236042	 1	 17	
86000	 86000	 5.434884e-08	 21500.426988	 1	 17	
86100	 86100	 5.714286e-08	 21533.127712	 1	 17	
86200	 86200	 5.497680e-08	 21597.396555	 1	 17	
86300	 86300	 5.616454e-08	 21624.973696	 1	 17	
86400	 86400	 5.569444e-08	 21660.640938	 1	 17	
86500	 86500	 5.668208e-08	 21693.466671	 1	 17	
86600	 86600	 5.413395e-08	 21739.178279	 1	 17	
86700	 86700	 5.732411e-08	 21679.058939	 1	 17	
86800	 86800	 5.444700e-08	 21777.467419	 1	 17	
86900	 86900	 5.535098e-08	 21698.125155	 1	 17	
87000	 87000	 5.547126e-08	 21840.973023	 1	 17	
87100	 87100	 5.452354e-08	 21789.034535	 1	 17	
87200	 87200	 5.494266e-08	 21755.412959	 1	 17	
87300	 87300	 5.531501e-08	 21922.326644	 1	 17	
87400	 87400	 5.449657e-08	 21857.630252	 1	 17	
87500	 87500	 5.499429e-08	 22041.196606	 1	 17	
87600	 87600	 5.751142e-08	 21909.596963	 1	 17	
87700	 87700	 5.492588e-08	 21957.093592	 1	 17	
87800	 87800	 5.888383e-08	 21988.938724	 1	 17	
87900	 87900	 5.613197e-08	 21972.511342	 1	 17	
88000	 88000	 5.489773e-08	 21999.029068	 1	 17	
88100	 88100	 5.490352e-08	 22056.041112	 1	 17	
88200	 88200	 5.852608e-08	 22130.479240	 1	 17	
88300	 88300	 5.667044e-08	 22187.041835	 1	 17	
88400	 88400	 5.425339e-08	 22068.105011	 1	 17	
88500	 88500	 5.588701e-08	 22177.092215	 1	 17	
88600	 88600	 5.590293e-08	 22193.843589	 1	 17	
88700	 88700	 5.616685e-08	 22135.522221	 1	 17	
88800	 88800	 5.523649e-08	 22260.628671	 1	 17	
88900	 88900	 5.512936e-08	 22186.553813	 1	 17	
89000	 89000	 5.477528e-08	 22202.491607	 1	 17	
89100	 89100	 5.570146e-08	 22256.124141	 1	 17	
89200	 89200	 5.447309e-08	 22305.918453	 1	 17	
89300	 89300	 5.587906e-08	 22307.021445	 1	 17	
89400	 89400	 5.545861e-08	 22312.329911	 1	 17	
89500	 89500	 5.528492e-08	 22419.024000	 1	 17	
89600	 89600	 5.472098e-08	 22339.048873	 1	 17	
89700	 89700	 5.570792e-08	 22429.184470	 1	 17	
89800	 89800	 5.501114e-08	 22493.970935	 1	 17	
89900	 89900	 5.595106e-08	 22535.327831	 1	 17	
90000	 90000	 5.616667e-08	 22588.061000	 1	 17	
90100	 90100	 5.527192e-08	 22540.734983	 1	 17	
90200	 90200	 5.516630e-08	 22464.638337	 1	 17	
90300	 90300	 5.615725e-08	 22624.687442	 1	 17	
90400	 90400	 5.566372e-08	 22569.430841	 1	 17	
90500	 90500	 5.500552e-08	 22655.025370	 1	 17	
90600	 90600	 5.554084e-08	 22603.955375	 1	 17	
90700	 90700	 5.614112e-08	 22737.043230	 1	 17	
90800	 90800	 5.786344e-08	 22750.438491	 1	 17	
90900	 90900	 5.664466e-08	 22777.789021	 1	 17	
91000	 91000	 5.601099e-08	 22774.112604	 1	 17	
91100	 91100	 5.499451e-08	 22815.922217	 1	 17	
91200	 91200	 5.696272e-08	 22830.262719	 1	 17	
91300	 91300	 5.639650e-08	 22833.236659	 1	 17	
91400	 91400	 5.585339e-08	 22834.036247	 1	 17	
91500	 91500	 5.863388e-08	 22927.386077	 1	 17	
91600	 91600	 5.604803e-08	 22908.731255	 1	 17	
91700	 91700	 5.725191e-08	 22933.461439	 1	 17	
91800	 91800	 5.662309e-08	 23014.239935	 1	 17	
91900	 91900	 5.536453e-08	 22953.204168	 1	 17	
92000	 92000	 5.633696e-08	 22940.480696	 1	 17	
92100	 92100	 5.641694e-08	 23020.019913	 1	 17	
92200	 92200	 5.543384e-08	 23108.255000	 1	 17	
92300	 92300	 5.723727e-08	 23108.362882	 1	 17	
92400	 92400	 5.627706e-08	 23100.393766	 1	 17	
92500	 92500	 5.562162e-08	 23155.930876	 1	 17	
92600	 92600	 5.636069e-08	 23172.506803	 1	 17	
92700	 92700	 5.640777e-08	 198994002929536.093750	 1	 17	
92800	 92800	 5.534483e-08	 198779569736742.031250	 1	 17	
92900	 92900	 5.579117e-08	 198565598187013.437500	 1	 17	
93000	 93000	 5.577419e-08	 198352086791144.031250	 1	 17	
93100	 93100	 5.603652e-08	 198139034066402.750000	 1	 17	
93200	 93200	 6.747854e-08	 197926438536422.906250	 1	 17	
93300	 93300	 5.812433e-08	 197714298730870.156250	 1	 17	
93400	 93400	 5.706638e-08	 197502613186235.625000	 1	 17	
93500	 93500	 5.703743e-08	 197291380444812.968750	 1	 17	
93600	 93600	 5.523504e-08	 197080599055593.625000	 1	 17	
93700	 93700	 5.661686e-08	 196870267573164.625000	 1	 17	
93800	 93800	 5.569296e-08	 196660384558766.343750	 1	 17	
93900	 93900	 5.752929e-08	 196450948579576.312500	 1	 17	
94000	 94000	 5.658511e-08	 196241958208846.093750	 1	 17	
94100	 94100	 5.609989e-08	 196033412025863.500000	 1	 17	
94200	 94200	 5.606157e-08	 195825308615986.218750	 1	 17	
94300	 94300	 5.720042e-08	 195617646570958.750000	 1	 17	
94400	 94400	 5.598517e-08	 195410424487740.031250	 1	 17	
94500	 94500	 5.751323e-08	 195203640969766.687500	 1	 17	
94600	 94600	 5.625793e-08	 194997294626275.781250	 1	 17	
94700	 94700	 5.632524e-08	 194791384072492.875000	 1	 17	
94800	 94800	 5.651899e-08	 194585907928874.750000	 1	 17	
94900	 94900	 5.653319e-08	 194380864822671.687500	 1	 17	
95000	 95000	 5.935789e-08	 194176253386070.562500	 1	 17	
95100	 95100	 6.092534e-08	 193972072257379.937500	 1	 17	
95200	 95200	 5.736345e-08	 193768320080682.562500	 1	 17	
95300	 95300	 5.895068e-08	 193564995505644.937500	 1	 17	
95400	 95400	 5.541929e-08	 193362097187485.906250	 1	 17	
95500	 95500	 5.648168e-08	 193159623787400.093750	 1	 17	
95600	 95600	 5.592050e-08	 192957573971768.437500	 1	 17	
95700	 95700	 5.540230e-08	 192755946412810.468750	 1	 17	
95800	 95800	 5.743215e-08	 192554739788314.093750	 1	 17	
95900	 95900	 5.610010e-08	 192353952781140.281250	 1	 17	
96000	 96000	 5.659375e-08	 192153584080337.312500	 1	 17	
96100	 96100	 5.681582e-08	 191953632380100.875000	 1	 17	
96200	 96200	 5.704782e-08	 191754096379827.812500	 1	 17	
96300	 96300	 5.698858e-08	 191554974784348.687500	 1	 17	
96400	 96400	 5.593361e-08	 191356266304352.250000	 1	 17	
96500	 96500	 5.645596e-08	 191157969655395.250000	 1	 17	
96600	 96600	 5.828157e-08	 190960083558446.781250	 1	 17	
96700	 96700	 5.812823e-08	 190762606739963.843750	 1	 17	
96800	 96800	 5.755165e-08	 190565537931441.906250	 1	 17	
96900	 96900	 5.628483e-08	 190368875869485.843750	 1	 17	
97000	 97000	 5.695876e-08	 190172619296580.187500	 1	 17	
97100	 97100	 5.784758e-08	 189976766959551.093750	 1	 17	
97200	 97200	 5.616255e-08	 189781317610970.531250	 1	 17	
97300	 97300	 5.867420e-08	 189586270008068.000000	 1	 17	
97400	 97400	 5.804928e-08	 189391622913604.406250	 1	 17	
97500	 97500	 5.757949e-08	 189197375095271.843750	 1	 17	
97600	 97600	 5.692623e-08	 189003525325810.593750	 1	 17	
97700	 97700	 5.664278e-08	 188810072382838.968750	 1	 17	
97800	 97800	 5.711656e-08	 188617015049156.718750	 1	 17	
97900	 97900	 5.780388e-08	 188424352112517.000000	 1	 17	
98000	 98000	 5.780612e-08	 188232082365522.218750	 1	 17	
98100	 98100	 5.735984e-08	 188040204605726.031250	 1	 17	
98200	 98200	 5.595723e-08	 187848717635664.250000	 1	 17	
98300	 98300	 5.675483e-08	 187657620262740.562500	 1	 17	
98400	 98400	 5.820122e-08	 187466911299095.875000	 1	 17	
98500	 98500	 5.660914e-08	 187276589561823.187500	 1	 17	
98600	 98600	 5.655172e-08	 187086653872737.031250	 1	 17	
98700	 98700	 5.866261e-08	 186897103058333.250000	 1	 17	
98800	 98800	 5.745951e-08	 186707935949931.531250	 1	 17	
98900	 98900	 5.683519e-08	 186519151383895.218750	 1	 17	
99000	 99000	 5.651515e-08	 186330748200674.718750	 1	 17	
99100	 99100	 6.124117e-08	 186142725245892.437500	 1	 17	
99200	 99200	 5.956653e-08	 185955081369705.812500	 1	 17	
99300	 99300	 5.769386e-08	 185767815426800.843750	 1	 17	
99400	 99400	 5.802817e-08	 185580926276521.562500	 1	 17	
99500	 99500	 5.704523e-08	 185394412782756.468750	 1	 17	
99600	 99600	 5.630522e-08	 185208273814247.343750	 1	 17	
99700	 99700	 5.661986e-08	 185022508243750.031250	 1	 17	
99800	 99800	 5.649299e-08	 184837114948915.718750	 1	 17	
99900	 99900	 5.784785e-08	 184652092811916.718750	 1	 17	
100000	 100000	 5.661000e-08	 184467440719195.187500	 1	 17	
