1000	 1000	 4.410000e-07	 500.500000	 1	 1000	
1100	 1100	 3.445455e-07	 550.500000	 1	 1100	
1200	 1200	 4.400000e-07	 600.500000	 1	 1200	
1300	 1300	 4.276923e-07	 650.500000	 1	 1300	
1400	 1400	 4.514286e-07	 700.500000	 1	 1400	
1500	 1500	 4.380000e-07	 750.500000	 1	 1500	
1600	 1600	 4.893750e-07	 800.500000	 1	 1600	
1700	 1700	 5.152941e-07	 850.500000	 1	 1700	
1800	 1800	 5.261111e-07	 900.500000	 1	 1800	
1900	 1900	 5.505263e-07	 950.500000	 1	 1900	
2000	 2000	 5.855000e-07	 1000.500000	 1	 2000	
2100	 2100	 7.852381e-07	 1050.500000	 1	 2100	
2200	 2200	 6.609091e-07	 1100.500000	 1	 2200	
2300	 2300	 9.430435e-07	 1150.500000	 1	 2300	
2400	 2400	 7.137500e-07	 1200.500000	 1	 2400	
2500	 2500	 8.200000e-07	 1250.500000	 1	 2500	
2600	 2600	 7.869231e-07	 1300.500000	 1	 2600	
2700	 2700	 8.144444e-07	 1350.500000	 1	 2700	
2800	 2800	 7.896429e-07	 1400.500000	 1	 2800	
2900	 2900	 8.875862e-07	 1450.500000	 1	 2900	
3000	 3000	 1.048333e-06	 1500.500000	 1	 3000	
3100	 3100	 8.606452e-07	 1550.500000	 1	 3100	
3200	 3200	 9.946875e-07	 1600.500000	 1	 3200	
3300	 3300	 9.409091e-07	 1650.500000	 1	 3300	
3400	 3400	 1.005294e-06	 1700.500000	 1	 3400	
3500	 3500	 1.064571e-06	 1750.500000	 1	 3500	
3600	 3600	 1.019167e-06	 1800.500000	 1	 3600	
3700	 3700	 1.150541e-06	 1850.500000	 1	 3700	
3800	 3800	 1.181842e-06	 1900.500000	 1	 3800	
3900	 3900	 1.192308e-06	 1950.500000	 1	 3900	
4000	 4000	 1.147750e-06	 2000.500000	 1	 4000	
4100	 4100	 1.151220e-06	 2050.500000	 1	 4100	
4200	 4200	 1.173095e-06	 2100.500000	 1	 4200	
4300	 4300	 1.158837e-06	 2150.500000	 1	 4300	
4400	 4400	 1.224091e-06	 2200.500000	 1	 4400	
4500	 4500	 1.219778e-06	 2250.500000	 1	 4500	
4600	 4600	 1.246087e-06	 2300.500000	 1	 4600	
4700	 4700	 1.281489e-06	 2350.500000	 1	 4700	
4800	 4800	 1.327083e-06	 2400.500000	 1	 4800	
4900	 4900	 1.345510e-06	 2450.500000	 1	 4900	
5000	 5000	 1.381400e-06	 2500.500000	 1	 5000	
5100	 5100	 1.384510e-06	 2550.500000	 1	 5100	
5200	 5200	 1.422115e-06	 2600.500000	 1	 5200	
5300	 5300	 1.432075e-06	 2650.500000	 1	 5300	
5400	 5400	 1.450370e-06	 2700.500000	 1	 5400	
5500	 5500	 1.483636e-06	 2750.500000	 1	 5500	
5600	 5600	 1.522500e-06	 2800.500000	 1	 5600	
5700	 5700	 1.559474e-06	 2850.500000	 1	 5700	
5800	 5800	 1.568448e-06	 2900.500000	 1	 5800	
5900	 5900	 1.782373e-06	 2950.500000	 1	 5900	
6000	 6000	 1.611500e-06	 3000.500000	 1	 6000	
6100	 6100	 1.649016e-06	 3050.500000	 1	 6100	
6200	 6200	 1.675161e-06	 3100.500000	 1	 6200	
6300	 6300	 1.701587e-06	 3150.500000	 1	 6300	
6400	 6400	 1.722500e-06	 3200.500000	 1	 6400	
6500	 6500	 1.769385e-06	 3250.500000	 1	 6500	
6600	 6600	 1.819242e-06	 3300.500000	 1	 6600	
6700	 6700	 1.806866e-06	 3350.500000	 1	 6700	
6800	 6800	 1.847647e-06	 3400.500000	 1	 6800	
6900	 6900	 1.865942e-06	 3450.500000	 1	 6900	
7000	 7000	 1.887857e-06	 3500.500000	 1	 7000	
7100	 7100	 1.936479e-06	 3550.500000	 1	 7100	
7200	 7200	 1.939306e-06	 3600.500000	 1	 7200	
7300	 7300	 1.993562e-06	 3650.500000	 1	 7300	
7400	 7400	 2.026757e-06	 3700.500000	 1	 7400	
7500	 7500	 2.048667e-06	 3750.500000	 1	 7500	
7600	 7600	 2.036579e-06	 3800.500000	 1	 7600	
7700	 7700	 2.072338e-06	 3850.500000	 1	 7700	
7800	 7800	 2.103718e-06	 3900.500000	 1	 7800	
7900	 7900	 2.129494e-06	 3950.500000	 1	 7900	
8000	 8000	 2.161250e-06	 4000.500000	 1	 8000	
8100	 8100	 2.183827e-06	 4050.500000	 1	 8100	
8200	 8200	 2.260244e-06	 4100.500000	 1	 8200	
8300	 8300	 2.241807e-06	 4150.500000	 1	 8300	
8400	 8400	 2.259762e-06	 4200.500000	 1	 8400	
8500	 8500	 2.299059e-06	 4250.500000	 1	 8500	
8600	 8600	 2.337674e-06	 4300.500000	 1	 8600	
8700	 8700	 2.339655e-06	 4350.500000	 1	 8700	
8800	 8800	 2.417614e-06	 4400.500000	 1	 8800	
8900	 8900	 2.400562e-06	 4450.500000	 1	 8900	
9000	 9000	 2.431222e-06	 4500.500000	 1	 9000	
9100	 9100	 2.461978e-06	 4550.500000	 1	 9100	
9200	 9200	 2.480761e-06	 4600.500000	 1	 9200	
9300	 9300	 2.518817e-06	 4650.500000	 1	 9300	
9400	 9400	 2.537128e-06	 4700.500000	 1	 9400	
9500	 9500	 2.617053e-06	 4750.500000	 1	 9500	
9600	 9600	 2.604375e-06	 4800.500000	 1	 9600	
9700	 9700	 2.619691e-06	 4850.500000	 1	 9700	
9800	 9800	 2.635306e-06	 4900.500000	 1	 9800	
9900	 9900	 2.672424e-06	 4950.500000	 1	 9900	
10000	 10000	 2.700000e-06	 5000.500000	 1	 10000	
10100	 10100	 3.061881e-06	 5050.500000	 1	 10100	
10200	 10200	 2.809118e-06	 5100.500000	 1	 10200	
10300	 10300	 2.853301e-06	 5150.500000	 1	 10300	
10400	 10400	 2.831250e-06	 5200.500000	 1	 10400	
10500	 10500	 3.080476e-06	 5250.500000	 1	 10500	
10600	 10600	 4.272264e-06	 5300.500000	 1	 10600	
10700	 10700	 3.206168e-06	 5350.500000	 1	 10700	
10800	 10800	 2.949815e-06	 5400.500000	 1	 10800	
10900	 10900	 2.941193e-06	 5450.500000	 1	 10900	
11000	 11000	 3.012091e-06	 5500.500000	 1	 11000	
11100	 11100	 2.995946e-06	 5550.500000	 1	 11100	
11200	 11200	 3.053929e-06	 5600.500000	 1	 11200	
11300	 11300	 3.064602e-06	 5650.500000	 1	 11300	
11400	 11400	 3.133246e-06	 5700.500000	 1	 11400	
11500	 11500	 3.101130e-06	 5750.500000	 1	 11500	
11600	 11600	 3.125603e-06	 5800.500000	 1	 11600	
11700	 11700	 3.158205e-06	 5850.500000	 1	 11700	
11800	 11800	 3.199322e-06	 5900.500000	 1	 11800	
11900	 11900	 3.218571e-06	 5950.500000	 1	 11900	
12000	 12000	 3.265333e-06	 6000.500000	 1	 12000	
12100	 12100	 3.251983e-06	 6050.500000	 1	 12100	
12200	 12200	 3.297623e-06	 6100.500000	 1	 12200	
12300	 12300	 3.358211e-06	 6150.500000	 1	 12300	
12400	 12400	 3.350484e-06	 6200.500000	 1	 12400	
12500	 12500	 3.389280e-06	 6250.500000	 1	 12500	
12600	 12600	 3.449127e-06	 6300.500000	 1	 12600	
12700	 12700	 3.456063e-06	 6350.500000	 1	 12700	
12800	 12800	 3.473438e-06	 6400.500000	 1	 12800	
12900	 12900	 3.492016e-06	 6450.500000	 1	 12900	
13000	 13000	 3.570692e-06	 6500.500000	 1	 13000	
13100	 13100	 3.530534e-06	 6550.500000	 1	 13100	
13200	 13200	 3.600152e-06	 6600.500000	 1	 13200	
13300	 13300	 3.598571e-06	 6650.500000	 1	 13300	
13400	 13400	 3.605522e-06	 6700.500000	 1	 13400	
13500	 13500	 3.661333e-06	 6750.500000	 1	 13500	
13600	 13600	 3.694853e-06	 6800.500000	 1	 13600	
13700	 13700	 3.717153e-06	 6850.500000	 1	 13700	
13800	 13800	 3.747754e-06	 6900.500000	 1	 13800	
13900	 13900	 3.748777e-06	 6950.500000	 1	 13900	
14000	 14000	 3.793429e-06	 7000.500000	 1	 14000	
14100	 14100	 3.809078e-06	 7050.500000	 1	 14100	
14200	 14200	 3.840986e-06	 7100.500000	 1	 14200	
14300	 14300	 3.853007e-06	 7150.500000	 1	 14300	
14400	 14400	 3.877014e-06	 7200.500000	 1	 14400	
14500	 14500	 3.911931e-06	 7250.500000	 1	 14500	
14600	 14600	 3.941986e-06	 7300.500000	 1	 14600	
14700	 14700	 3.972925e-06	 7350.500000	 1	 14700	
14800	 14800	 3.991351e-06	 7400.500000	 1	 14800	
14900	 14900	 4.053221e-06	 7450.500000	 1	 14900	
15000	 15000	 4.060933e-06	 7500.500000	 1	 15000	
15100	 15100	 4.150066e-06	 7550.500000	 1	 15100	
15200	 15200	 4.108224e-06	 7600.500000	 1	 15200	
15300	 15300	 4.157190e-06	 7650.500000	 1	 15300	
15400	 15400	 4.172597e-06	 7700.500000	 1	 15400	
15500	 15500	 4.224516e-06	 7750.500000	 1	 15500	
15600	 15600	 4.208269e-06	 7800.500000	 1	 15600	
15700	 15700	 4.247006e-06	 7850.500000	 1	 15700	
15800	 15800	 4.315570e-06	 7900.500000	 1	 15800	
15900	 15900	 4.299686e-06	 7950.500000	 1	 15900	
16000	 16000	 4.317750e-06	 8000.500000	 1	 16000	
16100	 16100	 4.346149e-06	 8050.500000	 1	 16100	
16200	 16200	 4.415926e-06	 8100.500000	 1	 16200	
16300	 16300	 4.468957e-06	 8150.500000	 1	 16300	
16400	 16400	 4.462378e-06	 8200.500000	 1	 16400	
16500	 16500	 4.475091e-06	 8250.500000	 1	 16500	
16600	 16600	 4.485663e-06	 8300.500000	 1	 16600	
16700	 16700	 4.563114e-06	 8350.500000	 1	 16700	
16800	 16800	 4.549226e-06	 8400.500000	 1	 16800	
16900	 16900	 4.559231e-06	 8450.500000	 1	 16900	
17000	 17000	 4.592588e-06	 8500.500000	 1	 17000	
17100	 17100	 4.613099e-06	 8550.500000	 1	 17100	
17200	 17200	 4.640930e-06	 8600.500000	 1	 17200	
17300	 17300	 4.660173e-06	 8650.500000	 1	 17300	
17400	 17400	 4.732011e-06	 8700.500000	 1	 17400	
17500	 17500	 4.756743e-06	 8750.500000	 1	 17500	
17600	 17600	 4.759205e-06	 8800.500000	 1	 17600	
17700	 17700	 4.772712e-06	 8850.500000	 1	 17700	
17800	 17800	 4.845393e-06	 8900.500000	 1	 17800	
17900	 17900	 4.823743e-06	 8950.500000	 1	 17900	
18000	 18000	 4.877111e-06	 9000.500000	 1	 18000	
18100	 18100	 4.921713e-06	 9050.500000	 1	 18100	
18200	 18200	 4.920440e-06	 9100.500000	 1	 18200	
18300	 18300	 4.936667e-06	 9150.500000	 1	 18300	
18400	 18400	 4.963043e-06	 9200.500000	 1	 18400	
18500	 18500	 5.033784e-06	 9250.500000	 1	 18500	
18600	 18600	 5.020269e-06	 9300.500000	 1	 18600	
18700	 18700	 5.083316e-06	 9350.500000	 1	 18700	
18800	 18800	 5.086223e-06	 9400.500000	 1	 18800	
18900	 18900	 5.132857e-06	 9450.500000	 1	 18900	
19000	 19000	 5.187526e-06	 9500.500000	 1	 19000	
19100	 19100	 5.177853e-06	 9550.500000	 1	 19100	
19200	 19200	 5.164792e-06	 9600.500000	 1	 19200	
19300	 19300	 5.222435e-06	 9650.500000	 1	 19300	
19400	 19400	 5.251907e-06	 9700.500000	 1	 19400	
19500	 19500	 5.257744e-06	 9750.500000	 1	 19500	
19600	 19600	 5.268776e-06	 9800.500000	 1	 19600	
19700	 19700	 5.326853e-06	 9850.500000	 1	 19700	
19800	 19800	 5.348081e-06	 9900.500000	 1	 19800	
19900	 19900	 5.382462e-06	 9950.500000	 1	 19900	
20000	 20000	 5.429000e-06	 10000.500000	 1	 20000	
20100	 20100	 5.652537e-06	 10050.500000	 1	 20100	
20200	 20200	 5.448069e-06	 10100.500000	 1	 20200	
20300	 20300	 5.475764e-06	 10150.500000	 1	 20300	
20400	 20400	 5.487598e-06	 10200.500000	 1	 20400	
20500	 20500	 5.559366e-06	 10250.500000	 1	 20500	
20600	 20600	 5.555291e-06	 10300.500000	 1	 20600	
20700	 20700	 5.601498e-06	 10350.500000	 1	 20700	
20800	 20800	 5.617885e-06	 10400.500000	 1	 20800	
20900	 20900	 5.657081e-06	 10450.500000	 1	 20900	
21000	 21000	 5.805810e-06	 10500.500000	 1	 21000	
21100	 21100	 5.695782e-06	 10550.500000	 1	 21100	
21200	 21200	 5.727123e-06	 10600.500000	 1	 21200	
21300	 21300	 5.736338e-06	 10650.500000	 1	 21300	
21400	 21400	 5.765467e-06	 10700.500000	 1	 21400	
21500	 21500	 5.837721e-06	 10750.500000	 1	 21500	
21600	 21600	 5.850648e-06	 10800.500000	 1	 21600	
21700	 21700	 5.873088e-06	 10850.500000	 1	 21700	
21800	 21800	 5.876055e-06	 10900.500000	 1	 21800	
21900	 21900	 5.937580e-06	 10950.500000	 1	 21900	
22000	 22000	 6.148045e-06	 11000.500000	 1	 22000	
22100	 22100	 6.440226e-06	 11050.500000	 1	 22100	
22200	 22200	 6.470000e-06	 11100.500000	 1	 22200	
22300	 22300	 6.729013e-06	 11150.500000	 1	 22300	
22400	 22400	 6.455357e-06	 11200.500000	 1	 22400	
22500	 22500	 6.553600e-06	 11250.500000	 1	 22500	
22600	 22600	 6.627168e-06	 11300.500000	 1	 22600	
22700	 22700	 6.287533e-06	 11350.500000	 1	 22700	
22800	 22800	 6.201711e-06	 11400.500000	 1	 22800	
22900	 22900	 6.332707e-06	 11450.500000	 1	 22900	
23000	 23000	 6.700000e-06	 11500.500000	 1	 23000	
23100	 23100	 6.272511e-06	 11550.500000	 1	 23100	
23200	 23200	 6.731897e-06	 11600.500000	 1	 23200	
23300	 23300	 7.352361e-06	 11650.500000	 1	 23300	
23400	 23400	 7.611624e-06	 11700.500000	 1	 23400	
23500	 23500	 7.314043e-06	 11750.500000	 1	 23500	
23600	 23600	 7.360254e-06	 11800.500000	 1	 23600	
23700	 23700	 7.677342e-06	 11850.500000	 1	 23700	
23800	 23800	 6.908277e-06	 11900.500000	 1	 23800	
23900	 23900	 7.644059e-06	 11950.500000	 1	 23900	
24000	 24000	 7.059708e-06	 12000.500000	 1	 24000	
24100	 24100	 7.607054e-06	 12050.500000	 1	 24100	
24200	 24200	 6.918388e-06	 12100.500000	 1	 24200	
24300	 24300	 7.813704e-06	 12150.500000	 1	 24300	
24400	 24400	 6.841844e-06	 12200.500000	 1	 24400	
24500	 24500	 7.937633e-06	 12250.500000	 1	 24500	
24600	 24600	 7.165976e-06	 12300.500000	 1	 24600	
24700	 24700	 7.300769e-06	 12350.500000	 1	 24700	
24800	 24800	 7.921290e-06	 12400.500000	 1	 24800	
24900	 24900	 7.053855e-06	 12450.500000	 1	 24900	
25000	 25000	 8.843160e-06	 12500.500000	 1	 25000	
25100	 25100	 8.040438e-06	 12550.500000	 1	 25100	
25200	 25200	 7.214405e-06	 12600.500000	 1	 25200	
25300	 25300	 8.100791e-06	 12650.500000	 1	 25300	
25400	 25400	 7.642520e-06	 12700.500000	 1	 25400	
25500	 25500	 7.178471e-06	 12750.500000	 1	 25500	
25600	 25600	 8.022500e-06	 12800.500000	 1	 25600	
25700	 25700	 7.403385e-06	 12850.500000	 1	 25700	
25800	 25800	 7.735581e-06	 12900.500000	 1	 25800	
25900	 25900	 8.060116e-06	 12950.500000	 1	 25900	
26000	 26000	 8.727231e-06	 13000.500000	 1	 26000	
26100	 26100	 7.213065e-06	 13050.500000	 1	 26100	
26200	 26200	 7.434466e-06	 13100.500000	 1	 26200	
26300	 26300	 7.822510e-06	 13150.500000	 1	 26300	
26400	 26400	 7.889848e-06	 13200.500000	 1	 26400	
26500	 26500	 8.027094e-06	 13250.500000	 1	 26500	
26600	 26600	 7.739511e-06	 13300.500000	 1	 26600	
26700	 26700	 7.383670e-06	 13350.500000	 1	 26700	
26800	 26800	 8.995075e-06	 13400.500000	 1	 26800	
26900	 26900	 7.864944e-06	 13450.500000	 1	 26900	
27000	 27000	 7.677185e-06	 13500.500000	 1	 27000	
27100	 27100	 8.007491e-06	 13550.500000	 1	 27100	
27200	 27200	 7.808971e-06	 13600.500000	 1	 27200	
27300	 27300	 7.940183e-06	 13650.500000	 1	 27300	
27400	 27400	 7.857920e-06	 13700.500000	 1	 27400	
27500	 27500	 7.828982e-06	 13750.500000	 1	 27500	
27600	 27600	 7.909819e-06	 13800.500000	 1	 27600	
27700	 27700	 8.833791e-06	 13850.500000	 1	 27700	
27800	 27800	 9.004820e-06	 13900.500000	 1	 27800	
27900	 27900	 9.068530e-06	 13950.500000	 1	 27900	
28000	 28000	 7.687750e-06	 14000.500000	 1	 28000	
28100	 28100	 9.058897e-06	 14050.500000	 1	 28100	
28200	 28200	 8.321525e-06	 14100.500000	 1	 28200	
28300	 28300	 9.593357e-06	 14150.500000	 1	 28300	
28400	 28400	 8.517676e-06	 14200.500000	 1	 28400	
28500	 28500	 9.188772e-06	 14250.500000	 1	 28500	
28600	 28600	 9.276853e-06	 14300.500000	 1	 28600	
28700	 28700	 8.514843e-06	 14350.500000	 1	 28700	
28800	 28800	 9.384097e-06	 14400.500000	 1	 28800	
28900	 28900	 9.242699e-06	 14450.500000	 1	 28900	
29000	 29000	 9.270172e-06	 14500.500000	 1	 29000	
29100	 29100	 9.630447e-06	 14550.500000	 1	 29100	
29200	 29200	 9.776541e-06	 14600.500000	 1	 29200	
29300	 29300	 8.892935e-06	 14650.500000	 1	 29300	
29400	 29400	 8.504286e-06	 14700.500000	 1	 29400	
29500	 29500	 8.784949e-06	 14750.500000	 1	 29500	
29600	 29600	 8.044899e-06	 14800.500000	 1	 29600	
29700	 29700	 8.095118e-06	 14850.500000	 1	 29700	
29800	 29800	 8.068758e-06	 14900.500000	 1	 29800	
29900	 29900	 8.088261e-06	 14950.500000	 1	 29900	
30000	 30000	 8.110600e-06	 15000.500000	 1	 30000	
30100	 30100	 8.305781e-06	 15050.500000	 1	 30100	
30200	 30200	 8.169834e-06	 15100.500000	 1	 30200	
30300	 30300	 8.180231e-06	 15150.500000	 1	 30300	
30400	 30400	 8.224868e-06	 15200.500000	 1	 30400	
30500	 30500	 8.222656e-06	 15250.500000	 1	 30500	
30600	 30600	 8.249608e-06	 15300.500000	 1	 30600	
30700	 30700	 8.273909e-06	 15350.500000	 1	 30700	
30800	 30800	 8.328214e-06	 15400.500000	 1	 30800	
30900	 30900	 8.345178e-06	 15450.500000	 1	 30900	
31000	 31000	 8.376387e-06	 15500.500000	 1	 31000	
31100	 31100	 8.387235e-06	 15550.500000	 1	 31100	
31200	 31200	 8.427853e-06	 15600.500000	 1	 31200	
31300	 31300	 8.493450e-06	 15650.500000	 1	 31300	
31400	 31400	 8.470637e-06	 15700.500000	 1	 31400	
31500	 31500	 8.500476e-06	 15750.500000	 1	 31500	
31600	 31600	 8.551076e-06	 15800.500000	 1	 31600	
31700	 31700	 8.566972e-06	 15850.500000	 1	 31700	
31800	 31800	 8.568333e-06	 15900.500000	 1	 31800	
31900	 31900	 8.613511e-06	 15950.500000	 1	 31900	
32000	 32000	 8.634594e-06	 16000.500000	 1	 32000	
32100	 32100	 8.656324e-06	 16050.500000	 1	 32100	
32200	 32200	 8.679876e-06	 16100.500000	 1	 32200	
32300	 32300	 8.708111e-06	 16150.500000	 1	 32300	
32400	 32400	 8.768735e-06	 16200.500000	 1	 32400	
32500	 32500	 8.771969e-06	 16250.500000	 1	 32500	
32600	 32600	 8.790337e-06	 16300.500000	 1	 32600	
32700	 32700	 8.900673e-06	 16350.500000	 1	 32700	
32800	 32800	 8.845366e-06	 16400.500000	 1	 32800	
32900	 32900	 8.865076e-06	 16450.500000	 1	 32900	
33000	 33000	 8.890545e-06	 16500.500000	 1	 33000	
33100	 33100	 8.936495e-06	 16550.500000	 1	 33100	
33200	 33200	 8.931355e-06	 16600.500000	 1	 33200	
33300	 33300	 8.974865e-06	 16650.500000	 1	 33300	
33400	 33400	 9.042455e-06	 16700.500000	 1	 33400	
33500	 33500	 9.032119e-06	 16750.500000	 1	 33500	
33600	 33600	 9.063839e-06	 16800.500000	 1	 33600	
33700	 33700	 9.083412e-06	 16850.500000	 1	 33700	
33800	 33800	 9.105385e-06	 16900.500000	 1	 33800	
33900	 33900	 9.137198e-06	 16950.500000	 1	 33900	
34000	 34000	 9.161735e-06	 17000.500000	 1	 34000	
34100	 34100	 9.190587e-06	 17050.500000	 1	 34100	
34200	 34200	 9.225848e-06	 17100.500000	 1	 34200	
34300	 34300	 9.250437e-06	 17150.500000	 1	 34300	
34400	 34400	 9.309041e-06	 17200.500000	 1	 34400	
34500	 34500	 9.301043e-06	 17250.500000	 1	 34500	
34600	 34600	 9.344451e-06	 17300.500000	 1	 34600	
34700	 34700	 9.358732e-06	 17350.500000	 1	 34700	
34800	 34800	 9.369540e-06	 17400.500000	 1	 34800	
34900	 34900	 9.444040e-06	 17450.500000	 1	 34900	
35000	 35000	 9.439886e-06	 17500.500000	 1	 35000	
35100	 35100	 9.445385e-06	 17550.500000	 1	 35100	
35200	 35200	 9.502472e-06	 17600.500000	 1	 35200	
35300	 35300	 9.520907e-06	 17650.500000	 1	 35300	
35400	 35400	 9.531949e-06	 17700.500000	 1	 35400	
35500	 35500	 9.569239e-06	 17750.500000	 1	 35500	
35600	 35600	 9.606685e-06	 17800.500000	 1	 35600	
35700	 35700	 9.624874e-06	 17850.500000	 1	 35700	
35800	 35800	 9.661145e-06	 17900.500000	 1	 35800	
35900	 35900	 9.673538e-06	 17950.500000	 1	 35900	
36000	 36000	 9.722917e-06	 18000.500000	 1	 36000	
36100	 36100	 9.739834e-06	 18050.500000	 1	 36100	
36200	 36200	 9.758398e-06	 18100.500000	 1	 36200	
36300	 36300	 9.790275e-06	 18150.500000	 1	 36300	
36400	 36400	 9.816978e-06	 18200.500000	 1	 36400	
36500	 36500	 9.832000e-06	 18250.500000	 1	 36500	
36600	 36600	 9.875437e-06	 18300.500000	 1	 36600	
36700	 36700	 9.883079e-06	 18350.500000	 1	 36700	
36800	 36800	 9.906603e-06	 18400.500000	 1	 36800	
36900	 36900	 9.938591e-06	 18450.500000	 1	 36900	
37000	 37000	 1.000184e-05	 18500.500000	 1	 37000	
37100	 37100	 1.002237e-05	 18550.500000	 1	 37100	
37200	 37200	 1.003368e-05	 18600.500000	 1	 37200	
37300	 37300	 1.005531e-05	 18650.500000	 1	 37300	
37400	 37400	 1.006024e-05	 18700.500000	 1	 37400	
37500	 37500	 1.011411e-05	 18750.500000	 1	 37500	
37600	 37600	 1.012316e-05	 18800.500000	 1	 37600	
37700	 37700	 1.015666e-05	 18850.500000	 1	 37700	
37800	 37800	 1.019860e-05	 18900.500000	 1	 37800	
37900	 37900	 1.022103e-05	 18950.500000	 1	 37900	
38000	 38000	 1.028137e-05	 19000.500000	 1	 38000	
38100	 38100	 1.025735e-05	 19050.500000	 1	 38100	
38200	 38200	 1.030767e-05	 19100.500000	 1	 38200	
38300	 38300	 1.035052e-05	 19150.500000	 1	 38300	
38400	 38400	 1.034857e-05	 19200.500000	 1	 38400	
38500	 38500	 1.043673e-05	 19250.500000	 1	 38500	
38600	 38600	 1.040098e-05	 19300.500000	 1	 38600	
38700	 38700	 1.059034e-05	 19350.500000	 1	 38700	
38800	 38800	 1.047974e-05	 19400.500000	 1	 38800	
38900	 38900	 1.050535e-05	 19450.500000	 1	 38900	
39000	 39000	 1.051621e-05	 19500.500000	 1	 39000	
39100	 39100	 1.053540e-05	 19550.500000	 1	 39100	
39200	 39200	 1.057638e-05	 19600.500000	 1	 39200	
39300	 39300	 1.060753e-05	 19650.500000	 1	 39300	
39400	 39400	 1.061030e-05	 19700.500000	 1	 39400	
39500	 39500	 1.065337e-05	 19750.500000	 1	 39500	
39600	 39600	 1.068081e-05	 19800.500000	 1	 39600	
39700	 39700	 1.070484e-05	 19850.500000	 1	 39700	
39800	 39800	 1.073530e-05	 19900.500000	 1	 39800	
39900	 39900	 1.075722e-05	 19950.500000	 1	 39900	
40000	 40000	 1.077910e-05	 20000.500000	 1	 40000	
40100	 40100	 1.088793e-05	 20050.500000	 1	 40100	
40200	 40200	 1.087490e-05	 20100.500000	 1	 40200	
40300	 40300	 1.085682e-05	 20150.500000	 1	 40300	
40400	 40400	 1.092295e-05	 20200.500000	 1	 40400	
40500	 40500	 1.090494e-05	 20250.500000	 1	 40500	
40600	 40600	 1.093111e-05	 20300.500000	 1	 40600	
40700	 40700	 1.096396e-05	 20350.500000	 1	 40700	
40800	 40800	 1.104593e-05	 20400.500000	 1	 40800	
40900	 40900	 1.105421e-05	 20450.500000	 1	 40900	
41000	 41000	 1.108627e-05	 20500.500000	 1	 41000	
41100	 41100	 1.110224e-05	 20550.500000	 1	 41100	
41200	 41200	 1.110272e-05	 20600.500000	 1	 41200	
41300	 41300	 1.114528e-05	 20650.500000	 1	 41300	
41400	 41400	 1.117374e-05	 20700.500000	 1	 41400	
41500	 41500	 1.124376e-05	 20750.500000	 1	 41500	
41600	 41600	 1.119812e-05	 20800.500000	 1	 41600	
41700	 41700	 1.126400e-05	 20850.500000	 1	 41700	
41800	 41800	 1.128134e-05	 20900.500000	 1	 41800	
41900	 41900	 1.129695e-05	 20950.500000	 1	 41900	
42000	 42000	 1.135057e-05	 21000.500000	 1	 42000	
42100	 42100	 1.135575e-05	 21050.500000	 1	 42100	
42200	 42200	 1.139000e-05	 21100.500000	 1	 42200	
42300	 42300	 1.139778e-05	 21150.500000	 1	 42300	
42400	 42400	 1.143835e-05	 21200.500000	 1	 42400	
42500	 42500	 1.146315e-05	 21250.500000	 1	 42500	
42600	 42600	 1.149188e-05	 21300.500000	 1	 42600	
42700	 42700	 1.184323e-05	 21350.500000	 1	 42700	
42800	 42800	 1.239369e-05	 21400.500000	 1	 42800	
42900	 42900	 1.158000e-05	 21450.500000	 1	 42900	
43000	 43000	 1.161047e-05	 21500.500000	 1	 43000	
43100	 43100	 1.162601e-05	 21550.500000	 1	 43100	
43200	 43200	 1.165285e-05	 21600.500000	 1	 43200	
43300	 43300	 1.168864e-05	 21650.500000	 1	 43300	
43400	 43400	 1.170509e-05	 21700.500000	 1	 43400	
43500	 43500	 1.174246e-05	 21750.500000	 1	 43500	
43600	 43600	 1.176803e-05	 21800.500000	 1	 43600	
43700	 43700	 1.179311e-05	 21850.500000	 1	 43700	
43800	 43800	 1.182806e-05	 21900.500000	 1	 43800	
43900	 43900	 1.186467e-05	 21950.500000	 1	 43900	
44000	 44000	 1.186461e-05	 22000.500000	 1	 44000	
44100	 44100	 1.189707e-05	 22050.500000	 1	 44100	
44200	 44200	 1.190299e-05	 22100.500000	 1	 44200	
44300	 44300	 1.203953e-05	 22150.500000	 1	 44300	
44400	 44400	 1.200908e-05	 22200.500000	 1	 44400	
44500	 44500	 1.200407e-05	 22250.500000	 1	 44500	
44600	 44600	 1.202776e-05	 22300.500000	 1	 44600	
44700	 44700	 1.207443e-05	 22350.500000	 1	 44700	
44800	 44800	 1.207016e-05	 22400.500000	 1	 44800	
44900	 44900	 1.215082e-05	 22450.500000	 1	 44900	
45000	 45000	 1.235084e-05	 22500.500000	 1	 45000	
45100	 45100	 1.215080e-05	 22550.500000	 1	 45100	
45200	 45200	 1.217770e-05	 22600.500000	 1	 45200	
45300	 45300	 1.221901e-05	 22650.500000	 1	 45300	
45400	 45400	 1.224427e-05	 22700.500000	 1	 45400	
45500	 45500	 1.227635e-05	 22750.500000	 1	 45500	
45600	 45600	 1.239971e-05	 22800.500000	 1	 45600	
45700	 45700	 1.235772e-05	 22850.500000	 1	 45700	
45800	 45800	 1.237033e-05	 22900.500000	 1	 45800	
45900	 45900	 1.236200e-05	 22950.500000	 1	 45900	
46000	 46000	 1.240572e-05	 23000.500000	 1	 46000	
46100	 46100	 1.244072e-05	 23050.500000	 1	 46100	
46200	 46200	 1.245017e-05	 23100.500000	 1	 46200	
46300	 46300	 1.249274e-05	 23150.500000	 1	 46300	
46400	 46400	 1.251313e-05	 23200.500000	 1	 46400	
46500	 46500	 1.255157e-05	 23250.500000	 1	 46500	
46600	 46600	 1.256476e-05	 23300.500000	 1	 46600	
46700	 46700	 1.259582e-05	 23350.500000	 1	 46700	
46800	 46800	 1.260667e-05	 23400.500000	 1	 46800	
46900	 46900	 1.262910e-05	 23450.500000	 1	 46900	
47000	 47000	 1.266800e-05	 23500.500000	 1	 47000	
47100	 47100	 1.270943e-05	 23550.500000	 1	 47100	
47200	 47200	 1.270494e-05	 23600.500000	 1	 47200	
47300	 47300	 1.274260e-05	 23650.500000	 1	 47300	
47400	 47400	 1.276804e-05	 23700.500000	 1	 47400	
47500	 47500	 1.292223e-05	 23750.500000	 1	 47500	
47600	 47600	 1.283029e-05	 23800.500000	 1	 47600	
47700	 47700	 1.285696e-05	 23850.500000	 1	 47700	
47800	 47800	 1.290839e-05	 23900.500000	 1	 47800	
47900	 47900	 1.292486e-05	 23950.500000	 1	 47900	
48000	 48000	 1.296937e-05	 24000.500000	 1	 48000	
48100	 48100	 1.298965e-05	 24050.500000	 1	 48100	
48200	 48200	 1.297471e-05	 24100.500000	 1	 48200	
48300	 48300	 1.303141e-05	 24150.500000	 1	 48300	
48400	 48400	 1.307663e-05	 24200.500000	 1	 48400	
48500	 48500	 1.307771e-05	 24250.500000	 1	 48500	
48600	 48600	 1.309387e-05	 24300.500000	 1	 48600	
48700	 48700	 1.312520e-05	 24350.500000	 1	 48700	
48800	 48800	 1.313326e-05	 24400.500000	 1	 48800	
48900	 48900	 1.318045e-05	 24450.500000	 1	 48900	
49000	 49000	 1.321947e-05	 24500.500000	 1	 49000	
49100	 49100	 1.325424e-05	 24550.500000	 1	 49100	
49200	 49200	 1.327624e-05	 24600.500000	 1	 49200	
49300	 49300	 1.327479e-05	 24650.500000	 1	 49300	
49400	 49400	 1.332164e-05	 24700.500000	 1	 49400	
49500	 49500	 1.337178e-05	 24750.500000	 1	 49500	
49600	 49600	 1.334982e-05	 24800.500000	 1	 49600	
49700	 49700	 1.339763e-05	 24850.500000	 1	 49700	
49800	 49800	 1.343825e-05	 24900.500000	 1	 49800	
49900	 49900	 1.345178e-05	 24950.500000	 1	 49900	
50000	 50000	 1.352252e-05	 25000.500000	 1	 50000	
50100	 50100	 1.357174e-05	 25050.500000	 1	 50100	
50200	 50200	 1.354785e-05	 25100.500000	 1	 50200	
50300	 50300	 1.357865e-05	 25150.500000	 1	 50300	
50400	 50400	 1.358212e-05	 25200.500000	 1	 50400	
50500	 50500	 1.362188e-05	 25250.500000	 1	 50500	
50600	 50600	 1.363668e-05	 25300.500000	 1	 50600	
50700	 50700	 1.367318e-05	 25350.500000	 1	 50700	
50800	 50800	 1.370102e-05	 25400.500000	 1	 50800	
50900	 50900	 1.373925e-05	 25450.500000	 1	 50900	
51000	 51000	 1.376002e-05	 25500.500000	 1	 51000	
51100	 51100	 1.377329e-05	 25550.500000	 1	 51100	
51200	 51200	 1.378994e-05	 25600.500000	 1	 51200	
51300	 51300	 1.387255e-05	 25650.500000	 1	 51300	
51400	 51400	 1.390755e-05	 25700.500000	 1	 51400	
51500	 51500	 1.387924e-05	 25750.500000	 1	 51500	
51600	 51600	 1.393764e-05	 25800.500000	 1	 51600	
51700	 51700	 1.395857e-05	 25850.500000	 1	 51700	
51800	 51800	 1.396890e-05	 25900.500000	 1	 51800	
51900	 51900	 1.398732e-05	 25950.500000	 1	 51900	
52000	 52000	 1.405706e-05	 26000.500000	 1	 52000	
52100	 52100	 1.405906e-05	 26050.500000	 1	 52100	
52200	 52200	 1.405404e-05	 26100.500000	 1	 52200	
52300	 52300	 1.409902e-05	 26150.500000	 1	 52300	
52400	 52400	 1.413426e-05	 26200.500000	 1	 52400	
52500	 52500	 1.415541e-05	 26250.500000	 1	 52500	
52600	 52600	 1.416390e-05	 26300.500000	 1	 52600	
52700	 52700	 1.420505e-05	 26350.500000	 1	 52700	
52800	 52800	 1.424822e-05	 26400.500000	 1	 52800	
52900	 52900	 1.427845e-05	 26450.500000	 1	 52900	
53000	 53000	 1.428883e-05	 26500.500000	 1	 53000	
53100	 53100	 1.429614e-05	 26550.500000	 1	 53100	
53200	 53200	 1.435434e-05	 26600.500000	 1	 53200	
53300	 53300	 1.437270e-05	 26650.500000	 1	 53300	
53400	 53400	 1.438172e-05	 26700.500000	 1	 53400	
53500	 53500	 1.441927e-05	 26750.500000	 1	 53500	
53600	 53600	 1.447642e-05	 26800.500000	 1	 53600	
53700	 53700	 1.448205e-05	 26850.500000	 1	 53700	
53800	 53800	 1.449240e-05	 26900.500000	 1	 53800	
53900	 53900	 1.452929e-05	 26950.500000	 1	 53900	
54000	 54000	 1.456407e-05	 27000.500000	 1	 54000	
54100	 54100	 1.461869e-05	 27050.500000	 1	 54100	
54200	 54200	 1.462334e-05	 27100.500000	 1	 54200	
54300	 54300	 1.463805e-05	 27150.500000	 1	 54300	
54400	 54400	 1.469090e-05	 27200.500000	 1	 54400	
54500	 54500	 1.469101e-05	 27250.500000	 1	 54500	
54600	 54600	 1.472692e-05	 27300.500000	 1	 54600	
54700	 54700	 1.476687e-05	 27350.500000	 1	 54700	
54800	 54800	 1.479374e-05	 27400.500000	 1	 54800	
54900	 54900	 1.481532e-05	 27450.500000	 1	 54900	
55000	 55000	 1.483047e-05	 27500.500000	 1	 55000	
55100	 55100	 1.485492e-05	 27550.500000	 1	 55100	
55200	 55200	 1.492998e-05	 27600.500000	 1	 55200	
55300	 55300	 1.491613e-05	 27650.500000	 1	 55300	
55400	 55400	 1.493361e-05	 27700.500000	 1	 55400	
55500	 55500	 1.497804e-05	 27750.500000	 1	 55500	
55600	 55600	 1.498133e-05	 27800.500000	 1	 55600	
55700	 55700	 1.501908e-05	 27850.500000	 1	 55700	
55800	 55800	 1.505792e-05	 27900.500000	 1	 55800	
55900	 55900	 1.509132e-05	 27950.500000	 1	 55900	
56000	 56000	 1.512345e-05	 28000.500000	 1	 56000	
56100	 56100	 1.512922e-05	 28050.500000	 1	 56100	
56200	 56200	 1.515176e-05	 28100.500000	 1	 56200	
56300	 56300	 1.516789e-05	 28150.500000	 1	 56300	
56400	 56400	 1.520576e-05	 28200.500000	 1	 56400	
56500	 56500	 1.525352e-05	 28250.500000	 1	 56500	
56600	 56600	 1.525435e-05	 28300.500000	 1	 56600	
56700	 56700	 1.528716e-05	 28350.500000	 1	 56700	
56800	 56800	 1.528579e-05	 28400.500000	 1	 56800	
56900	 56900	 1.534153e-05	 28450.500000	 1	 56900	
57000	 57000	 1.536702e-05	 28500.500000	 1	 57000	
57100	 57100	 1.541602e-05	 28550.500000	 1	 57100	
57200	 57200	 1.543044e-05	 28600.500000	 1	 57200	
57300	 57300	 1.544832e-05	 28650.500000	 1	 57300	
57400	 57400	 1.550073e-05	 28700.500000	 1	 57400	
57500	 57500	 1.551470e-05	 28750.500000	 1	 57500	
57600	 57600	 1.555896e-05	 28800.500000	 1	 57600	
57700	 57700	 1.554955e-05	 28850.500000	 1	 57700	
57800	 57800	 1.560330e-05	 28900.500000	 1	 57800	
57900	 57900	 1.562782e-05	 28950.500000	 1	 57900	
58000	 58000	 1.564590e-05	 29000.500000	 1	 58000	
58100	 58100	 1.565427e-05	 29050.500000	 1	 58100	
58200	 58200	 1.569287e-05	 29100.500000	 1	 58200	
58300	 58300	 1.573175e-05	 29150.500000	 1	 58300	
58400	 58400	 1.576197e-05	 29200.500000	 1	 58400	
58500	 58500	 1.575884e-05	 29250.500000	 1	 58500	
58600	 58600	 1.582672e-05	 29300.500000	 1	 58600	
58700	 58700	 1.587256e-05	 29350.500000	 1	 58700	
58800	 58800	 1.584376e-05	 29400.500000	 1	 58800	
58900	 58900	 1.590587e-05	 29450.500000	 1	 58900	
59000	 59000	 1.592814e-05	 29500.500000	 1	 59000	
59100	 59100	 1.593122e-05	 29550.500000	 1	 59100	
59200	 59200	 1.597002e-05	 29600.500000	 1	 59200	
59300	 59300	 1.598902e-05	 29650.500000	 1	 59300	
59400	 59400	 1.603091e-05	 29700.500000	 1	 59400	
59500	 59500	 1.609188e-05	 29750.500000	 1	 59500	
59600	 59600	 1.607126e-05	 29800.500000	 1	 59600	
59700	 59700	 1.610325e-05	 29850.500000	 1	 59700	
59800	 59800	 1.611376e-05	 29900.500000	 1	 59800	
59900	 59900	 1.617471e-05	 29950.500000	 1	 59900	
60000	 60000	 1.620690e-05	 30000.500000	 1	 60000	
60100	 60100	 1.627571e-05	 30050.500000	 1	 60100	
60200	 60200	 1.621877e-05	 30100.500000	 1	 60200	
60300	 60300	 1.625015e-05	 30150.500000	 1	 60300	
60400	 60400	 1.628957e-05	 30200.500000	 1	 60400	
60500	 60500	 1.631731e-05	 30250.500000	 1	 60500	
60600	 60600	 1.633087e-05	 30300.500000	 1	 60600	
60700	 60700	 1.637054e-05	 30350.500000	 1	 60700	
60800	 60800	 1.641768e-05	 30400.500000	 1	 60800	
60900	 60900	 1.641141e-05	 30450.500000	 1	 60900	
61000	 61000	 1.646916e-05	 30500.500000	 1	 61000	
61100	 61100	 1.648550e-05	 30550.500000	 1	 61100	
61200	 61200	 1.652025e-05	 30600.500000	 1	 61200	
61300	 61300	 1.658142e-05	 30650.500000	 1	 61300	
61400	 61400	 1.658267e-05	 30700.500000	 1	 61400	
61500	 61500	 1.659868e-05	 30750.500000	 1	 61500	
61600	 61600	 1.662065e-05	 30800.500000	 1	 61600	
61700	 61700	 1.666269e-05	 30850.500000	 1	 61700	
61800	 61800	 1.665921e-05	 30900.500000	 1	 61800	
61900	 61900	 1.668679e-05	 30950.500000	 1	 61900	
62000	 62000	 1.670831e-05	 31000.500000	 1	 62000	
62100	 62100	 1.673372e-05	 31050.500000	 1	 62100	
62200	 62200	 1.689670e-05	 31100.500000	 1	 62200	
62300	 62300	 1.678079e-05	 31150.500000	 1	 62300	
62400	 62400	 1.683064e-05	 31200.500000	 1	 62400	
62500	 62500	 1.685426e-05	 31250.500000	 1	 62500	
62600	 62600	 1.686896e-05	 31300.500000	 1	 62600	
62700	 62700	 1.693759e-05	 31350.500000	 1	 62700	
62800	 62800	 1.694360e-05	 31400.500000	 1	 62800	
62900	 62900	 1.694572e-05	 31450.500000	 1	 62900	
63000	 63000	 1.697187e-05	 31500.500000	 1	 63000	
63100	 63100	 1.702158e-05	 31550.500000	 1	 63100	
63200	 63200	 1.703266e-05	 31600.500000	 1	 63200	
63300	 63300	 1.706335e-05	 31650.500000	 1	 63300	
63400	 63400	 1.711879e-05	 31700.500000	 1	 63400	
63500	 63500	 1.713592e-05	 31750.500000	 1	 63500	
63600	 63600	 1.716903e-05	 31800.500000	 1	 63600	
63700	 63700	 1.719576e-05	 31850.500000	 1	 63700	
63800	 63800	 1.721851e-05	 31900.500000	 1	 63800	
63900	 63900	 1.734094e-05	 31950.500000	 1	 63900	
64000	 64000	 1.726616e-05	 32000.500000	 1	 64000	
64100	 64100	 1.730254e-05	 32050.500000	 1	 64100	
64200	 64200	 1.738936e-05	 32100.500000	 1	 64200	
64300	 64300	 1.733726e-05	 32150.500000	 1	 64300	
64400	 64400	 1.746123e-05	 32200.500000	 1	 64400	
64500	 64500	 1.745042e-05	 32250.500000	 1	 64500	
64600	 64600	 1.745378e-05	 32300.500000	 1	 64600	
64700	 64700	 1.742651e-05	 32350.500000	 1	 64700	
64800	 64800	 1.746909e-05	 32400.500000	 1	 64800	
64900	 64900	 1.747404e-05	 32450.500000	 1	 64900	
65000	 65000	 1.755055e-05	 32500.500000	 1	 65000	
65100	 65100	 1.759767e-05	 32550.500000	 1	 65100	
65200	 65200	 1.760328e-05	 32600.500000	 1	 65200	
65300	 65300	 1.763040e-05	 32650.500000	 1	 65300	
65400	 65400	 1.766225e-05	 32700.500000	 1	 65400	
65500	 65500	 1.766501e-05	 32750.500000	 1	 65500	
65600	 65600	 1.771098e-05	 32800.500000	 1	 65600	
65700	 65700	 1.773654e-05	 32850.500000	 1	 65700	
65800	 65800	 1.774182e-05	 32900.500000	 1	 65800	
65900	 65900	 1.777115e-05	 32950.500000	 1	 65900	
66000	 66000	 1.783498e-05	 33000.500000	 1	 66000	
66100	 66100	 1.784496e-05	 33050.500000	 1	 66100	
66200	 66200	 1.786257e-05	 33100.500000	 1	 66200	
66300	 66300	 1.790026e-05	 33150.500000	 1	 66300	
66400	 66400	 1.791616e-05	 33200.500000	 1	 66400	
66500	 66500	 1.796541e-05	 33250.500000	 1	 66500	
66600	 66600	 1.798683e-05	 33300.500000	 1	 66600	
66700	 66700	 1.801558e-05	 33350.500000	 1	 66700	
66800	 66800	 1.804602e-05	 33400.500000	 1	 66800	
66900	 66900	 1.804268e-05	 33450.500000	 1	 66900	
67000	 67000	 1.808893e-05	 33500.500000	 1	 67000	
67100	 67100	 1.814493e-05	 33550.500000	 1	 67100	
67200	 67200	 1.813022e-05	 33600.500000	 1	 67200	
67300	 67300	 1.815064e-05	 33650.500000	 1	 67300	
67400	 67400	 1.818045e-05	 33700.500000	 1	 67400	
67500	 67500	 1.820412e-05	 33750.500000	 1	 67500	
67600	 67600	 1.826706e-05	 33800.500000	 1	 67600	
67700	 67700	 1.826353e-05	 33850.500000	 1	 67700	
67800	 67800	 1.828796e-05	 33900.500000	 1	 67800	
67900	 67900	 1.835445e-05	 33950.500000	 1	 67900	
68000	 68000	 1.836096e-05	 34000.500000	 1	 68000	
68100	 68100	 1.836511e-05	 34050.500000	 1	 68100	
68200	 68200	 1.842858e-05	 34100.500000	 1	 68200	
68300	 68300	 1.843816e-05	 34150.500000	 1	 68300	
68400	 68400	 1.845637e-05	 34200.500000	 1	 68400	
68500	 68500	 1.847762e-05	 34250.500000	 1	 68500	
68600	 68600	 1.851552e-05	 34300.500000	 1	 68600	
68700	 68700	 1.857132e-05	 34350.500000	 1	 68700	
68800	 68800	 1.853910e-05	 34400.500000	 1	 68800	
68900	 68900	 1.863653e-05	 34450.500000	 1	 68900	
69000	 69000	 1.861793e-05	 34500.500000	 1	 69000	
69100	 69100	 1.871543e-05	 34550.500000	 1	 69100	
69200	 69200	 1.869377e-05	 34600.500000	 1	 69200	
69300	 69300	 1.870648e-05	 34650.500000	 1	 69300	
69400	 69400	 1.871880e-05	 34700.500000	 1	 69400	
69500	 69500	 1.878702e-05	 34750.500000	 1	 69500	
69600	 69600	 1.892537e-05	 34800.500000	 1	 69600	
69700	 69700	 1.882416e-05	 34850.500000	 1	 69700	
69800	 69800	 1.884158e-05	 34900.500000	 1	 69800	
69900	 69900	 1.885837e-05	 34950.500000	 1	 69900	
70000	 70000	 1.896927e-05	 35000.500000	 1	 70000	
70100	 70100	 1.896826e-05	 35050.500000	 1	 70100	
70200	 70200	 1.893575e-05	 35100.500000	 1	 70200	
70300	 70300	 1.897541e-05	 35150.500000	 1	 70300	
70400	 70400	 1.902081e-05	 35200.500000	 1	 70400	
70500	 70500	 1.901584e-05	 35250.500000	 1	 70500	
70600	 70600	 1.905361e-05	 35300.500000	 1	 70600	
70700	 70700	 1.906822e-05	 35350.500000	 1	 70700	
70800	 70800	 1.910660e-05	 35400.500000	 1	 70800	
70900	 70900	 1.911966e-05	 35450.500000	 1	 70900	
71000	 71000	 1.915687e-05	 35500.500000	 1	 71000	
71100	 71100	 1.919156e-05	 35550.500000	 1	 71100	
71200	 71200	 1.922029e-05	 35600.500000	 1	 71200	
71300	 71300	 1.924028e-05	 35650.500000	 1	 71300	
71400	 71400	 1.927171e-05	 35700.500000	 1	 71400	
71500	 71500	 1.928839e-05	 35750.500000	 1	 71500	
71600	 71600	 1.934448e-05	 35800.500000	 1	 71600	
71700	 71700	 1.934294e-05	 35850.500000	 1	 71700	
71800	 71800	 1.935426e-05	 35900.500000	 1	 71800	
71900	 71900	 1.939434e-05	 35950.500000	 1	 71900	
72000	 72000	 1.942414e-05	 36000.500000	 1	 72000	
72100	 72100	 1.953254e-05	 36050.500000	 1	 72100	
72200	 72200	 1.949922e-05	 36100.500000	 1	 72200	
72300	 72300	 1.948160e-05	 36150.500000	 1	 72300	
72400	 72400	 1.954851e-05	 36200.500000	 1	 72400	
72500	 72500	 1.957175e-05	 36250.500000	 1	 72500	
72600	 72600	 1.956946e-05	 36300.500000	 1	 72600	
72700	 72700	 1.960706e-05	 36350.500000	 1	 72700	
72800	 72800	 1.964734e-05	 36400.500000	 1	 72800	
72900	 72900	 1.968538e-05	 36450.500000	 1	 72900	
73000	 73000	 1.968612e-05	 36500.500000	 1	 73000	
73100	 73100	 1.975339e-05	 36550.500000	 1	 73100	
73200	 73200	 1.972810e-05	 36600.500000	 1	 73200	
73300	 73300	 1.978050e-05	 36650.500000	 1	 73300	
73400	 73400	 1.979847e-05	 36700.500000	 1	 73400	
73500	 73500	 1.984616e-05	 36750.500000	 1	 73500	
73600	 73600	 1.992126e-05	 36800.500000	 1	 73600	
73700	 73700	 1.985434e-05	 36850.500000	 1	 73700	
73800	 73800	 1.993724e-05	 36900.500000	 1	 73800	
73900	 73900	 1.993926e-05	 36950.500000	 1	 73900	
74000	 74000	 1.996507e-05	 37000.500000	 1	 74000	
74100	 74100	 2.000806e-05	 37050.500000	 1	 74100	
74200	 74200	 2.003337e-05	 37100.500000	 1	 74200	
74300	 74300	 2.019657e-05	 37150.500000	 1	 74300	
74400	 74400	 2.088358e-05	 37200.500000	 1	 74400	
74500	 74500	 2.072397e-05	 37250.500000	 1	 74500	
74600	 74600	 2.014401e-05	 37300.500000	 1	 74600	
74700	 74700	 2.018740e-05	 37350.500000	 1	 74700	
74800	 74800	 2.020222e-05	 37400.500000	 1	 74800	
74900	 74900	 2.026140e-05	 37450.500000	 1	 74900	
75000	 75000	 2.026148e-05	 37500.500000	 1	 75000	
75100	 75100	 2.026987e-05	 37550.500000	 1	 75100	
75200	 75200	 2.027745e-05	 37600.500000	 1	 75200	
75300	 75300	 2.032610e-05	 37650.500000	 1	 75300	
75400	 75400	 2.032292e-05	 37700.500000	 1	 75400	
75500	 75500	 2.045869e-05	 37750.500000	 1	 75500	
75600	 75600	 2.039111e-05	 37800.500000	 1	 75600	
75700	 75700	 2.046061e-05	 37850.500000	 1	 75700	
75800	 75800	 2.042503e-05	 37900.500000	 1	 75800	
75900	 75900	 2.046594e-05	 37950.500000	 1	 75900	
76000	 76000	 2.047142e-05	 38000.500000	 1	 76000	
76100	 76100	 2.051926e-05	 38050.500000	 1	 76100	
76200	 76200	 2.055253e-05	 38100.500000	 1	 76200	
76300	 76300	 2.055522e-05	 38150.500000	 1	 76300	
76400	 76400	 2.059687e-05	 38200.500000	 1	 76400	
76500	 76500	 2.064410e-05	 38250.500000	 1	 76500	
76600	 76600	 2.063916e-05	 38300.500000	 1	 76600	
76700	 76700	 2.066112e-05	 38350.500000	 1	 76700	
76800	 76800	 2.072242e-05	 38400.500000	 1	 76800	
76900	 76900	 2.075717e-05	 38450.500000	 1	 76900	
77000	 77000	 2.079018e-05	 38500.500000	 1	 77000	
77100	 77100	 2.082035e-05	 38550.500000	 1	 77100	
77200	 77200	 2.086404e-05	 38600.500000	 1	 77200	
77300	 77300	 2.087594e-05	 38650.500000	 1	 77300	
77400	 77400	 2.090866e-05	 38700.500000	 1	 77400	
77500	 77500	 2.092443e-05	 38750.500000	 1	 77500	
77600	 77600	 2.093936e-05	 38800.500000	 1	 77600	
77700	 77700	 2.098299e-05	 38850.500000	 1	 77700	
77800	 77800	 2.102192e-05	 38900.500000	 1	 77800	
77900	 77900	 2.100809e-05	 38950.500000	 1	 77900	
78000	 78000	 2.105891e-05	 39000.500000	 1	 78000	
78100	 78100	 2.109839e-05	 39050.500000	 1	 78100	
78200	 78200	 2.111332e-05	 39100.500000	 1	 78200	
78300	 78300	 2.111146e-05	 39150.500000	 1	 78300	
78400	 78400	 2.113513e-05	 39200.500000	 1	 78400	
78500	 78500	 2.117457e-05	 39250.500000	 1	 78500	
78600	 78600	 2.118419e-05	 39300.500000	 1	 78600	
78700	 78700	 2.129022e-05	 39350.500000	 1	 78700	
78800	 78800	 2.124477e-05	 39400.500000	 1	 78800	
78900	 78900	 2.129919e-05	 39450.500000	 1	 78900	
79000	 79000	 2.131495e-05	 39500.500000	 1	 79000	
79100	 79100	 2.135501e-05	 39550.500000	 1	 79100	
79200	 79200	 2.137884e-05	 39600.500000	 1	 79200	
79300	 79300	 2.142589e-05	 39650.500000	 1	 79300	
79400	 79400	 2.142137e-05	 39700.500000	 1	 79400	
79500	 79500	 2.151548e-05	 39750.500000	 1	 79500	
79600	 79600	 2.147430e-05	 39800.500000	 1	 79600	
79700	 79700	 2.151028e-05	 39850.500000	 1	 79700	
79800	 79800	 2.162373e-05	 39900.500000	 1	 79800	
79900	 79900	 2.157951e-05	 39950.500000	 1	 79900	
80000	 80000	 2.156781e-05	 40000.500000	 1	 80000	
80100	 80100	 2.168829e-05	 40050.500000	 1	 80100	
80200	 80200	 2.163291e-05	 40100.500000	 1	 80200	
80300	 80300	 2.168527e-05	 40150.500000	 1	 80300	
80400	 80400	 2.173061e-05	 40200.500000	 1	 80400	
80500	 80500	 2.174373e-05	 40250.500000	 1	 80500	
80600	 80600	 2.182060e-05	 40300.500000	 1	 80600	
80700	 80700	 2.178627e-05	 40350.500000	 1	 80700	
80800	 80800	 2.179530e-05	 40400.500000	 1	 80800	
80900	 80900	 2.183738e-05	 40450.500000	 1	 80900	
81000	 81000	 2.189220e-05	 40500.500000	 1	 81000	
81100	 81100	 2.188411e-05	 40550.500000	 1	 81100	
81200	 81200	 2.197818e-05	 40600.500000	 1	 81200	
81300	 81300	 2.197271e-05	 40650.500000	 1	 81300	
81400	 81400	 2.196392e-05	 40700.500000	 1	 81400	
81500	 81500	 2.217961e-05	 40750.500000	 1	 81500	
81600	 81600	 2.202888e-05	 40800.500000	 1	 81600	
81700	 81700	 2.205437e-05	 40850.500000	 1	 81700	
81800	 81800	 2.208300e-05	 40900.500000	 1	 81800	
81900	 81900	 2.211317e-05	 40950.500000	 1	 81900	
82000	 82000	 2.214482e-05	 41000.500000	 1	 82000	
82100	 82100	 2.215212e-05	 41050.500000	 1	 82100	
82200	 82200	 2.219383e-05	 41100.500000	 1	 82200	
82300	 82300	 2.222193e-05	 41150.500000	 1	 82300	
82400	 82400	 2.225013e-05	 41200.500000	 1	 82400	
82500	 82500	 2.228028e-05	 41250.500000	 1	 82500	
82600	 82600	 2.230557e-05	 41300.500000	 1	 82600	
82700	 82700	 2.231121e-05	 41350.500000	 1	 82700	
82800	 82800	 2.236806e-05	 41400.500000	 1	 82800	
82900	 82900	 2.238486e-05	 41450.500000	 1	 82900	
83000	 83000	 2.240641e-05	 41500.500000	 1	 83000	
83100	 83100	 2.242851e-05	 41550.500000	 1	 83100	
83200	 83200	 2.245238e-05	 41600.500000	 1	 83200	
83300	 83300	 2.250014e-05	 41650.500000	 1	 83300	
83400	 83400	 2.253157e-05	 41700.500000	 1	 83400	
83500	 83500	 2.252808e-05	 41750.500000	 1	 83500	
83600	 83600	 2.255331e-05	 41800.500000	 1	 83600	
83700	 83700	 2.260382e-05	 41850.500000	 1	 83700	
83800	 83800	 2.262722e-05	 41900.500000	 1	 83800	
83900	 83900	 2.268712e-05	 41950.500000	 1	 83900	
84000	 84000	 2.282752e-05	 42000.500000	 1	 84000	
84100	 84100	 2.271725e-05	 42050.500000	 1	 84100	
84200	 84200	 2.274980e-05	 42100.500000	 1	 84200	
84300	 84300	 2.279396e-05	 42150.500000	 1	 84300	
84400	 84400	 2.281342e-05	 42200.500000	 1	 84400	
84500	 84500	 2.282008e-05	 42250.500000	 1	 84500	
84600	 84600	 2.284791e-05	 42300.500000	 1	 84600	
84700	 84700	 2.288002e-05	 42350.500000	 1	 84700	
84800	 84800	 2.289761e-05	 42400.500000	 1	 84800	
84900	 84900	 2.293883e-05	 42450.500000	 1	 84900	
85000	 85000	 2.298353e-05	 42500.500000	 1	 85000	
85100	 85100	 2.298707e-05	 42550.500000	 1	 85100	
85200	 85200	 2.299822e-05	 42600.500000	 1	 85200	
85300	 85300	 2.303158e-05	 42650.500000	 1	 85300	
85400	 85400	 2.306027e-05	 42700.500000	 1	 85400	
85500	 85500	 2.311539e-05	 42750.500000	 1	 85500	
85600	 85600	 2.316988e-05	 42800.500000	 1	 85600	
85700	 85700	 2.314574e-05	 42850.500000	 1	 85700	
85800	 85800	 2.316057e-05	 42900.500000	 1	 85800	
85900	 85900	 2.318262e-05	 42950.500000	 1	 85900	
86000	 86000	 2.319683e-05	 43000.500000	 1	 86000	
86100	 86100	 2.324154e-05	 43050.500000	 1	 86100	
86200	 86200	 2.335155e-05	 43100.500000	 1	 86200	
86300	 86300	 2.330524e-05	 43150.500000	 1	 86300	
86400	 86400	 2.331943e-05	 43200.500000	 1	 86400	
86500	 86500	 2.337054e-05	 43250.500000	 1	 86500	
86600	 86600	 2.339299e-05	 43300.500000	 1	 86600	
86700	 86700	 2.343347e-05	 43350.500000	 1	 86700	
86800	 86800	 2.345855e-05	 43400.500000	 1	 86800	
86900	 86900	 2.348008e-05	 43450.500000	 1	 86900	
87000	 87000	 2.349862e-05	 43500.500000	 1	 87000	
87100	 87100	 2.354183e-05	 43550.500000	 1	 87100	
87200	 87200	 2.362322e-05	 43600.500000	 1	 87200	
87300	 87300	 2.356668e-05	 43650.500000	 1	 87300	
87400	 87400	 2.361429e-05	 43700.500000	 1	 87400	
87500	 87500	 2.361623e-05	 43750.500000	 1	 87500	
87600	 87600	 2.367517e-05	 43800.500000	 1	 87600	
87700	 87700	 2.370712e-05	 43850.500000	 1	 87700	
87800	 87800	 2.370760e-05	 43900.500000	 1	 87800	
87900	 87900	 2.373834e-05	 43950.500000	 1	 87900	
88000	 88000	 2.375367e-05	 44000.500000	 1	 88000	
88100	 88100	 2.378646e-05	 44050.500000	 1	 88100	
88200	 88200	 2.381539e-05	 44100.500000	 1	 88200	
88300	 88300	 2.384024e-05	 44150.500000	 1	 88300	
88400	 88400	 2.409343e-05	 44200.500000	 1	 88400	
88500	 88500	 2.523332e-05	 44250.500000	 1	 88500	
88600	 88600	 2.477343e-05	 44300.500000	 1	 88600	
88700	 88700	 2.454892e-05	 44350.500000	 1	 88700	
88800	 88800	 2.432908e-05	 44400.500000	 1	 88800	
88900	 88900	 2.446728e-05	 44450.500000	 1	 88900	
89000	 89000	 2.406035e-05	 44500.500000	 1	 89000	
89100	 89100	 2.412694e-05	 44550.500000	 1	 89100	
89200	 89200	 2.410155e-05	 44600.500000	 1	 89200	
89300	 89300	 2.414395e-05	 44650.500000	 1	 89300	
89400	 89400	 2.418754e-05	 44700.500000	 1	 89400	
89500	 89500	 2.416665e-05	 44750.500000	 1	 89500	
89600	 89600	 2.422001e-05	 44800.500000	 1	 89600	
89700	 89700	 2.425358e-05	 44850.500000	 1	 89700	
89800	 89800	 2.433374e-05	 44900.500000	 1	 89800	
89900	 89900	 2.430100e-05	 44950.500000	 1	 89900	
90000	 90000	 2.432878e-05	 45000.500000	 1	 90000	
90100	 90100	 2.438252e-05	 45050.500000	 1	 90100	
90200	 90200	 2.443224e-05	 45100.500000	 1	 90200	
90300	 90300	 2.442641e-05	 45150.500000	 1	 90300	
90400	 90400	 2.445152e-05	 45200.500000	 1	 90400	
90500	 90500	 2.448841e-05	 45250.500000	 1	 90500	
90600	 90600	 2.477826e-05	 45300.500000	 1	 90600	
90700	 90700	 2.450139e-05	 45350.500000	 1	 90700	
90800	 90800	 2.452053e-05	 45400.500000	 1	 90800	
90900	 90900	 2.452378e-05	 45450.500000	 1	 90900	
91000	 91000	 2.460629e-05	 45500.500000	 1	 91000	
91100	 91100	 2.460741e-05	 45550.500000	 1	 91100	
91200	 91200	 2.464072e-05	 45600.500000	 1	 91200	
91300	 91300	 2.475793e-05	 45650.500000	 1	 91300	
91400	 91400	 2.470550e-05	 45700.500000	 1	 91400	
91500	 91500	 2.471586e-05	 45750.500000	 1	 91500	
91600	 91600	 2.473859e-05	 45800.500000	 1	 91600	
91700	 91700	 2.475968e-05	 45850.500000	 1	 91700	
91800	 91800	 2.491350e-05	 45900.500000	 1	 91800	
91900	 91900	 2.483720e-05	 45950.500000	 1	 91900	
92000	 92000	 2.483976e-05	 46000.500000	 1	 92000	
92100	 92100	 2.487392e-05	 46050.500000	 1	 92100	
92200	 92200	 2.490202e-05	 46100.500000	 1	 92200	
92300	 92300	 2.493393e-05	 46150.500000	 1	 92300	
92400	 92400	 2.496108e-05	 46200.500000	 1	 92400	
92500	 92500	 2.505011e-05	 46250.500000	 1	 92500	
92600	 92600	 2.506591e-05	 46300.500000	 1	 92600	
92700	 92700	 2.504697e-05	 46350.500000	 1	 92700	
92800	 92800	 2.506927e-05	 46400.500000	 1	 92800	
92900	 92900	 2.512299e-05	 46450.500000	 1	 92900	
93000	 93000	 2.512292e-05	 46500.500000	 1	 93000	
93100	 93100	 2.520201e-05	 46550.500000	 1	 93100	
93200	 93200	 2.518462e-05	 46600.500000	 1	 93200	
93300	 93300	 2.518830e-05	 46650.500000	 1	 93300	
93400	 93400	 2.524571e-05	 46700.500000	 1	 93400	
93500	 93500	 2.524818e-05	 46750.500000	 1	 93500	
93600	 93600	 2.531403e-05	 46800.500000	 1	 93600	
93700	 93700	 2.532107e-05	 46850.500000	 1	 93700	
93800	 93800	 2.534099e-05	 46900.500000	 1	 93800	
93900	 93900	 2.538486e-05	 46950.500000	 1	 93900	
94000	 94000	 2.542601e-05	 47000.500000	 1	 94000	
94100	 94100	 2.545714e-05	 47050.500000	 1	 94100	
94200	 94200	 2.546249e-05	 47100.500000	 1	 94200	
94300	 94300	 2.547012e-05	 47150.500000	 1	 94300	
94400	 94400	 2.553334e-05	 47200.500000	 1	 94400	
94500	 94500	 2.553822e-05	 47250.500000	 1	 94500	
94600	 94600	 2.558581e-05	 47300.500000	 1	 94600	
94700	 94700	 2.558785e-05	 47350.500000	 1	 94700	
94800	 94800	 2.561709e-05	 47400.500000	 1	 94800	
94900	 94900	 2.565939e-05	 47450.500000	 1	 94900	
95000	 95000	 2.572959e-05	 47500.500000	 1	 95000	
95100	 95100	 2.575760e-05	 47550.500000	 1	 95100	
95200	 95200	 2.571403e-05	 47600.500000	 1	 95200	
95300	 95300	 2.573159e-05	 47650.500000	 1	 95300	
95400	 95400	 2.580077e-05	 47700.500000	 1	 95400	
95500	 95500	 2.580201e-05	 47750.500000	 1	 95500	
95600	 95600	 2.585685e-05	 47800.500000	 1	 95600	
95700	 95700	 2.584777e-05	 47850.500000	 1	 95700	
95800	 95800	 2.586571e-05	 47900.500000	 1	 95800	
95900	 95900	 2.589873e-05	 47950.500000	 1	 95900	
96000	 96000	 2.592224e-05	 48000.500000	 1	 96000	
96100	 96100	 2.596866e-05	 48050.500000	 1	 96100	
96200	 96200	 2.602338e-05	 48100.500000	 1	 96200	
96300	 96300	 2.602449e-05	 48150.500000	 1	 96300	
96400	 96400	 2.604083e-05	 48200.500000	 1	 96400	
96500	 96500	 2.604245e-05	 48250.500000	 1	 96500	
96600	 96600	 2.613291e-05	 48300.500000	 1	 96600	
96700	 96700	 2.614252e-05	 48350.500000	 1	 96700	
96800	 96800	 2.625627e-05	 48400.500000	 1	 96800	
96900	 96900	 2.623140e-05	 48450.500000	 1	 96900	
97000	 97000	 2.624920e-05	 48500.500000	 1	 97000	
97100	 97100	 2.626275e-05	 48550.500000	 1	 97100	
97200	 97200	 2.629633e-05	 48600.500000	 1	 97200	
97300	 97300	 2.631484e-05	 48650.500000	 1	 97300	
97400	 97400	 2.640813e-05	 48700.500000	 1	 97400	
97500	 97500	 2.641329e-05	 48750.500000	 1	 97500	
97600	 97600	 2.645557e-05	 48800.500000	 1	 97600	
97700	 97700	 2.640982e-05	 48850.500000	 1	 97700	
97800	 97800	 2.647208e-05	 48900.500000	 1	 97800	
97900	 97900	 2.645549e-05	 48950.500000	 1	 97900	
98000	 98000	 2.654074e-05	 49000.500000	 1	 98000	
98100	 98100	 2.651869e-05	 49050.500000	 1	 98100	
98200	 98200	 2.658276e-05	 49100.500000	 1	 98200	
98300	 98300	 2.657163e-05	 49150.500000	 1	 98300	
98400	 98400	 2.659254e-05	 49200.500000	 1	 98400	
98500	 98500	 2.663784e-05	 49250.500000	 1	 98500	
98600	 98600	 2.665572e-05	 49300.500000	 1	 98600	
98700	 98700	 2.667459e-05	 49350.500000	 1	 98700	
98800	 98800	 2.670927e-05	 49400.500000	 1	 98800	
98900	 98900	 2.671324e-05	 49450.500000	 1	 98900	
99000	 99000	 2.678299e-05	 49500.500000	 1	 99000	
99100	 99100	 2.682178e-05	 49550.500000	 1	 99100	
99200	 99200	 2.681266e-05	 49600.500000	 1	 99200	
99300	 99300	 2.683715e-05	 49650.500000	 1	 99300	
99400	 99400	 2.684619e-05	 49700.500000	 1	 99400	
99500	 99500	 2.692764e-05	 49750.500000	 1	 99500	
99600	 99600	 2.691210e-05	 49800.500000	 1	 99600	
99700	 99700	 2.705884e-05	 49850.500000	 1	 99700	
99800	 99800	 2.696784e-05	 49900.500000	 1	 99800	
99900	 99900	 2.708161e-05	 49950.500000	 1	 99900	
100000	 100000	 2.709692e-05	 50000.500000	 1	 100000	
