10	 10	 1.586000e-04	 5.000000	 2	 4	
20	 20	 4.000000e-07	 8.000000	 3	 5	
30	 30	 2.666667e-07	 12.000000	 3	 5	
40	 40	 2.500000e-07	 14.000000	 3	 6	
50	 50	 2.400000e-07	 17.000000	 3	 6	
60	 60	 2.500000e-07	 19.000000	 3	 6	
70	 70	 2.428571e-07	 21.000000	 4	 6	
80	 80	 2.375000e-07	 26.000000	 2	 7	
90	 90	 2.333333e-07	 26.000000	 3	 7	
100	 100	 2.400000e-07	 31.000000	 4	 7	
110	 110	 2.454545e-07	 32.000000	 3	 7	
120	 120	 4.333333e-07	 35.000000	 4	 7	
130	 130	 7.000000e-07	 38.000000	 4	 7	
140	 140	 2.785714e-07	 40.000000	 4	 8	
150	 150	 5.200000e-07	 41.000000	 4	 8	
160	 160	 4.062500e-07	 42.000000	 1	 8	
170	 170	 4.588235e-07	 51.000000	 4	 8	
180	 180	 2.666667e-07	 53.000000	 3	 8	
190	 190	 2.578947e-07	 52.000000	 4	 8	
200	 200	 5.200000e-07	 61.000000	 4	 8	
210	 210	 2.571429e-07	 56.000000	 4	 8	
220	 220	 3.318182e-07	 60.000000	 3	 8	
230	 230	 2.652174e-07	 64.000000	 4	 8	
240	 240	 2.625000e-07	 65.000000	 3	 8	
250	 250	 2.640000e-07	 71.000000	 4	 8	
260	 260	 2.730769e-07	 75.000000	 5	 8	
270	 270	 2.666667e-07	 70.000000	 4	 8	
280	 280	 5.857143e-07	 72.000000	 4	 9	
290	 290	 4.206897e-07	 78.000000	 3	 9	
300	 300	 2.766667e-07	 86.000000	 5	 9	
310	 310	 3.322581e-07	 90.000000	 4	 9	
320	 320	 3.750000e-07	 84.000000	 5	 9	
330	 330	 3.393939e-07	 97.000000	 5	 9	
340	 340	 5.852941e-07	 95.000000	 4	 9	
350	 350	 3.600000e-07	 93.000000	 3	 9	
360	 360	 3.277778e-07	 96.000000	 4	 9	
370	 370	 2.756757e-07	 100.000000	 4	 9	
380	 380	 2.763158e-07	 99.000000	 5	 9	
390	 390	 2.820513e-07	 107.000000	 4	 9	
400	 400	 2.800000e-07	 100.000000	 4	 9	
410	 410	 2.731707e-07	 103.000000	 4	 9	
420	 420	 2.714286e-07	 111.000000	 4	 9	
430	 430	 2.744186e-07	 111.000000	 4	 9	
440	 440	 2.750000e-07	 113.000000	 5	 9	
450	 450	 2.733333e-07	 118.000000	 4	 9	
460	 460	 3.413043e-07	 126.000000	 4	 9	
470	 470	 3.531915e-07	 122.000000	 6	 9	
480	 480	 2.750000e-07	 125.000000	 3	 9	
490	 490	 2.755102e-07	 125.000000	 3	 9	
500	 500	 2.940000e-07	 129.000000	 4	 9	
510	 510	 2.862745e-07	 139.000000	 5	 9	
520	 520	 2.750000e-07	 139.000000	 4	 9	
530	 530	 2.792453e-07	 137.000000	 5	 10	
540	 540	 2.759259e-07	 146.000000	 4	 9	
550	 550	 2.763636e-07	 144.000000	 3	 10	
560	 560	 2.839286e-07	 152.000000	 5	 10	
570	 570	 2.807018e-07	 158.000000	 3	 10	
580	 580	 2.810345e-07	 150.000000	 4	 10	
590	 590	 3.288136e-07	 152.000000	 4	 10	
600	 600	 4.350000e-07	 159.000000	 5	 10	
610	 610	 2.786885e-07	 169.000000	 5	 10	
620	 620	 2.806452e-07	 164.000000	 5	 10	
630	 630	 3.142857e-07	 173.000000	 5	 10	
640	 640	 2.812500e-07	 164.000000	 5	 10	
650	 650	 3.030769e-07	 171.000000	 4	 10	
660	 660	 2.803030e-07	 169.000000	 2	 10	
670	 670	 2.820896e-07	 170.000000	 4	 10	
680	 680	 2.882353e-07	 179.000000	 3	 10	
690	 690	 2.927536e-07	 176.000000	 4	 10	
700	 700	 2.800000e-07	 185.000000	 4	 10	
710	 710	 2.788732e-07	 187.000000	 5	 10	
720	 720	 3.111111e-07	 193.000000	 3	 10	
730	 730	 2.808219e-07	 186.000000	 5	 10	
740	 740	 2.797297e-07	 199.000000	 4	 10	
750	 750	 2.800000e-07	 186.000000	 2	 10	
760	 760	 2.828947e-07	 189.000000	 4	 10	
770	 770	 2.883117e-07	 200.000000	 4	 10	
780	 780	 2.897436e-07	 207.000000	 5	 10	
790	 790	 3.354430e-07	 209.000000	 5	 10	
800	 800	 2.875000e-07	 206.000000	 4	 10	
810	 810	 2.876543e-07	 206.000000	 4	 10	
820	 820	 2.878049e-07	 213.000000	 5	 10	
830	 830	 2.879518e-07	 211.000000	 5	 10	
840	 840	 2.880952e-07	 217.000000	 4	 10	
850	 850	 2.858824e-07	 221.000000	 4	 10	
860	 860	 3.372093e-07	 230.000000	 4	 10	
870	 870	 2.885057e-07	 225.000000	 5	 10	
880	 880	 4.909091e-07	 226.000000	 4	 10	
890	 890	 2.808989e-07	 227.000000	 6	 10	
900	 900	 2.811111e-07	 240.000000	 5	 10	
910	 910	 2.879121e-07	 234.000000	 4	 10	
920	 920	 4.163043e-07	 243.000000	 5	 10	
930	 930	 2.892473e-07	 247.000000	 4	 10	
940	 940	 4.627660e-07	 236.000000	 5	 10	
950	 950	 2.894737e-07	 244.000000	 5	 10	
960	 960	 4.000000e-07	 248.000000	 5	 10	
970	 970	 3.474227e-07	 248.000000	 6	 10	
980	 980	 3.714286e-07	 252.000000	 2	 10	
990	 990	 2.818182e-07	 258.000000	 5	 10	
1000	 1000	 4.780000e-07	 260.000000	 3	 10	
1010	 1010	 2.891089e-07	 275.000000	 5	 10	
1020	 1020	 3.401961e-07	 257.000000	 5	 10	
1030	 1030	 4.145631e-07	 270.000000	 6	 10	
1040	 1040	 2.903846e-07	 272.000000	 4	 10	
1050	 1050	 2.942857e-07	 260.000000	 4	 10	
1060	 1060	 2.839623e-07	 270.000000	 4	 10	
1070	 1070	 2.915888e-07	 282.000000	 4	 11	
1080	 1080	 3.138889e-07	 276.000000	 4	 10	
1090	 1090	 3.348624e-07	 282.000000	 5	 11	
1100	 1100	 3.081818e-07	 278.000000	 6	 11	
1110	 1110	 4.972973e-07	 287.000000	 5	 11	
1120	 1120	 2.830357e-07	 296.000000	 5	 11	
1130	 1130	 2.911504e-07	 296.000000	 5	 11	
1140	 1140	 3.289474e-07	 293.000000	 6	 11	
1150	 1150	 2.826087e-07	 283.000000	 5	 11	
1160	 1160	 2.922414e-07	 302.000000	 5	 11	
1170	 1170	 4.606838e-07	 293.000000	 4	 11	
1180	 1180	 2.855932e-07	 307.000000	 5	 11	
1190	 1190	 2.915966e-07	 294.000000	 6	 11	
1200	 1200	 2.916667e-07	 313.000000	 5	 11	
1210	 1210	 2.917355e-07	 312.000000	 5	 11	
1220	 1220	 2.926230e-07	 316.000000	 6	 11	
1230	 1230	 2.837398e-07	 329.000000	 4	 11	
1240	 1240	 3.193548e-07	 314.000000	 6	 11	
1250	 1250	 3.232000e-07	 323.000000	 5	 11	
1260	 1260	 3.666667e-07	 322.000000	 6	 11	
1270	 1270	 4.055118e-07	 324.000000	 6	 11	
1280	 1280	 3.210938e-07	 325.000000	 4	 11	
1290	 1290	 3.310078e-07	 335.000000	 5	 11	
1300	 1300	 2.876923e-07	 346.000000	 6	 11	
1310	 1310	 2.870229e-07	 329.000000	 6	 11	
1320	 1320	 2.931818e-07	 344.000000	 4	 11	
1330	 1330	 3.285714e-07	 344.000000	 6	 11	
1340	 1340	 2.932836e-07	 338.000000	 5	 11	
1350	 1350	 2.933333e-07	 354.000000	 5	 11	
1360	 1360	 2.933824e-07	 349.000000	 5	 11	
1370	 1370	 3.744526e-07	 344.000000	 5	 11	
1380	 1380	 4.057971e-07	 345.000000	 6	 11	
1390	 1390	 2.856115e-07	 357.000000	 5	 11	
1400	 1400	 3.214286e-07	 360.000000	 5	 11	
1410	 1410	 2.971631e-07	 362.000000	 4	 11	
1420	 1420	 3.542254e-07	 356.000000	 6	 11	
1430	 1430	 2.951049e-07	 368.000000	 4	 11	
1440	 1440	 2.951389e-07	 383.000000	 5	 11	
1450	 1450	 2.965517e-07	 368.000000	 6	 11	
1460	 1460	 2.945205e-07	 373.000000	 5	 11	
1470	 1470	 2.938776e-07	 378.000000	 5	 11	
1480	 1480	 2.952703e-07	 376.000000	 6	 11	
1490	 1490	 3.201342e-07	 385.000000	 6	 11	
1500	 1500	 2.880000e-07	 383.000000	 6	 11	
